[ 2019-04-30T17:27:17+08:00 ][ info ] [ BEHAVIOR ] Run Closure @app_init [ RunTime:0.000000s ]
[ info ] [ LOG ] INIT File
[ 2019-04-30T17:27:17+08:00 ][ info ] [ CACHE ] INIT File
[ 2019-04-30T17:27:17+08:00 ][ info ] [ BEHAVIOR ] Run Closure @app_init [ RunTime:0.064004s ]
[ 2019-04-30T17:27:17+08:00 ][ info ] [ DB ] INIT mysql
[ 2019-04-30T17:27:17+08:00 ][ sql ] [ DB ] CONNECT:[ UseTime:0.004000s ] mysql:host=127.0.0.1;port=3306;dbname=gong_cheng;charset=utf8
[ 2019-04-30T17:27:17+08:00 ][ sql ] [ SQL ] SHOW TABLE STATUS LIKE 'product' [ RunTime:0.003000s ]
[ 2019-04-30T17:27:17+08:00 ][ sql ] [ SQL ] SHOW TABLE STATUS LIKE 'gc_product' [ RunTime:0.003000s ]
[ 2019-04-30T17:36:05+08:00 ][ info ] [ BEHAVIOR ] Run Closure @app_init [ RunTime:0.000000s ]
[ info ] [ LOG ] INIT File
[ 2019-04-30T17:36:05+08:00 ][ info ] [ CACHE ] INIT File
[ 2019-04-30T17:36:05+08:00 ][ info ] [ BEHAVIOR ] Run Closure @app_init [ RunTime:0.055003s ]
[ 2019-04-30T17:36:05+08:00 ][ info ] [ DB ] INIT mysql
[ 2019-04-30T17:36:05+08:00 ][ sql ] [ DB ] CONNECT:[ UseTime:0.014001s ] mysql:host=127.0.0.1;port=3306;dbname=gong_cheng;charset=utf8
[ 2019-04-30T17:36:05+08:00 ][ sql ] [ SQL ] SHOW TABLE STATUS LIKE 'product' [ RunTime:0.002000s ]
[ 2019-04-30T17:36:05+08:00 ][ sql ] [ SQL ] SHOW TABLE STATUS LIKE 'gc_product' [ RunTime:0.003000s ]
[ 2019-04-30T17:36:05+08:00 ][ sql ] [ SQL ] SHOW TABLE STATUS LIKE 'product_company' [ RunTime:0.004000s ]
[ 2019-04-30T17:36:05+08:00 ][ sql ] [ SQL ] SHOW TABLE STATUS LIKE 'product_type' [ RunTime:0.001001s ]
[ 2019-04-30T17:36:05+08:00 ][ sql ] [ SQL ] SHOW TABLE STATUS LIKE 'gc_product_type' [ RunTime:0.003000s ]
[ 2019-04-30T17:36:05+08:00 ][ sql ] [ SQL ] SELECT * FROM `information_schema`.`columns` WHERE TABLE_SCHEMA = 'gong_cheng' AND table_name = 'gc_product' ORDER BY ORDINAL_POSITION [ RunTime:0.030002s ]
[ 2019-04-30T17:36:06+08:00 ][ sql ] [ SQL ] SELECT * FROM `information_schema`.`columns` WHERE TABLE_SCHEMA = 'gong_cheng' AND table_name = 'product_company' ORDER BY ORDINAL_POSITION [ RunTime:0.018001s ]
[ 2019-04-30T17:37:31+08:00 ][ info ] [ BEHAVIOR ] Run Closure @app_init [ RunTime:0.000000s ]
[ info ] [ LOG ] INIT File
[ 2019-04-30T17:37:31+08:00 ][ info ] [ CACHE ] INIT File
[ 2019-04-30T17:37:31+08:00 ][ info ] [ BEHAVIOR ] Run Closure @app_init [ RunTime:0.011000s ]
[ 2019-04-30T17:37:31+08:00 ][ info ] [ DB ] INIT mysql
[ 2019-04-30T17:37:31+08:00 ][ sql ] [ DB ] CONNECT:[ UseTime:0.005000s ] mysql:host=127.0.0.1;port=3306;dbname=gong_cheng;charset=utf8
[ 2019-04-30T17:37:31+08:00 ][ sql ] [ SQL ] SHOW TABLE STATUS LIKE 'product' [ RunTime:0.002000s ]
[ 2019-04-30T17:37:31+08:00 ][ sql ] [ SQL ] SHOW TABLE STATUS LIKE 'gc_product' [ RunTime:0.002000s ]
[ 2019-04-30T17:37:31+08:00 ][ sql ] [ SQL ] SHOW TABLE STATUS LIKE 'product_company' [ RunTime:0.003000s ]
[ 2019-04-30T17:37:31+08:00 ][ sql ] [ SQL ] SHOW TABLE STATUS LIKE 'product_type' [ RunTime:0.002000s ]
[ 2019-04-30T17:37:31+08:00 ][ sql ] [ SQL ] SHOW TABLE STATUS LIKE 'gc_product_type' [ RunTime:0.002001s ]
[ 2019-04-30T17:37:31+08:00 ][ sql ] [ SQL ] SELECT * FROM `information_schema`.`columns` WHERE TABLE_SCHEMA = 'gong_cheng' AND table_name = 'gc_product' ORDER BY ORDINAL_POSITION [ RunTime:0.017001s ]
[ 2019-04-30T17:37:31+08:00 ][ sql ] [ SQL ] SELECT * FROM `information_schema`.`columns` WHERE TABLE_SCHEMA = 'gong_cheng' AND table_name = 'product_company' ORDER BY ORDINAL_POSITION [ RunTime:0.018001s ]
[ 2019-04-30T17:37:56+08:00 ][ info ] [ BEHAVIOR ] Run Closure @app_init [ RunTime:0.000000s ]
[ info ] [ LOG ] INIT File
[ 2019-04-30T17:37:56+08:00 ][ info ] [ CACHE ] INIT File
[ 2019-04-30T17:37:56+08:00 ][ info ] [ BEHAVIOR ] Run Closure @app_init [ RunTime:0.012001s ]
[ 2019-04-30T17:37:56+08:00 ][ info ] [ DB ] INIT mysql
[ 2019-04-30T17:37:56+08:00 ][ sql ] [ DB ] CONNECT:[ UseTime:0.004000s ] mysql:host=127.0.0.1;port=3306;dbname=gong_cheng;charset=utf8
[ 2019-04-30T17:37:56+08:00 ][ sql ] [ SQL ] SHOW TABLE STATUS LIKE 'product' [ RunTime:0.002000s ]
[ 2019-04-30T17:37:56+08:00 ][ sql ] [ SQL ] SHOW TABLE STATUS LIKE 'gc_product' [ RunTime:0.002000s ]
[ 2019-04-30T17:37:56+08:00 ][ sql ] [ SQL ] SHOW TABLE STATUS LIKE 'product_company' [ RunTime:0.002000s ]
[ 2019-04-30T17:37:56+08:00 ][ sql ] [ SQL ] SHOW TABLE STATUS LIKE 'product_type' [ RunTime:0.002001s ]
[ 2019-04-30T17:37:56+08:00 ][ sql ] [ SQL ] SHOW TABLE STATUS LIKE 'gc_product_type' [ RunTime:0.002000s ]
[ 2019-04-30T17:37:56+08:00 ][ sql ] [ SQL ] SELECT * FROM `information_schema`.`columns` WHERE TABLE_SCHEMA = 'gong_cheng' AND table_name = 'gc_product' ORDER BY ORDINAL_POSITION [ RunTime:0.019001s ]
[ 2019-04-30T17:37:56+08:00 ][ sql ] [ SQL ] SELECT * FROM `information_schema`.`columns` WHERE TABLE_SCHEMA = 'gong_cheng' AND table_name = 'product_company' ORDER BY ORDINAL_POSITION [ RunTime:0.018001s ]
[ 2019-04-30T17:39:04+08:00 ][ info ] [ BEHAVIOR ] Run Closure @app_init [ RunTime:0.001000s ]
[ info ] [ LOG ] INIT File
[ 2019-04-30T17:39:04+08:00 ][ info ] [ CACHE ] INIT File
[ 2019-04-30T17:39:04+08:00 ][ info ] [ BEHAVIOR ] Run Closure @app_init [ RunTime:0.012000s ]
[ 2019-04-30T17:39:04+08:00 ][ info ] [ DB ] INIT mysql
[ 2019-04-30T17:39:04+08:00 ][ sql ] [ DB ] CONNECT:[ UseTime:0.003000s ] mysql:host=127.0.0.1;port=3306;dbname=gong_cheng;charset=utf8
[ 2019-04-30T17:39:04+08:00 ][ sql ] [ SQL ] SHOW TABLE STATUS LIKE 'product' [ RunTime:0.002000s ]
[ 2019-04-30T17:39:04+08:00 ][ sql ] [ SQL ] SHOW TABLE STATUS LIKE 'gc_product' [ RunTime:0.002001s ]
[ 2019-04-30T17:39:04+08:00 ][ sql ] [ SQL ] SHOW TABLE STATUS LIKE 'product_company' [ RunTime:0.002000s ]
[ 2019-04-30T17:39:04+08:00 ][ sql ] [ SQL ] SHOW TABLE STATUS LIKE 'product_type' [ RunTime:0.002000s ]
[ 2019-04-30T17:39:04+08:00 ][ sql ] [ SQL ] SHOW TABLE STATUS LIKE 'gc_product_type' [ RunTime:0.002000s ]
[ 2019-04-30T17:39:04+08:00 ][ sql ] [ SQL ] SELECT * FROM `information_schema`.`columns` WHERE TABLE_SCHEMA = 'gong_cheng' AND table_name = 'gc_product' ORDER BY ORDINAL_POSITION [ RunTime:0.018001s ]
[ 2019-04-30T17:39:04+08:00 ][ sql ] [ SQL ] SELECT * FROM `information_schema`.`columns` WHERE TABLE_SCHEMA = 'gong_cheng' AND table_name = 'product_company' ORDER BY ORDINAL_POSITION [ RunTime:0.019001s ]
[ 2019-04-30T17:40:40+08:00 ][ info ] [ BEHAVIOR ] Run Closure @app_init [ RunTime:0.000000s ]
[ info ] [ LOG ] INIT File
[ 2019-04-30T17:40:40+08:00 ][ info ] [ CACHE ] INIT File
[ 2019-04-30T17:40:40+08:00 ][ info ] [ BEHAVIOR ] Run Closure @app_init [ RunTime:0.012000s ]
[ 2019-04-30T17:40:40+08:00 ][ info ] [ DB ] INIT mysql
[ 2019-04-30T17:40:40+08:00 ][ sql ] [ DB ] CONNECT:[ UseTime:0.004000s ] mysql:host=127.0.0.1;port=3306;dbname=gong_cheng;charset=utf8
[ 2019-04-30T17:40:40+08:00 ][ sql ] [ SQL ] SHOW TABLE STATUS LIKE 'product' [ RunTime:0.001000s ]
[ 2019-04-30T17:40:40+08:00 ][ sql ] [ SQL ] SHOW TABLE STATUS LIKE 'gc_product' [ RunTime:0.003001s ]
[ 2019-04-30T17:40:40+08:00 ][ sql ] [ SQL ] SHOW TABLE STATUS LIKE 'product_company' [ RunTime:0.003000s ]
[ 2019-04-30T17:40:40+08:00 ][ sql ] [ SQL ] SHOW TABLE STATUS LIKE 'product_type' [ RunTime:0.002000s ]
[ 2019-04-30T17:40:40+08:00 ][ sql ] [ SQL ] SHOW TABLE STATUS LIKE 'gc_product_type' [ RunTime:0.003000s ]
[ 2019-04-30T17:40:40+08:00 ][ sql ] [ SQL ] SELECT * FROM `information_schema`.`columns` WHERE TABLE_SCHEMA = 'gong_cheng' AND table_name = 'gc_product' ORDER BY ORDINAL_POSITION [ RunTime:0.017001s ]
[ 2019-04-30T17:40:40+08:00 ][ sql ] [ SQL ] SELECT * FROM `information_schema`.`columns` WHERE TABLE_SCHEMA = 'gong_cheng' AND table_name = 'product_company' ORDER BY ORDINAL_POSITION [ RunTime:0.018001s ]
[ 2019-04-30T17:40:40+08:00 ][ sql ] [ SQL ] SELECT * FROM `information_schema`.`columns` WHERE TABLE_SCHEMA = 'gong_cheng' AND table_name = 'gc_product_type' ORDER BY ORDINAL_POSITION [ RunTime:0.017001s ]
[ 2019-04-30T17:40:40+08:00 ][ info ] [ BEHAVIOR ] Run Closure @app_init [ RunTime:0.000000s ]
[ info ] [ LOG ] INIT File
[ 2019-04-30T17:40:40+08:00 ][ info ] [ CACHE ] INIT File
[ 2019-04-30T17:40:40+08:00 ][ info ] [ BEHAVIOR ] Run Closure @app_init [ RunTime:0.010001s ]
[ 2019-04-30T17:40:41+08:00 ][ info ] [ DB ] INIT mysql
[ 2019-04-30T17:40:41+08:00 ][ info ] [ LANG ] C:\phpStudy\PHPTutorial\WWW\LaowuAdmin\application\admin\lang/zh-cn.php
[ 2019-04-30T17:40:41+08:00 ][ sql ] [ DB ] CONNECT:[ UseTime:0.004000s ] mysql:host=127.0.0.1;port=3306;dbname=gong_cheng;charset=utf8
[ 2019-04-30T17:40:41+08:00 ][ sql ] [ SQL ] SHOW COLUMNS FROM `gc_auth_rule` [ RunTime:0.020001s ]
[ 2019-04-30T17:40:41+08:00 ][ sql ] [ SQL ] SELECT * FROM `gc_auth_rule` WHERE  `name` = 'product' LIMIT 1 [ RunTime:0.001000s ]
[ 2019-04-30T17:40:41+08:00 ][ sql ] [ SQL ] SELECT * FROM `gc_auth_rule` WHERE  `name` = 'product/product' LIMIT 1 [ RunTime:0.001000s ]
[ 2019-04-30T17:40:41+08:00 ][ sql ] [ SQL ] INSERT INTO `gc_auth_rule` (`pid` , `name` , `title` , `icon` , `remark` , `ismenu` , `status` , `createtime` , `updatetime`) VALUES (151 , 'product/product' , 'Product' , 'fa fa-circle-o' , '' , 1 , 'normal' , 1556617241 , 1556617241) [ RunTime:0.046003s ]
[ 2019-04-30T17:40:41+08:00 ][ sql ] [ SQL ] SELECT `id` FROM `gc_auth_rule` WHERE  `name` = 'product/product/index' LIMIT 1 [ RunTime:0.001000s ]
[ 2019-04-30T17:40:41+08:00 ][ sql ] [ SQL ] SELECT `id` FROM `gc_auth_rule` WHERE  `name` = 'product/product/add' LIMIT 1 [ RunTime:0.001000s ]
[ 2019-04-30T17:40:41+08:00 ][ sql ] [ SQL ] SELECT `id` FROM `gc_auth_rule` WHERE  `name` = 'product/product/edit' LIMIT 1 [ RunTime:0.001000s ]
[ 2019-04-30T17:40:41+08:00 ][ sql ] [ SQL ] SELECT `id` FROM `gc_auth_rule` WHERE  `name` = 'product/product/del' LIMIT 1 [ RunTime:0.001000s ]
[ 2019-04-30T17:40:41+08:00 ][ sql ] [ SQL ] SELECT `id` FROM `gc_auth_rule` WHERE  `name` = 'product/product/multi' LIMIT 1 [ RunTime:0.000000s ]
[ 2019-04-30T17:40:41+08:00 ][ sql ] [ SQL ] INSERT INTO `gc_auth_rule` (`id` , `pid` , `name` , `icon` , `title` , `ismenu` , `status` , `createtime` , `updatetime`) VALUES (NULL , 188 , 'product/product/index' , 'fa fa-circle-o' , '查看' , 0 , 'normal' , 1556617241 , 1556617241) [ RunTime:0.001000s ]
[ 2019-04-30T17:40:41+08:00 ][ sql ] [ SQL ] INSERT INTO `gc_auth_rule` (`id` , `pid` , `name` , `icon` , `title` , `ismenu` , `status` , `createtime` , `updatetime`) VALUES (NULL , 188 , 'product/product/add' , 'fa fa-circle-o' , '添加' , 0 , 'normal' , 1556617241 , 1556617241) [ RunTime:0.001000s ]
[ 2019-04-30T17:40:41+08:00 ][ sql ] [ SQL ] INSERT INTO `gc_auth_rule` (`id` , `pid` , `name` , `icon` , `title` , `ismenu` , `status` , `createtime` , `updatetime`) VALUES (NULL , 188 , 'product/product/edit' , 'fa fa-circle-o' , '编辑' , 0 , 'normal' , 1556617241 , 1556617241) [ RunTime:0.001000s ]
[ 2019-04-30T17:40:41+08:00 ][ sql ] [ SQL ] INSERT INTO `gc_auth_rule` (`id` , `pid` , `name` , `icon` , `title` , `ismenu` , `status` , `createtime` , `updatetime`) VALUES (NULL , 188 , 'product/product/del' , 'fa fa-circle-o' , '删除' , 0 , 'normal' , 1556617241 , 1556617241) [ RunTime:0.000000s ]
[ 2019-04-30T17:40:41+08:00 ][ sql ] [ SQL ] INSERT INTO `gc_auth_rule` (`id` , `pid` , `name` , `icon` , `title` , `ismenu` , `status` , `createtime` , `updatetime`) VALUES (NULL , 188 , 'product/product/multi' , 'fa fa-circle-o' , '批量更新' , 0 , 'normal' , 1556617241 , 1556617241) [ RunTime:0.000000s ]
[ 2019-04-30T17:53:07+08:00 ][ info ] [ BEHAVIOR ] Run Closure @app_init [ RunTime:0.001000s ]
[ info ] [ LOG ] INIT File
[ 2019-04-30T17:53:07+08:00 ][ info ] [ CACHE ] INIT File
[ 2019-04-30T17:53:07+08:00 ][ info ] [ BEHAVIOR ] Run Closure @app_init [ RunTime:0.010001s ]
[ 2019-04-30T17:53:07+08:00 ][ info ] [ DB ] INIT mysql
[ 2019-04-30T17:53:07+08:00 ][ sql ] [ DB ] CONNECT:[ UseTime:0.004001s ] mysql:host=127.0.0.1;port=3306;dbname=gong_cheng;charset=utf8
[ 2019-04-30T17:53:07+08:00 ][ sql ] [ SQL ] SHOW TABLE STATUS LIKE 'product_company' [ RunTime:0.006000s ]
[ 2019-04-30T17:53:41+08:00 ][ info ] [ BEHAVIOR ] Run Closure @app_init [ RunTime:0.001000s ]
[ info ] [ LOG ] INIT File
[ 2019-04-30T17:53:41+08:00 ][ info ] [ CACHE ] INIT File
[ 2019-04-30T17:53:41+08:00 ][ info ] [ BEHAVIOR ] Run Closure @app_init [ RunTime:0.012000s ]
[ 2019-04-30T17:53:41+08:00 ][ info ] [ DB ] INIT mysql
[ 2019-04-30T17:53:41+08:00 ][ sql ] [ DB ] CONNECT:[ UseTime:0.004000s ] mysql:host=127.0.0.1;port=3306;dbname=gong_cheng;charset=utf8
[ 2019-04-30T17:53:41+08:00 ][ sql ] [ SQL ] SHOW TABLE STATUS LIKE 'product_company' [ RunTime:0.002000s ]
[ 2019-04-30T17:53:41+08:00 ][ sql ] [ SQL ] SELECT * FROM `information_schema`.`columns` WHERE TABLE_SCHEMA = 'gong_cheng' AND table_name = 'product_company' ORDER BY ORDINAL_POSITION [ RunTime:0.018001s ]
[ 2019-04-30T17:53:42+08:00 ][ info ] [ BEHAVIOR ] Run Closure @app_init [ RunTime:0.000000s ]
[ info ] [ LOG ] INIT File
[ 2019-04-30T17:53:42+08:00 ][ info ] [ CACHE ] INIT File
[ 2019-04-30T17:53:42+08:00 ][ info ] [ BEHAVIOR ] Run Closure @app_init [ RunTime:0.011000s ]
[ 2019-04-30T17:53:42+08:00 ][ info ] [ DB ] INIT mysql
[ 2019-04-30T17:55:06+08:00 ][ info ] [ BEHAVIOR ] Run Closure @app_init [ RunTime:0.000000s ]
[ info ] [ LOG ] INIT File
[ 2019-04-30T17:55:06+08:00 ][ info ] [ CACHE ] INIT File
[ 2019-04-30T17:55:06+08:00 ][ info ] [ BEHAVIOR ] Run Closure @app_init [ RunTime:0.012000s ]
[ 2019-04-30T17:55:06+08:00 ][ info ] [ DB ] INIT mysql
[ 2019-04-30T17:55:06+08:00 ][ sql ] [ DB ] CONNECT:[ UseTime:0.014001s ] mysql:host=127.0.0.1;port=3306;dbname=gong_cheng;charset=utf8
[ 2019-04-30T17:55:06+08:00 ][ sql ] [ SQL ] SHOW TABLE STATUS LIKE 'product_company' [ RunTime:0.002000s ]
[ 2019-04-30T17:55:06+08:00 ][ sql ] [ SQL ] SELECT * FROM `information_schema`.`columns` WHERE TABLE_SCHEMA = 'gong_cheng' AND table_name = 'product_company' ORDER BY ORDINAL_POSITION [ RunTime:0.019001s ]
[ 2019-04-30T17:55:07+08:00 ][ info ] [ BEHAVIOR ] Run Closure @app_init [ RunTime:0.001000s ]
[ info ] [ LOG ] INIT File
[ 2019-04-30T17:55:07+08:00 ][ info ] [ CACHE ] INIT File
[ 2019-04-30T17:55:07+08:00 ][ info ] [ BEHAVIOR ] Run Closure @app_init [ RunTime:0.011001s ]
[ 2019-04-30T17:55:07+08:00 ][ info ] [ DB ] INIT mysql
[ 2019-04-30T17:55:07+08:00 ][ info ] [ LANG ] C:\phpStudy\PHPTutorial\WWW\LaowuAdmin\application\admin\lang/zh-cn.php
[ 2019-04-30T17:55:07+08:00 ][ sql ] [ DB ] CONNECT:[ UseTime:0.003000s ] mysql:host=127.0.0.1;port=3306;dbname=gong_cheng;charset=utf8
[ 2019-04-30T17:55:07+08:00 ][ sql ] [ SQL ] SHOW COLUMNS FROM `gc_auth_rule` [ RunTime:0.020001s ]
[ 2019-04-30T17:55:07+08:00 ][ sql ] [ SQL ] SELECT * FROM `gc_auth_rule` WHERE  `name` = 'product' LIMIT 1 [ RunTime:0.001001s ]
[ 2019-04-30T17:55:07+08:00 ][ sql ] [ SQL ] SELECT * FROM `gc_auth_rule` WHERE  `name` = 'product/company' LIMIT 1 [ RunTime:0.001000s ]
[ 2019-04-30T17:55:07+08:00 ][ sql ] [ SQL ] INSERT INTO `gc_auth_rule` (`pid` , `name` , `title` , `icon` , `remark` , `ismenu` , `status` , `createtime` , `updatetime`) VALUES (151 , 'product/company' , 'Company' , 'fa fa-circle-o' , '' , 1 , 'normal' , 1556618107 , 1556618107) [ RunTime:0.050003s ]
[ 2019-04-30T17:55:07+08:00 ][ sql ] [ SQL ] SELECT `id` FROM `gc_auth_rule` WHERE  `name` = 'product/company/index' LIMIT 1 [ RunTime:0.001000s ]
[ 2019-04-30T17:55:07+08:00 ][ sql ] [ SQL ] SELECT `id` FROM `gc_auth_rule` WHERE  `name` = 'product/company/add' LIMIT 1 [ RunTime:0.001000s ]
[ 2019-04-30T17:55:07+08:00 ][ sql ] [ SQL ] SELECT `id` FROM `gc_auth_rule` WHERE  `name` = 'product/company/edit' LIMIT 1 [ RunTime:0.001000s ]
[ 2019-04-30T17:55:07+08:00 ][ sql ] [ SQL ] SELECT `id` FROM `gc_auth_rule` WHERE  `name` = 'product/company/del' LIMIT 1 [ RunTime:0.001000s ]
[ 2019-04-30T17:55:07+08:00 ][ sql ] [ SQL ] SELECT `id` FROM `gc_auth_rule` WHERE  `name` = 'product/company/multi' LIMIT 1 [ RunTime:0.001000s ]
[ 2019-04-30T17:55:07+08:00 ][ sql ] [ SQL ] INSERT INTO `gc_auth_rule` (`id` , `pid` , `name` , `icon` , `title` , `ismenu` , `status` , `createtime` , `updatetime`) VALUES (NULL , 194 , 'product/company/index' , 'fa fa-circle-o' , '查看' , 0 , 'normal' , 1556618107 , 1556618107) [ RunTime:0.001000s ]
[ 2019-04-30T17:55:07+08:00 ][ sql ] [ SQL ] INSERT INTO `gc_auth_rule` (`id` , `pid` , `name` , `icon` , `title` , `ismenu` , `status` , `createtime` , `updatetime`) VALUES (NULL , 194 , 'product/company/add' , 'fa fa-circle-o' , '添加' , 0 , 'normal' , 1556618107 , 1556618107) [ RunTime:0.000000s ]
[ 2019-04-30T17:55:07+08:00 ][ sql ] [ SQL ] INSERT INTO `gc_auth_rule` (`id` , `pid` , `name` , `icon` , `title` , `ismenu` , `status` , `createtime` , `updatetime`) VALUES (NULL , 194 , 'product/company/edit' , 'fa fa-circle-o' , '编辑' , 0 , 'normal' , 1556618107 , 1556618107) [ RunTime:0.001000s ]
[ 2019-04-30T17:55:07+08:00 ][ sql ] [ SQL ] INSERT INTO `gc_auth_rule` (`id` , `pid` , `name` , `icon` , `title` , `ismenu` , `status` , `createtime` , `updatetime`) VALUES (NULL , 194 , 'product/company/del' , 'fa fa-circle-o' , '删除' , 0 , 'normal' , 1556618107 , 1556618107) [ RunTime:0.001000s ]
[ 2019-04-30T17:55:07+08:00 ][ sql ] [ SQL ] INSERT INTO `gc_auth_rule` (`id` , `pid` , `name` , `icon` , `title` , `ismenu` , `status` , `createtime` , `updatetime`) VALUES (NULL , 194 , 'product/company/multi' , 'fa fa-circle-o' , '批量更新' , 0 , 'normal' , 1556618107 , 1556618107) [ RunTime:0.001000s ]
[ 2019-04-30T17:55:40+08:00 ][ info ] [ BEHAVIOR ] Run Closure @app_init [ RunTime:0.000000s ]
[ info ] [ LOG ] INIT File
[ 2019-04-30T17:55:40+08:00 ][ info ] [ CACHE ] INIT File
[ 2019-04-30T17:55:40+08:00 ][ info ] [ BEHAVIOR ] Run Closure @app_init [ RunTime:0.011000s ]
[ 2019-04-30T17:55:40+08:00 ][ info ] [ DB ] INIT mysql
[ 2019-04-30T17:55:40+08:00 ][ sql ] [ DB ] CONNECT:[ UseTime:0.004000s ] mysql:host=127.0.0.1;port=3306;dbname=gong_cheng;charset=utf8
[ 2019-04-30T17:55:40+08:00 ][ sql ] [ SQL ] SHOW TABLE STATUS LIKE 'product_company' [ RunTime:0.009000s ]
[ 2019-04-30T17:55:57+08:00 ][ info ] [ BEHAVIOR ] Run Closure @app_init [ RunTime:0.000000s ]
[ info ] [ LOG ] INIT File
[ 2019-04-30T17:55:57+08:00 ][ info ] [ CACHE ] INIT File
[ 2019-04-30T17:55:57+08:00 ][ info ] [ BEHAVIOR ] Run Closure @app_init [ RunTime:0.011001s ]
[ 2019-04-30T17:55:57+08:00 ][ info ] [ DB ] INIT mysql
[ 2019-04-30T17:55:57+08:00 ][ sql ] [ DB ] CONNECT:[ UseTime:0.004000s ] mysql:host=127.0.0.1;port=3306;dbname=gong_cheng;charset=utf8
[ 2019-04-30T17:55:57+08:00 ][ sql ] [ SQL ] SHOW TABLE STATUS LIKE 'product_company' [ RunTime:0.002001s ]
[ 2019-04-30T17:56:48+08:00 ][ info ] [ BEHAVIOR ] Run Closure @app_init [ RunTime:0.000000s ]
[ info ] [ LOG ] INIT File
[ 2019-04-30T17:56:48+08:00 ][ info ] [ CACHE ] INIT File
[ 2019-04-30T17:56:48+08:00 ][ info ] [ BEHAVIOR ] Run Closure @app_init [ RunTime:0.011001s ]
[ 2019-04-30T17:56:48+08:00 ][ info ] [ DB ] INIT mysql
[ 2019-04-30T17:56:48+08:00 ][ sql ] [ DB ] CONNECT:[ UseTime:0.003000s ] mysql:host=127.0.0.1;port=3306;dbname=gong_cheng;charset=utf8
[ 2019-04-30T17:56:48+08:00 ][ sql ] [ SQL ] SHOW TABLE STATUS LIKE 'product_company' [ RunTime:0.003000s ]
[ 2019-04-30T17:56:49+08:00 ][ sql ] [ SQL ] SELECT * FROM `information_schema`.`columns` WHERE TABLE_SCHEMA = 'gong_cheng' AND table_name = 'product_company' ORDER BY ORDINAL_POSITION [ RunTime:0.017001s ]
[ 2019-04-30T17:56:49+08:00 ][ info ] [ BEHAVIOR ] Run Closure @app_init [ RunTime:0.000000s ]
[ info ] [ LOG ] INIT File
[ 2019-04-30T17:56:49+08:00 ][ info ] [ CACHE ] INIT File
[ 2019-04-30T17:56:49+08:00 ][ info ] [ BEHAVIOR ] Run Closure @app_init [ RunTime:0.011001s ]
[ 2019-04-30T17:56:49+08:00 ][ info ] [ DB ] INIT mysql
[ 2019-04-30T17:56:49+08:00 ][ info ] [ LANG ] C:\phpStudy\PHPTutorial\WWW\LaowuAdmin\application\admin\lang/zh-cn.php
[ 2019-04-30T17:56:49+08:00 ][ sql ] [ DB ] CONNECT:[ UseTime:0.004000s ] mysql:host=127.0.0.1;port=3306;dbname=gong_cheng;charset=utf8
[ 2019-04-30T17:56:49+08:00 ][ sql ] [ SQL ] SHOW COLUMNS FROM `gc_auth_rule` [ RunTime:0.018001s ]
[ 2019-04-30T17:56:49+08:00 ][ sql ] [ SQL ] SELECT * FROM `gc_auth_rule` WHERE  `name` = 'product' LIMIT 1 [ RunTime:0.001000s ]
[ 2019-04-30T17:56:49+08:00 ][ sql ] [ SQL ] SELECT * FROM `gc_auth_rule` WHERE  `name` = 'product/company' LIMIT 1 [ RunTime:0.001000s ]
[ 2019-04-30T17:56:49+08:00 ][ sql ] [ SQL ] SELECT `id` FROM `gc_auth_rule` WHERE  `name` = 'product/company/index' LIMIT 1 [ RunTime:0.001000s ]
[ 2019-04-30T17:56:49+08:00 ][ sql ] [ SQL ] SELECT `id` FROM `gc_auth_rule` WHERE  `name` = 'product/company/add' LIMIT 1 [ RunTime:0.001000s ]
[ 2019-04-30T17:56:49+08:00 ][ sql ] [ SQL ] SELECT `id` FROM `gc_auth_rule` WHERE  `name` = 'product/company/edit' LIMIT 1 [ RunTime:0.001000s ]
[ 2019-04-30T17:56:49+08:00 ][ sql ] [ SQL ] SELECT `id` FROM `gc_auth_rule` WHERE  `name` = 'product/company/del' LIMIT 1 [ RunTime:0.001000s ]
[ 2019-04-30T17:56:49+08:00 ][ sql ] [ SQL ] SELECT `id` FROM `gc_auth_rule` WHERE  `name` = 'product/company/multi' LIMIT 1 [ RunTime:0.001000s ]
[ 2019-04-30T17:56:49+08:00 ][ sql ] [ SQL ] UPDATE `gc_auth_rule`  SET `pid`=194,`name`='product/company/index',`icon`='fa fa-circle-o',`title`='查看',`ismenu`=0,`status`='normal',`updatetime`=1556618209  WHERE  `id` = 195 [ RunTime:0.001000s ]
[ 2019-04-30T17:56:49+08:00 ][ sql ] [ SQL ] UPDATE `gc_auth_rule`  SET `pid`=194,`name`='product/company/add',`icon`='fa fa-circle-o',`title`='添加',`ismenu`=0,`status`='normal',`updatetime`=1556618209  WHERE  `id` = 196 [ RunTime:0.001000s ]
[ 2019-04-30T17:56:49+08:00 ][ sql ] [ SQL ] UPDATE `gc_auth_rule`  SET `pid`=194,`name`='product/company/edit',`icon`='fa fa-circle-o',`title`='编辑',`ismenu`=0,`status`='normal',`updatetime`=1556618209  WHERE  `id` = 197 [ RunTime:0.000000s ]
[ 2019-04-30T17:56:49+08:00 ][ sql ] [ SQL ] UPDATE `gc_auth_rule`  SET `pid`=194,`name`='product/company/del',`icon`='fa fa-circle-o',`title`='删除',`ismenu`=0,`status`='normal',`updatetime`=1556618209  WHERE  `id` = 198 [ RunTime:0.001000s ]
[ 2019-04-30T17:56:49+08:00 ][ sql ] [ SQL ] UPDATE `gc_auth_rule`  SET `pid`=194,`name`='product/company/multi',`icon`='fa fa-circle-o',`title`='批量更新',`ismenu`=0,`status`='normal',`updatetime`=1556618209  WHERE  `id` = 199 [ RunTime:0.000000s ]
[ 2019-04-30T17:57:41+08:00 ][ info ] [ BEHAVIOR ] Run Closure @app_init [ RunTime:0.000000s ]
[ info ] [ LOG ] INIT File
[ 2019-04-30T17:57:41+08:00 ][ info ] [ CACHE ] INIT File
[ 2019-04-30T17:57:41+08:00 ][ info ] [ BEHAVIOR ] Run Closure @app_init [ RunTime:0.011001s ]
[ 2019-04-30T17:57:41+08:00 ][ info ] [ DB ] INIT mysql
[ 2019-04-30T17:57:41+08:00 ][ sql ] [ DB ] CONNECT:[ UseTime:0.014001s ] mysql:host=127.0.0.1;port=3306;dbname=gong_cheng;charset=utf8
[ 2019-04-30T17:57:41+08:00 ][ sql ] [ SQL ] SHOW TABLE STATUS LIKE 'product_type' [ RunTime:0.001000s ]
[ 2019-04-30T17:57:41+08:00 ][ sql ] [ SQL ] SHOW TABLE STATUS LIKE 'gc_product_type' [ RunTime:0.004001s ]
[ 2019-04-30T17:57:41+08:00 ][ sql ] [ SQL ] SELECT * FROM `information_schema`.`columns` WHERE TABLE_SCHEMA = 'gong_cheng' AND table_name = 'gc_product_type' ORDER BY ORDINAL_POSITION [ RunTime:0.018001s ]
[ 2019-04-30T17:57:41+08:00 ][ info ] [ BEHAVIOR ] Run Closure @app_init [ RunTime:0.000000s ]
[ info ] [ LOG ] INIT File
[ 2019-04-30T17:57:41+08:00 ][ info ] [ CACHE ] INIT File
[ 2019-04-30T17:57:41+08:00 ][ info ] [ BEHAVIOR ] Run Closure @app_init [ RunTime:0.011000s ]
[ 2019-04-30T17:57:41+08:00 ][ info ] [ DB ] INIT mysql
[ 2019-04-30T17:57:41+08:00 ][ info ] [ LANG ] C:\phpStudy\PHPTutorial\WWW\LaowuAdmin\application\admin\lang/zh-cn.php
[ 2019-04-30T17:57:41+08:00 ][ sql ] [ DB ] CONNECT:[ UseTime:0.012001s ] mysql:host=127.0.0.1;port=3306;dbname=gong_cheng;charset=utf8
[ 2019-04-30T17:57:41+08:00 ][ sql ] [ SQL ] SHOW COLUMNS FROM `gc_auth_rule` [ RunTime:0.019001s ]
[ 2019-04-30T17:57:41+08:00 ][ sql ] [ SQL ] SELECT * FROM `gc_auth_rule` WHERE  `name` = 'product' LIMIT 1 [ RunTime:0.001000s ]
[ 2019-04-30T17:57:41+08:00 ][ sql ] [ SQL ] SELECT * FROM `gc_auth_rule` WHERE  `name` = 'product/type' LIMIT 1 [ RunTime:0.001001s ]
[ 2019-04-30T17:57:42+08:00 ][ sql ] [ SQL ] INSERT INTO `gc_auth_rule` (`pid` , `name` , `title` , `icon` , `remark` , `ismenu` , `status` , `createtime` , `updatetime`) VALUES (151 , 'product/type' , 'Type' , 'fa fa-circle-o' , '' , 1 , 'normal' , 1556618261 , 1556618261) [ RunTime:0.213012s ]
[ 2019-04-30T17:57:42+08:00 ][ sql ] [ SQL ] SELECT `id` FROM `gc_auth_rule` WHERE  `name` = 'product/type/index' LIMIT 1 [ RunTime:0.003000s ]
[ 2019-04-30T17:57:42+08:00 ][ sql ] [ SQL ] SELECT `id` FROM `gc_auth_rule` WHERE  `name` = 'product/type/add' LIMIT 1 [ RunTime:0.005000s ]
[ 2019-04-30T17:57:42+08:00 ][ sql ] [ SQL ] SELECT `id` FROM `gc_auth_rule` WHERE  `name` = 'product/type/edit' LIMIT 1 [ RunTime:0.001000s ]
[ 2019-04-30T17:57:42+08:00 ][ sql ] [ SQL ] SELECT `id` FROM `gc_auth_rule` WHERE  `name` = 'product/type/del' LIMIT 1 [ RunTime:0.002000s ]
[ 2019-04-30T17:57:42+08:00 ][ sql ] [ SQL ] SELECT `id` FROM `gc_auth_rule` WHERE  `name` = 'product/type/multi' LIMIT 1 [ RunTime:0.001000s ]
[ 2019-04-30T17:57:42+08:00 ][ sql ] [ SQL ] INSERT INTO `gc_auth_rule` (`id` , `pid` , `name` , `icon` , `title` , `ismenu` , `status` , `createtime` , `updatetime`) VALUES (NULL , 200 , 'product/type/index' , 'fa fa-circle-o' , '查看' , 0 , 'normal' , 1556618262 , 1556618262) [ RunTime:0.001000s ]
[ 2019-04-30T17:57:42+08:00 ][ sql ] [ SQL ] INSERT INTO `gc_auth_rule` (`id` , `pid` , `name` , `icon` , `title` , `ismenu` , `status` , `createtime` , `updatetime`) VALUES (NULL , 200 , 'product/type/add' , 'fa fa-circle-o' , '添加' , 0 , 'normal' , 1556618262 , 1556618262) [ RunTime:0.000000s ]
[ 2019-04-30T17:57:42+08:00 ][ sql ] [ SQL ] INSERT INTO `gc_auth_rule` (`id` , `pid` , `name` , `icon` , `title` , `ismenu` , `status` , `createtime` , `updatetime`) VALUES (NULL , 200 , 'product/type/edit' , 'fa fa-circle-o' , '编辑' , 0 , 'normal' , 1556618262 , 1556618262) [ RunTime:0.000000s ]
[ 2019-04-30T17:57:42+08:00 ][ sql ] [ SQL ] INSERT INTO `gc_auth_rule` (`id` , `pid` , `name` , `icon` , `title` , `ismenu` , `status` , `createtime` , `updatetime`) VALUES (NULL , 200 , 'product/type/del' , 'fa fa-circle-o' , '删除' , 0 , 'normal' , 1556618262 , 1556618262) [ RunTime:0.000000s ]
[ 2019-04-30T17:57:42+08:00 ][ sql ] [ SQL ] INSERT INTO `gc_auth_rule` (`id` , `pid` , `name` , `icon` , `title` , `ismenu` , `status` , `createtime` , `updatetime`) VALUES (NULL , 200 , 'product/type/multi' , 'fa fa-circle-o' , '批量更新' , 0 , 'normal' , 1556618262 , 1556618262) [ RunTime:0.001000s ]
