---------------------------------------------------------------
[ 2018-12-02T00:45:04+08:00 ] 184.105.139.69 GET /
[ info ] 47.94.91.189/ [运行时间：0.187935s][吞吐率：5.32req/s] [内存消耗：1,659.13kb] [文件加载：50]
[ info ] [ BEHAVIOR ] Run Closure @app_init [ RunTime:0.000611s ]
[ info ] [ CACHE ] INIT File
[ info ] [ BEHAVIOR ] Run Closure @app_init [ RunTime:0.069042s ]
[ info ] [ LANG ] /www/wwwroot/LaowuAdmin/thinkphp/lang/zh-cn.php
[ info ] [ ROUTE ] array (
  'type' => 'module',
  'module' => 
  array (
    0 => '',
    1 => NULL,
    2 => NULL,
  ),
)
[ info ] [ HEADER ] array (
  'host' => '47.94.91.189',
)
[ info ] [ PARAM ] array (
)
[ info ] [ LOG ] INIT File
---------------------------------------------------------------
[ 2018-12-02T04:18:52+08:00 ] 140.205.205.25 HEAD /
[ info ] sshy.weitongtianxia.cn:443/ [运行时间：0.024988s][吞吐率：40.02req/s] [内存消耗：1,660.09kb] [文件加载：50]
[ info ] [ BEHAVIOR ] Run Closure @app_init [ RunTime:0.000049s ]
[ info ] [ CACHE ] INIT File
[ info ] [ BEHAVIOR ] Run Closure @app_init [ RunTime:0.002059s ]
[ info ] [ LANG ] /www/wwwroot/LaowuAdmin/thinkphp/lang/zh-cn.php
[ info ] [ ROUTE ] array (
  'type' => 'module',
  'module' => 
  array (
    0 => '',
    1 => NULL,
    2 => NULL,
  ),
)
[ info ] [ HEADER ] array (
  'connection' => 'close',
  'user-agent' => 'Go-http-client/1.1',
  'host' => 'sshy.weitongtianxia.cn:443',
)
[ info ] [ PARAM ] array (
)
[ info ] [ LOG ] INIT File
---------------------------------------------------------------
[ 2018-12-02T12:33:20+08:00 ] 71.6.202.204 GET /
[ info ] 47.94.91.189/ [运行时间：0.298221s][吞吐率：3.35req/s] [内存消耗：1,660.23kb] [文件加载：50]
[ info ] [ BEHAVIOR ] Run Closure @app_init [ RunTime:0.001573s ]
[ info ] [ CACHE ] INIT File
[ info ] [ BEHAVIOR ] Run Closure @app_init [ RunTime:0.086201s ]
[ info ] [ LANG ] /www/wwwroot/LaowuAdmin/thinkphp/lang/zh-cn.php
[ info ] [ ROUTE ] array (
  'type' => 'module',
  'module' => 
  array (
    0 => '',
    1 => NULL,
    2 => NULL,
  ),
)
[ info ] [ HEADER ] array (
  'accept-encoding' => 'gzip',
  'accept' => '*/*',
  'user-agent' => 'Mozilla/5.0 zgrab/0.x',
  'host' => '47.94.91.189',
)
[ info ] [ PARAM ] array (
)
[ info ] [ LOG ] INIT File
---------------------------------------------------------------
[ 2018-12-02T16:03:50+08:00 ] 118.163.85.184 GET /.
[ info ] 47.94.91.189/. [运行时间：0.297565s][吞吐率：3.36req/s] [内存消耗：1,660.24kb] [文件加载：50]
[ info ] [ BEHAVIOR ] Run Closure @app_init [ RunTime:0.000627s ]
[ info ] [ CACHE ] INIT File
[ info ] [ BEHAVIOR ] Run Closure @app_init [ RunTime:0.004577s ]
[ info ] [ LANG ] /www/wwwroot/LaowuAdmin/thinkphp/lang/zh-cn.php
[ info ] [ ROUTE ] array (
  'type' => 'module',
  'module' => 
  array (
    0 => '',
    1 => NULL,
    2 => NULL,
  ),
)
[ info ] [ HEADER ] array (
  'accept' => '*/*',
  'user-agent' => 'Mozilla/5.0',
  'accept-encoding' => 'gzip, deflate, gzip',
  'host' => '47.94.91.189',
)
[ info ] [ PARAM ] array (
)
[ info ] [ LOG ] INIT File
---------------------------------------------------------------
[ 2018-12-02T18:27:45+08:00 ] 118.163.85.184 GET /
[ info ] 47.94.91.189/ [运行时间：0.292214s][吞吐率：3.42req/s] [内存消耗：1,660.24kb] [文件加载：50]
[ info ] [ BEHAVIOR ] Run Closure @app_init [ RunTime:0.000620s ]
[ info ] [ CACHE ] INIT File
[ info ] [ BEHAVIOR ] Run Closure @app_init [ RunTime:0.004493s ]
[ info ] [ LANG ] /www/wwwroot/LaowuAdmin/thinkphp/lang/zh-cn.php
[ info ] [ ROUTE ] array (
  'type' => 'module',
  'module' => 
  array (
    0 => '',
    1 => NULL,
    2 => NULL,
  ),
)
[ info ] [ HEADER ] array (
  'accept' => '*/*',
  'user-agent' => 'Mozilla/5.0',
  'accept-encoding' => 'gzip, deflate, gzip',
  'host' => '47.94.91.189',
)
[ info ] [ PARAM ] array (
)
[ info ] [ LOG ] INIT File
---------------------------------------------------------------
[ 2018-12-02T21:47:01+08:00 ] 60.191.38.77 GET /
[ info ] 47.94.91.189:443/ [运行时间：0.296510s][吞吐率：3.37req/s] [内存消耗：1,660.53kb] [文件加载：50]
[ info ] [ BEHAVIOR ] Run Closure @app_init [ RunTime:0.000600s ]
[ info ] [ CACHE ] INIT File
[ info ] [ BEHAVIOR ] Run Closure @app_init [ RunTime:0.004194s ]
[ info ] [ LANG ] /www/wwwroot/LaowuAdmin/thinkphp/lang/zh-cn.php
[ info ] [ ROUTE ] array (
  'type' => 'module',
  'module' => 
  array (
    0 => '',
    1 => NULL,
    2 => NULL,
  ),
)
[ info ] [ HEADER ] array (
  'connection' => 'keep-alive',
  'accept' => '*/*',
  'user-agent' => 'Mozilla/5.0 (Macintosh; Intel Mac OS X 10.11; rv:47.0) Gecko/20100101 Firefox/47.0',
  'host' => '47.94.91.189:443',
)
[ info ] [ PARAM ] array (
)
[ info ] [ LOG ] INIT File
