---------------------------------------------------------------
[ 2018-12-06T03:20:26+08:00 ] 140.205.205.25 HEAD /
[ info ] laowu.weitongtianxia.cn:443/ [运行时间：0.256423s][吞吐率：3.90req/s] [内存消耗：1,660.08kb] [文件加载：50]
[ info ] [ BEHAVIOR ] Run Closure @app_init [ RunTime:0.000723s ]
[ info ] [ CACHE ] INIT File
[ info ] [ BEHAVIOR ] Run Closure @app_init [ RunTime:0.056778s ]
[ info ] [ LANG ] /www/wwwroot/LaowuAdmin/thinkphp/lang/zh-cn.php
[ info ] [ ROUTE ] array (
  'type' => 'module',
  'module' => 
  array (
    0 => '',
    1 => NULL,
    2 => NULL,
  ),
)
[ info ] [ HEADER ] array (
  'connection' => 'close',
  'user-agent' => 'Go-http-client/1.1',
  'host' => 'laowu.weitongtianxia.cn:443',
)
[ info ] [ PARAM ] array (
)
[ info ] [ LOG ] INIT File
---------------------------------------------------------------
[ 2018-12-06T03:24:48+08:00 ] 219.137.72.86 GET /
[ info ] 47.94.91.189/ [运行时间：0.031111s][吞吐率：32.14req/s] [内存消耗：1,661.82kb] [文件加载：50]
[ info ] [ BEHAVIOR ] Run Closure @app_init [ RunTime:0.000059s ]
[ info ] [ CACHE ] INIT File
[ info ] [ BEHAVIOR ] Run Closure @app_init [ RunTime:0.002632s ]
[ info ] [ LANG ] /www/wwwroot/LaowuAdmin/thinkphp/lang/zh-cn.php
[ info ] [ ROUTE ] array (
  'type' => 'module',
  'module' => 
  array (
    0 => '',
    1 => NULL,
    2 => NULL,
  ),
)
[ info ] [ HEADER ] array (
  'connection' => 'Keep-Alive',
  'host' => '47.94.91.189',
  'accept-language' => 'zh-cn,zh,en',
  'accept-encoding' => 'gzip,deflate',
  'referer' => 'https://47.94.91.189',
  'user-agent' => 'Mozilla/4.0 (compatible; MSIE 7.0; Windows NT 6.1; WOW64; Trident/7.0; SLCC2; .NET CLR 2.0.50727; .NET CLR 3.5.30729; .NET CLR 3.0.30729; Media Center PC 6.0; .NET4.0C; .NET4.0E)',
  'accept' => '*/*',
)
[ info ] [ PARAM ] array (
)
[ info ] [ LOG ] INIT File
---------------------------------------------------------------
[ 2018-12-06T03:26:01+08:00 ] 207.180.246.153 POST /GponForm/diag_Form?style/
[ info ] 192.168.0.1:443/GponForm/diag_Form?style/ [运行时间：0.033903s][吞吐率：29.50req/s] [内存消耗：1,665.88kb] [文件加载：50]
[ info ] [ BEHAVIOR ] Run Closure @app_init [ RunTime:0.000647s ]
[ info ] [ CACHE ] INIT File
[ info ] [ BEHAVIOR ] Run Closure @app_init [ RunTime:0.003039s ]
[ info ] [ LANG ] /www/wwwroot/LaowuAdmin/thinkphp/lang/zh-cn.php
[ info ] [ ROUTE ] array (
  'type' => 'module',
  'module' => 
  array (
    0 => 'GponForm',
    1 => 'diag_Form',
    2 => NULL,
  ),
)
[ info ] [ HEADER ] array (
  'connection' => 'keep-alive',
  'xaccept-encoding' => 'gzip, deflate',
  'accept' => '*/*',
  'user-agent' => 'curl/7.3.2',
  'host' => '192.168.0.1:443',
  'content-type' => 'text/plain',
  'content-length' => '132',
)
[ info ] [ PARAM ] array (
  'style/' => '',
)
[ info ] [ LOG ] INIT File
---------------------------------------------------------------
[ 2018-12-06T05:29:24+08:00 ] 185.53.91.23 GET /
[ info ] 47.94.91.189/ [运行时间：0.298371s][吞吐率：3.35req/s] [内存消耗：1,659.61kb] [文件加载：50]
[ info ] [ BEHAVIOR ] Run Closure @app_init [ RunTime:0.001025s ]
[ info ] [ CACHE ] INIT File
[ info ] [ BEHAVIOR ] Run Closure @app_init [ RunTime:0.088547s ]
[ info ] [ LANG ] /www/wwwroot/LaowuAdmin/thinkphp/lang/zh-cn.php
[ info ] [ ROUTE ] array (
  'type' => 'module',
  'module' => 
  array (
    0 => '',
    1 => NULL,
    2 => NULL,
  ),
)
[ info ] [ HEADER ] array (
  'connection' => 'Keep-Alive',
  'host' => '47.94.91.189',
)
[ info ] [ PARAM ] array (
)
[ info ] [ LOG ] INIT File
---------------------------------------------------------------
[ 2018-12-06T06:11:06+08:00 ] 51.38.12.13 GET /
[ info ] 47.94.91.189/ [运行时间：0.298184s][吞吐率：3.35req/s] [内存消耗：1,660.48kb] [文件加载：50]
[ info ] [ BEHAVIOR ] Run Closure @app_init [ RunTime:0.000673s ]
[ info ] [ CACHE ] INIT File
[ info ] [ BEHAVIOR ] Run Closure @app_init [ RunTime:0.088980s ]
[ info ] [ LANG ] /www/wwwroot/LaowuAdmin/thinkphp/lang/zh-cn.php
[ info ] [ ROUTE ] array (
  'type' => 'module',
  'module' => 
  array (
    0 => '',
    1 => NULL,
    2 => NULL,
  ),
)
[ info ] [ HEADER ] array (
  'host' => '47.94.91.189',
  'user-agent' => 'Mozilla/5.0 (Windows NT 6.1) AppleWebKit/537.36 (KHTML, like Gecko) Chrome/41.0.2228.0 Safari/537.36',
  'connection' => 'close',
)
[ info ] [ PARAM ] array (
)
[ info ] [ LOG ] INIT File
---------------------------------------------------------------
[ 2018-12-06T08:32:32+08:00 ] 207.180.246.153 POST /GponForm/diag_Form?style/
[ info ] 192.168.0.1:443/GponForm/diag_Form?style/ [运行时间：0.204352s][吞吐率：4.89req/s] [内存消耗：1,665.88kb] [文件加载：50]
[ info ] [ BEHAVIOR ] Run Closure @app_init [ RunTime:0.000689s ]
[ info ] [ CACHE ] INIT File
[ info ] [ BEHAVIOR ] Run Closure @app_init [ RunTime:0.004707s ]
[ info ] [ LANG ] /www/wwwroot/LaowuAdmin/thinkphp/lang/zh-cn.php
[ info ] [ ROUTE ] array (
  'type' => 'module',
  'module' => 
  array (
    0 => 'GponForm',
    1 => 'diag_Form',
    2 => NULL,
  ),
)
[ info ] [ HEADER ] array (
  'connection' => 'keep-alive',
  'xaccept-encoding' => 'gzip, deflate',
  'accept' => '*/*',
  'user-agent' => 'curl/7.3.2',
  'host' => '192.168.0.1:443',
  'content-type' => 'text/plain',
  'content-length' => '132',
)
[ info ] [ PARAM ] array (
  'style/' => '',
)
[ info ] [ LOG ] INIT File
---------------------------------------------------------------
[ 2018-12-06T19:10:42+08:00 ] 106.119.24.146 GET /api/index/jing_yan
[ info ] laowu.weitongtianxia.cn/api/index/jing_yan [运行时间：0.505090s][吞吐率：1.98req/s] [内存消耗：3,001.58kb] [文件加载：68]
[ info ] [ BEHAVIOR ] Run Closure @app_init [ RunTime:0.000699s ]
[ info ] [ CACHE ] INIT File
[ info ] [ BEHAVIOR ] Run Closure @app_init [ RunTime:0.077246s ]
[ info ] [ LANG ] /www/wwwroot/LaowuAdmin/thinkphp/lang/zh-cn.php
[ info ] [ ROUTE ] array (
  'type' => 'module',
  'module' => 
  array (
    0 => 'api',
    1 => 'index',
    2 => 'jing_yan',
  ),
)
[ info ] [ HEADER ] array (
  'connection' => 'Keep-Alive',
  'host' => 'laowu.weitongtianxia.cn',
  'user-agent' => 'Mozilla/5.0 (Linux; Android 6.0.1; OPPO A57t Build/MMB29M; wv) AppleWebKit/537.36 (KHTML, like Gecko) Version/4.0 Chrome/55.0.2883.91 Mobile Safari/537.36 MicroMessenger/6.7.3.1360(0x2607033B) NetType/4G Language/zh_CN Process/appbrand0',
  'referer' => 'https://servicewechat.com/wxeb97c1fd7ede595a/5/page-frame.html',
  'accept-encoding' => 'gzip',
  'charset' => 'utf-8',
  'content-type' => 'application/json',
)
[ info ] [ PARAM ] array (
)
[ info ] [ LANG ] /www/wwwroot/LaowuAdmin/public/../application/api/lang/zh-cn.php
[ info ] [ BEHAVIOR ] Run app\common\behavior\Common @module_init [ RunTime:0.004334s ]
[ info ] [ RUN ] app\api\controller\Index->jing_yan[ /www/wwwroot/LaowuAdmin/application/api/controller/Index.php ]
[ info ] [ DB ] INIT mysql
[ info ] [ LOG ] INIT File
[ sql ] [ DB ] CONNECT:[ UseTime:0.080426s ] mysql:host=127.0.0.1;port=3306;dbname=gong_cheng;charset=utf8
[ sql ] [ SQL ] SHOW COLUMNS FROM `gc_experience` [ RunTime:0.008575s ]
[ sql ] [ SQL ] SELECT `id`,`experience` FROM `gc_experience` WHERE `gc_experience`.`delete_time` IS NULL [ RunTime:0.001329s ]
---------------------------------------------------------------
[ 2018-12-06T19:10:42+08:00 ] 106.119.24.146 GET /api/Index/index
[ info ] laowu.weitongtianxia.cn/api/Index/index [运行时间：0.256475s][吞吐率：3.90req/s] [内存消耗：2,976.17kb] [文件加载：66]
[ info ] [ BEHAVIOR ] Run Closure @app_init [ RunTime:0.000046s ]
[ info ] [ CACHE ] INIT File
[ info ] [ BEHAVIOR ] Run Closure @app_init [ RunTime:0.001296s ]
[ info ] [ LANG ] /www/wwwroot/LaowuAdmin/thinkphp/lang/zh-cn.php
[ info ] [ ROUTE ] array (
  'type' => 'module',
  'module' => 
  array (
    0 => 'api',
    1 => 'Index',
    2 => 'index',
  ),
)
[ info ] [ HEADER ] array (
  'connection' => 'Keep-Alive',
  'host' => 'laowu.weitongtianxia.cn',
  'user-agent' => 'Mozilla/5.0 (Linux; Android 6.0.1; OPPO A57t Build/MMB29M; wv) AppleWebKit/537.36 (KHTML, like Gecko) Version/4.0 Chrome/55.0.2883.91 Mobile Safari/537.36 MicroMessenger/6.7.3.1360(0x2607033B) NetType/4G Language/zh_CN Process/appbrand0',
  'referer' => 'https://servicewechat.com/wxeb97c1fd7ede595a/5/page-frame.html',
  'accept-encoding' => 'gzip',
  'charset' => 'utf-8',
  'content-type' => 'application/json',
)
[ info ] [ PARAM ] array (
)
[ info ] [ LANG ] /www/wwwroot/LaowuAdmin/public/../application/api/lang/zh-cn.php
[ info ] [ BEHAVIOR ] Run app\common\behavior\Common @module_init [ RunTime:0.001453s ]
[ info ] [ RUN ] app\api\controller\Index->index[ /www/wwwroot/LaowuAdmin/application/api/controller/Index.php ]
[ info ] [ DB ] INIT mysql
[ info ] [ LOG ] INIT File
[ sql ] [ DB ] CONNECT:[ UseTime:0.077757s ] mysql:host=127.0.0.1;port=3306;dbname=gong_cheng;charset=utf8
[ sql ] [ SQL ] SHOW COLUMNS FROM `gc_config` [ RunTime:0.009608s ]
[ sql ] [ SQL ] SELECT `name`,`value` FROM `gc_config` WHERE  `group` = 'weapp' [ RunTime:0.000687s ]
---------------------------------------------------------------
[ 2018-12-06T19:10:42+08:00 ] 106.119.24.146 GET /api/team/index?page=1
[ info ] laowu.weitongtianxia.cn/api/team/index?page=1 [运行时间：0.251436s][吞吐率：3.98req/s] [内存消耗：3,176.74kb] [文件加载：75]
[ info ] [ BEHAVIOR ] Run Closure @app_init [ RunTime:0.000049s ]
[ info ] [ CACHE ] INIT File
[ info ] [ BEHAVIOR ] Run Closure @app_init [ RunTime:0.001320s ]
[ info ] [ LANG ] /www/wwwroot/LaowuAdmin/thinkphp/lang/zh-cn.php
[ info ] [ ROUTE ] array (
  'type' => 'module',
  'module' => 
  array (
    0 => 'api',
    1 => 'team',
    2 => 'index',
  ),
)
[ info ] [ HEADER ] array (
  'connection' => 'Keep-Alive',
  'host' => 'laowu.weitongtianxia.cn',
  'user-agent' => 'Mozilla/5.0 (Linux; Android 6.0.1; OPPO A57t Build/MMB29M; wv) AppleWebKit/537.36 (KHTML, like Gecko) Version/4.0 Chrome/55.0.2883.91 Mobile Safari/537.36 MicroMessenger/6.7.3.1360(0x2607033B) NetType/4G Language/zh_CN Process/appbrand0',
  'referer' => 'https://servicewechat.com/wxeb97c1fd7ede595a/5/page-frame.html',
  'accept-encoding' => 'gzip',
  'charset' => 'utf-8',
  'content-type' => 'application/json',
)
[ info ] [ PARAM ] array (
  'page' => '1',
)
[ info ] [ LANG ] /www/wwwroot/LaowuAdmin/public/../application/api/lang/zh-cn.php
[ info ] [ BEHAVIOR ] Run app\common\behavior\Common @module_init [ RunTime:0.001379s ]
[ info ] [ RUN ] app\api\controller\Team->index[ /www/wwwroot/LaowuAdmin/application/api/controller/Team.php ]
[ info ] [ DB ] INIT mysql
[ info ] [ LOG ] INIT File
[ sql ] [ DB ] CONNECT:[ UseTime:0.000528s ] mysql:host=127.0.0.1;port=3306;dbname=gong_cheng;charset=utf8
[ sql ] [ SQL ] SHOW COLUMNS FROM `gc_team` [ RunTime:0.093711s ]
[ sql ] [ SQL ] SELECT COUNT(*) AS tp_count FROM `gc_team` WHERE  `status` = 1 LIMIT 1 [ RunTime:0.000822s ]
[ sql ] [ SQL ] SELECT * FROM `gc_team` WHERE  `status` = 1 LIMIT 0,10 [ RunTime:0.003541s ]
[ sql ] [ SQL ] SHOW COLUMNS FROM `gc_experience` [ RunTime:0.000950s ]
[ sql ] [ SQL ] SELECT * FROM `gc_experience` WHERE  `id` IN (30,6,35,36,45,31,44,32) [ RunTime:0.002219s ]
---------------------------------------------------------------
[ 2018-12-06T19:10:54+08:00 ] 106.119.24.146 GET /api/team/index?page=2
[ info ] laowu.weitongtianxia.cn/api/team/index?page=2 [运行时间：0.048889s][吞吐率：20.45req/s] [内存消耗：3,170.83kb] [文件加载：75]
[ info ] [ BEHAVIOR ] Run Closure @app_init [ RunTime:0.000049s ]
[ info ] [ CACHE ] INIT File
[ info ] [ BEHAVIOR ] Run Closure @app_init [ RunTime:0.001330s ]
[ info ] [ LANG ] /www/wwwroot/LaowuAdmin/thinkphp/lang/zh-cn.php
[ info ] [ ROUTE ] array (
  'type' => 'module',
  'module' => 
  array (
    0 => 'api',
    1 => 'team',
    2 => 'index',
  ),
)
[ info ] [ HEADER ] array (
  'connection' => 'Keep-Alive',
  'host' => 'laowu.weitongtianxia.cn',
  'user-agent' => 'Mozilla/5.0 (Linux; Android 6.0.1; OPPO A57t Build/MMB29M; wv) AppleWebKit/537.36 (KHTML, like Gecko) Version/4.0 Chrome/55.0.2883.91 Mobile Safari/537.36 MicroMessenger/6.7.3.1360(0x2607033B) NetType/4G Language/zh_CN Process/appbrand0',
  'referer' => 'https://servicewechat.com/wxeb97c1fd7ede595a/5/page-frame.html',
  'accept-encoding' => 'gzip',
  'charset' => 'utf-8',
  'content-type' => 'application/json',
)
[ info ] [ PARAM ] array (
  'page' => '2',
)
[ info ] [ LANG ] /www/wwwroot/LaowuAdmin/public/../application/api/lang/zh-cn.php
[ info ] [ BEHAVIOR ] Run app\common\behavior\Common @module_init [ RunTime:0.002286s ]
[ info ] [ RUN ] app\api\controller\Team->index[ /www/wwwroot/LaowuAdmin/application/api/controller/Team.php ]
[ info ] [ DB ] INIT mysql
[ info ] [ LOG ] INIT File
[ sql ] [ DB ] CONNECT:[ UseTime:0.008011s ] mysql:host=127.0.0.1;port=3306;dbname=gong_cheng;charset=utf8
[ sql ] [ SQL ] SHOW COLUMNS FROM `gc_team` [ RunTime:0.001180s ]
[ sql ] [ SQL ] SELECT COUNT(*) AS tp_count FROM `gc_team` WHERE  `status` = 1 LIMIT 1 [ RunTime:0.001207s ]
[ sql ] [ SQL ] SELECT * FROM `gc_team` WHERE  `status` = 1 LIMIT 10,10 [ RunTime:0.000364s ]
[ sql ] [ SQL ] SHOW COLUMNS FROM `gc_experience` [ RunTime:0.001033s ]
[ sql ] [ SQL ] SELECT * FROM `gc_experience` WHERE  `id` IN (31) [ RunTime:0.002877s ]
---------------------------------------------------------------
[ 2018-12-06T19:11:29+08:00 ] 106.119.24.146 GET /api/team/show?id=2
[ info ] laowu.weitongtianxia.cn/api/team/show?id=2 [运行时间：0.036155s][吞吐率：27.66req/s] [内存消耗：3,089.84kb] [文件加载：71]
[ info ] [ BEHAVIOR ] Run Closure @app_init [ RunTime:0.000059s ]
[ info ] [ CACHE ] INIT File
[ info ] [ BEHAVIOR ] Run Closure @app_init [ RunTime:0.001270s ]
[ info ] [ LANG ] /www/wwwroot/LaowuAdmin/thinkphp/lang/zh-cn.php
[ info ] [ ROUTE ] array (
  'type' => 'module',
  'module' => 
  array (
    0 => 'api',
    1 => 'team',
    2 => 'show',
  ),
)
[ info ] [ HEADER ] array (
  'connection' => 'Keep-Alive',
  'host' => 'laowu.weitongtianxia.cn',
  'user-agent' => 'Mozilla/5.0 (Linux; Android 6.0.1; OPPO A57t Build/MMB29M; wv) AppleWebKit/537.36 (KHTML, like Gecko) Version/4.0 Chrome/55.0.2883.91 Mobile Safari/537.36 MicroMessenger/6.7.3.1360(0x2607033B) NetType/4G Language/zh_CN Process/appbrand0',
  'referer' => 'https://servicewechat.com/wxeb97c1fd7ede595a/5/page-frame.html',
  'accept-encoding' => 'gzip',
  'charset' => 'utf-8',
  'content-type' => 'application/json',
)
[ info ] [ PARAM ] array (
  'id' => '2',
)
[ info ] [ LANG ] /www/wwwroot/LaowuAdmin/public/../application/api/lang/zh-cn.php
[ info ] [ BEHAVIOR ] Run app\common\behavior\Common @module_init [ RunTime:0.001396s ]
[ info ] [ RUN ] app\api\controller\Team->show[ /www/wwwroot/LaowuAdmin/application/api/controller/Team.php ]
[ info ] [ DB ] INIT mysql
[ info ] [ LOG ] INIT File
[ sql ] [ DB ] CONNECT:[ UseTime:0.000588s ] mysql:host=127.0.0.1;port=3306;dbname=gong_cheng;charset=utf8
[ sql ] [ SQL ] SHOW COLUMNS FROM `gc_team` [ RunTime:0.001064s ]
[ sql ] [ SQL ] SELECT * FROM `gc_team` WHERE  `status` = 1  AND `id` = 2 LIMIT 1 [ RunTime:0.003670s ]
[ sql ] [ SQL ] SHOW COLUMNS FROM `gc_experience` [ RunTime:0.000816s ]
[ sql ] [ SQL ] SELECT * FROM `gc_experience` WHERE  `id` = 30 [ RunTime:0.000290s ]
---------------------------------------------------------------
[ 2018-12-06T19:12:11+08:00 ] 106.119.24.146 GET /api/team/show?id=2
[ info ] laowu.weitongtianxia.cn/api/team/show?id=2 [运行时间：0.036043s][吞吐率：27.74req/s] [内存消耗：3,089.84kb] [文件加载：71]
[ info ] [ BEHAVIOR ] Run Closure @app_init [ RunTime:0.000024s ]
[ info ] [ CACHE ] INIT File
[ info ] [ BEHAVIOR ] Run Closure @app_init [ RunTime:0.001165s ]
[ info ] [ LANG ] /www/wwwroot/LaowuAdmin/thinkphp/lang/zh-cn.php
[ info ] [ ROUTE ] array (
  'type' => 'module',
  'module' => 
  array (
    0 => 'api',
    1 => 'team',
    2 => 'show',
  ),
)
[ info ] [ HEADER ] array (
  'connection' => 'Keep-Alive',
  'host' => 'laowu.weitongtianxia.cn',
  'user-agent' => 'Mozilla/5.0 (Linux; Android 6.0.1; OPPO A57t Build/MMB29M; wv) AppleWebKit/537.36 (KHTML, like Gecko) Version/4.0 Chrome/55.0.2883.91 Mobile Safari/537.36 MicroMessenger/6.7.3.1360(0x2607033B) NetType/4G Language/zh_CN Process/appbrand0',
  'referer' => 'https://servicewechat.com/wxeb97c1fd7ede595a/5/page-frame.html',
  'accept-encoding' => 'gzip',
  'charset' => 'utf-8',
  'content-type' => 'application/json',
)
[ info ] [ PARAM ] array (
  'id' => '2',
)
[ info ] [ LANG ] /www/wwwroot/LaowuAdmin/public/../application/api/lang/zh-cn.php
[ info ] [ BEHAVIOR ] Run app\common\behavior\Common @module_init [ RunTime:0.001370s ]
[ info ] [ RUN ] app\api\controller\Team->show[ /www/wwwroot/LaowuAdmin/application/api/controller/Team.php ]
[ info ] [ DB ] INIT mysql
[ info ] [ LOG ] INIT File
[ sql ] [ DB ] CONNECT:[ UseTime:0.000894s ] mysql:host=127.0.0.1;port=3306;dbname=gong_cheng;charset=utf8
[ sql ] [ SQL ] SHOW COLUMNS FROM `gc_team` [ RunTime:0.002741s ]
[ sql ] [ SQL ] SELECT * FROM `gc_team` WHERE  `status` = 1  AND `id` = 2 LIMIT 1 [ RunTime:0.000435s ]
[ sql ] [ SQL ] SHOW COLUMNS FROM `gc_experience` [ RunTime:0.000763s ]
[ sql ] [ SQL ] SELECT * FROM `gc_experience` WHERE  `id` = 30 [ RunTime:0.000198s ]
---------------------------------------------------------------
[ 2018-12-06T19:15:52+08:00 ] 106.119.24.146 GET /api/team/show?id=2
[ info ] laowu.weitongtianxia.cn/api/team/show?id=2 [运行时间：0.042078s][吞吐率：23.77req/s] [内存消耗：3,089.84kb] [文件加载：71]
[ info ] [ BEHAVIOR ] Run Closure @app_init [ RunTime:0.000032s ]
[ info ] [ CACHE ] INIT File
[ info ] [ BEHAVIOR ] Run Closure @app_init [ RunTime:0.002088s ]
[ info ] [ LANG ] /www/wwwroot/LaowuAdmin/thinkphp/lang/zh-cn.php
[ info ] [ ROUTE ] array (
  'type' => 'module',
  'module' => 
  array (
    0 => 'api',
    1 => 'team',
    2 => 'show',
  ),
)
[ info ] [ HEADER ] array (
  'connection' => 'Keep-Alive',
  'host' => 'laowu.weitongtianxia.cn',
  'user-agent' => 'Mozilla/5.0 (Linux; Android 6.0.1; OPPO A57t Build/MMB29M; wv) AppleWebKit/537.36 (KHTML, like Gecko) Version/4.0 Chrome/55.0.2883.91 Mobile Safari/537.36 MicroMessenger/6.7.3.1360(0x2607033B) NetType/4G Language/zh_CN Process/appbrand0',
  'referer' => 'https://servicewechat.com/wxeb97c1fd7ede595a/5/page-frame.html',
  'accept-encoding' => 'gzip',
  'charset' => 'utf-8',
  'content-type' => 'application/json',
)
[ info ] [ PARAM ] array (
  'id' => '2',
)
[ info ] [ LANG ] /www/wwwroot/LaowuAdmin/public/../application/api/lang/zh-cn.php
[ info ] [ BEHAVIOR ] Run app\common\behavior\Common @module_init [ RunTime:0.001765s ]
[ info ] [ RUN ] app\api\controller\Team->show[ /www/wwwroot/LaowuAdmin/application/api/controller/Team.php ]
[ info ] [ DB ] INIT mysql
[ info ] [ LOG ] INIT File
[ sql ] [ DB ] CONNECT:[ UseTime:0.000455s ] mysql:host=127.0.0.1;port=3306;dbname=gong_cheng;charset=utf8
[ sql ] [ SQL ] SHOW COLUMNS FROM `gc_team` [ RunTime:0.001058s ]
[ sql ] [ SQL ] SELECT * FROM `gc_team` WHERE  `status` = 1  AND `id` = 2 LIMIT 1 [ RunTime:0.000373s ]
[ sql ] [ SQL ] SHOW COLUMNS FROM `gc_experience` [ RunTime:0.000729s ]
[ sql ] [ SQL ] SELECT * FROM `gc_experience` WHERE  `id` = 30 [ RunTime:0.000199s ]
---------------------------------------------------------------
[ 2018-12-06T23:22:58+08:00 ] 60.191.38.77 GET /
[ info ] 47.94.91.189:443/ [运行时间：0.310655s][吞吐率：3.22req/s] [内存消耗：1,660.53kb] [文件加载：50]
[ info ] [ BEHAVIOR ] Run Closure @app_init [ RunTime:0.000663s ]
[ info ] [ CACHE ] INIT File
[ info ] [ BEHAVIOR ] Run Closure @app_init [ RunTime:0.089369s ]
[ info ] [ LANG ] /www/wwwroot/LaowuAdmin/thinkphp/lang/zh-cn.php
[ info ] [ ROUTE ] array (
  'type' => 'module',
  'module' => 
  array (
    0 => '',
    1 => NULL,
    2 => NULL,
  ),
)
[ info ] [ HEADER ] array (
  'connection' => 'keep-alive',
  'accept' => '*/*',
  'user-agent' => 'Mozilla/5.0 (Macintosh; Intel Mac OS X 10.11; rv:47.0) Gecko/20100101 Firefox/47.0',
  'host' => '47.94.91.189:443',
)
[ info ] [ PARAM ] array (
)
[ info ] [ LOG ] INIT File
