---------------------------------------------------------------
[ 2019-05-03T20:05:34+08:00 ] 127.0.0.1 POST /public/api/user/getrole
[ info ] bee.me/public/api/user/getrole [运行时间：0.145009s][吞吐率：6.90req/s] [内存消耗：1,963.24kb] [文件加载：61]
[ info ] [ BEHAVIOR ] Run Closure @app_init [ RunTime:0.000000s ]
[ info ] [ CACHE ] INIT File
[ info ] [ BEHAVIOR ] Run Closure @app_init [ RunTime:0.009000s ]
[ info ] [ LANG ] C:\phpStudy\PHPTutorial\WWW\LaowuAdmin\thinkphp\lang\zh-cn.php
[ info ] [ ROUTE ] array (
  'type' => 'module',
  'module' => 
  array (
    0 => 'api',
    1 => 'user',
    2 => 'getrole',
  ),
)
[ info ] [ HEADER ] array (
  'connection' => 'close',
  'content-length' => '0',
  'accept-encoding' => 'gzip, deflate',
  'host' => 'bee.me',
  'postman-token' => '3088176d-d858-4c4a-965f-b8b3fc7de36f',
  'cache-control' => 'no-cache',
  'accept' => '*/*',
  'user-agent' => 'PostmanRuntime/7.11.0',
)
[ info ] [ PARAM ] array (
)
[ info ] [ LANG ] C:\phpStudy\PHPTutorial\WWW\LaowuAdmin\public/../application/api\lang\zh-cn.php
[ info ] [ BEHAVIOR ] Run app\common\behavior\Common @module_init [ RunTime:0.006000s ]
[ info ] [ LANG ] C:\phpStudy\PHPTutorial\WWW\LaowuAdmin\public/../application/api/lang/zh-cn/user.php
[ info ] [ RUN ] app\api\controller\User->getrole[ C:\phpStudy\PHPTutorial\WWW\LaowuAdmin\application\api\controller\User.php ]
[ info ] [ LOG ] INIT File
