---------------------------------------------------------------
[ 2019-05-19T09:40:11+08:00 ] 127.0.0.1 GET /public/admin
[ info ] bee.me/public/admin [运行时间：1.196068s][吞吐率：0.84req/s] [内存消耗：2,247.69kb] [文件加载：70]
[ info ] [ BEHAVIOR ] Run Closure @app_init [ RunTime:0.000000s ]
[ info ] [ CACHE ] INIT File
[ info ] [ BEHAVIOR ] Run Closure @app_init [ RunTime:0.081005s ]
[ info ] [ LANG ] C:\phpStudy\PHPTutorial\WWW\LaowuAdmin\thinkphp\lang\zh-cn.php
[ info ] [ ROUTE ] array (
  'type' => 'module',
  'module' => 
  array (
    0 => 'admin',
    1 => NULL,
    2 => NULL,
  ),
)
[ info ] [ HEADER ] array (
  'accept-language' => 'zh-CN,zh;q=0.9',
  'accept-encoding' => 'gzip, deflate',
  'accept' => 'text/html,application/xhtml+xml,application/xml;q=0.9,image/webp,image/apng,*/*;q=0.8',
  'user-agent' => 'Mozilla/5.0 (Windows NT 6.1; WOW64) AppleWebKit/537.36 (KHTML, like Gecko) Chrome/70.0.3538.25 Safari/537.36 Core/1.70.3676.400 QQBrowser/10.4.3505.400',
  'upgrade-insecure-requests' => '1',
  'connection' => 'close',
  'host' => 'bee.me',
)
[ info ] [ PARAM ] array (
)
[ info ] [ LANG ] C:\phpStudy\PHPTutorial\WWW\LaowuAdmin\public/../application/admin\lang\zh-cn.php
[ info ] [ BEHAVIOR ] Run app\common\behavior\Common @module_init [ RunTime:0.064004s ]
[ info ] [ SESSION ] INIT array (
  'id' => '',
  'var_session_id' => '',
  'prefix' => 'think',
  'type' => '',
  'auto_start' => true,
)
[ info ] [ VIEW ] C:\phpStudy\PHPTutorial\WWW\LaowuAdmin\public/../application/common\view\tpl\dispatch_jump.tpl [ array (
  0 => 'code',
  1 => 'msg',
  2 => 'data',
  3 => 'url',
  4 => 'wait',
) ]
[ info ] [ BEHAVIOR ] Run app\admin\behavior\AdminLog @app_end [ RunTime:0.003000s ]
[ info ] [ LOG ] INIT File
---------------------------------------------------------------
[ 2019-05-19T09:40:15+08:00 ] 127.0.0.1 GET /public/admin/index/login?url=%2Fpublic%2Fadmin
[ info ] bee.me/public/admin/index/login?url=%2Fpublic%2Fadmin [运行时间：0.295016s][吞吐率：3.39req/s] [内存消耗：2,503.64kb] [文件加载：73]
[ info ] [ BEHAVIOR ] Run Closure @app_init [ RunTime:0.000000s ]
[ info ] [ CACHE ] INIT File
[ info ] [ BEHAVIOR ] Run Closure @app_init [ RunTime:0.006000s ]
[ info ] [ LANG ] C:\phpStudy\PHPTutorial\WWW\LaowuAdmin\thinkphp\lang\zh-cn.php
[ info ] [ ROUTE ] array (
  'type' => 'module',
  'module' => 
  array (
    0 => 'admin',
    1 => 'index',
    2 => 'login',
  ),
)
[ info ] [ HEADER ] array (
  'cookie' => 'PHPSESSID=j18qd34h8gepr91r1rmm1vide1',
  'accept-language' => 'zh-CN,zh;q=0.9',
  'accept-encoding' => 'gzip, deflate',
  'referer' => 'http://bee.me/public/admin',
  'accept' => 'text/html,application/xhtml+xml,application/xml;q=0.9,image/webp,image/apng,*/*;q=0.8',
  'user-agent' => 'Mozilla/5.0 (Windows NT 6.1; WOW64) AppleWebKit/537.36 (KHTML, like Gecko) Chrome/70.0.3538.25 Safari/537.36 Core/1.70.3676.400 QQBrowser/10.4.3505.400',
  'upgrade-insecure-requests' => '1',
  'connection' => 'close',
  'host' => 'bee.me',
)
[ info ] [ PARAM ] array (
  'url' => '/public/admin',
)
[ info ] [ LANG ] C:\phpStudy\PHPTutorial\WWW\LaowuAdmin\public/../application/admin\lang\zh-cn.php
[ info ] [ BEHAVIOR ] Run app\common\behavior\Common @module_init [ RunTime:0.003000s ]
[ info ] [ SESSION ] INIT array (
  'id' => '',
  'var_session_id' => '',
  'prefix' => 'think',
  'type' => '',
  'auto_start' => true,
)
[ info ] [ LANG ] C:\phpStudy\PHPTutorial\WWW\LaowuAdmin\public/../application/admin/lang/zh-cn/index.php
[ info ] [ RUN ] app\admin\controller\Index->login[ C:\phpStudy\PHPTutorial\WWW\LaowuAdmin\application\admin\controller\Index.php ]
[ info ] [ VIEW ] C:\phpStudy\PHPTutorial\WWW\LaowuAdmin\public/../application/admin\view\index\login.html [ array (
  0 => 'breadcrumb',
  1 => 'site',
  2 => 'config',
  3 => 'auth',
  4 => 'admin',
  5 => 'background',
  6 => 'title',
) ]
[ info ] [ BEHAVIOR ] Run app\admin\behavior\AdminLog @app_end [ RunTime:0.002000s ]
[ info ] [ LOG ] INIT File
---------------------------------------------------------------
[ 2019-05-19T09:40:16+08:00 ] 127.0.0.1 GET /public/admin/ajax/lang?callback=define&controllername=index&v=1558230014
[ info ] bee.me/public/admin/ajax/lang?callback=define&controllername=index&v=1558230014 [运行时间：0.127007s][吞吐率：7.87req/s] [内存消耗：2,379.48kb] [文件加载：71]
[ info ] [ BEHAVIOR ] Run Closure @app_init [ RunTime:0.000000s ]
[ info ] [ CACHE ] INIT File
[ info ] [ BEHAVIOR ] Run Closure @app_init [ RunTime:0.006000s ]
[ info ] [ LANG ] C:\phpStudy\PHPTutorial\WWW\LaowuAdmin\thinkphp\lang\zh-cn.php
[ info ] [ ROUTE ] array (
  'type' => 'module',
  'module' => 
  array (
    0 => 'admin',
    1 => 'ajax',
    2 => 'lang',
  ),
)
[ info ] [ HEADER ] array (
  'cookie' => 'PHPSESSID=j18qd34h8gepr91r1rmm1vide1',
  'accept-language' => 'zh-CN,zh;q=0.9',
  'accept-encoding' => 'gzip, deflate',
  'referer' => 'http://bee.me/public/admin/index/login?url=%2Fpublic%2Fadmin',
  'accept' => '*/*',
  'user-agent' => 'Mozilla/5.0 (Windows NT 6.1; WOW64) AppleWebKit/537.36 (KHTML, like Gecko) Chrome/70.0.3538.25 Safari/537.36 Core/1.70.3676.400 QQBrowser/10.4.3505.400',
  'connection' => 'close',
  'host' => 'bee.me',
)
[ info ] [ PARAM ] array (
  'callback' => 'define',
  'controllername' => 'index',
  'v' => '1558230014',
)
[ info ] [ LANG ] C:\phpStudy\PHPTutorial\WWW\LaowuAdmin\public/../application/admin\lang\zh-cn.php
[ info ] [ BEHAVIOR ] Run app\common\behavior\Common @module_init [ RunTime:0.005001s ]
[ info ] [ SESSION ] INIT array (
  'id' => '',
  'var_session_id' => '',
  'prefix' => 'think',
  'type' => '',
  'auto_start' => true,
)
[ info ] [ LANG ] C:\phpStudy\PHPTutorial\WWW\LaowuAdmin\public/../application/admin/lang/zh-cn/ajax.php
[ info ] [ RUN ] app\admin\controller\Ajax->lang[ C:\phpStudy\PHPTutorial\WWW\LaowuAdmin\application\admin\controller\Ajax.php ]
[ info ] [ LANG ] C:\phpStudy\PHPTutorial\WWW\LaowuAdmin\public/../application/admin/lang/zh-cn/index.php
[ info ] [ BEHAVIOR ] Run app\admin\behavior\AdminLog @app_end [ RunTime:0.001000s ]
[ info ] [ LOG ] INIT File
---------------------------------------------------------------
[ 2019-05-19T09:40:21+08:00 ] 127.0.0.1 POST /public/admin/index/login?url=%2Fpublic%2Fadmin
[ info ] bee.me/public/admin/index/login?url=%2Fpublic%2Fadmin [运行时间：0.587034s][吞吐率：1.70req/s] [内存消耗：3,018.55kb] [文件加载：80]
[ info ] [ BEHAVIOR ] Run Closure @app_init [ RunTime:0.000000s ]
[ info ] [ CACHE ] INIT File
[ info ] [ BEHAVIOR ] Run Closure @app_init [ RunTime:0.007001s ]
[ info ] [ LANG ] C:\phpStudy\PHPTutorial\WWW\LaowuAdmin\thinkphp\lang\zh-cn.php
[ info ] [ ROUTE ] array (
  'type' => 'module',
  'module' => 
  array (
    0 => 'admin',
    1 => 'index',
    2 => 'login',
  ),
)
[ info ] [ HEADER ] array (
  'cookie' => 'PHPSESSID=j18qd34h8gepr91r1rmm1vide1',
  'accept-language' => 'zh-CN,zh;q=0.9',
  'accept-encoding' => 'gzip, deflate',
  'referer' => 'http://bee.me/public/admin/index/login?url=%2Fpublic%2Fadmin',
  'content-type' => 'application/x-www-form-urlencoded; charset=UTF-8',
  'user-agent' => 'Mozilla/5.0 (Windows NT 6.1; WOW64) AppleWebKit/537.36 (KHTML, like Gecko) Chrome/70.0.3538.25 Safari/537.36 Core/1.70.3676.400 QQBrowser/10.4.3505.400',
  'x-requested-with' => 'XMLHttpRequest',
  'origin' => 'http://bee.me',
  'accept' => 'application/json, text/javascript, */*; q=0.01',
  'content-length' => '73',
  'connection' => 'close',
  'host' => 'bee.me',
)
[ info ] [ PARAM ] array (
  'url' => '/public/admin',
  '__token__' => 'fe161a8e0aa643195b382afd76153af4',
  'username' => 'admin',
  'password' => '123456',
)
[ info ] [ LANG ] C:\phpStudy\PHPTutorial\WWW\LaowuAdmin\public/../application/admin\lang\zh-cn.php
[ info ] [ BEHAVIOR ] Run app\common\behavior\Common @module_init [ RunTime:0.003000s ]
[ info ] [ SESSION ] INIT array (
  'id' => '',
  'var_session_id' => '',
  'prefix' => 'think',
  'type' => '',
  'auto_start' => true,
)
[ info ] [ LANG ] C:\phpStudy\PHPTutorial\WWW\LaowuAdmin\public/../application/admin/lang/zh-cn/index.php
[ info ] [ RUN ] app\admin\controller\Index->login[ C:\phpStudy\PHPTutorial\WWW\LaowuAdmin\application\admin\controller\Index.php ]
[ info ] [ DB ] INIT mysql
[ info ] [ BEHAVIOR ] Run app\admin\behavior\AdminLog @app_end [ RunTime:0.204011s ]
[ info ] [ LOG ] INIT File
[ sql ] [ DB ] CONNECT:[ UseTime:0.013001s ] mysql:host=127.0.0.1;port=3306;dbname=gong_cheng;charset=utf8
[ sql ] [ SQL ] SHOW COLUMNS FROM `gc_admin` [ RunTime:0.062003s ]
[ sql ] [ SQL ] SELECT * FROM `gc_admin` WHERE  `username` = 'admin' LIMIT 1 [ RunTime:0.001001s ]
[ sql ] [ SQL ] UPDATE `gc_admin`  SET `logintime`=1558230020,`token`='76fcc2d2-279e-4a47-9b26-aa0b99e3fa86',`updatetime`=1558230020  WHERE  `id` = 1 [ RunTime:0.045003s ]
[ sql ] [ SQL ] SHOW COLUMNS FROM `gc_admin_log` [ RunTime:0.112006s ]
[ sql ] [ SQL ] INSERT INTO `gc_admin_log` (`title` , `content` , `url` , `admin_id` , `username` , `useragent` , `ip` , `createtime`) VALUES ('登录' , '{\"url\":\"\\/public\\/admin\",\"__token__\":\"fe161a8e0aa643195b382afd76153af4\",\"username\":\"admin\"}' , '/public/admin/index/login?url=%2Fpublic%2Fadmin' , 1 , 'admin' , 'Mozilla/5.0 (Windows NT 6.1; WOW64) AppleWebKit/537.36 (KHTML, like Gecko) Chrome/70.0.3538.25 Safari/537.36 Core/1.70.3676.400 QQBrowser/10.4.3505.400' , '127.0.0.1' , 1558230021) [ RunTime:0.087005s ]
---------------------------------------------------------------
[ 2019-05-19T09:40:21+08:00 ] 127.0.0.1 GET /public/admin
[ info ] bee.me/public/admin [运行时间：0.649037s][吞吐率：1.54req/s] [内存消耗：3,361.91kb] [文件加载：90]
[ info ] [ BEHAVIOR ] Run Closure @app_init [ RunTime:0.000000s ]
[ info ] [ CACHE ] INIT File
[ info ] [ BEHAVIOR ] Run Closure @app_init [ RunTime:0.008001s ]
[ info ] [ LANG ] C:\phpStudy\PHPTutorial\WWW\LaowuAdmin\thinkphp\lang\zh-cn.php
[ info ] [ ROUTE ] array (
  'type' => 'module',
  'module' => 
  array (
    0 => 'admin',
    1 => NULL,
    2 => NULL,
  ),
)
[ info ] [ HEADER ] array (
  'cookie' => 'PHPSESSID=j18qd34h8gepr91r1rmm1vide1',
  'accept-language' => 'zh-CN,zh;q=0.9',
  'accept-encoding' => 'gzip, deflate',
  'referer' => 'http://bee.me/public/admin/index/login?url=%2Fpublic%2Fadmin',
  'accept' => 'text/html,application/xhtml+xml,application/xml;q=0.9,image/webp,image/apng,*/*;q=0.8',
  'user-agent' => 'Mozilla/5.0 (Windows NT 6.1; WOW64) AppleWebKit/537.36 (KHTML, like Gecko) Chrome/70.0.3538.25 Safari/537.36 Core/1.70.3676.400 QQBrowser/10.4.3505.400',
  'upgrade-insecure-requests' => '1',
  'connection' => 'close',
  'host' => 'bee.me',
)
[ info ] [ PARAM ] array (
)
[ info ] [ LANG ] C:\phpStudy\PHPTutorial\WWW\LaowuAdmin\public/../application/admin\lang\zh-cn.php
[ info ] [ BEHAVIOR ] Run app\common\behavior\Common @module_init [ RunTime:0.005000s ]
[ info ] [ SESSION ] INIT array (
  'id' => '',
  'var_session_id' => '',
  'prefix' => 'think',
  'type' => '',
  'auto_start' => true,
)
[ info ] [ LANG ] C:\phpStudy\PHPTutorial\WWW\LaowuAdmin\public/../application/admin/lang/zh-cn/index.php
[ info ] [ RUN ] app\admin\controller\Index->index[ C:\phpStudy\PHPTutorial\WWW\LaowuAdmin\application\admin\controller\Index.php ]
[ info ] [ DB ] INIT mysql
[ info ] [ VIEW ] C:\phpStudy\PHPTutorial\WWW\LaowuAdmin\public/../application/admin\view\index\index.html [ array (
  0 => 'breadcrumb',
  1 => 'site',
  2 => 'config',
  3 => 'auth',
  4 => 'admin',
  5 => 'menulist',
  6 => 'navlist',
  7 => 'fixedmenu',
  8 => 'referermenu',
  9 => 'title',
) ]
[ info ] [ BEHAVIOR ] Run app\admin\behavior\AdminLog @app_end [ RunTime:0.005001s ]
[ info ] [ LOG ] INIT File
[ sql ] [ DB ] CONNECT:[ UseTime:0.001000s ] mysql:host=127.0.0.1;port=3306;dbname=gong_cheng;charset=utf8
[ sql ] [ SQL ] SHOW COLUMNS FROM `gc_auth_group_access` [ RunTime:0.054003s ]
[ sql ] [ SQL ] SELECT `aga`.`uid`,`aga`.`group_id`,`ag`.`id`,`ag`.`pid`,`ag`.`name`,`ag`.`rules` FROM `gc_auth_group_access` `aga` LEFT JOIN `gc_auth_group` `ag` ON `aga`.`group_id`=`ag`.`id` WHERE  (  aga.uid='1' and ag.status='normal' ) [ RunTime:0.029001s ]
[ sql ] [ SQL ] SHOW COLUMNS FROM `gc_auth_rule` [ RunTime:0.039003s ]
[ sql ] [ SQL ] SELECT `id`,`pid`,`condition`,`icon`,`name`,`title`,`ismenu` FROM `gc_auth_rule` WHERE  `status` = 'normal' [ RunTime:0.002000s ]
---------------------------------------------------------------
[ 2019-05-19T09:40:22+08:00 ] 127.0.0.1 GET /public/admin/dashboard?addtabs=1
[ info ] bee.me/public/admin/dashboard?addtabs=1 [运行时间：0.372022s][吞吐率：2.69req/s] [内存消耗：3,193.20kb] [文件加载：80]
[ info ] [ BEHAVIOR ] Run Closure @app_init [ RunTime:0.000000s ]
[ info ] [ CACHE ] INIT File
[ info ] [ BEHAVIOR ] Run Closure @app_init [ RunTime:0.006000s ]
[ info ] [ LANG ] C:\phpStudy\PHPTutorial\WWW\LaowuAdmin\thinkphp\lang\zh-cn.php
[ info ] [ ROUTE ] array (
  'type' => 'module',
  'module' => 
  array (
    0 => 'admin',
    1 => 'dashboard',
    2 => NULL,
  ),
)
[ info ] [ HEADER ] array (
  'cookie' => 'PHPSESSID=j18qd34h8gepr91r1rmm1vide1',
  'accept-language' => 'zh-CN,zh;q=0.9',
  'accept-encoding' => 'gzip, deflate',
  'referer' => 'http://bee.me/public/admin',
  'accept' => 'text/html,application/xhtml+xml,application/xml;q=0.9,image/webp,image/apng,*/*;q=0.8',
  'user-agent' => 'Mozilla/5.0 (Windows NT 6.1; WOW64) AppleWebKit/537.36 (KHTML, like Gecko) Chrome/70.0.3538.25 Safari/537.36 Core/1.70.3676.400 QQBrowser/10.4.3505.400',
  'upgrade-insecure-requests' => '1',
  'connection' => 'close',
  'host' => 'bee.me',
)
[ info ] [ PARAM ] array (
  'addtabs' => '1',
)
[ info ] [ LANG ] C:\phpStudy\PHPTutorial\WWW\LaowuAdmin\public/../application/admin\lang\zh-cn.php
[ info ] [ BEHAVIOR ] Run app\common\behavior\Common @module_init [ RunTime:0.004001s ]
[ info ] [ SESSION ] INIT array (
  'id' => '',
  'var_session_id' => '',
  'prefix' => 'think',
  'type' => '',
  'auto_start' => true,
)
[ info ] [ DB ] INIT mysql
[ info ] [ LANG ] C:\phpStudy\PHPTutorial\WWW\LaowuAdmin\public/../application/admin/lang/zh-cn/dashboard.php
[ info ] [ RUN ] app\admin\controller\Dashboard->index[ C:\phpStudy\PHPTutorial\WWW\LaowuAdmin\application\admin\controller\Dashboard.php ]
[ info ] [ VIEW ] C:\phpStudy\PHPTutorial\WWW\LaowuAdmin\public/../application/admin\view\dashboard\index.html [ array (
  0 => 'breadcrumb',
  1 => 'site',
  2 => 'config',
  3 => 'auth',
  4 => 'admin',
  5 => 'totaluser',
  6 => 'totalviews',
  7 => 'totalorder',
  8 => 'totalorderamount',
  9 => 'todayuserlogin',
  10 => 'todayusersignup',
  11 => 'todayorder',
  12 => 'unsettleorder',
  13 => 'sevendnu',
  14 => 'sevendau',
  15 => 'paylist',
  16 => 'createlist',
  17 => 'addonversion',
  18 => 'uploadmode',
) ]
[ info ] [ BEHAVIOR ] Run app\admin\behavior\AdminLog @app_end [ RunTime:0.001000s ]
[ info ] [ LOG ] INIT File
[ sql ] [ DB ] CONNECT:[ UseTime:0.001000s ] mysql:host=127.0.0.1;port=3306;dbname=gong_cheng;charset=utf8
[ sql ] [ SQL ] SHOW COLUMNS FROM `gc_auth_group_access` [ RunTime:0.019001s ]
[ sql ] [ SQL ] SELECT `aga`.`uid`,`aga`.`group_id`,`ag`.`id`,`ag`.`pid`,`ag`.`name`,`ag`.`rules` FROM `gc_auth_group_access` `aga` LEFT JOIN `gc_auth_group` `ag` ON `aga`.`group_id`=`ag`.`id` WHERE  (  aga.uid='1' and ag.status='normal' ) [ RunTime:0.002001s ]
[ sql ] [ SQL ] SHOW COLUMNS FROM `gc_auth_rule` [ RunTime:0.024001s ]
[ sql ] [ SQL ] SELECT `id`,`pid`,`condition`,`icon`,`name`,`title`,`ismenu` FROM `gc_auth_rule` WHERE  `status` = 'normal' [ RunTime:0.004000s ]
[ sql ] [ SQL ] SELECT `title`,`remark` FROM `gc_auth_rule` WHERE  `name` = 'dashboard' LIMIT 1 [ RunTime:0.001000s ]
---------------------------------------------------------------
[ 2019-05-19T09:40:22+08:00 ] 127.0.0.1 GET /public/admin/ajax/lang?callback=define&controllername=index&v=1558230021
[ info ] bee.me/public/admin/ajax/lang?callback=define&controllername=index&v=1558230021 [运行时间：0.093005s][吞吐率：10.75req/s] [内存消耗：2,380.91kb] [文件加载：71]
[ info ] [ BEHAVIOR ] Run Closure @app_init [ RunTime:0.000000s ]
[ info ] [ CACHE ] INIT File
[ info ] [ BEHAVIOR ] Run Closure @app_init [ RunTime:0.006000s ]
[ info ] [ LANG ] C:\phpStudy\PHPTutorial\WWW\LaowuAdmin\thinkphp\lang\zh-cn.php
[ info ] [ ROUTE ] array (
  'type' => 'module',
  'module' => 
  array (
    0 => 'admin',
    1 => 'ajax',
    2 => 'lang',
  ),
)
[ info ] [ HEADER ] array (
  'cookie' => 'PHPSESSID=j18qd34h8gepr91r1rmm1vide1',
  'accept-language' => 'zh-CN,zh;q=0.9',
  'accept-encoding' => 'gzip, deflate',
  'referer' => 'http://bee.me/public/admin',
  'accept' => '*/*',
  'user-agent' => 'Mozilla/5.0 (Windows NT 6.1; WOW64) AppleWebKit/537.36 (KHTML, like Gecko) Chrome/70.0.3538.25 Safari/537.36 Core/1.70.3676.400 QQBrowser/10.4.3505.400',
  'connection' => 'close',
  'host' => 'bee.me',
)
[ info ] [ PARAM ] array (
  'callback' => 'define',
  'controllername' => 'index',
  'v' => '1558230021',
)
[ info ] [ LANG ] C:\phpStudy\PHPTutorial\WWW\LaowuAdmin\public/../application/admin\lang\zh-cn.php
[ info ] [ BEHAVIOR ] Run app\common\behavior\Common @module_init [ RunTime:0.003000s ]
[ info ] [ SESSION ] INIT array (
  'id' => '',
  'var_session_id' => '',
  'prefix' => 'think',
  'type' => '',
  'auto_start' => true,
)
[ info ] [ LANG ] C:\phpStudy\PHPTutorial\WWW\LaowuAdmin\public/../application/admin/lang/zh-cn/ajax.php
[ info ] [ RUN ] app\admin\controller\Ajax->lang[ C:\phpStudy\PHPTutorial\WWW\LaowuAdmin\application\admin\controller\Ajax.php ]
[ info ] [ LANG ] C:\phpStudy\PHPTutorial\WWW\LaowuAdmin\public/../application/admin/lang/zh-cn/index.php
[ info ] [ BEHAVIOR ] Run app\admin\behavior\AdminLog @app_end [ RunTime:0.002000s ]
[ info ] [ LOG ] INIT File
---------------------------------------------------------------
[ 2019-05-19T09:40:22+08:00 ] 127.0.0.1 GET /public/admin/ajax/lang?callback=define&controllername=dashboard&v=1558230022
[ info ] bee.me/public/admin/ajax/lang?callback=define&controllername=dashboard&v=1558230022 [运行时间：0.119007s][吞吐率：8.40req/s] [内存消耗：2,379.40kb] [文件加载：71]
[ info ] [ BEHAVIOR ] Run Closure @app_init [ RunTime:0.000000s ]
[ info ] [ CACHE ] INIT File
[ info ] [ BEHAVIOR ] Run Closure @app_init [ RunTime:0.010000s ]
[ info ] [ LANG ] C:\phpStudy\PHPTutorial\WWW\LaowuAdmin\thinkphp\lang\zh-cn.php
[ info ] [ ROUTE ] array (
  'type' => 'module',
  'module' => 
  array (
    0 => 'admin',
    1 => 'ajax',
    2 => 'lang',
  ),
)
[ info ] [ HEADER ] array (
  'cookie' => 'PHPSESSID=j18qd34h8gepr91r1rmm1vide1',
  'accept-language' => 'zh-CN,zh;q=0.9',
  'accept-encoding' => 'gzip, deflate',
  'referer' => 'http://bee.me/public/admin/dashboard?addtabs=1',
  'accept' => '*/*',
  'user-agent' => 'Mozilla/5.0 (Windows NT 6.1; WOW64) AppleWebKit/537.36 (KHTML, like Gecko) Chrome/70.0.3538.25 Safari/537.36 Core/1.70.3676.400 QQBrowser/10.4.3505.400',
  'connection' => 'close',
  'host' => 'bee.me',
)
[ info ] [ PARAM ] array (
  'callback' => 'define',
  'controllername' => 'dashboard',
  'v' => '1558230022',
)
[ info ] [ LANG ] C:\phpStudy\PHPTutorial\WWW\LaowuAdmin\public/../application/admin\lang\zh-cn.php
[ info ] [ BEHAVIOR ] Run app\common\behavior\Common @module_init [ RunTime:0.005000s ]
[ info ] [ SESSION ] INIT array (
  'id' => '',
  'var_session_id' => '',
  'prefix' => 'think',
  'type' => '',
  'auto_start' => true,
)
[ info ] [ LANG ] C:\phpStudy\PHPTutorial\WWW\LaowuAdmin\public/../application/admin/lang/zh-cn/ajax.php
[ info ] [ RUN ] app\admin\controller\Ajax->lang[ C:\phpStudy\PHPTutorial\WWW\LaowuAdmin\application\admin\controller\Ajax.php ]
[ info ] [ LANG ] C:\phpStudy\PHPTutorial\WWW\LaowuAdmin\public/../application/admin/lang/zh-cn/dashboard.php
[ info ] [ BEHAVIOR ] Run app\admin\behavior\AdminLog @app_end [ RunTime:0.002001s ]
[ info ] [ LOG ] INIT File
---------------------------------------------------------------
[ 2019-05-19T09:41:07+08:00 ] 127.0.0.1 POST /public/api/ad/index
[ info ] bee.me/public/api/ad/index [运行时间：0.356020s][吞吐率：2.81req/s] [内存消耗：2,669.10kb] [文件加载：71]
[ info ] [ BEHAVIOR ] Run Closure @app_init [ RunTime:0.000000s ]
[ info ] [ CACHE ] INIT File
[ info ] [ BEHAVIOR ] Run Closure @app_init [ RunTime:0.007001s ]
[ info ] [ LANG ] C:\phpStudy\PHPTutorial\WWW\LaowuAdmin\thinkphp\lang\zh-cn.php
[ info ] [ ROUTE ] array (
  'type' => 'module',
  'module' => 
  array (
    0 => 'api',
    1 => 'ad',
    2 => 'index',
  ),
)
[ info ] [ HEADER ] array (
  'user-agent' => 'Mozilla/5.0 (Windows NT 6.1; Win64; x64) AppleWebKit/537.36 (KHTML, like Gecko) ApiPost/2.3.4 Chrome/69.0.3497.106 Electron/4.0.0 Safari/537.36',
  'origin' => 'https://www.apipost.cn',
  'cookie' => 'apipost=https://www.apipost.cn/',
  'content-type' => 'multipart/form-data; boundary=----WebKitFormBoundaryGEK6HSuAFZL6aB2R',
  'accept-language' => 'zh-CN',
  'accept-encoding' => 'gzip, deflate',
  'accept' => '*/*',
  'content-length' => '44',
  'connection' => 'close',
  'host' => 'bee.me',
)
[ info ] [ PARAM ] array (
)
[ info ] [ LANG ] C:\phpStudy\PHPTutorial\WWW\LaowuAdmin\public/../application/api\lang\zh-cn.php
[ info ] [ BEHAVIOR ] Run app\common\behavior\Common @module_init [ RunTime:0.003000s ]
[ info ] [ RUN ] app\api\controller\Ad->index[ C:\phpStudy\PHPTutorial\WWW\LaowuAdmin\application\api\controller\Ad.php ]
[ info ] [ DB ] INIT mysql
[ info ] [ LOG ] INIT File
[ sql ] [ DB ] CONNECT:[ UseTime:0.002001s ] mysql:host=127.0.0.1;port=3306;dbname=gong_cheng;charset=utf8
[ sql ] [ SQL ] SHOW COLUMNS FROM `gc_ad` [ RunTime:0.037002s ]
[ sql ] [ SQL ] SELECT COUNT(*) AS tp_count FROM `gc_ad` WHERE  `is_delete` = 0 LIMIT 1 [ RunTime:0.017001s ]
[ sql ] [ SQL ] SELECT `id`,`image` FROM `gc_ad` WHERE  `is_delete` = 0 LIMIT 0,3 [ RunTime:0.001000s ]
---------------------------------------------------------------
[ 2019-05-19T09:59:09+08:00 ] 127.0.0.1 POST /public/api/designer/index
[ info ] bee.me/public/api/designer/index [运行时间：0.518029s][吞吐率：1.93req/s] [内存消耗：2,708.66kb] [文件加载：72]
[ info ] [ BEHAVIOR ] Run Closure @app_init [ RunTime:0.000000s ]
[ info ] [ CACHE ] INIT File
[ info ] [ BEHAVIOR ] Run Closure @app_init [ RunTime:0.010001s ]
[ info ] [ LANG ] C:\phpStudy\PHPTutorial\WWW\LaowuAdmin\thinkphp\lang\zh-cn.php
[ info ] [ ROUTE ] array (
  'type' => 'module',
  'module' => 
  array (
    0 => 'api',
    1 => 'designer',
    2 => 'index',
  ),
)
[ info ] [ HEADER ] array (
  'user-agent' => 'Mozilla/5.0 (Windows NT 6.1; Win64; x64) AppleWebKit/537.36 (KHTML, like Gecko) ApiPost/2.3.4 Chrome/69.0.3497.106 Electron/4.0.0 Safari/537.36',
  'origin' => 'https://www.apipost.cn',
  'cookie' => 'apipost=https://www.apipost.cn/',
  'content-type' => 'multipart/form-data; boundary=----WebKitFormBoundaryAAIb6rRUwUyA5ZhK',
  'accept-language' => 'zh-CN',
  'accept-encoding' => 'gzip, deflate',
  'accept' => '*/*',
  'content-length' => '44',
  'connection' => 'close',
  'host' => 'bee.me',
)
[ info ] [ PARAM ] array (
)
[ info ] [ LANG ] C:\phpStudy\PHPTutorial\WWW\LaowuAdmin\public/../application/api\lang\zh-cn.php
[ info ] [ BEHAVIOR ] Run app\common\behavior\Common @module_init [ RunTime:0.008000s ]
[ info ] [ RUN ] app\api\controller\Designer->index[ C:\phpStudy\PHPTutorial\WWW\LaowuAdmin\application\api\controller\Designer.php ]
[ info ] [ DB ] INIT mysql
[ info ] [ LOG ] INIT File
[ sql ] [ DB ] CONNECT:[ UseTime:0.015001s ] mysql:host=127.0.0.1;port=3306;dbname=gong_cheng;charset=utf8
[ sql ] [ SQL ] SHOW COLUMNS FROM `gc_designer` [ RunTime:0.085005s ]
[ sql ] [ SQL ] SELECT COUNT(*) AS tp_count FROM `gc_designer` WHERE  `status` = 1 LIMIT 1 [ RunTime:0.037002s ]
[ sql ] [ SQL ] SELECT * FROM `gc_designer` WHERE  `status` = 1 LIMIT 0,10 [ RunTime:0.001000s ]
[ sql ] [ SQL ] SHOW COLUMNS FROM `gc_experience` [ RunTime:0.122007s ]
[ sql ] [ SQL ] SELECT * FROM `gc_experience` WHERE  `id` IN (32,34,38) [ RunTime:0.001000s ]
[ sql ] [ SQL ] SELECT * FROM `gc_experience` WHERE  `id` IN (1,2,32,36) [ RunTime:0.001000s ]
[ sql ] [ SQL ] SELECT * FROM `gc_experience` WHERE  `id` IN (30,29) [ RunTime:0.001001s ]
[ sql ] [ SQL ] SELECT * FROM `gc_experience` WHERE  `id` IN (29,28,27) [ RunTime:0.001000s ]
