---------------------------------------------------------------
[ 2018-11-05T00:10:07+08:00 ] 74.82.47.4 GET /
[ info ] 47.94.91.189/ [运行时间：0.314282s][吞吐率：3.18req/s] [内存消耗：1,659.13kb] [文件加载：50]
[ info ] [ BEHAVIOR ] Run Closure @app_init [ RunTime:0.000714s ]
[ info ] [ CACHE ] INIT File
[ info ] [ BEHAVIOR ] Run Closure @app_init [ RunTime:0.005553s ]
[ info ] [ LANG ] /www/wwwroot/LaowuAdmin/thinkphp/lang/zh-cn.php
[ info ] [ ROUTE ] array (
  'type' => 'module',
  'module' => 
  array (
    0 => '',
    1 => NULL,
    2 => NULL,
  ),
)
[ info ] [ HEADER ] array (
  'host' => '47.94.91.189',
)
[ info ] [ PARAM ] array (
)
[ info ] [ LOG ] INIT File
---------------------------------------------------------------
[ 2018-11-05T02:44:23+08:00 ] 106.75.92.187 GET /
[ info ] 47.94.91.189:443/ [运行时间：0.063502s][吞吐率：15.75req/s] [内存消耗：1,661.52kb] [文件加载：50]
[ info ] [ BEHAVIOR ] Run Closure @app_init [ RunTime:0.000663s ]
[ info ] [ CACHE ] INIT File
[ info ] [ BEHAVIOR ] Run Closure @app_init [ RunTime:0.029493s ]
[ info ] [ LANG ] /www/wwwroot/LaowuAdmin/thinkphp/lang/zh-cn.php
[ info ] [ ROUTE ] array (
  'type' => 'module',
  'module' => 
  array (
    0 => '',
    1 => NULL,
    2 => NULL,
  ),
)
[ info ] [ HEADER ] array (
  'accept' => 'application/json, text/plain, */*',
  'accept-charset' => 'GBK,utf-8;q=0.7,*;q=0.3',
  'accept-language' => 'zh-CN,zh;q=0.8,en-US;q=0.5,en;q=0.3',
  'accept-encoding' => 'gzip, deflate, br',
  'user-agent' => 'Mozilla/5.0 (Windows NT 6.1; WOW64; rv:52.0) Gecko/20100101 Firefox/52.0',
  'host' => '47.94.91.189:443',
)
[ info ] [ PARAM ] array (
)
[ info ] [ LOG ] INIT File
---------------------------------------------------------------
[ 2018-11-05T02:47:18+08:00 ] 140.205.205.25 HEAD /
[ info ] laowu.weitongtianxia.cn:443/ [运行时间：0.018276s][吞吐率：54.72req/s] [内存消耗：1,660.09kb] [文件加载：50]
[ info ] [ BEHAVIOR ] Run Closure @app_init [ RunTime:0.000051s ]
[ info ] [ CACHE ] INIT File
[ info ] [ BEHAVIOR ] Run Closure @app_init [ RunTime:0.001327s ]
[ info ] [ LANG ] /www/wwwroot/LaowuAdmin/thinkphp/lang/zh-cn.php
[ info ] [ ROUTE ] array (
  'type' => 'module',
  'module' => 
  array (
    0 => '',
    1 => NULL,
    2 => NULL,
  ),
)
[ info ] [ HEADER ] array (
  'connection' => 'close',
  'user-agent' => 'Go-http-client/1.1',
  'host' => 'laowu.weitongtianxia.cn:443',
)
[ info ] [ PARAM ] array (
)
[ info ] [ LOG ] INIT File
---------------------------------------------------------------
[ 2018-11-05T03:11:22+08:00 ] 222.186.31.27 GET /
[ info ] 47.94.91.189/ [运行时间：0.017197s][吞吐率：58.15req/s] [内存消耗：1,660.94kb] [文件加载：50]
[ info ] [ BEHAVIOR ] Run Closure @app_init [ RunTime:0.000048s ]
[ info ] [ CACHE ] INIT File
[ info ] [ BEHAVIOR ] Run Closure @app_init [ RunTime:0.001296s ]
[ info ] [ LANG ] /www/wwwroot/LaowuAdmin/thinkphp/lang/zh-cn.php
[ info ] [ ROUTE ] array (
  'type' => 'module',
  'module' => 
  array (
    0 => '',
    1 => NULL,
    2 => NULL,
  ),
)
[ info ] [ HEADER ] array (
  'host' => '47.94.91.189',
  'user-agent' => 'Mozilla/4.0 (compatible; MSIE 9.0; Windows NT 6.1)',
  'referer' => 'https://47.94.91.189',
  'accept-language' => 'zh-cn',
  'accept' => '*/*',
  'connection' => 'Keep-Alive',
)
[ info ] [ PARAM ] array (
)
[ info ] [ LOG ] INIT File
---------------------------------------------------------------
[ 2018-11-05T06:41:58+08:00 ] 183.60.210.62 GET /
[ info ] 47.94.91.189/ [运行时间：0.041445s][吞吐率：24.13req/s] [内存消耗：1,660.94kb] [文件加载：50]
[ info ] [ BEHAVIOR ] Run Closure @app_init [ RunTime:0.000734s ]
[ info ] [ CACHE ] INIT File
[ info ] [ BEHAVIOR ] Run Closure @app_init [ RunTime:0.007966s ]
[ info ] [ LANG ] /www/wwwroot/LaowuAdmin/thinkphp/lang/zh-cn.php
[ info ] [ ROUTE ] array (
  'type' => 'module',
  'module' => 
  array (
    0 => '',
    1 => NULL,
    2 => NULL,
  ),
)
[ info ] [ HEADER ] array (
  'host' => '47.94.91.189',
  'user-agent' => 'Mozilla/4.0 (compatible; MSIE 9.0; Windows NT 6.1)',
  'referer' => 'https://47.94.91.189',
  'accept-language' => 'zh-cn',
  'accept' => '*/*',
  'connection' => 'Keep-Alive',
)
[ info ] [ PARAM ] array (
)
[ info ] [ LOG ] INIT File
---------------------------------------------------------------
[ 2018-11-05T09:07:28+08:00 ] 221.205.65.148 GET /api/index/jing_yan
[ info ] laowu.weitongtianxia.cn/api/index/jing_yan [运行时间：0.304356s][吞吐率：3.29req/s] [内存消耗：3,002.06kb] [文件加载：68]
[ info ] [ BEHAVIOR ] Run Closure @app_init [ RunTime:0.000660s ]
[ info ] [ CACHE ] INIT File
[ info ] [ BEHAVIOR ] Run Closure @app_init [ RunTime:0.063937s ]
[ info ] [ LANG ] /www/wwwroot/LaowuAdmin/thinkphp/lang/zh-cn.php
[ info ] [ ROUTE ] array (
  'type' => 'module',
  'module' => 
  array (
    0 => 'api',
    1 => 'index',
    2 => 'jing_yan',
  ),
)
[ info ] [ HEADER ] array (
  'connection' => 'Keep-Alive',
  'host' => 'laowu.weitongtianxia.cn',
  'user-agent' => 'Mozilla/5.0 (Linux; Android 6.0; HUAWEI MLA-AL10 Build/HUAWEIMLA-AL10; wv) AppleWebKit/537.36 (KHTML, like Gecko) Version/4.0 Chrome/55.0.2883.91 Mobile Safari/537.36 MicroMessenger/6.7.3.1360(0x26070337) NetType/WIFI Language/zh_CN Process/appbrand1',
  'referer' => 'https://servicewechat.com/wxeb97c1fd7ede595a/4/page-frame.html',
  'accept-encoding' => 'gzip',
  'charset' => 'utf-8',
  'content-type' => 'application/json',
)
[ info ] [ PARAM ] array (
)
[ info ] [ LANG ] /www/wwwroot/LaowuAdmin/public/../application/api/lang/zh-cn.php
[ info ] [ BEHAVIOR ] Run app\common\behavior\Common @module_init [ RunTime:0.004136s ]
[ info ] [ RUN ] app\api\controller\Index->jing_yan[ /www/wwwroot/LaowuAdmin/application/api/controller/Index.php ]
[ info ] [ DB ] INIT mysql
[ info ] [ LOG ] INIT File
[ sql ] [ DB ] CONNECT:[ UseTime:0.003036s ] mysql:host=127.0.0.1;port=3306;dbname=gong_cheng;charset=utf8
[ sql ] [ SQL ] SHOW COLUMNS FROM `gc_experience` [ RunTime:0.003255s ]
[ sql ] [ SQL ] SELECT `id`,`experience` FROM `gc_experience` WHERE `gc_experience`.`delete_time` IS NULL [ RunTime:0.000313s ]
---------------------------------------------------------------
[ 2018-11-05T09:07:28+08:00 ] 221.205.65.148 GET /api/Index/index
[ info ] laowu.weitongtianxia.cn/api/Index/index [运行时间：0.059913s][吞吐率：16.69req/s] [内存消耗：2,976.17kb] [文件加载：66]
[ info ] [ BEHAVIOR ] Run Closure @app_init [ RunTime:0.000048s ]
[ info ] [ CACHE ] INIT File
[ info ] [ BEHAVIOR ] Run Closure @app_init [ RunTime:0.001259s ]
[ info ] [ LANG ] /www/wwwroot/LaowuAdmin/thinkphp/lang/zh-cn.php
[ info ] [ ROUTE ] array (
  'type' => 'module',
  'module' => 
  array (
    0 => 'api',
    1 => 'Index',
    2 => 'index',
  ),
)
[ info ] [ HEADER ] array (
  'connection' => 'Keep-Alive',
  'host' => 'laowu.weitongtianxia.cn',
  'user-agent' => 'Mozilla/5.0 (Linux; Android 6.0; HUAWEI MLA-AL10 Build/HUAWEIMLA-AL10; wv) AppleWebKit/537.36 (KHTML, like Gecko) Version/4.0 Chrome/55.0.2883.91 Mobile Safari/537.36 MicroMessenger/6.7.3.1360(0x26070337) NetType/WIFI Language/zh_CN Process/appbrand1',
  'referer' => 'https://servicewechat.com/wxeb97c1fd7ede595a/4/page-frame.html',
  'accept-encoding' => 'gzip',
  'charset' => 'utf-8',
  'content-type' => 'application/json',
)
[ info ] [ PARAM ] array (
)
[ info ] [ LANG ] /www/wwwroot/LaowuAdmin/public/../application/api/lang/zh-cn.php
[ info ] [ BEHAVIOR ] Run app\common\behavior\Common @module_init [ RunTime:0.001449s ]
[ info ] [ RUN ] app\api\controller\Index->index[ /www/wwwroot/LaowuAdmin/application/api/controller/Index.php ]
[ info ] [ DB ] INIT mysql
[ info ] [ LOG ] INIT File
[ sql ] [ DB ] CONNECT:[ UseTime:0.011569s ] mysql:host=127.0.0.1;port=3306;dbname=gong_cheng;charset=utf8
[ sql ] [ SQL ] SHOW COLUMNS FROM `gc_config` [ RunTime:0.001400s ]
[ sql ] [ SQL ] SELECT `name`,`value` FROM `gc_config` WHERE  `group` = 'weapp' [ RunTime:0.000293s ]
---------------------------------------------------------------
[ 2018-11-05T09:07:29+08:00 ] 221.205.65.148 GET /api/team/index?page=1
[ info ] laowu.weitongtianxia.cn/api/team/index?page=1 [运行时间：0.062732s][吞吐率：15.94req/s] [内存消耗：3,174.09kb] [文件加载：75]
[ info ] [ BEHAVIOR ] Run Closure @app_init [ RunTime:0.000056s ]
[ info ] [ CACHE ] INIT File
[ info ] [ BEHAVIOR ] Run Closure @app_init [ RunTime:0.001264s ]
[ info ] [ LANG ] /www/wwwroot/LaowuAdmin/thinkphp/lang/zh-cn.php
[ info ] [ ROUTE ] array (
  'type' => 'module',
  'module' => 
  array (
    0 => 'api',
    1 => 'team',
    2 => 'index',
  ),
)
[ info ] [ HEADER ] array (
  'connection' => 'Keep-Alive',
  'host' => 'laowu.weitongtianxia.cn',
  'user-agent' => 'Mozilla/5.0 (Linux; Android 6.0; HUAWEI MLA-AL10 Build/HUAWEIMLA-AL10; wv) AppleWebKit/537.36 (KHTML, like Gecko) Version/4.0 Chrome/55.0.2883.91 Mobile Safari/537.36 MicroMessenger/6.7.3.1360(0x26070337) NetType/WIFI Language/zh_CN Process/appbrand1',
  'referer' => 'https://servicewechat.com/wxeb97c1fd7ede595a/4/page-frame.html',
  'accept-encoding' => 'gzip',
  'charset' => 'utf-8',
  'content-type' => 'application/json',
)
[ info ] [ PARAM ] array (
  'page' => '1',
)
[ info ] [ LANG ] /www/wwwroot/LaowuAdmin/public/../application/api/lang/zh-cn.php
[ info ] [ BEHAVIOR ] Run app\common\behavior\Common @module_init [ RunTime:0.001470s ]
[ info ] [ RUN ] app\api\controller\Team->index[ /www/wwwroot/LaowuAdmin/application/api/controller/Team.php ]
[ info ] [ DB ] INIT mysql
[ info ] [ LOG ] INIT File
[ sql ] [ DB ] CONNECT:[ UseTime:0.000631s ] mysql:host=127.0.0.1;port=3306;dbname=gong_cheng;charset=utf8
[ sql ] [ SQL ] SHOW COLUMNS FROM `gc_team` [ RunTime:0.001736s ]
[ sql ] [ SQL ] SELECT COUNT(*) AS tp_count FROM `gc_team` WHERE  `status` = 1 LIMIT 1 [ RunTime:0.000268s ]
[ sql ] [ SQL ] SELECT * FROM `gc_team` WHERE  `status` = 1 LIMIT 0,10 [ RunTime:0.000312s ]
[ sql ] [ SQL ] SHOW COLUMNS FROM `gc_experience` [ RunTime:0.000776s ]
[ sql ] [ SQL ] SELECT * FROM `gc_experience` WHERE  `id` IN (22,6,1,17,14) [ RunTime:0.000253s ]
---------------------------------------------------------------
[ 2018-11-05T09:26:00+08:00 ] 183.185.215.214 GET /api/index/jing_yan
[ info ] laowu.weitongtianxia.cn/api/index/jing_yan [运行时间：0.126261s][吞吐率：7.92req/s] [内存消耗：3,002.19kb] [文件加载：68]
[ info ] [ BEHAVIOR ] Run Closure @app_init [ RunTime:0.001984s ]
[ info ] [ CACHE ] INIT File
[ info ] [ BEHAVIOR ] Run Closure @app_init [ RunTime:0.062615s ]
[ info ] [ LANG ] /www/wwwroot/LaowuAdmin/thinkphp/lang/zh-cn.php
[ info ] [ ROUTE ] array (
  'type' => 'module',
  'module' => 
  array (
    0 => 'api',
    1 => 'index',
    2 => 'jing_yan',
  ),
)
[ info ] [ HEADER ] array (
  'connection' => 'Keep-Alive',
  'host' => 'laowu.weitongtianxia.cn',
  'user-agent' => 'Mozilla/5.0 (Linux; Android 7.0; M1 E Build/NRD90M; wv) AppleWebKit/537.36 (KHTML, like Gecko) Version/4.0 Chrome/53.0.2785.143 Crosswalk/24.53.595.0 XWEB/359 MMWEBSDK/21 Mobile Safari/537.36 MicroMessenger/6.6.7.1321(0x26060739) NetType/WIFI Language/zh_CN MicroMessenger/6.6.7.1321(0x26060739) NetType/WIFI Language/zh_CN',
  'referer' => 'https://servicewechat.com/wxeb97c1fd7ede595a/4/page-frame.html',
  'accept-encoding' => 'gzip',
  'charset' => 'utf-8',
  'content-type' => 'application/json',
)
[ info ] [ PARAM ] array (
)
[ info ] [ LANG ] /www/wwwroot/LaowuAdmin/public/../application/api/lang/zh-cn.php
[ info ] [ BEHAVIOR ] Run app\common\behavior\Common @module_init [ RunTime:0.003791s ]
[ info ] [ RUN ] app\api\controller\Index->jing_yan[ /www/wwwroot/LaowuAdmin/application/api/controller/Index.php ]
[ info ] [ DB ] INIT mysql
[ info ] [ LOG ] INIT File
[ sql ] [ DB ] CONNECT:[ UseTime:0.004359s ] mysql:host=127.0.0.1;port=3306;dbname=gong_cheng;charset=utf8
[ sql ] [ SQL ] SHOW COLUMNS FROM `gc_experience` [ RunTime:0.003635s ]
[ sql ] [ SQL ] SELECT `id`,`experience` FROM `gc_experience` WHERE `gc_experience`.`delete_time` IS NULL [ RunTime:0.000281s ]
---------------------------------------------------------------
[ 2018-11-05T09:26:00+08:00 ] 183.185.215.214 GET /api/Index/index
[ info ] laowu.weitongtianxia.cn/api/Index/index [运行时间：0.050257s][吞吐率：19.90req/s] [内存消耗：2,976.30kb] [文件加载：66]
[ info ] [ BEHAVIOR ] Run Closure @app_init [ RunTime:0.000044s ]
[ info ] [ CACHE ] INIT File
[ info ] [ BEHAVIOR ] Run Closure @app_init [ RunTime:0.001285s ]
[ info ] [ LANG ] /www/wwwroot/LaowuAdmin/thinkphp/lang/zh-cn.php
[ info ] [ ROUTE ] array (
  'type' => 'module',
  'module' => 
  array (
    0 => 'api',
    1 => 'Index',
    2 => 'index',
  ),
)
[ info ] [ HEADER ] array (
  'connection' => 'Keep-Alive',
  'host' => 'laowu.weitongtianxia.cn',
  'user-agent' => 'Mozilla/5.0 (Linux; Android 7.0; M1 E Build/NRD90M; wv) AppleWebKit/537.36 (KHTML, like Gecko) Version/4.0 Chrome/53.0.2785.143 Crosswalk/24.53.595.0 XWEB/359 MMWEBSDK/21 Mobile Safari/537.36 MicroMessenger/6.6.7.1321(0x26060739) NetType/WIFI Language/zh_CN MicroMessenger/6.6.7.1321(0x26060739) NetType/WIFI Language/zh_CN',
  'referer' => 'https://servicewechat.com/wxeb97c1fd7ede595a/4/page-frame.html',
  'accept-encoding' => 'gzip',
  'charset' => 'utf-8',
  'content-type' => 'application/json',
)
[ info ] [ PARAM ] array (
)
[ info ] [ LANG ] /www/wwwroot/LaowuAdmin/public/../application/api/lang/zh-cn.php
[ info ] [ BEHAVIOR ] Run app\common\behavior\Common @module_init [ RunTime:0.001396s ]
[ info ] [ RUN ] app\api\controller\Index->index[ /www/wwwroot/LaowuAdmin/application/api/controller/Index.php ]
[ info ] [ DB ] INIT mysql
[ info ] [ LOG ] INIT File
[ sql ] [ DB ] CONNECT:[ UseTime:0.000753s ] mysql:host=127.0.0.1;port=3306;dbname=gong_cheng;charset=utf8
[ sql ] [ SQL ] SHOW COLUMNS FROM `gc_config` [ RunTime:0.009849s ]
[ sql ] [ SQL ] SELECT `name`,`value` FROM `gc_config` WHERE  `group` = 'weapp' [ RunTime:0.000298s ]
---------------------------------------------------------------
[ 2018-11-05T09:26:00+08:00 ] 183.185.215.214 GET /api/team/index?page=1
[ info ] laowu.weitongtianxia.cn/api/team/index?page=1 [运行时间：0.072499s][吞吐率：13.79req/s] [内存消耗：3,174.22kb] [文件加载：75]
[ info ] [ BEHAVIOR ] Run Closure @app_init [ RunTime:0.000050s ]
[ info ] [ CACHE ] INIT File
[ info ] [ BEHAVIOR ] Run Closure @app_init [ RunTime:0.001272s ]
[ info ] [ LANG ] /www/wwwroot/LaowuAdmin/thinkphp/lang/zh-cn.php
[ info ] [ ROUTE ] array (
  'type' => 'module',
  'module' => 
  array (
    0 => 'api',
    1 => 'team',
    2 => 'index',
  ),
)
[ info ] [ HEADER ] array (
  'connection' => 'Keep-Alive',
  'host' => 'laowu.weitongtianxia.cn',
  'user-agent' => 'Mozilla/5.0 (Linux; Android 7.0; M1 E Build/NRD90M; wv) AppleWebKit/537.36 (KHTML, like Gecko) Version/4.0 Chrome/53.0.2785.143 Crosswalk/24.53.595.0 XWEB/359 MMWEBSDK/21 Mobile Safari/537.36 MicroMessenger/6.6.7.1321(0x26060739) NetType/WIFI Language/zh_CN MicroMessenger/6.6.7.1321(0x26060739) NetType/WIFI Language/zh_CN',
  'referer' => 'https://servicewechat.com/wxeb97c1fd7ede595a/4/page-frame.html',
  'accept-encoding' => 'gzip',
  'charset' => 'utf-8',
  'content-type' => 'application/json',
)
[ info ] [ PARAM ] array (
  'page' => '1',
)
[ info ] [ LANG ] /www/wwwroot/LaowuAdmin/public/../application/api/lang/zh-cn.php
[ info ] [ BEHAVIOR ] Run app\common\behavior\Common @module_init [ RunTime:0.001533s ]
[ info ] [ RUN ] app\api\controller\Team->index[ /www/wwwroot/LaowuAdmin/application/api/controller/Team.php ]
[ info ] [ DB ] INIT mysql
[ info ] [ LOG ] INIT File
[ sql ] [ DB ] CONNECT:[ UseTime:0.000546s ] mysql:host=127.0.0.1;port=3306;dbname=gong_cheng;charset=utf8
[ sql ] [ SQL ] SHOW COLUMNS FROM `gc_team` [ RunTime:0.001033s ]
[ sql ] [ SQL ] SELECT COUNT(*) AS tp_count FROM `gc_team` WHERE  `status` = 1 LIMIT 1 [ RunTime:0.000276s ]
[ sql ] [ SQL ] SELECT * FROM `gc_team` WHERE  `status` = 1 LIMIT 0,10 [ RunTime:0.000306s ]
[ sql ] [ SQL ] SHOW COLUMNS FROM `gc_experience` [ RunTime:0.000751s ]
[ sql ] [ SQL ] SELECT * FROM `gc_experience` WHERE  `id` IN (22,6,1,17,14) [ RunTime:0.000244s ]
---------------------------------------------------------------
[ 2018-11-05T09:32:26+08:00 ] 183.185.215.214 GET /api/index/jing_yan
[ info ] laowu.weitongtianxia.cn/api/index/jing_yan [运行时间：0.031400s][吞吐率：31.85req/s] [内存消耗：3,002.19kb] [文件加载：68]
[ info ] [ BEHAVIOR ] Run Closure @app_init [ RunTime:0.000048s ]
[ info ] [ CACHE ] INIT File
[ info ] [ BEHAVIOR ] Run Closure @app_init [ RunTime:0.001271s ]
[ info ] [ LANG ] /www/wwwroot/LaowuAdmin/thinkphp/lang/zh-cn.php
[ info ] [ ROUTE ] array (
  'type' => 'module',
  'module' => 
  array (
    0 => 'api',
    1 => 'index',
    2 => 'jing_yan',
  ),
)
[ info ] [ HEADER ] array (
  'connection' => 'Keep-Alive',
  'host' => 'laowu.weitongtianxia.cn',
  'user-agent' => 'Mozilla/5.0 (Linux; Android 7.0; M1 E Build/NRD90M; wv) AppleWebKit/537.36 (KHTML, like Gecko) Version/4.0 Chrome/53.0.2785.143 Crosswalk/24.53.595.0 XWEB/359 MMWEBSDK/21 Mobile Safari/537.36 MicroMessenger/6.6.7.1321(0x26060739) NetType/WIFI Language/zh_CN MicroMessenger/6.6.7.1321(0x26060739) NetType/WIFI Language/zh_CN',
  'referer' => 'https://servicewechat.com/wxeb97c1fd7ede595a/4/page-frame.html',
  'accept-encoding' => 'gzip',
  'charset' => 'utf-8',
  'content-type' => 'application/json',
)
[ info ] [ PARAM ] array (
)
[ info ] [ LANG ] /www/wwwroot/LaowuAdmin/public/../application/api/lang/zh-cn.php
[ info ] [ BEHAVIOR ] Run app\common\behavior\Common @module_init [ RunTime:0.001557s ]
[ info ] [ RUN ] app\api\controller\Index->jing_yan[ /www/wwwroot/LaowuAdmin/application/api/controller/Index.php ]
[ info ] [ DB ] INIT mysql
[ info ] [ LOG ] INIT File
[ sql ] [ DB ] CONNECT:[ UseTime:0.000637s ] mysql:host=127.0.0.1;port=3306;dbname=gong_cheng;charset=utf8
[ sql ] [ SQL ] SHOW COLUMNS FROM `gc_experience` [ RunTime:0.001566s ]
[ sql ] [ SQL ] SELECT `id`,`experience` FROM `gc_experience` WHERE `gc_experience`.`delete_time` IS NULL [ RunTime:0.000289s ]
---------------------------------------------------------------
[ 2018-11-05T09:32:27+08:00 ] 183.185.215.214 GET /api/Index/index
[ info ] laowu.weitongtianxia.cn/api/Index/index [运行时间：0.057220s][吞吐率：17.48req/s] [内存消耗：2,976.30kb] [文件加载：66]
[ info ] [ BEHAVIOR ] Run Closure @app_init [ RunTime:0.000046s ]
[ info ] [ CACHE ] INIT File
[ info ] [ BEHAVIOR ] Run Closure @app_init [ RunTime:0.001300s ]
[ info ] [ LANG ] /www/wwwroot/LaowuAdmin/thinkphp/lang/zh-cn.php
[ info ] [ ROUTE ] array (
  'type' => 'module',
  'module' => 
  array (
    0 => 'api',
    1 => 'Index',
    2 => 'index',
  ),
)
[ info ] [ HEADER ] array (
  'connection' => 'Keep-Alive',
  'host' => 'laowu.weitongtianxia.cn',
  'user-agent' => 'Mozilla/5.0 (Linux; Android 7.0; M1 E Build/NRD90M; wv) AppleWebKit/537.36 (KHTML, like Gecko) Version/4.0 Chrome/53.0.2785.143 Crosswalk/24.53.595.0 XWEB/359 MMWEBSDK/21 Mobile Safari/537.36 MicroMessenger/6.6.7.1321(0x26060739) NetType/WIFI Language/zh_CN MicroMessenger/6.6.7.1321(0x26060739) NetType/WIFI Language/zh_CN',
  'referer' => 'https://servicewechat.com/wxeb97c1fd7ede595a/4/page-frame.html',
  'accept-encoding' => 'gzip',
  'charset' => 'utf-8',
  'content-type' => 'application/json',
)
[ info ] [ PARAM ] array (
)
[ info ] [ LANG ] /www/wwwroot/LaowuAdmin/public/../application/api/lang/zh-cn.php
[ info ] [ BEHAVIOR ] Run app\common\behavior\Common @module_init [ RunTime:0.001406s ]
[ info ] [ RUN ] app\api\controller\Index->index[ /www/wwwroot/LaowuAdmin/application/api/controller/Index.php ]
[ info ] [ DB ] INIT mysql
[ info ] [ LOG ] INIT File
[ sql ] [ DB ] CONNECT:[ UseTime:0.006767s ] mysql:host=127.0.0.1;port=3306;dbname=gong_cheng;charset=utf8
[ sql ] [ SQL ] SHOW COLUMNS FROM `gc_config` [ RunTime:0.001579s ]
[ sql ] [ SQL ] SELECT `name`,`value` FROM `gc_config` WHERE  `group` = 'weapp' [ RunTime:0.000461s ]
---------------------------------------------------------------
[ 2018-11-05T09:32:27+08:00 ] 183.185.215.214 GET /api/team/index?page=1
[ info ] laowu.weitongtianxia.cn/api/team/index?page=1 [运行时间：0.054556s][吞吐率：18.33req/s] [内存消耗：3,174.22kb] [文件加载：75]
[ info ] [ BEHAVIOR ] Run Closure @app_init [ RunTime:0.000048s ]
[ info ] [ CACHE ] INIT File
[ info ] [ BEHAVIOR ] Run Closure @app_init [ RunTime:0.001252s ]
[ info ] [ LANG ] /www/wwwroot/LaowuAdmin/thinkphp/lang/zh-cn.php
[ info ] [ ROUTE ] array (
  'type' => 'module',
  'module' => 
  array (
    0 => 'api',
    1 => 'team',
    2 => 'index',
  ),
)
[ info ] [ HEADER ] array (
  'connection' => 'Keep-Alive',
  'host' => 'laowu.weitongtianxia.cn',
  'user-agent' => 'Mozilla/5.0 (Linux; Android 7.0; M1 E Build/NRD90M; wv) AppleWebKit/537.36 (KHTML, like Gecko) Version/4.0 Chrome/53.0.2785.143 Crosswalk/24.53.595.0 XWEB/359 MMWEBSDK/21 Mobile Safari/537.36 MicroMessenger/6.6.7.1321(0x26060739) NetType/WIFI Language/zh_CN MicroMessenger/6.6.7.1321(0x26060739) NetType/WIFI Language/zh_CN',
  'referer' => 'https://servicewechat.com/wxeb97c1fd7ede595a/4/page-frame.html',
  'accept-encoding' => 'gzip',
  'charset' => 'utf-8',
  'content-type' => 'application/json',
)
[ info ] [ PARAM ] array (
  'page' => '1',
)
[ info ] [ LANG ] /www/wwwroot/LaowuAdmin/public/../application/api/lang/zh-cn.php
[ info ] [ BEHAVIOR ] Run app\common\behavior\Common @module_init [ RunTime:0.001382s ]
[ info ] [ RUN ] app\api\controller\Team->index[ /www/wwwroot/LaowuAdmin/application/api/controller/Team.php ]
[ info ] [ DB ] INIT mysql
[ info ] [ LOG ] INIT File
[ sql ] [ DB ] CONNECT:[ UseTime:0.000513s ] mysql:host=127.0.0.1;port=3306;dbname=gong_cheng;charset=utf8
[ sql ] [ SQL ] SHOW COLUMNS FROM `gc_team` [ RunTime:0.000963s ]
[ sql ] [ SQL ] SELECT COUNT(*) AS tp_count FROM `gc_team` WHERE  `status` = 1 LIMIT 1 [ RunTime:0.000247s ]
[ sql ] [ SQL ] SELECT * FROM `gc_team` WHERE  `status` = 1 LIMIT 0,10 [ RunTime:0.000302s ]
[ sql ] [ SQL ] SHOW COLUMNS FROM `gc_experience` [ RunTime:0.000785s ]
[ sql ] [ SQL ] SELECT * FROM `gc_experience` WHERE  `id` IN (22,6,1,17,14) [ RunTime:0.000320s ]
---------------------------------------------------------------
[ 2018-11-05T09:32:31+08:00 ] 183.185.215.214 GET /api/team/index?page=1&experience_id=1
[ info ] laowu.weitongtianxia.cn/api/team/index?page=1&experience_id=1 [运行时间：0.038143s][吞吐率：26.22req/s] [内存消耗：3,171.05kb] [文件加载：75]
[ info ] [ BEHAVIOR ] Run Closure @app_init [ RunTime:0.000048s ]
[ info ] [ CACHE ] INIT File
[ info ] [ BEHAVIOR ] Run Closure @app_init [ RunTime:0.001374s ]
[ info ] [ LANG ] /www/wwwroot/LaowuAdmin/thinkphp/lang/zh-cn.php
[ info ] [ ROUTE ] array (
  'type' => 'module',
  'module' => 
  array (
    0 => 'api',
    1 => 'team',
    2 => 'index',
  ),
)
[ info ] [ HEADER ] array (
  'connection' => 'Keep-Alive',
  'host' => 'laowu.weitongtianxia.cn',
  'user-agent' => 'Mozilla/5.0 (Linux; Android 7.0; M1 E Build/NRD90M; wv) AppleWebKit/537.36 (KHTML, like Gecko) Version/4.0 Chrome/53.0.2785.143 Crosswalk/24.53.595.0 XWEB/359 MMWEBSDK/21 Mobile Safari/537.36 MicroMessenger/6.6.7.1321(0x26060739) NetType/WIFI Language/zh_CN MicroMessenger/6.6.7.1321(0x26060739) NetType/WIFI Language/zh_CN',
  'referer' => 'https://servicewechat.com/wxeb97c1fd7ede595a/4/page-frame.html',
  'accept-encoding' => 'gzip',
  'charset' => 'utf-8',
  'content-type' => 'application/json',
)
[ info ] [ PARAM ] array (
  'page' => '1',
  'experience_id' => '1',
)
[ info ] [ LANG ] /www/wwwroot/LaowuAdmin/public/../application/api/lang/zh-cn.php
[ info ] [ BEHAVIOR ] Run app\common\behavior\Common @module_init [ RunTime:0.001525s ]
[ info ] [ RUN ] app\api\controller\Team->index[ /www/wwwroot/LaowuAdmin/application/api/controller/Team.php ]
[ info ] [ DB ] INIT mysql
[ info ] [ LOG ] INIT File
[ sql ] [ DB ] CONNECT:[ UseTime:0.000666s ] mysql:host=127.0.0.1;port=3306;dbname=gong_cheng;charset=utf8
[ sql ] [ SQL ] SHOW COLUMNS FROM `gc_team` [ RunTime:0.001122s ]
[ sql ] [ SQL ] SELECT COUNT(*) AS tp_count FROM `gc_team` WHERE  `status` = 1  AND `experience_id` = 1 LIMIT 1 [ RunTime:0.004103s ]
[ sql ] [ SQL ] SELECT * FROM `gc_team` WHERE  `status` = 1  AND `experience_id` = 1 LIMIT 0,10 [ RunTime:0.000566s ]
[ sql ] [ SQL ] SHOW COLUMNS FROM `gc_experience` [ RunTime:0.000868s ]
[ sql ] [ SQL ] SELECT * FROM `gc_experience` WHERE  `id` IN (1) [ RunTime:0.000290s ]
---------------------------------------------------------------
[ 2018-11-05T09:32:42+08:00 ] 183.60.210.62 GET /
[ info ] 47.94.91.189/ [运行时间：0.020511s][吞吐率：48.75req/s] [内存消耗：1,660.94kb] [文件加载：50]
[ info ] [ BEHAVIOR ] Run Closure @app_init [ RunTime:0.000048s ]
[ info ] [ CACHE ] INIT File
[ info ] [ BEHAVIOR ] Run Closure @app_init [ RunTime:0.001354s ]
[ info ] [ LANG ] /www/wwwroot/LaowuAdmin/thinkphp/lang/zh-cn.php
[ info ] [ ROUTE ] array (
  'type' => 'module',
  'module' => 
  array (
    0 => '',
    1 => NULL,
    2 => NULL,
  ),
)
[ info ] [ HEADER ] array (
  'host' => '47.94.91.189',
  'user-agent' => 'Mozilla/4.0 (compatible; MSIE 9.0; Windows NT 6.1)',
  'referer' => 'https://47.94.91.189',
  'accept-language' => 'zh-cn',
  'accept' => '*/*',
  'connection' => 'Keep-Alive',
)
[ info ] [ PARAM ] array (
)
[ info ] [ LOG ] INIT File
---------------------------------------------------------------
[ 2018-11-05T09:41:36+08:00 ] 60.191.38.77 GET /
[ info ] 47.94.91.189:443/ [运行时间：0.017969s][吞吐率：55.65req/s] [内存消耗：1,660.53kb] [文件加载：50]
[ info ] [ BEHAVIOR ] Run Closure @app_init [ RunTime:0.000050s ]
[ info ] [ CACHE ] INIT File
[ info ] [ BEHAVIOR ] Run Closure @app_init [ RunTime:0.001532s ]
[ info ] [ LANG ] /www/wwwroot/LaowuAdmin/thinkphp/lang/zh-cn.php
[ info ] [ ROUTE ] array (
  'type' => 'module',
  'module' => 
  array (
    0 => '',
    1 => NULL,
    2 => NULL,
  ),
)
[ info ] [ HEADER ] array (
  'connection' => 'keep-alive',
  'accept' => '*/*',
  'user-agent' => 'Mozilla/5.0 (Macintosh; Intel Mac OS X 10.11; rv:47.0) Gecko/20100101 Firefox/47.0',
  'host' => '47.94.91.189:443',
)
[ info ] [ PARAM ] array (
)
[ info ] [ LOG ] INIT File
---------------------------------------------------------------
[ 2018-11-05T11:51:15+08:00 ] 222.186.31.240 GET /
[ info ] 47.94.91.189/ [运行时间：0.296005s][吞吐率：3.38req/s] [内存消耗：1,660.94kb] [文件加载：50]
[ info ] [ BEHAVIOR ] Run Closure @app_init [ RunTime:0.079973s ]
[ info ] [ CACHE ] INIT File
[ info ] [ BEHAVIOR ] Run Closure @app_init [ RunTime:0.014931s ]
[ info ] [ LANG ] /www/wwwroot/LaowuAdmin/thinkphp/lang/zh-cn.php
[ info ] [ ROUTE ] array (
  'type' => 'module',
  'module' => 
  array (
    0 => '',
    1 => NULL,
    2 => NULL,
  ),
)
[ info ] [ HEADER ] array (
  'host' => '47.94.91.189',
  'user-agent' => 'Mozilla/4.0 (compatible; MSIE 9.0; Windows NT 6.1)',
  'referer' => 'https://47.94.91.189',
  'accept-language' => 'zh-cn',
  'accept' => '*/*',
  'connection' => 'Keep-Alive',
)
[ info ] [ PARAM ] array (
)
[ info ] [ LOG ] INIT File
---------------------------------------------------------------
[ 2018-11-05T12:58:46+08:00 ] 198.108.66.112 GET /
[ info ] 47.94.91.189/ [运行时间：0.094089s][吞吐率：10.63req/s] [内存消耗：1,660.23kb] [文件加载：50]
[ info ] [ BEHAVIOR ] Run Closure @app_init [ RunTime:0.000588s ]
[ info ] [ CACHE ] INIT File
[ info ] [ BEHAVIOR ] Run Closure @app_init [ RunTime:0.002779s ]
[ info ] [ LANG ] /www/wwwroot/LaowuAdmin/thinkphp/lang/zh-cn.php
[ info ] [ ROUTE ] array (
  'type' => 'module',
  'module' => 
  array (
    0 => '',
    1 => NULL,
    2 => NULL,
  ),
)
[ info ] [ HEADER ] array (
  'accept-encoding' => 'gzip',
  'accept' => '*/*',
  'user-agent' => 'Mozilla/5.0 zgrab/0.x',
  'host' => '47.94.91.189',
)
[ info ] [ PARAM ] array (
)
[ info ] [ LOG ] INIT File
---------------------------------------------------------------
[ 2018-11-05T16:50:49+08:00 ] 171.117.30.252 GET /api/Index/index
[ info ] laowu.weitongtianxia.cn/api/Index/index [运行时间：0.220613s][吞吐率：4.53req/s] [内存消耗：2,976.17kb] [文件加载：66]
[ info ] [ BEHAVIOR ] Run Closure @app_init [ RunTime:0.000049s ]
[ info ] [ CACHE ] INIT File
[ info ] [ BEHAVIOR ] Run Closure @app_init [ RunTime:0.001582s ]
[ info ] [ LANG ] /www/wwwroot/LaowuAdmin/thinkphp/lang/zh-cn.php
[ info ] [ ROUTE ] array (
  'type' => 'module',
  'module' => 
  array (
    0 => 'api',
    1 => 'Index',
    2 => 'index',
  ),
)
[ info ] [ HEADER ] array (
  'connection' => 'Keep-Alive',
  'host' => 'laowu.weitongtianxia.cn',
  'user-agent' => 'Mozilla/5.0 (Linux; Android 6.0; HUAWEI MLA-AL10 Build/HUAWEIMLA-AL10; wv) AppleWebKit/537.36 (KHTML, like Gecko) Version/4.0 Chrome/55.0.2883.91 Mobile Safari/537.36 MicroMessenger/6.7.3.1360(0x26070337) NetType/WIFI Language/zh_CN Process/appbrand0',
  'referer' => 'https://servicewechat.com/wxeb97c1fd7ede595a/5/page-frame.html',
  'accept-encoding' => 'gzip',
  'charset' => 'utf-8',
  'content-type' => 'application/json',
)
[ info ] [ PARAM ] array (
)
[ info ] [ LANG ] /www/wwwroot/LaowuAdmin/public/../application/api/lang/zh-cn.php
[ info ] [ BEHAVIOR ] Run app\common\behavior\Common @module_init [ RunTime:0.022636s ]
[ info ] [ RUN ] app\api\controller\Index->index[ /www/wwwroot/LaowuAdmin/application/api/controller/Index.php ]
[ info ] [ DB ] INIT mysql
[ info ] [ LOG ] INIT File
[ sql ] [ DB ] CONNECT:[ UseTime:0.007991s ] mysql:host=127.0.0.1;port=3306;dbname=gong_cheng;charset=utf8
[ sql ] [ SQL ] SHOW COLUMNS FROM `gc_config` [ RunTime:0.035294s ]
[ sql ] [ SQL ] SELECT `name`,`value` FROM `gc_config` WHERE  `group` = 'weapp' [ RunTime:0.001350s ]
---------------------------------------------------------------
[ 2018-11-05T16:50:49+08:00 ] 171.117.30.252 GET /api/index/jing_yan
[ info ] laowu.weitongtianxia.cn/api/index/jing_yan [运行时间：0.493554s][吞吐率：2.03req/s] [内存消耗：3,002.06kb] [文件加载：68]
[ info ] [ BEHAVIOR ] Run Closure @app_init [ RunTime:0.000646s ]
[ info ] [ CACHE ] INIT File
[ info ] [ BEHAVIOR ] Run Closure @app_init [ RunTime:0.004710s ]
[ info ] [ LANG ] /www/wwwroot/LaowuAdmin/thinkphp/lang/zh-cn.php
[ info ] [ ROUTE ] array (
  'type' => 'module',
  'module' => 
  array (
    0 => 'api',
    1 => 'index',
    2 => 'jing_yan',
  ),
)
[ info ] [ HEADER ] array (
  'connection' => 'Keep-Alive',
  'host' => 'laowu.weitongtianxia.cn',
  'user-agent' => 'Mozilla/5.0 (Linux; Android 6.0; HUAWEI MLA-AL10 Build/HUAWEIMLA-AL10; wv) AppleWebKit/537.36 (KHTML, like Gecko) Version/4.0 Chrome/55.0.2883.91 Mobile Safari/537.36 MicroMessenger/6.7.3.1360(0x26070337) NetType/WIFI Language/zh_CN Process/appbrand0',
  'referer' => 'https://servicewechat.com/wxeb97c1fd7ede595a/5/page-frame.html',
  'accept-encoding' => 'gzip',
  'charset' => 'utf-8',
  'content-type' => 'application/json',
)
[ info ] [ PARAM ] array (
)
[ info ] [ LANG ] /www/wwwroot/LaowuAdmin/public/../application/api/lang/zh-cn.php
[ info ] [ BEHAVIOR ] Run app\common\behavior\Common @module_init [ RunTime:0.108122s ]
[ info ] [ RUN ] app\api\controller\Index->jing_yan[ /www/wwwroot/LaowuAdmin/application/api/controller/Index.php ]
[ info ] [ DB ] INIT mysql
[ info ] [ LOG ] INIT File
[ sql ] [ DB ] CONNECT:[ UseTime:0.009751s ] mysql:host=127.0.0.1;port=3306;dbname=gong_cheng;charset=utf8
[ sql ] [ SQL ] SHOW COLUMNS FROM `gc_experience` [ RunTime:0.035366s ]
[ sql ] [ SQL ] SELECT `id`,`experience` FROM `gc_experience` WHERE `gc_experience`.`delete_time` IS NULL [ RunTime:0.000488s ]
---------------------------------------------------------------
[ 2018-11-05T16:50:49+08:00 ] 171.117.30.252 GET /api/team/index?page=1
[ info ] laowu.weitongtianxia.cn/api/team/index?page=1 [运行时间：0.201856s][吞吐率：4.95req/s] [内存消耗：3,174.09kb] [文件加载：75]
[ info ] [ BEHAVIOR ] Run Closure @app_init [ RunTime:0.000054s ]
[ info ] [ CACHE ] INIT File
[ info ] [ BEHAVIOR ] Run Closure @app_init [ RunTime:0.001539s ]
[ info ] [ LANG ] /www/wwwroot/LaowuAdmin/thinkphp/lang/zh-cn.php
[ info ] [ ROUTE ] array (
  'type' => 'module',
  'module' => 
  array (
    0 => 'api',
    1 => 'team',
    2 => 'index',
  ),
)
[ info ] [ HEADER ] array (
  'connection' => 'Keep-Alive',
  'host' => 'laowu.weitongtianxia.cn',
  'user-agent' => 'Mozilla/5.0 (Linux; Android 6.0; HUAWEI MLA-AL10 Build/HUAWEIMLA-AL10; wv) AppleWebKit/537.36 (KHTML, like Gecko) Version/4.0 Chrome/55.0.2883.91 Mobile Safari/537.36 MicroMessenger/6.7.3.1360(0x26070337) NetType/WIFI Language/zh_CN Process/appbrand0',
  'referer' => 'https://servicewechat.com/wxeb97c1fd7ede595a/5/page-frame.html',
  'accept-encoding' => 'gzip',
  'charset' => 'utf-8',
  'content-type' => 'application/json',
)
[ info ] [ PARAM ] array (
  'page' => '1',
)
[ info ] [ LANG ] /www/wwwroot/LaowuAdmin/public/../application/api/lang/zh-cn.php
[ info ] [ BEHAVIOR ] Run app\common\behavior\Common @module_init [ RunTime:0.006782s ]
[ info ] [ RUN ] app\api\controller\Team->index[ /www/wwwroot/LaowuAdmin/application/api/controller/Team.php ]
[ info ] [ DB ] INIT mysql
[ info ] [ LOG ] INIT File
[ sql ] [ DB ] CONNECT:[ UseTime:0.005166s ] mysql:host=127.0.0.1;port=3306;dbname=gong_cheng;charset=utf8
[ sql ] [ SQL ] SHOW COLUMNS FROM `gc_team` [ RunTime:0.001711s ]
[ sql ] [ SQL ] SELECT COUNT(*) AS tp_count FROM `gc_team` WHERE  `status` = 1 LIMIT 1 [ RunTime:0.003058s ]
[ sql ] [ SQL ] SELECT * FROM `gc_team` WHERE  `status` = 1 LIMIT 0,10 [ RunTime:0.000352s ]
[ sql ] [ SQL ] SHOW COLUMNS FROM `gc_experience` [ RunTime:0.000966s ]
[ sql ] [ SQL ] SELECT * FROM `gc_experience` WHERE  `id` IN (22,6,1,17,14) [ RunTime:0.000263s ]
---------------------------------------------------------------
[ 2018-11-05T22:28:47+08:00 ] 42.51.178.141 GET /
[ info ] 47.94.91.189/ [运行时间：0.296771s][吞吐率：3.37req/s] [内存消耗：1,660.02kb] [文件加载：50]
[ info ] [ BEHAVIOR ] Run Closure @app_init [ RunTime:0.000596s ]
[ info ] [ CACHE ] INIT File
[ info ] [ BEHAVIOR ] Run Closure @app_init [ RunTime:0.004383s ]
[ info ] [ LANG ] /www/wwwroot/LaowuAdmin/thinkphp/lang/zh-cn.php
[ info ] [ ROUTE ] array (
  'type' => 'module',
  'module' => 
  array (
    0 => '',
    1 => NULL,
    2 => NULL,
  ),
)
[ info ] [ HEADER ] array (
  'accept-encoding' => 'gzip',
  'user-agent' => 'Mozilla/5.0 zgrab/0.x',
  'host' => '47.94.91.189',
)
[ info ] [ PARAM ] array (
)
[ info ] [ LOG ] INIT File
