---------------------------------------------------------------
[ 2018-11-07T00:04:20+08:00 ] 222.186.190.20 GET /
[ info ] 47.94.91.189/ [运行时间：0.269194s][吞吐率：3.71req/s] [内存消耗：1,660.93kb] [文件加载：50]
[ info ] [ BEHAVIOR ] Run Closure @app_init [ RunTime:0.000621s ]
[ info ] [ CACHE ] INIT File
[ info ] [ BEHAVIOR ] Run Closure @app_init [ RunTime:0.004160s ]
[ info ] [ LANG ] /www/wwwroot/LaowuAdmin/thinkphp/lang/zh-cn.php
[ info ] [ ROUTE ] array (
  'type' => 'module',
  'module' => 
  array (
    0 => '',
    1 => NULL,
    2 => NULL,
  ),
)
[ info ] [ HEADER ] array (
  'host' => '47.94.91.189',
  'user-agent' => 'Mozilla/4.0 (compatible; MSIE 9.0; Windows NT 6.1)',
  'referer' => 'https://47.94.91.189',
  'accept-language' => 'zh-cn',
  'accept' => '*/*',
  'connection' => 'Keep-Alive',
)
[ info ] [ PARAM ] array (
)
[ info ] [ LOG ] INIT File
---------------------------------------------------------------
[ 2018-11-07T00:04:23+08:00 ] 222.186.190.20 GET /
[ info ] 47.94.91.189/ [运行时间：0.016910s][吞吐率：59.14req/s] [内存消耗：1,660.94kb] [文件加载：50]
[ info ] [ BEHAVIOR ] Run Closure @app_init [ RunTime:0.000049s ]
[ info ] [ CACHE ] INIT File
[ info ] [ BEHAVIOR ] Run Closure @app_init [ RunTime:0.001285s ]
[ info ] [ LANG ] /www/wwwroot/LaowuAdmin/thinkphp/lang/zh-cn.php
[ info ] [ ROUTE ] array (
  'type' => 'module',
  'module' => 
  array (
    0 => '',
    1 => NULL,
    2 => NULL,
  ),
)
[ info ] [ HEADER ] array (
  'host' => '47.94.91.189',
  'user-agent' => 'Mozilla/4.0 (compatible; MSIE 9.0; Windows NT 6.1)',
  'referer' => 'https://47.94.91.189',
  'accept-language' => 'zh-cn',
  'accept' => '*/*',
  'connection' => 'Keep-Alive',
)
[ info ] [ PARAM ] array (
)
[ info ] [ LOG ] INIT File
---------------------------------------------------------------
[ 2018-11-07T00:46:10+08:00 ] 216.218.206.68 GET /
[ info ] 47.94.91.189/ [运行时间：0.198496s][吞吐率：5.04req/s] [内存消耗：1,659.13kb] [文件加载：50]
[ info ] [ BEHAVIOR ] Run Closure @app_init [ RunTime:0.000054s ]
[ info ] [ CACHE ] INIT File
[ info ] [ BEHAVIOR ] Run Closure @app_init [ RunTime:0.003001s ]
[ info ] [ LANG ] /www/wwwroot/LaowuAdmin/thinkphp/lang/zh-cn.php
[ info ] [ ROUTE ] array (
  'type' => 'module',
  'module' => 
  array (
    0 => '',
    1 => NULL,
    2 => NULL,
  ),
)
[ info ] [ HEADER ] array (
  'host' => '47.94.91.189',
)
[ info ] [ PARAM ] array (
)
[ info ] [ LOG ] INIT File
---------------------------------------------------------------
[ 2018-11-07T03:20:28+08:00 ] 140.205.205.25 HEAD /
[ info ] laowu.weitongtianxia.cn:443/ [运行时间：0.074570s][吞吐率：13.41req/s] [内存消耗：1,660.09kb] [文件加载：50]
[ info ] [ BEHAVIOR ] Run Closure @app_init [ RunTime:0.000655s ]
[ info ] [ CACHE ] INIT File
[ info ] [ BEHAVIOR ] Run Closure @app_init [ RunTime:0.003707s ]
[ info ] [ LANG ] /www/wwwroot/LaowuAdmin/thinkphp/lang/zh-cn.php
[ info ] [ ROUTE ] array (
  'type' => 'module',
  'module' => 
  array (
    0 => '',
    1 => NULL,
    2 => NULL,
  ),
)
[ info ] [ HEADER ] array (
  'connection' => 'close',
  'user-agent' => 'Go-http-client/1.1',
  'host' => 'laowu.weitongtianxia.cn:443',
)
[ info ] [ PARAM ] array (
)
[ info ] [ LOG ] INIT File
---------------------------------------------------------------
[ 2018-11-07T03:23:30+08:00 ] 139.162.116.133 GET /
[ info ] 47.94.91.189/ [运行时间：0.016609s][吞吐率：60.21req/s] [内存消耗：1,659.95kb] [文件加载：50]
[ info ] [ BEHAVIOR ] Run Closure @app_init [ RunTime:0.000054s ]
[ info ] [ CACHE ] INIT File
[ info ] [ BEHAVIOR ] Run Closure @app_init [ RunTime:0.001262s ]
[ info ] [ LANG ] /www/wwwroot/LaowuAdmin/thinkphp/lang/zh-cn.php
[ info ] [ ROUTE ] array (
  'type' => 'module',
  'module' => 
  array (
    0 => '',
    1 => NULL,
    2 => NULL,
  ),
)
[ info ] [ HEADER ] array (
  'connection' => 'close',
  'user-agent' => 'HTTP Banner Detection (https://security.ipip.net)',
  'host' => '47.94.91.189',
)
[ info ] [ PARAM ] array (
)
[ info ] [ LOG ] INIT File
---------------------------------------------------------------
[ 2018-11-07T05:09:15+08:00 ] 183.60.210.62 GET /
[ info ] 47.94.91.189/ [运行时间：0.059169s][吞吐率：16.90req/s] [内存消耗：1,660.94kb] [文件加载：50]
[ info ] [ BEHAVIOR ] Run Closure @app_init [ RunTime:0.000666s ]
[ info ] [ CACHE ] INIT File
[ info ] [ BEHAVIOR ] Run Closure @app_init [ RunTime:0.002910s ]
[ info ] [ LANG ] /www/wwwroot/LaowuAdmin/thinkphp/lang/zh-cn.php
[ info ] [ ROUTE ] array (
  'type' => 'module',
  'module' => 
  array (
    0 => '',
    1 => NULL,
    2 => NULL,
  ),
)
[ info ] [ HEADER ] array (
  'host' => '47.94.91.189',
  'user-agent' => 'Mozilla/4.0 (compatible; MSIE 9.0; Windows NT 6.1)',
  'referer' => 'https://47.94.91.189',
  'accept-language' => 'zh-cn',
  'accept' => '*/*',
  'connection' => 'Keep-Alive',
)
[ info ] [ PARAM ] array (
)
[ info ] [ LOG ] INIT File
---------------------------------------------------------------
[ 2018-11-07T10:40:17+08:00 ] 183.60.210.52 GET /
[ info ] 47.94.91.189/ [运行时间：0.285508s][吞吐率：3.50req/s] [内存消耗：1,660.94kb] [文件加载：50]
[ info ] [ BEHAVIOR ] Run Closure @app_init [ RunTime:0.000362s ]
[ info ] [ CACHE ] INIT File
[ info ] [ BEHAVIOR ] Run Closure @app_init [ RunTime:0.080243s ]
[ info ] [ LANG ] /www/wwwroot/LaowuAdmin/thinkphp/lang/zh-cn.php
[ info ] [ ROUTE ] array (
  'type' => 'module',
  'module' => 
  array (
    0 => '',
    1 => NULL,
    2 => NULL,
  ),
)
[ info ] [ HEADER ] array (
  'host' => '47.94.91.189',
  'user-agent' => 'Mozilla/4.0 (compatible; MSIE 9.0; Windows NT 6.1)',
  'referer' => 'https://47.94.91.189',
  'accept-language' => 'zh-cn',
  'accept' => '*/*',
  'connection' => 'Keep-Alive',
)
[ info ] [ PARAM ] array (
)
[ info ] [ LOG ] INIT File
---------------------------------------------------------------
[ 2018-11-07T14:14:23+08:00 ] 185.53.91.24 GET /admin/assets/js/views/login.js
[ info ] 47.94.91.189/admin/assets/js/views/login.js [运行时间：0.291229s][吞吐率：3.43req/s] [内存消耗：1,961.03kb] [文件加载：57]
[ info ] [ BEHAVIOR ] Run Closure @app_init [ RunTime:0.000615s ]
[ info ] [ CACHE ] INIT File
[ info ] [ BEHAVIOR ] Run Closure @app_init [ RunTime:0.003780s ]
[ info ] [ LANG ] /www/wwwroot/LaowuAdmin/thinkphp/lang/zh-cn.php
[ info ] [ ROUTE ] array (
  'type' => 'module',
  'module' => 
  array (
    0 => 'admin',
    1 => 'assets',
    2 => 'js',
  ),
)
[ info ] [ HEADER ] array (
  'connection' => 'keep-alive',
  'accept' => '*/*',
  'accept-encoding' => 'gzip, deflate',
  'user-agent' => 'python-requests/2.20.0',
  'host' => '47.94.91.189',
)
[ info ] [ PARAM ] array (
  'views' => 'login.js',
)
[ info ] [ LANG ] /www/wwwroot/LaowuAdmin/public/../application/admin/lang/zh-cn.php
[ info ] [ BEHAVIOR ] Run app\common\behavior\Common @module_init [ RunTime:0.004281s ]
[ info ] [ LOG ] INIT File
---------------------------------------------------------------
[ 2018-11-07T14:14:54+08:00 ] 183.60.210.52 GET /
[ info ] 47.94.91.189/ [运行时间：0.018126s][吞吐率：55.17req/s] [内存消耗：1,660.94kb] [文件加载：50]
[ info ] [ BEHAVIOR ] Run Closure @app_init [ RunTime:0.000055s ]
[ info ] [ CACHE ] INIT File
[ info ] [ BEHAVIOR ] Run Closure @app_init [ RunTime:0.001868s ]
[ info ] [ LANG ] /www/wwwroot/LaowuAdmin/thinkphp/lang/zh-cn.php
[ info ] [ ROUTE ] array (
  'type' => 'module',
  'module' => 
  array (
    0 => '',
    1 => NULL,
    2 => NULL,
  ),
)
[ info ] [ HEADER ] array (
  'host' => '47.94.91.189',
  'user-agent' => 'Mozilla/4.0 (compatible; MSIE 9.0; Windows NT 6.1)',
  'referer' => 'https://47.94.91.189',
  'accept-language' => 'zh-cn',
  'accept' => '*/*',
  'connection' => 'Keep-Alive',
)
[ info ] [ PARAM ] array (
)
[ info ] [ LOG ] INIT File
---------------------------------------------------------------
[ 2018-11-07T17:39:40+08:00 ] 106.75.85.117 GET /
[ info ] 47.94.91.189/ [运行时间：0.208505s][吞吐率：4.80req/s] [内存消耗：1,661.55kb] [文件加载：50]
[ info ] [ BEHAVIOR ] Run Closure @app_init [ RunTime:0.000634s ]
[ info ] [ CACHE ] INIT File
[ info ] [ BEHAVIOR ] Run Closure @app_init [ RunTime:0.004587s ]
[ info ] [ LANG ] /www/wwwroot/LaowuAdmin/thinkphp/lang/zh-cn.php
[ info ] [ ROUTE ] array (
  'type' => 'module',
  'module' => 
  array (
    0 => '',
    1 => NULL,
    2 => NULL,
  ),
)
[ info ] [ HEADER ] array (
  'connection' => 'close',
  'accept-language' => 'zh-CN,zh;q=0.8',
  'accept-charset' => 'GBK,utf-8;q=0.7,*;q=0.3',
  'accept' => 'text/html,application/xhtml+xml,application/xml;q=0.9,*/*;q=0.8',
  'user-agent' => 'Mozilla/5.0 (Windows NT 6.1) AppleWebKit/537.1 (KHTML, like Gecko) Chrome/21.0.1180.89 Safari/537.1',
  'host' => '47.94.91.189',
)
[ info ] [ PARAM ] array (
)
[ info ] [ LOG ] INIT File
---------------------------------------------------------------
[ 2018-11-07T17:40:44+08:00 ] 222.186.31.240 GET /
[ info ] 47.94.91.189/ [运行时间：0.017806s][吞吐率：56.16req/s] [内存消耗：1,660.94kb] [文件加载：50]
[ info ] [ BEHAVIOR ] Run Closure @app_init [ RunTime:0.000047s ]
[ info ] [ CACHE ] INIT File
[ info ] [ BEHAVIOR ] Run Closure @app_init [ RunTime:0.001248s ]
[ info ] [ LANG ] /www/wwwroot/LaowuAdmin/thinkphp/lang/zh-cn.php
[ info ] [ ROUTE ] array (
  'type' => 'module',
  'module' => 
  array (
    0 => '',
    1 => NULL,
    2 => NULL,
  ),
)
[ info ] [ HEADER ] array (
  'host' => '47.94.91.189',
  'user-agent' => 'Mozilla/4.0 (compatible; MSIE 9.0; Windows NT 6.1)',
  'referer' => 'https://47.94.91.189',
  'accept-language' => 'zh-cn',
  'accept' => '*/*',
  'connection' => 'Keep-Alive',
)
[ info ] [ PARAM ] array (
)
[ info ] [ LOG ] INIT File
---------------------------------------------------------------
[ 2018-11-07T17:58:13+08:00 ] 60.191.38.77 GET /
[ info ] 47.94.91.189:443/ [运行时间：0.031998s][吞吐率：31.25req/s] [内存消耗：1,660.53kb] [文件加载：50]
[ info ] [ BEHAVIOR ] Run Closure @app_init [ RunTime:0.000066s ]
[ info ] [ CACHE ] INIT File
[ info ] [ BEHAVIOR ] Run Closure @app_init [ RunTime:0.003011s ]
[ info ] [ LANG ] /www/wwwroot/LaowuAdmin/thinkphp/lang/zh-cn.php
[ info ] [ ROUTE ] array (
  'type' => 'module',
  'module' => 
  array (
    0 => '',
    1 => NULL,
    2 => NULL,
  ),
)
[ info ] [ HEADER ] array (
  'connection' => 'keep-alive',
  'accept' => '*/*',
  'user-agent' => 'Mozilla/5.0 (Macintosh; Intel Mac OS X 10.11; rv:47.0) Gecko/20100101 Firefox/47.0',
  'host' => '47.94.91.189:443',
)
[ info ] [ PARAM ] array (
)
[ info ] [ LOG ] INIT File
---------------------------------------------------------------
[ 2018-11-07T22:28:20+08:00 ] 222.186.31.27 GET /
[ info ] 47.94.91.189/ [运行时间：0.258121s][吞吐率：3.87req/s] [内存消耗：1,660.94kb] [文件加载：50]
[ info ] [ BEHAVIOR ] Run Closure @app_init [ RunTime:0.000612s ]
[ info ] [ CACHE ] INIT File
[ info ] [ BEHAVIOR ] Run Closure @app_init [ RunTime:0.003984s ]
[ info ] [ LANG ] /www/wwwroot/LaowuAdmin/thinkphp/lang/zh-cn.php
[ info ] [ ROUTE ] array (
  'type' => 'module',
  'module' => 
  array (
    0 => '',
    1 => NULL,
    2 => NULL,
  ),
)
[ info ] [ HEADER ] array (
  'host' => '47.94.91.189',
  'user-agent' => 'Mozilla/4.0 (compatible; MSIE 9.0; Windows NT 6.1)',
  'referer' => 'https://47.94.91.189',
  'accept-language' => 'zh-cn',
  'accept' => '*/*',
  'connection' => 'Keep-Alive',
)
[ info ] [ PARAM ] array (
)
[ info ] [ LOG ] INIT File
