---------------------------------------------------------------
[ 2018-11-20T00:25:22+08:00 ] 222.186.31.27 GET /
[ info ] 47.94.91.189/ [运行时间：0.299129s][吞吐率：3.34req/s] [内存消耗：1,660.93kb] [文件加载：50]
[ info ] [ BEHAVIOR ] Run Closure @app_init [ RunTime:0.000601s ]
[ info ] [ CACHE ] INIT File
[ info ] [ BEHAVIOR ] Run Closure @app_init [ RunTime:0.076276s ]
[ info ] [ LANG ] /www/wwwroot/LaowuAdmin/thinkphp/lang/zh-cn.php
[ info ] [ ROUTE ] array (
  'type' => 'module',
  'module' => 
  array (
    0 => '',
    1 => NULL,
    2 => NULL,
  ),
)
[ info ] [ HEADER ] array (
  'host' => '47.94.91.189',
  'user-agent' => 'Mozilla/4.0 (compatible; MSIE 9.0; Windows NT 6.1)',
  'referer' => 'https://47.94.91.189',
  'accept-language' => 'zh-cn',
  'accept' => '*/*',
  'connection' => 'Keep-Alive',
)
[ info ] [ PARAM ] array (
)
[ info ] [ LOG ] INIT File
---------------------------------------------------------------
[ 2018-11-20T01:32:25+08:00 ] 74.82.47.5 GET /
[ info ] 47.94.91.189/ [运行时间：0.095352s][吞吐率：10.49req/s] [内存消耗：1,659.13kb] [文件加载：50]
[ info ] [ BEHAVIOR ] Run Closure @app_init [ RunTime:0.000585s ]
[ info ] [ CACHE ] INIT File
[ info ] [ BEHAVIOR ] Run Closure @app_init [ RunTime:0.064001s ]
[ info ] [ LANG ] /www/wwwroot/LaowuAdmin/thinkphp/lang/zh-cn.php
[ info ] [ ROUTE ] array (
  'type' => 'module',
  'module' => 
  array (
    0 => '',
    1 => NULL,
    2 => NULL,
  ),
)
[ info ] [ HEADER ] array (
  'host' => '47.94.91.189',
)
[ info ] [ PARAM ] array (
)
[ info ] [ LOG ] INIT File
---------------------------------------------------------------
[ 2018-11-20T03:01:27+08:00 ] 140.205.205.25 HEAD /
[ info ] laowu.weitongtianxia.cn:443/ [运行时间：0.050436s][吞吐率：19.83req/s] [内存消耗：1,660.09kb] [文件加载：50]
[ info ] [ BEHAVIOR ] Run Closure @app_init [ RunTime:0.000595s ]
[ info ] [ CACHE ] INIT File
[ info ] [ BEHAVIOR ] Run Closure @app_init [ RunTime:0.003688s ]
[ info ] [ LANG ] /www/wwwroot/LaowuAdmin/thinkphp/lang/zh-cn.php
[ info ] [ ROUTE ] array (
  'type' => 'module',
  'module' => 
  array (
    0 => '',
    1 => NULL,
    2 => NULL,
  ),
)
[ info ] [ HEADER ] array (
  'connection' => 'close',
  'user-agent' => 'Go-http-client/1.1',
  'host' => 'laowu.weitongtianxia.cn:443',
)
[ info ] [ PARAM ] array (
)
[ info ] [ LOG ] INIT File
---------------------------------------------------------------
[ 2018-11-20T04:05:30+08:00 ] 222.186.190.20 GET /
[ info ] 47.94.91.189/ [运行时间：0.287598s][吞吐率：3.48req/s] [内存消耗：1,660.94kb] [文件加载：50]
[ info ] [ BEHAVIOR ] Run Closure @app_init [ RunTime:0.000717s ]
[ info ] [ CACHE ] INIT File
[ info ] [ BEHAVIOR ] Run Closure @app_init [ RunTime:0.004569s ]
[ info ] [ LANG ] /www/wwwroot/LaowuAdmin/thinkphp/lang/zh-cn.php
[ info ] [ ROUTE ] array (
  'type' => 'module',
  'module' => 
  array (
    0 => '',
    1 => NULL,
    2 => NULL,
  ),
)
[ info ] [ HEADER ] array (
  'host' => '47.94.91.189',
  'user-agent' => 'Mozilla/4.0 (compatible; MSIE 9.0; Windows NT 6.1)',
  'referer' => 'https://47.94.91.189',
  'accept-language' => 'zh-cn',
  'accept' => '*/*',
  'connection' => 'Keep-Alive',
)
[ info ] [ PARAM ] array (
)
[ info ] [ LOG ] INIT File
---------------------------------------------------------------
[ 2018-11-20T04:05:32+08:00 ] 222.186.190.20 GET /
[ info ] 47.94.91.189/ [运行时间：0.016492s][吞吐率：60.64req/s] [内存消耗：1,660.94kb] [文件加载：50]
[ info ] [ BEHAVIOR ] Run Closure @app_init [ RunTime:0.000049s ]
[ info ] [ CACHE ] INIT File
[ info ] [ BEHAVIOR ] Run Closure @app_init [ RunTime:0.001274s ]
[ info ] [ LANG ] /www/wwwroot/LaowuAdmin/thinkphp/lang/zh-cn.php
[ info ] [ ROUTE ] array (
  'type' => 'module',
  'module' => 
  array (
    0 => '',
    1 => NULL,
    2 => NULL,
  ),
)
[ info ] [ HEADER ] array (
  'host' => '47.94.91.189',
  'user-agent' => 'Mozilla/4.0 (compatible; MSIE 9.0; Windows NT 6.1)',
  'referer' => 'https://47.94.91.189',
  'accept-language' => 'zh-cn',
  'accept' => '*/*',
  'connection' => 'Keep-Alive',
)
[ info ] [ PARAM ] array (
)
[ info ] [ LOG ] INIT File
---------------------------------------------------------------
[ 2018-11-20T04:15:14+08:00 ] 71.6.232.7 GET /
[ info ] 47.94.91.189/ [运行时间：0.016512s][吞吐率：60.56req/s] [内存消耗：1,660.82kb] [文件加载：50]
[ info ] [ BEHAVIOR ] Run Closure @app_init [ RunTime:0.000048s ]
[ info ] [ CACHE ] INIT File
[ info ] [ BEHAVIOR ] Run Closure @app_init [ RunTime:0.001247s ]
[ info ] [ LANG ] /www/wwwroot/LaowuAdmin/thinkphp/lang/zh-cn.php
[ info ] [ ROUTE ] array (
  'type' => 'module',
  'module' => 
  array (
    0 => '',
    1 => NULL,
    2 => NULL,
  ),
)
[ info ] [ HEADER ] array (
  'accept-encoding' => 'gzip',
  'accept' => '*/*',
  'user-agent' => 'Mozilla/5.0 (Windows NT 10.0; Win64; x64) AppleWebKit/537.36 (KHTML, like Gecko) Chrome/57.0.2987.133 Safari/537.36',
  'host' => '47.94.91.189',
)
[ info ] [ PARAM ] array (
)
[ info ] [ LOG ] INIT File
---------------------------------------------------------------
[ 2018-11-20T07:17:22+08:00 ] 123.207.107.199 GET /api/web/market/V1_0_0/getDishData?market=btc_usdt
[ info ] trans.10xingjf.com/api/web/market/V1_0_0/getDishData?market=btc_usdt [运行时间：0.214428s][吞吐率：4.66req/s] [内存消耗：1,920.30kb] [文件加载：57]
[ info ] [ BEHAVIOR ] Run Closure @app_init [ RunTime:0.000605s ]
[ info ] [ CACHE ] INIT File
[ info ] [ BEHAVIOR ] Run Closure @app_init [ RunTime:0.089276s ]
[ info ] [ LANG ] /www/wwwroot/LaowuAdmin/thinkphp/lang/zh-cn.php
[ info ] [ ROUTE ] array (
  'type' => 'module',
  'module' => 
  array (
    0 => 'api',
    1 => 'web',
    2 => 'market',
  ),
)
[ info ] [ HEADER ] array (
  'connection' => 'close',
  'host' => 'trans.10xingjf.com',
  'content-length' => '0',
)
[ info ] [ PARAM ] array (
  'market' => 'btc_usdt',
  'V1_0_0' => 'getDishData',
)
[ info ] [ LANG ] /www/wwwroot/LaowuAdmin/public/../application/api/lang/zh-cn.php
[ info ] [ BEHAVIOR ] Run app\common\behavior\Common @module_init [ RunTime:0.004357s ]
[ info ] [ LOG ] INIT File
---------------------------------------------------------------
[ 2018-11-20T07:42:20+08:00 ] 183.60.210.52 GET /
[ info ] 47.94.91.189/ [运行时间：0.094293s][吞吐率：10.61req/s] [内存消耗：1,660.94kb] [文件加载：50]
[ info ] [ BEHAVIOR ] Run Closure @app_init [ RunTime:0.000617s ]
[ info ] [ CACHE ] INIT File
[ info ] [ BEHAVIOR ] Run Closure @app_init [ RunTime:0.047237s ]
[ info ] [ LANG ] /www/wwwroot/LaowuAdmin/thinkphp/lang/zh-cn.php
[ info ] [ ROUTE ] array (
  'type' => 'module',
  'module' => 
  array (
    0 => '',
    1 => NULL,
    2 => NULL,
  ),
)
[ info ] [ HEADER ] array (
  'host' => '47.94.91.189',
  'user-agent' => 'Mozilla/4.0 (compatible; MSIE 9.0; Windows NT 6.1)',
  'referer' => 'https://47.94.91.189',
  'accept-language' => 'zh-cn',
  'accept' => '*/*',
  'connection' => 'Keep-Alive',
)
[ info ] [ PARAM ] array (
)
[ info ] [ LOG ] INIT File
---------------------------------------------------------------
[ 2018-11-20T07:42:20+08:00 ] 183.60.210.52 GET /
[ info ] 47.94.91.189/ [运行时间：0.078803s][吞吐率：12.69req/s] [内存消耗：1,660.94kb] [文件加载：50]
[ info ] [ BEHAVIOR ] Run Closure @app_init [ RunTime:0.000412s ]
[ info ] [ CACHE ] INIT File
[ info ] [ BEHAVIOR ] Run Closure @app_init [ RunTime:0.046224s ]
[ info ] [ LANG ] /www/wwwroot/LaowuAdmin/thinkphp/lang/zh-cn.php
[ info ] [ ROUTE ] array (
  'type' => 'module',
  'module' => 
  array (
    0 => '',
    1 => NULL,
    2 => NULL,
  ),
)
[ info ] [ HEADER ] array (
  'host' => '47.94.91.189',
  'user-agent' => 'Mozilla/4.0 (compatible; MSIE 9.0; Windows NT 6.1)',
  'referer' => 'https://47.94.91.189',
  'accept-language' => 'zh-cn',
  'accept' => '*/*',
  'connection' => 'Keep-Alive',
)
[ info ] [ PARAM ] array (
)
[ info ] [ LOG ] INIT File
---------------------------------------------------------------
[ 2018-11-20T11:12:54+08:00 ] 13.57.34.72 GET /
[ info ] 47.94.91.189:443/ [运行时间：0.298363s][吞吐率：3.35req/s] [内存消耗：1,660.70kb] [文件加载：50]
[ info ] [ BEHAVIOR ] Run Closure @app_init [ RunTime:0.000605s ]
[ info ] [ CACHE ] INIT File
[ info ] [ BEHAVIOR ] Run Closure @app_init [ RunTime:0.088556s ]
[ info ] [ LANG ] /www/wwwroot/LaowuAdmin/thinkphp/lang/zh-cn.php
[ info ] [ ROUTE ] array (
  'type' => 'module',
  'module' => 
  array (
    0 => '',
    1 => NULL,
    2 => NULL,
  ),
)
[ info ] [ HEADER ] array (
  'user-agent' => 'Mozilla/5.0 (Macintosh; Intel Mac OS X 10_11_5) AppleWebKit/537.36 (KHTML, like Gecko) Chrome/50.0.2661.102 Safari/537.36',
  'accept-encoding' => 'gzip',
  'connection' => 'close',
  'host' => '47.94.91.189:443',
)
[ info ] [ PARAM ] array (
)
[ info ] [ LOG ] INIT File
---------------------------------------------------------------
[ 2018-11-20T11:33:06+08:00 ] 183.60.210.46 GET /
[ info ] 47.94.91.189/ [运行时间：0.085932s][吞吐率：11.64req/s] [内存消耗：1,660.94kb] [文件加载：50]
[ info ] [ BEHAVIOR ] Run Closure @app_init [ RunTime:0.000591s ]
[ info ] [ CACHE ] INIT File
[ info ] [ BEHAVIOR ] Run Closure @app_init [ RunTime:0.054482s ]
[ info ] [ LANG ] /www/wwwroot/LaowuAdmin/thinkphp/lang/zh-cn.php
[ info ] [ ROUTE ] array (
  'type' => 'module',
  'module' => 
  array (
    0 => '',
    1 => NULL,
    2 => NULL,
  ),
)
[ info ] [ HEADER ] array (
  'host' => '47.94.91.189',
  'user-agent' => 'Mozilla/4.0 (compatible; MSIE 9.0; Windows NT 6.1)',
  'referer' => 'https://47.94.91.189',
  'accept-language' => 'zh-cn',
  'accept' => '*/*',
  'connection' => 'Keep-Alive',
)
[ info ] [ PARAM ] array (
)
[ info ] [ LOG ] INIT File
---------------------------------------------------------------
[ 2018-11-20T14:44:08+08:00 ] 183.60.210.52 GET /
[ info ] 47.94.91.189/ [运行时间：0.299151s][吞吐率：3.34req/s] [内存消耗：1,660.94kb] [文件加载：50]
[ info ] [ BEHAVIOR ] Run Closure @app_init [ RunTime:0.001567s ]
[ info ] [ CACHE ] INIT File
[ info ] [ BEHAVIOR ] Run Closure @app_init [ RunTime:0.086836s ]
[ info ] [ LANG ] /www/wwwroot/LaowuAdmin/thinkphp/lang/zh-cn.php
[ info ] [ ROUTE ] array (
  'type' => 'module',
  'module' => 
  array (
    0 => '',
    1 => NULL,
    2 => NULL,
  ),
)
[ info ] [ HEADER ] array (
  'host' => '47.94.91.189',
  'user-agent' => 'Mozilla/4.0 (compatible; MSIE 9.0; Windows NT 6.1)',
  'referer' => 'https://47.94.91.189',
  'accept-language' => 'zh-cn',
  'accept' => '*/*',
  'connection' => 'Keep-Alive',
)
[ info ] [ PARAM ] array (
)
[ info ] [ LOG ] INIT File
---------------------------------------------------------------
[ 2018-11-20T17:16:19+08:00 ] 112.224.22.174 GET /api/index/jing_yan
[ info ] laowu.weitongtianxia.cn/api/index/jing_yan [运行时间：0.329387s][吞吐率：3.04req/s] [内存消耗：3,001.58kb] [文件加载：68]
[ info ] [ BEHAVIOR ] Run Closure @app_init [ RunTime:0.000615s ]
[ info ] [ CACHE ] INIT File
[ info ] [ BEHAVIOR ] Run Closure @app_init [ RunTime:0.003783s ]
[ info ] [ LANG ] /www/wwwroot/LaowuAdmin/thinkphp/lang/zh-cn.php
[ info ] [ ROUTE ] array (
  'type' => 'module',
  'module' => 
  array (
    0 => 'api',
    1 => 'index',
    2 => 'jing_yan',
  ),
)
[ info ] [ HEADER ] array (
  'connection' => 'Keep-Alive',
  'host' => 'laowu.weitongtianxia.cn',
  'user-agent' => 'Mozilla/5.0 (Linux; Android 6.0; HUAWEI CAZ-TL10 Build/HUAWEICAZ-TL10; wv) AppleWebKit/537.36 (KHTML, like Gecko) Version/4.0 Chrome/52.0.2743.98 Mobile Safari/537.36 MicroMessenger/6.7.3.1360(0x2607033A) NetType/4G Language/zh_CN Process/appbrand0',
  'referer' => 'https://servicewechat.com/wxeb97c1fd7ede595a/5/page-frame.html',
  'accept-encoding' => 'gzip',
  'charset' => 'utf-8',
  'content-type' => 'application/json',
)
[ info ] [ PARAM ] array (
)
[ info ] [ LANG ] /www/wwwroot/LaowuAdmin/public/../application/api/lang/zh-cn.php
[ info ] [ BEHAVIOR ] Run app\common\behavior\Common @module_init [ RunTime:0.004383s ]
[ info ] [ RUN ] app\api\controller\Index->jing_yan[ /www/wwwroot/LaowuAdmin/application/api/controller/Index.php ]
[ info ] [ DB ] INIT mysql
[ info ] [ LOG ] INIT File
[ sql ] [ DB ] CONNECT:[ UseTime:0.063024s ] mysql:host=127.0.0.1;port=3306;dbname=gong_cheng;charset=utf8
[ sql ] [ SQL ] SHOW COLUMNS FROM `gc_experience` [ RunTime:0.101265s ]
[ sql ] [ SQL ] SELECT `id`,`experience` FROM `gc_experience` WHERE `gc_experience`.`delete_time` IS NULL [ RunTime:0.000374s ]
---------------------------------------------------------------
[ 2018-11-20T17:16:19+08:00 ] 112.224.22.174 GET /api/Index/index
[ info ] laowu.weitongtianxia.cn/api/Index/index [运行时间：0.059539s][吞吐率：16.80req/s] [内存消耗：2,976.17kb] [文件加载：66]
[ info ] [ BEHAVIOR ] Run Closure @app_init [ RunTime:0.000050s ]
[ info ] [ CACHE ] INIT File
[ info ] [ BEHAVIOR ] Run Closure @app_init [ RunTime:0.001302s ]
[ info ] [ LANG ] /www/wwwroot/LaowuAdmin/thinkphp/lang/zh-cn.php
[ info ] [ ROUTE ] array (
  'type' => 'module',
  'module' => 
  array (
    0 => 'api',
    1 => 'Index',
    2 => 'index',
  ),
)
[ info ] [ HEADER ] array (
  'connection' => 'Keep-Alive',
  'host' => 'laowu.weitongtianxia.cn',
  'user-agent' => 'Mozilla/5.0 (Linux; Android 6.0; HUAWEI CAZ-TL10 Build/HUAWEICAZ-TL10; wv) AppleWebKit/537.36 (KHTML, like Gecko) Version/4.0 Chrome/52.0.2743.98 Mobile Safari/537.36 MicroMessenger/6.7.3.1360(0x2607033A) NetType/4G Language/zh_CN Process/appbrand0',
  'referer' => 'https://servicewechat.com/wxeb97c1fd7ede595a/5/page-frame.html',
  'accept-encoding' => 'gzip',
  'charset' => 'utf-8',
  'content-type' => 'application/json',
)
[ info ] [ PARAM ] array (
)
[ info ] [ LANG ] /www/wwwroot/LaowuAdmin/public/../application/api/lang/zh-cn.php
[ info ] [ BEHAVIOR ] Run app\common\behavior\Common @module_init [ RunTime:0.001505s ]
[ info ] [ RUN ] app\api\controller\Index->index[ /www/wwwroot/LaowuAdmin/application/api/controller/Index.php ]
[ info ] [ DB ] INIT mysql
[ info ] [ LOG ] INIT File
[ sql ] [ DB ] CONNECT:[ UseTime:0.011494s ] mysql:host=127.0.0.1;port=3306;dbname=gong_cheng;charset=utf8
[ sql ] [ SQL ] SHOW COLUMNS FROM `gc_config` [ RunTime:0.001158s ]
[ sql ] [ SQL ] SELECT `name`,`value` FROM `gc_config` WHERE  `group` = 'weapp' [ RunTime:0.000324s ]
---------------------------------------------------------------
[ 2018-11-20T17:16:19+08:00 ] 112.224.22.174 GET /api/team/index?page=1
[ info ] laowu.weitongtianxia.cn/api/team/index?page=1 [运行时间：0.063174s][吞吐率：15.83req/s] [内存消耗：3,176.73kb] [文件加载：75]
[ info ] [ BEHAVIOR ] Run Closure @app_init [ RunTime:0.000047s ]
[ info ] [ CACHE ] INIT File
[ info ] [ BEHAVIOR ] Run Closure @app_init [ RunTime:0.001300s ]
[ info ] [ LANG ] /www/wwwroot/LaowuAdmin/thinkphp/lang/zh-cn.php
[ info ] [ ROUTE ] array (
  'type' => 'module',
  'module' => 
  array (
    0 => 'api',
    1 => 'team',
    2 => 'index',
  ),
)
[ info ] [ HEADER ] array (
  'connection' => 'Keep-Alive',
  'host' => 'laowu.weitongtianxia.cn',
  'user-agent' => 'Mozilla/5.0 (Linux; Android 6.0; HUAWEI CAZ-TL10 Build/HUAWEICAZ-TL10; wv) AppleWebKit/537.36 (KHTML, like Gecko) Version/4.0 Chrome/52.0.2743.98 Mobile Safari/537.36 MicroMessenger/6.7.3.1360(0x2607033A) NetType/4G Language/zh_CN Process/appbrand0',
  'referer' => 'https://servicewechat.com/wxeb97c1fd7ede595a/5/page-frame.html',
  'accept-encoding' => 'gzip',
  'charset' => 'utf-8',
  'content-type' => 'application/json',
)
[ info ] [ PARAM ] array (
  'page' => '1',
)
[ info ] [ LANG ] /www/wwwroot/LaowuAdmin/public/../application/api/lang/zh-cn.php
[ info ] [ BEHAVIOR ] Run app\common\behavior\Common @module_init [ RunTime:0.001560s ]
[ info ] [ RUN ] app\api\controller\Team->index[ /www/wwwroot/LaowuAdmin/application/api/controller/Team.php ]
[ info ] [ DB ] INIT mysql
[ info ] [ LOG ] INIT File
[ sql ] [ DB ] CONNECT:[ UseTime:0.000473s ] mysql:host=127.0.0.1;port=3306;dbname=gong_cheng;charset=utf8
[ sql ] [ SQL ] SHOW COLUMNS FROM `gc_team` [ RunTime:0.001546s ]
[ sql ] [ SQL ] SELECT COUNT(*) AS tp_count FROM `gc_team` WHERE  `status` = 1 LIMIT 1 [ RunTime:0.000289s ]
[ sql ] [ SQL ] SELECT * FROM `gc_team` WHERE  `status` = 1 LIMIT 0,10 [ RunTime:0.000349s ]
[ sql ] [ SQL ] SHOW COLUMNS FROM `gc_experience` [ RunTime:0.000725s ]
[ sql ] [ SQL ] SELECT * FROM `gc_experience` WHERE  `id` IN (30,6,40,35,36,45,31,44) [ RunTime:0.000270s ]
---------------------------------------------------------------
[ 2018-11-20T18:26:28+08:00 ] 183.60.210.62 GET /
[ info ] 47.94.91.189/ [运行时间：0.205847s][吞吐率：4.86req/s] [内存消耗：1,660.94kb] [文件加载：50]
[ info ] [ BEHAVIOR ] Run Closure @app_init [ RunTime:0.000345s ]
[ info ] [ CACHE ] INIT File
[ info ] [ BEHAVIOR ] Run Closure @app_init [ RunTime:0.004536s ]
[ info ] [ LANG ] /www/wwwroot/LaowuAdmin/thinkphp/lang/zh-cn.php
[ info ] [ ROUTE ] array (
  'type' => 'module',
  'module' => 
  array (
    0 => '',
    1 => NULL,
    2 => NULL,
  ),
)
[ info ] [ HEADER ] array (
  'host' => '47.94.91.189',
  'user-agent' => 'Mozilla/4.0 (compatible; MSIE 9.0; Windows NT 6.1)',
  'referer' => 'https://47.94.91.189',
  'accept-language' => 'zh-cn',
  'accept' => '*/*',
  'connection' => 'Keep-Alive',
)
[ info ] [ PARAM ] array (
)
[ info ] [ LOG ] INIT File
---------------------------------------------------------------
[ 2018-11-20T20:08:16+08:00 ] 119.29.16.51 GET /otn/login/init
[ info ] kyfw.12306.cn/otn/login/init [运行时间：0.287994s][吞吐率：3.47req/s] [内存消耗：1,666.08kb] [文件加载：50]
[ info ] [ BEHAVIOR ] Run Closure @app_init [ RunTime:0.000315s ]
[ info ] [ CACHE ] INIT File
[ info ] [ BEHAVIOR ] Run Closure @app_init [ RunTime:0.079599s ]
[ info ] [ LANG ] /www/wwwroot/LaowuAdmin/thinkphp/lang/zh-cn.php
[ info ] [ ROUTE ] array (
  'type' => 'module',
  'module' => 
  array (
    0 => 'otn',
    1 => 'login',
    2 => 'init',
  ),
)
[ info ] [ HEADER ] array (
  'referer' => 'https://kyfw.12306.cn/otn/leftTicket/init',
  'connection' => 'keep-alive',
  'accept-language' => 'zh-CN,zh;q=0.8,en;q=0.6',
  'accept-encoding' => 'gzip, deflate, sdch, br',
  'accept' => '*/*',
  'user-agent' => 'Mozilla/5.0 (MSIE 9.0; Windows NT 6.1; Trident/5.0)',
  'host' => 'kyfw.12306.cn',
)
[ info ] [ PARAM ] array (
)
[ info ] [ LOG ] INIT File
---------------------------------------------------------------
[ 2018-11-20T20:08:17+08:00 ] 111.230.102.173 POST /pay/payGateway
[ info ] epay.12306.cn/pay/payGateway [运行时间：0.017924s][吞吐率：55.79req/s] [内存消耗：1,676.11kb] [文件加载：50]
[ info ] [ BEHAVIOR ] Run Closure @app_init [ RunTime:0.000060s ]
[ info ] [ CACHE ] INIT File
[ info ] [ BEHAVIOR ] Run Closure @app_init [ RunTime:0.001289s ]
[ info ] [ LANG ] /www/wwwroot/LaowuAdmin/thinkphp/lang/zh-cn.php
[ info ] [ ROUTE ] array (
  'type' => 'module',
  'module' => 
  array (
    0 => 'pay',
    1 => 'payGateway',
    2 => NULL,
  ),
)
[ info ] [ HEADER ] array (
  'upgrade-insecure-requests' => '1',
  'referer' => 'https://kyfw.12306.cn/otn/payOrder/init',
  'origin' => 'https://kyfw.12306.cn',
  'connection' => 'keep-alive',
  'cache-control' => 'max-age=0',
  'accept-language' => 'zh-CN,zh;q=0.8,en;q=0.6',
  'accept-encoding' => 'gzip, deflate, br',
  'accept' => 'text/html,application/xhtml+xml,application/xml;q=0.9,image/webp,*/*;q=0.8',
  'user-agent' => 'Mozilla/4.0 (compatible; MSIE 6.0; Windows NT 5.0; WOW64; Trident/4.0; SLCC1)',
  'host' => 'epay.12306.cn',
  'content-type' => 'application/x-www-form-urlencoded',
  'content-length' => '1987',
)
[ info ] [ PARAM ] array (
  '_json_att' => '',
  'interfaceName' => 'PAY_SERVLET',
  'interfaceVersion' => 'PAY_SERVLET',
  'tranData' => 'PD94bWwgdmVyc2lvbj0iMS4wIiBlbmNvZGluZz0iR0JLIj8+CjxQYXlSZXE+PGludGVyZmFjZU5h
bWU+UEFZX1NFUlZMRVQ8L2ludGVyZmFjZU5hbWU+PGludGVyZmFjZVZlcnNpb24+MS4wPC9pbnRl
cmZhY2VWZXJzaW9uPjxvcmRlckRhdGU+MjAxODA4MjAxMDE5MDk8L29yZGVyRGF0ZT48b3JkZXJU
aW1lb3V0RGF0ZT4yMDE4MDgyMDEwNDgyNjwvb3JkZXJUaW1lb3V0RGF0ZT48b3JkZXJJZD4xRUUy
NTkyNjk5MDAwMTAwMTEwMTkwOTI3Mzwvb3JkZXJJZD48YW1vdW50PjEyMDA8L2Ftb3VudD48YXBw
SWQ+MDAwMTwvYXBwSWQ+PGN1clR5cGU+MTU2PC9jdXJUeXBlPjxvcmRlclJlbWFyay8+PG1lclVS
TD5odHRwczovL2t5ZncuMTIzMDYuY24vb3BuL2Vub3RpZnkvZXBheVN0YXR1cz91c2VyX25hbWU9
ZW1obGJtZG9lVEU1T0RjPSZhbXA7c2VxdWVuY2Vfbm89UlVVeU5Ua3lOams1TUE9PSZhbXA7cGF5
T3JkZXJJRD1NVVZGTWpVNU1qWTVPVEF3TURFd01ERXhNREU1TURreU56TT0mYW1wO3JlZGlyZWN0
VVJMPWFIUjBjSE02THk5cmVXWjNMakV5TXpBMkxtTnVMMjkwYmk4dmIzSmtaWEl2WlU1dmRHbG1l
VUZqZEdsdmJpNWtiejl0WlhSb2IyUTkNCmNYVmxjbmxOZVU5eVpHVnlVM1JoZEdsakpuTmxjWFZs
Ym1ObFgyNXZQVVZGTWpVNU1qWTVPVEE9JmFtcDtwYXlTdGFydD1NUT09JmFtcDtiYXRjaF9ubz1N
U009JmFtcDtsb2dpbl9pZD1SUT09JmFtcDt0b3VyX2ZsYWc9WkdNPSZhbXA7cmV0dXJuX3RvdGFs
PSZhbXA7cmV0dXJuX2Nvc3Q9JmFtcDtvbGRfdGlja2V0X3ByaWNlPSZhbXA7cGF5X21vZGU9JmFt
cDtjaGFubmVsPVJRPT0mYW1wO2lmX2ZsYWdzPVRpTk9Jdz09PC9tZXJVUkw+PGFwcFVSTD5odHRw
czovLzEwLjIuMjQwLjIxMjo0NDMvb3BuL2Vub3RpZnkvZXBheU5vdGlmeTwvYXBwVVJMPjxpbm5l
clVSTD5odHRwOi8vMTAuMi4yMDEuMTkwOjgyMDAvb3Rzd3MvcGF5Q2FsbEJhY2s8L2lubmVyVVJM
PjxtZXJWQVI+ZW1obGJtZG9lVEU1T0RjNlJUcEZSVEkxT1RJMk9Ua3dPakVqT2pFNk1UZzNOVGd6
TXpnek1EZzZPam82T2pvNk9tUmpPa1U2TVRwTw0KT2s0NmRVaEtZM2hsTVZOdlIyVlZWU3RCZEhW
aU5UUlBaMGREUjFWRk9WRktLM2xrVFhOeGIxUnlNWGhvYTJOTlJYSnlRMlZIVXpsag0KV0RkRlJs
bFpRVEJVZVRwTzwvbWVyVkFSPjx0cmFuc1R5cGU+MDE8L3RyYW5zVHlwZT48L1BheVJlcT4=',
  'merSignMsg' => 'G85d70Y/ZUubSeqVO3p+cqNj24GRBH8L01yQU/XbZvowXna3NdkEHw7mQtsjI2iKxBqCIe/b89/J
WFahZEw0bWiO9YtEoSAzfoIjXjWBpupK3aczW4Mqgds4Dqd4/XxbtOJHcQJA0e/61+bmyQ1qUwZT
EI9dcbXaSsT9vsnBruA=',
  'appId' => '0001',
  'transType' => '01',
)
[ info ] [ LOG ] INIT File
---------------------------------------------------------------
[ 2018-11-20T20:08:49+08:00 ] 111.230.50.47 GET /otsmobile/app/mgs/mgw.htm?operationType=com.cars.otsmobile.queryLeftTicket&requestData=%5B%7B%22train_date%22%3A%2220181130%22%2C%22purpose_codes%22%3A%2200%22%2C%22from_station%22%3A%22PIJ%22%2C%22to_station%22%3A%22POJ%22%2C%22station_train_code%22%3A%22%22%2C%22start_time_begin%22%3A%220000%22%2C%22start_time_end%22%3A%222400%22%2C%22train_headers%22%3A%22QB%23%22%2C%22train_flag%22%3A%22%22%2C%22seat_type%22%3A%22%22%2C%22seatBack_Type%22%3A%22%22%2C%22ticket_num%22%3A%22%22%2C%22dfpStr%22%3A%22%22%2C%22baseDTO%22%3A%7B%22check_code%22%3A%2221388f770fb1fcc8353ca8e12930ebe7%22%2C%22device_no%22%3A%22c57ff7e3ada5db9d%22%2C%22mobile_no%22%3A%22%22%2C%22os_type%22%3A%22a%22%2C%22time_str%22%3A%2220181120200849%22%2C%22user_name%22%3A%22%22%2C%22version_no%22%3A%224.1.9%22%7D%7D%5D&ts=1542715729147&sign=
[ info ] mobile.12306.cn/otsmobile/app/mgs/mgw.htm?operationType=com.cars.otsmobile.queryLeftTicket&requestData=%5B%7B%22train_date%22%3A%2220181130%22%2C%22purpose_codes%22%3A%2200%22%2C%22from_station%22%3A%22PIJ%22%2C%22to_station%22%3A%22POJ%22%2C%22station_train_code%22%3A%22%22%2C%22start_time_begin%22%3A%220000%22%2C%22start_time_end%22%3A%222400%22%2C%22train_headers%22%3A%22QB%23%22%2C%22train_flag%22%3A%22%22%2C%22seat_type%22%3A%22%22%2C%22seatBack_Type%22%3A%22%22%2C%22ticket_num%22%3A%22%22%2C%22dfpStr%22%3A%22%22%2C%22baseDTO%22%3A%7B%22check_code%22%3A%2221388f770fb1fcc8353ca8e12930ebe7%22%2C%22device_no%22%3A%22c57ff7e3ada5db9d%22%2C%22mobile_no%22%3A%22%22%2C%22os_type%22%3A%22a%22%2C%22time_str%22%3A%2220181120200849%22%2C%22user_name%22%3A%22%22%2C%22version_no%22%3A%224.1.9%22%7D%7D%5D&ts=1542715729147&sign= [运行时间：0.017904s][吞吐率：55.85req/s] [内存消耗：1,675.35kb] [文件加载：50]
[ info ] [ BEHAVIOR ] Run Closure @app_init [ RunTime:0.000048s ]
[ info ] [ CACHE ] INIT File
[ info ] [ BEHAVIOR ] Run Closure @app_init [ RunTime:0.001297s ]
[ info ] [ LANG ] /www/wwwroot/LaowuAdmin/thinkphp/lang/zh-cn.php
[ info ] [ ROUTE ] array (
  'type' => 'module',
  'module' => 
  array (
    0 => 'otsmobile',
    1 => 'app',
    2 => 'mgs',
  ),
)
[ info ] [ HEADER ] array (
  'accept-encoding' => 'gzip',
  'workspaceid' => 'product',
  'trackerid' => '',
  'signtype' => '0',
  'riskudid' => '09c1d5fc-ecbd-11e8-a329-000000000000',
  'platform' => 'ANDROID',
  'did' => 'c57ff7e3ada5db9d',
  'appid' => '9101430221728, 9101430221728',
  'user-agent' => 'Go-http-client/1.1',
  'host' => 'mobile.12306.cn',
)
[ info ] [ PARAM ] array (
  'operationType' => 'com.cars.otsmobile.queryLeftTicket',
  'requestData' => '[{"train_date":"20181130","purpose_codes":"00","from_station":"PIJ","to_station":"POJ","station_train_code":"","start_time_begin":"0000","start_time_end":"2400","train_headers":"QB#","train_flag":"","seat_type":"","seatBack_Type":"","ticket_num":"","dfpStr":"","baseDTO":{"check_code":"21388f770fb1fcc8353ca8e12930ebe7","device_no":"c57ff7e3ada5db9d","mobile_no":"","os_type":"a","time_str":"20181120200849","user_name":"","version_no":"4.1.9"}}]',
  'ts' => '1542715729147',
  'sign' => '',
)
[ info ] [ LOG ] INIT File
---------------------------------------------------------------
[ 2018-11-20T20:08:49+08:00 ] 111.230.50.47 POST /otsmobile/app/mgs/mgw.htm
[ info ] mobile.12306.cn/otsmobile/app/mgs/mgw.htm [运行时间：0.017266s][吞吐率：57.92req/s] [内存消耗：1,647.81kb] [文件加载：49]
[ info ] [ BEHAVIOR ] Run Closure @app_init [ RunTime:0.000058s ]
[ info ] [ CACHE ] INIT File
[ info ] [ BEHAVIOR ] Run Closure @app_init [ RunTime:0.001278s ]
[ info ] [ ROUTE ] array (
  'type' => 'module',
  'module' => 
  array (
    0 => 'otsmobile',
    1 => 'app',
    2 => 'mgs',
  ),
)
[ info ] [ HEADER ] array (
  'workspaceid' => 'product',
  'version' => '2',
  'ts' => 'MSn1UNI',
  'signtype' => '0',
  'sign' => '7bf03f7c69a481b9b75b28589b4df14e',
  'riskudid' => '09e2a5ad-ecbd-11e8-a32a-000000000000',
  'platform' => 'ANDROID',
  'operation-type' => 'com.cars.otsmobile.login',
  'did' => 'AAD5HQAAdQszMAAAUVj//wLT',
  'appid' => '9101430221728, 9101430221728',
  'accept-language' => 'zh-Hans',
  'accept-encoding' => 'gzip',
  'user-agent' => 'android',
  'host' => 'mobile.12306.cn',
  'content-type' => 'application/json',
  'content-length' => '297',
)
[ info ] [ PARAM ] array (
)
[ info ] [ LOG ] INIT File
---------------------------------------------------------------
[ 2018-11-20T20:08:49+08:00 ] 111.230.50.47 POST /otsmobile/app/mgs/mgw.htm
[ info ] mobile.12306.cn/otsmobile/app/mgs/mgw.htm [运行时间：0.017241s][吞吐率：58.00req/s] [内存消耗：1,647.81kb] [文件加载：49]
[ info ] [ BEHAVIOR ] Run Closure @app_init [ RunTime:0.000047s ]
[ info ] [ CACHE ] INIT File
[ info ] [ BEHAVIOR ] Run Closure @app_init [ RunTime:0.001303s ]
[ info ] [ ROUTE ] array (
  'type' => 'module',
  'module' => 
  array (
    0 => 'otsmobile',
    1 => 'app',
    2 => 'mgs',
  ),
)
[ info ] [ HEADER ] array (
  'workspaceid' => 'product',
  'version' => '2',
  'ts' => 'MSn1UQU',
  'signtype' => '0',
  'sign' => '425c69340f09286009cf390784d784ba',
  'riskudid' => '09e2a5ad-ecbd-11e8-a32a-000000000000',
  'platform' => 'ANDROID',
  'operation-type' => 'com.cars.otsmobile.login',
  'did' => 'AAD5HQAAdQszMAAAUVj//wLT',
  'appid' => '9101430221728, 9101430221728',
  'accept-language' => 'zh-Hans',
  'accept-encoding' => 'gzip',
  'user-agent' => 'android',
  'host' => 'mobile.12306.cn',
  'content-type' => 'application/json',
  'content-length' => '297',
)
[ info ] [ PARAM ] array (
)
[ info ] [ LOG ] INIT File
---------------------------------------------------------------
[ 2018-11-20T20:08:49+08:00 ] 111.230.50.47 POST /otsmobile/app/mgs/mgw.htm
[ info ] mobile.12306.cn/otsmobile/app/mgs/mgw.htm [运行时间：0.017980s][吞吐率：55.62req/s] [内存消耗：1,647.81kb] [文件加载：49]
[ info ] [ BEHAVIOR ] Run Closure @app_init [ RunTime:0.000049s ]
[ info ] [ CACHE ] INIT File
[ info ] [ BEHAVIOR ] Run Closure @app_init [ RunTime:0.001354s ]
[ info ] [ ROUTE ] array (
  'type' => 'module',
  'module' => 
  array (
    0 => 'otsmobile',
    1 => 'app',
    2 => 'mgs',
  ),
)
[ info ] [ HEADER ] array (
  'workspaceid' => 'product',
  'version' => '2',
  'ts' => 'MSn1UU0',
  'signtype' => '0',
  'sign' => '08399619e43fa8c15c239315aabbb161',
  'riskudid' => '09e2a5ad-ecbd-11e8-a32a-000000000000',
  'platform' => 'ANDROID',
  'operation-type' => 'com.cars.otsmobile.login',
  'did' => 'AAD5HQAAdQszMAAAUVj//wLT',
  'appid' => '9101430221728, 9101430221728',
  'accept-language' => 'zh-Hans',
  'accept-encoding' => 'gzip',
  'user-agent' => 'android',
  'host' => 'mobile.12306.cn',
  'content-type' => 'application/json',
  'content-length' => '297',
)
[ info ] [ PARAM ] array (
)
[ info ] [ LOG ] INIT File
---------------------------------------------------------------
[ 2018-11-20T20:08:50+08:00 ] 111.230.50.47 POST /otsmobile/app/mgs/mgw.htm
[ info ] mobile.12306.cn/otsmobile/app/mgs/mgw.htm [运行时间：0.017594s][吞吐率：56.84req/s] [内存消耗：1,647.81kb] [文件加载：49]
[ info ] [ BEHAVIOR ] Run Closure @app_init [ RunTime:0.000062s ]
[ info ] [ CACHE ] INIT File
[ info ] [ BEHAVIOR ] Run Closure @app_init [ RunTime:0.001419s ]
[ info ] [ ROUTE ] array (
  'type' => 'module',
  'module' => 
  array (
    0 => 'otsmobile',
    1 => 'app',
    2 => 'mgs',
  ),
)
[ info ] [ HEADER ] array (
  'workspaceid' => 'product',
  'version' => '2',
  'ts' => 'MSn1UXP',
  'signtype' => '0',
  'sign' => 'b5e81eeef97b6a1ca45f27578836cce2',
  'riskudid' => '09e2a5ad-ecbd-11e8-a32a-000000000000',
  'platform' => 'ANDROID',
  'operation-type' => 'com.cars.otsmobile.login',
  'did' => 'AAD5HQAAdQszMAAAUVj//wLT',
  'appid' => '9101430221728, 9101430221728',
  'accept-language' => 'zh-Hans',
  'accept-encoding' => 'gzip',
  'user-agent' => 'android',
  'host' => 'mobile.12306.cn',
  'content-type' => 'application/json',
  'content-length' => '297',
)
[ info ] [ PARAM ] array (
)
[ info ] [ LOG ] INIT File
---------------------------------------------------------------
[ 2018-11-20T20:08:50+08:00 ] 111.230.50.47 POST /otsmobile/app/mgs/mgw.htm
[ info ] mobile.12306.cn/otsmobile/app/mgs/mgw.htm [运行时间：0.016588s][吞吐率：60.28req/s] [内存消耗：1,647.81kb] [文件加载：49]
[ info ] [ BEHAVIOR ] Run Closure @app_init [ RunTime:0.000048s ]
[ info ] [ CACHE ] INIT File
[ info ] [ BEHAVIOR ] Run Closure @app_init [ RunTime:0.001369s ]
[ info ] [ ROUTE ] array (
  'type' => 'module',
  'module' => 
  array (
    0 => 'otsmobile',
    1 => 'app',
    2 => 'mgs',
  ),
)
[ info ] [ HEADER ] array (
  'workspaceid' => 'product',
  'version' => '2',
  'ts' => 'MSn1Ual',
  'signtype' => '0',
  'sign' => '8cc19e895a0c63f5ae13b2db9b08fd94',
  'riskudid' => '09e2a5ad-ecbd-11e8-a32a-000000000000',
  'platform' => 'ANDROID',
  'operation-type' => 'com.cars.otsmobile.login',
  'did' => 'AAD5HQAAdQszMAAAUVj//wLT',
  'appid' => '9101430221728, 9101430221728',
  'accept-language' => 'zh-Hans',
  'accept-encoding' => 'gzip',
  'user-agent' => 'android',
  'host' => 'mobile.12306.cn',
  'content-type' => 'application/json',
  'content-length' => '297',
)
[ info ] [ PARAM ] array (
)
[ info ] [ LOG ] INIT File
---------------------------------------------------------------
[ 2018-11-20T22:04:29+08:00 ] 222.186.31.27 GET /
[ info ] 47.94.91.189/ [运行时间：0.298400s][吞吐率：3.35req/s] [内存消耗：1,660.94kb] [文件加载：50]
[ info ] [ BEHAVIOR ] Run Closure @app_init [ RunTime:0.000614s ]
[ info ] [ CACHE ] INIT File
[ info ] [ BEHAVIOR ] Run Closure @app_init [ RunTime:0.004537s ]
[ info ] [ LANG ] /www/wwwroot/LaowuAdmin/thinkphp/lang/zh-cn.php
[ info ] [ ROUTE ] array (
  'type' => 'module',
  'module' => 
  array (
    0 => '',
    1 => NULL,
    2 => NULL,
  ),
)
[ info ] [ HEADER ] array (
  'host' => '47.94.91.189',
  'user-agent' => 'Mozilla/4.0 (compatible; MSIE 9.0; Windows NT 6.1)',
  'referer' => 'https://47.94.91.189',
  'accept-language' => 'zh-cn',
  'accept' => '*/*',
  'connection' => 'Keep-Alive',
)
[ info ] [ PARAM ] array (
)
[ info ] [ LOG ] INIT File
---------------------------------------------------------------
[ 2018-11-20T23:48:44+08:00 ] 184.105.247.252 GET /
[ info ] 47.94.91.189/ [运行时间：0.297732s][吞吐率：3.36req/s] [内存消耗：1,659.13kb] [文件加载：50]
[ info ] [ BEHAVIOR ] Run Closure @app_init [ RunTime:0.000729s ]
[ info ] [ CACHE ] INIT File
[ info ] [ BEHAVIOR ] Run Closure @app_init [ RunTime:0.004645s ]
[ info ] [ LANG ] /www/wwwroot/LaowuAdmin/thinkphp/lang/zh-cn.php
[ info ] [ ROUTE ] array (
  'type' => 'module',
  'module' => 
  array (
    0 => '',
    1 => NULL,
    2 => NULL,
  ),
)
[ info ] [ HEADER ] array (
  'host' => '47.94.91.189',
)
[ info ] [ PARAM ] array (
)
[ info ] [ LOG ] INIT File
