---------------------------------------------------------------
[ 2019-03-24T01:15:02+08:00 ] 184.105.139.70 GET /
[ info ] 47.94.91.189/ [运行时间：0.017457s][吞吐率：57.28req/s] [内存消耗：1,659.13kb] [文件加载：50]
[ info ] [ BEHAVIOR ] Run Closure @app_init [ RunTime:0.000022s ]
[ info ] [ CACHE ] INIT File
[ info ] [ BEHAVIOR ] Run Closure @app_init [ RunTime:0.001453s ]
[ info ] [ LANG ] /www/wwwroot/LaowuAdmin/thinkphp/lang/zh-cn.php
[ info ] [ ROUTE ] array (
  'type' => 'module',
  'module' => 
  array (
    0 => '',
    1 => NULL,
    2 => NULL,
  ),
)
[ info ] [ HEADER ] array (
  'host' => '47.94.91.189',
)
[ info ] [ PARAM ] array (
)
[ info ] [ LOG ] INIT File
---------------------------------------------------------------
[ 2019-03-24T05:52:26+08:00 ] 140.205.205.25 HEAD /
[ info ] laowu.weitongtianxia.cn:443/ [运行时间：0.016031s][吞吐率：62.38req/s] [内存消耗：1,660.09kb] [文件加载：50]
[ info ] [ BEHAVIOR ] Run Closure @app_init [ RunTime:0.000020s ]
[ info ] [ CACHE ] INIT File
[ info ] [ BEHAVIOR ] Run Closure @app_init [ RunTime:0.001360s ]
[ info ] [ LANG ] /www/wwwroot/LaowuAdmin/thinkphp/lang/zh-cn.php
[ info ] [ ROUTE ] array (
  'type' => 'module',
  'module' => 
  array (
    0 => '',
    1 => NULL,
    2 => NULL,
  ),
)
[ info ] [ HEADER ] array (
  'connection' => 'close',
  'user-agent' => 'Go-http-client/1.1',
  'host' => 'laowu.weitongtianxia.cn:443',
)
[ info ] [ PARAM ] array (
)
[ info ] [ LOG ] INIT File
---------------------------------------------------------------
[ 2019-03-24T09:40:45+08:00 ] 47.100.53.146 GET /
[ info ] laowu.weitongtianxia.cn/ [运行时间：0.020810s][吞吐率：48.05req/s] [内存消耗：1,660.71kb] [文件加载：50]
[ info ] [ BEHAVIOR ] Run Closure @app_init [ RunTime:0.000023s ]
[ info ] [ CACHE ] INIT File
[ info ] [ BEHAVIOR ] Run Closure @app_init [ RunTime:0.001413s ]
[ info ] [ LANG ] /www/wwwroot/LaowuAdmin/thinkphp/lang/zh-cn.php
[ info ] [ ROUTE ] array (
  'type' => 'module',
  'module' => 
  array (
    0 => '',
    1 => NULL,
    2 => NULL,
  ),
)
[ info ] [ HEADER ] array (
  'connection' => 'keep-alive',
  'accept' => 'text/html, image/gif, image/jpeg, *; q=.2, */*; q=.2',
  'host' => 'laowu.weitongtianxia.cn',
  'user-agent' => 'Mozilla/5.0 (X11; Ubuntu; Linux x86_64; rv:36.0) Gecko/20100101 Firefox/36.0',
)
[ info ] [ PARAM ] array (
)
[ info ] [ LOG ] INIT File
---------------------------------------------------------------
[ 2019-03-24T09:45:08+08:00 ] 47.100.104.184 GET /
[ info ] 47.94.91.189/ [运行时间：0.016785s][吞吐率：59.58req/s] [内存消耗：1,660.66kb] [文件加载：50]
[ info ] [ BEHAVIOR ] Run Closure @app_init [ RunTime:0.000022s ]
[ info ] [ CACHE ] INIT File
[ info ] [ BEHAVIOR ] Run Closure @app_init [ RunTime:0.001360s ]
[ info ] [ LANG ] /www/wwwroot/LaowuAdmin/thinkphp/lang/zh-cn.php
[ info ] [ ROUTE ] array (
  'type' => 'module',
  'module' => 
  array (
    0 => '',
    1 => NULL,
    2 => NULL,
  ),
)
[ info ] [ HEADER ] array (
  'connection' => 'keep-alive',
  'accept' => 'text/html, image/gif, image/jpeg, *; q=.2, */*; q=.2',
  'host' => '47.94.91.189',
  'user-agent' => 'Mozilla/5.0 (X11; Ubuntu; Linux x86_64; rv:36.0) Gecko/20100101 Firefox/36.0',
)
[ info ] [ PARAM ] array (
)
[ info ] [ LOG ] INIT File
---------------------------------------------------------------
[ 2019-03-24T14:28:04+08:00 ] 59.109.64.85 GET /api/team/index?page=1&province=%E5%B1%B1%E8%A5%BF%E7%9C%81&city=%E5%A4%AA%E5%8E%9F%E5%B8%82&district=%E5%B0%8F%E5%BA%97%E5%8C%BA
[ info ] laowu.weitongtianxia.cn/api/team/index?page=1&province=%E5%B1%B1%E8%A5%BF%E7%9C%81&city=%E5%A4%AA%E5%8E%9F%E5%B8%82&district=%E5%B0%8F%E5%BA%97%E5%8C%BA [运行时间：0.075390s][吞吐率：13.26req/s] [内存消耗：3,178.78kb] [文件加载：75]
[ info ] [ BEHAVIOR ] Run Closure @app_init [ RunTime:0.000024s ]
[ info ] [ CACHE ] INIT File
[ info ] [ BEHAVIOR ] Run Closure @app_init [ RunTime:0.003825s ]
[ info ] [ LANG ] /www/wwwroot/LaowuAdmin/thinkphp/lang/zh-cn.php
[ info ] [ ROUTE ] array (
  'type' => 'module',
  'module' => 
  array (
    0 => 'api',
    1 => 'team',
    2 => 'index',
  ),
)
[ info ] [ HEADER ] array (
  'connection' => 'Keep-Alive',
  'host' => 'laowu.weitongtianxia.cn',
  'user-agent' => 'Mozilla/5.0 (Linux; Android 8.0.0; SM-C7000 Build/R16NW; wv) AppleWebKit/537.36 (KHTML, like Gecko) Version/4.0 Chrome/66.0.3359.126 Mobile Safari/537.36 MicroMessenger/7.0.3.1400(0x2700033B) Process/appbrand0 NetType/WIFI Language/zh_CN',
  'referer' => 'https://servicewechat.com/wxeb97c1fd7ede595a/5/page-frame.html',
  'accept-encoding' => 'gzip',
  'charset' => 'utf-8',
  'content-type' => 'application/json',
)
[ info ] [ PARAM ] array (
  'page' => '1',
  'province' => '山西省',
  'city' => '太原市',
  'district' => '小店区',
)
[ info ] [ LANG ] /www/wwwroot/LaowuAdmin/public/../application/api/lang/zh-cn.php
[ info ] [ BEHAVIOR ] Run app\common\behavior\Common @module_init [ RunTime:0.004027s ]
[ info ] [ RUN ] app\api\controller\Team->index[ /www/wwwroot/LaowuAdmin/application/api/controller/Team.php ]
[ info ] [ DB ] INIT mysql
[ info ] [ LOG ] INIT File
[ sql ] [ DB ] CONNECT:[ UseTime:0.000365s ] mysql:host=127.0.0.1;port=3306;dbname=gong_cheng;charset=utf8
[ sql ] [ SQL ] SHOW COLUMNS FROM `gc_team` [ RunTime:0.002748s ]
[ sql ] [ SQL ] SELECT COUNT(*) AS tp_count FROM `gc_team` WHERE  `status` = 1  AND `province` = '山西省'  AND `city` = '太原市'  AND `district` = '小店区' LIMIT 1 [ RunTime:0.001267s ]
[ sql ] [ SQL ] SELECT * FROM `gc_team` WHERE  `status` = 1  AND `province` = '山西省'  AND `city` = '太原市'  AND `district` = '小店区' LIMIT 0,10 [ RunTime:0.000950s ]
---------------------------------------------------------------
[ 2019-03-24T14:28:04+08:00 ] 59.109.64.85 GET /api/team/index?page=1
[ info ] laowu.weitongtianxia.cn/api/team/index?page=1 [运行时间：0.065849s][吞吐率：15.19req/s] [内存消耗：3,177.95kb] [文件加载：75]
[ info ] [ BEHAVIOR ] Run Closure @app_init [ RunTime:0.000016s ]
[ info ] [ CACHE ] INIT File
[ info ] [ BEHAVIOR ] Run Closure @app_init [ RunTime:0.003409s ]
[ info ] [ LANG ] /www/wwwroot/LaowuAdmin/thinkphp/lang/zh-cn.php
[ info ] [ ROUTE ] array (
  'type' => 'module',
  'module' => 
  array (
    0 => 'api',
    1 => 'team',
    2 => 'index',
  ),
)
[ info ] [ HEADER ] array (
  'connection' => 'Keep-Alive',
  'host' => 'laowu.weitongtianxia.cn',
  'user-agent' => 'Mozilla/5.0 (Linux; Android 8.0.0; SM-C7000 Build/R16NW; wv) AppleWebKit/537.36 (KHTML, like Gecko) Version/4.0 Chrome/66.0.3359.126 Mobile Safari/537.36 MicroMessenger/7.0.3.1400(0x2700033B) Process/appbrand0 NetType/WIFI Language/zh_CN',
  'referer' => 'https://servicewechat.com/wxeb97c1fd7ede595a/5/page-frame.html',
  'accept-encoding' => 'gzip',
  'charset' => 'utf-8',
  'content-type' => 'application/json',
)
[ info ] [ PARAM ] array (
  'page' => '1',
)
[ info ] [ LANG ] /www/wwwroot/LaowuAdmin/public/../application/api/lang/zh-cn.php
[ info ] [ BEHAVIOR ] Run app\common\behavior\Common @module_init [ RunTime:0.002815s ]
[ info ] [ RUN ] app\api\controller\Team->index[ /www/wwwroot/LaowuAdmin/application/api/controller/Team.php ]
[ info ] [ DB ] INIT mysql
[ info ] [ LOG ] INIT File
[ sql ] [ DB ] CONNECT:[ UseTime:0.000470s ] mysql:host=127.0.0.1;port=3306;dbname=gong_cheng;charset=utf8
[ sql ] [ SQL ] SHOW COLUMNS FROM `gc_team` [ RunTime:0.002008s ]
[ sql ] [ SQL ] SELECT COUNT(*) AS tp_count FROM `gc_team` WHERE  `status` = 1 LIMIT 1 [ RunTime:0.000273s ]
[ sql ] [ SQL ] SELECT * FROM `gc_team` WHERE  `status` = 1 LIMIT 0,10 [ RunTime:0.001257s ]
[ sql ] [ SQL ] SHOW COLUMNS FROM `gc_experience` [ RunTime:0.001136s ]
[ sql ] [ SQL ] SELECT * FROM `gc_experience` WHERE  `id` IN (6,40,35,36,45,31,44,30,32) [ RunTime:0.000377s ]
---------------------------------------------------------------
[ 2019-03-24T14:28:07+08:00 ] 59.109.64.85 GET /api/Index/index
[ info ] laowu.weitongtianxia.cn/api/Index/index [运行时间：0.028237s][吞吐率：35.41req/s] [内存消耗：2,976.17kb] [文件加载：66]
[ info ] [ BEHAVIOR ] Run Closure @app_init [ RunTime:0.000023s ]
[ info ] [ CACHE ] INIT File
[ info ] [ BEHAVIOR ] Run Closure @app_init [ RunTime:0.001334s ]
[ info ] [ LANG ] /www/wwwroot/LaowuAdmin/thinkphp/lang/zh-cn.php
[ info ] [ ROUTE ] array (
  'type' => 'module',
  'module' => 
  array (
    0 => 'api',
    1 => 'Index',
    2 => 'index',
  ),
)
[ info ] [ HEADER ] array (
  'connection' => 'Keep-Alive',
  'host' => 'laowu.weitongtianxia.cn',
  'user-agent' => 'Mozilla/5.0 (Linux; Android 8.0.0; SM-C7000 Build/R16NW; wv) AppleWebKit/537.36 (KHTML, like Gecko) Version/4.0 Chrome/66.0.3359.126 Mobile Safari/537.36 MicroMessenger/7.0.3.1400(0x2700033B) Process/appbrand0 NetType/WIFI Language/zh_CN',
  'referer' => 'https://servicewechat.com/wxeb97c1fd7ede595a/5/page-frame.html',
  'accept-encoding' => 'gzip',
  'charset' => 'utf-8',
  'content-type' => 'application/json',
)
[ info ] [ PARAM ] array (
)
[ info ] [ LANG ] /www/wwwroot/LaowuAdmin/public/../application/api/lang/zh-cn.php
[ info ] [ BEHAVIOR ] Run app\common\behavior\Common @module_init [ RunTime:0.001377s ]
[ info ] [ RUN ] app\api\controller\Index->index[ /www/wwwroot/LaowuAdmin/application/api/controller/Index.php ]
[ info ] [ DB ] INIT mysql
[ info ] [ LOG ] INIT File
[ sql ] [ DB ] CONNECT:[ UseTime:0.000450s ] mysql:host=127.0.0.1;port=3306;dbname=gong_cheng;charset=utf8
[ sql ] [ SQL ] SHOW COLUMNS FROM `gc_config` [ RunTime:0.000963s ]
[ sql ] [ SQL ] SELECT `name`,`value` FROM `gc_config` WHERE  `group` = 'weapp' [ RunTime:0.000303s ]
---------------------------------------------------------------
[ 2019-03-24T14:28:12+08:00 ] 59.109.64.85 GET /api/team/index?page=2&province=%E5%B1%B1%E8%A5%BF%E7%9C%81&city=%E5%A4%AA%E5%8E%9F%E5%B8%82&district=%E5%B0%8F%E5%BA%97%E5%8C%BA
[ info ] laowu.weitongtianxia.cn/api/team/index?page=2&province=%E5%B1%B1%E8%A5%BF%E7%9C%81&city=%E5%A4%AA%E5%8E%9F%E5%B8%82&district=%E5%B0%8F%E5%BA%97%E5%8C%BA [运行时间：0.031359s][吞吐率：31.89req/s] [内存消耗：3,178.78kb] [文件加载：75]
[ info ] [ BEHAVIOR ] Run Closure @app_init [ RunTime:0.000023s ]
[ info ] [ CACHE ] INIT File
[ info ] [ BEHAVIOR ] Run Closure @app_init [ RunTime:0.001365s ]
[ info ] [ LANG ] /www/wwwroot/LaowuAdmin/thinkphp/lang/zh-cn.php
[ info ] [ ROUTE ] array (
  'type' => 'module',
  'module' => 
  array (
    0 => 'api',
    1 => 'team',
    2 => 'index',
  ),
)
[ info ] [ HEADER ] array (
  'connection' => 'Keep-Alive',
  'host' => 'laowu.weitongtianxia.cn',
  'user-agent' => 'Mozilla/5.0 (Linux; Android 8.0.0; SM-C7000 Build/R16NW; wv) AppleWebKit/537.36 (KHTML, like Gecko) Version/4.0 Chrome/66.0.3359.126 Mobile Safari/537.36 MicroMessenger/7.0.3.1400(0x2700033B) Process/appbrand0 NetType/WIFI Language/zh_CN',
  'referer' => 'https://servicewechat.com/wxeb97c1fd7ede595a/5/page-frame.html',
  'accept-encoding' => 'gzip',
  'charset' => 'utf-8',
  'content-type' => 'application/json',
)
[ info ] [ PARAM ] array (
  'page' => '2',
  'province' => '山西省',
  'city' => '太原市',
  'district' => '小店区',
)
[ info ] [ LANG ] /www/wwwroot/LaowuAdmin/public/../application/api/lang/zh-cn.php
[ info ] [ BEHAVIOR ] Run app\common\behavior\Common @module_init [ RunTime:0.001416s ]
[ info ] [ RUN ] app\api\controller\Team->index[ /www/wwwroot/LaowuAdmin/application/api/controller/Team.php ]
[ info ] [ DB ] INIT mysql
[ info ] [ LOG ] INIT File
[ sql ] [ DB ] CONNECT:[ UseTime:0.000466s ] mysql:host=127.0.0.1;port=3306;dbname=gong_cheng;charset=utf8
[ sql ] [ SQL ] SHOW COLUMNS FROM `gc_team` [ RunTime:0.001054s ]
[ sql ] [ SQL ] SELECT COUNT(*) AS tp_count FROM `gc_team` WHERE  `status` = 1  AND `province` = '山西省'  AND `city` = '太原市'  AND `district` = '小店区' LIMIT 1 [ RunTime:0.000302s ]
[ sql ] [ SQL ] SELECT * FROM `gc_team` WHERE  `status` = 1  AND `province` = '山西省'  AND `city` = '太原市'  AND `district` = '小店区' LIMIT 10,10 [ RunTime:0.000360s ]
---------------------------------------------------------------
[ 2019-03-24T16:23:07+08:00 ] 106.75.64.59 GET /
[ info ] 47.94.91.189:443/ [运行时间：0.016979s][吞吐率：58.90req/s] [内存消耗：1,659.16kb] [文件加载：50]
[ info ] [ BEHAVIOR ] Run Closure @app_init [ RunTime:0.000019s ]
[ info ] [ CACHE ] INIT File
[ info ] [ BEHAVIOR ] Run Closure @app_init [ RunTime:0.001312s ]
[ info ] [ LANG ] /www/wwwroot/LaowuAdmin/thinkphp/lang/zh-cn.php
[ info ] [ ROUTE ] array (
  'type' => 'module',
  'module' => 
  array (
    0 => '',
    1 => NULL,
    2 => NULL,
  ),
)
[ info ] [ HEADER ] array (
  'host' => '47.94.91.189:443',
)
[ info ] [ PARAM ] array (
)
[ info ] [ LOG ] INIT File
---------------------------------------------------------------
[ 2019-03-24T16:23:07+08:00 ] 106.75.85.117 GET /
[ info ] 47.94.91.189/ [运行时间：0.015916s][吞吐率：62.83req/s] [内存消耗：1,661.55kb] [文件加载：50]
[ info ] [ BEHAVIOR ] Run Closure @app_init [ RunTime:0.000019s ]
[ info ] [ CACHE ] INIT File
[ info ] [ BEHAVIOR ] Run Closure @app_init [ RunTime:0.001369s ]
[ info ] [ LANG ] /www/wwwroot/LaowuAdmin/thinkphp/lang/zh-cn.php
[ info ] [ ROUTE ] array (
  'type' => 'module',
  'module' => 
  array (
    0 => '',
    1 => NULL,
    2 => NULL,
  ),
)
[ info ] [ HEADER ] array (
  'connection' => 'close',
  'accept-language' => 'zh-CN,zh;q=0.8',
  'accept-charset' => 'GBK,utf-8;q=0.7,*;q=0.3',
  'accept' => 'text/html,application/xhtml+xml,application/xml;q=0.9,*/*;q=0.8',
  'user-agent' => 'Mozilla/5.0 (Windows NT 6.1) AppleWebKit/537.36 (KHTML, like Gecko) Chrome/49.0.2623.112 Safari/537.36',
  'host' => '47.94.91.189',
)
[ info ] [ PARAM ] array (
)
[ info ] [ LOG ] INIT File
---------------------------------------------------------------
[ 2019-03-24T22:16:46+08:00 ] 113.26.90.123 GET /api/index/jing_yan
[ info ] laowu.weitongtianxia.cn/api/index/jing_yan [运行时间：0.031157s][吞吐率：32.10req/s] [内存消耗：3,002.10kb] [文件加载：68]
[ info ] [ BEHAVIOR ] Run Closure @app_init [ RunTime:0.000025s ]
[ info ] [ CACHE ] INIT File
[ info ] [ BEHAVIOR ] Run Closure @app_init [ RunTime:0.001372s ]
[ info ] [ LANG ] /www/wwwroot/LaowuAdmin/thinkphp/lang/zh-cn.php
[ info ] [ ROUTE ] array (
  'type' => 'module',
  'module' => 
  array (
    0 => 'api',
    1 => 'index',
    2 => 'jing_yan',
  ),
)
[ info ] [ HEADER ] array (
  'connection' => 'Keep-Alive',
  'host' => 'laowu.weitongtianxia.cn',
  'user-agent' => 'Mozilla/5.0 (Linux; Android 7.1.1; OPPO A83 Build/N6F26Q; wv) AppleWebKit/537.36 (KHTML, like Gecko) Version/4.0 Chrome/55.0.2883.91 Mobile Safari/537.36 MicroMessenger/7.0.3.1400(0x2700033B) Process/appbrand2 NetType/WIFI Language/zh_CN',
  'referer' => 'https://servicewechat.com/wxeb97c1fd7ede595a/5/page-frame.html',
  'accept-encoding' => 'gzip',
  'charset' => 'utf-8',
  'content-type' => 'application/json',
)
[ info ] [ PARAM ] array (
)
[ info ] [ LANG ] /www/wwwroot/LaowuAdmin/public/../application/api/lang/zh-cn.php
[ info ] [ BEHAVIOR ] Run app\common\behavior\Common @module_init [ RunTime:0.001414s ]
[ info ] [ RUN ] app\api\controller\Index->jing_yan[ /www/wwwroot/LaowuAdmin/application/api/controller/Index.php ]
[ info ] [ DB ] INIT mysql
[ info ] [ LOG ] INIT File
[ sql ] [ DB ] CONNECT:[ UseTime:0.000497s ] mysql:host=127.0.0.1;port=3306;dbname=gong_cheng;charset=utf8
[ sql ] [ SQL ] SHOW COLUMNS FROM `gc_experience` [ RunTime:0.001394s ]
[ sql ] [ SQL ] SELECT `id`,`experience` FROM `gc_experience` WHERE `gc_experience`.`delete_time` IS NULL [ RunTime:0.000297s ]
---------------------------------------------------------------
[ 2019-03-24T22:16:47+08:00 ] 113.26.90.123 GET /api/Index/index
[ info ] laowu.weitongtianxia.cn/api/Index/index [运行时间：0.055949s][吞吐率：17.87req/s] [内存消耗：2,976.17kb] [文件加载：66]
[ info ] [ BEHAVIOR ] Run Closure @app_init [ RunTime:0.000023s ]
[ info ] [ CACHE ] INIT File
[ info ] [ BEHAVIOR ] Run Closure @app_init [ RunTime:0.001345s ]
[ info ] [ LANG ] /www/wwwroot/LaowuAdmin/thinkphp/lang/zh-cn.php
[ info ] [ ROUTE ] array (
  'type' => 'module',
  'module' => 
  array (
    0 => 'api',
    1 => 'Index',
    2 => 'index',
  ),
)
[ info ] [ HEADER ] array (
  'connection' => 'Keep-Alive',
  'host' => 'laowu.weitongtianxia.cn',
  'user-agent' => 'Mozilla/5.0 (Linux; Android 7.1.1; OPPO A83 Build/N6F26Q; wv) AppleWebKit/537.36 (KHTML, like Gecko) Version/4.0 Chrome/55.0.2883.91 Mobile Safari/537.36 MicroMessenger/7.0.3.1400(0x2700033B) Process/appbrand2 NetType/WIFI Language/zh_CN',
  'referer' => 'https://servicewechat.com/wxeb97c1fd7ede595a/5/page-frame.html',
  'accept-encoding' => 'gzip',
  'charset' => 'utf-8',
  'content-type' => 'application/json',
)
[ info ] [ PARAM ] array (
)
[ info ] [ LANG ] /www/wwwroot/LaowuAdmin/public/../application/api/lang/zh-cn.php
[ info ] [ BEHAVIOR ] Run app\common\behavior\Common @module_init [ RunTime:0.001429s ]
[ info ] [ RUN ] app\api\controller\Index->index[ /www/wwwroot/LaowuAdmin/application/api/controller/Index.php ]
[ info ] [ DB ] INIT mysql
[ info ] [ LOG ] INIT File
[ sql ] [ DB ] CONNECT:[ UseTime:0.026636s ] mysql:host=127.0.0.1;port=3306;dbname=gong_cheng;charset=utf8
[ sql ] [ SQL ] SHOW COLUMNS FROM `gc_config` [ RunTime:0.001095s ]
[ sql ] [ SQL ] SELECT `name`,`value` FROM `gc_config` WHERE  `group` = 'weapp' [ RunTime:0.001605s ]
---------------------------------------------------------------
[ 2019-03-24T22:16:47+08:00 ] 113.26.90.123 GET /api/team/index?page=1
[ info ] laowu.weitongtianxia.cn/api/team/index?page=1 [运行时间：0.037733s][吞吐率：26.50req/s] [内存消耗：3,177.95kb] [文件加载：75]
[ info ] [ BEHAVIOR ] Run Closure @app_init [ RunTime:0.000033s ]
[ info ] [ CACHE ] INIT File
[ info ] [ BEHAVIOR ] Run Closure @app_init [ RunTime:0.001321s ]
[ info ] [ LANG ] /www/wwwroot/LaowuAdmin/thinkphp/lang/zh-cn.php
[ info ] [ ROUTE ] array (
  'type' => 'module',
  'module' => 
  array (
    0 => 'api',
    1 => 'team',
    2 => 'index',
  ),
)
[ info ] [ HEADER ] array (
  'connection' => 'Keep-Alive',
  'host' => 'laowu.weitongtianxia.cn',
  'user-agent' => 'Mozilla/5.0 (Linux; Android 7.1.1; OPPO A83 Build/N6F26Q; wv) AppleWebKit/537.36 (KHTML, like Gecko) Version/4.0 Chrome/55.0.2883.91 Mobile Safari/537.36 MicroMessenger/7.0.3.1400(0x2700033B) Process/appbrand2 NetType/WIFI Language/zh_CN',
  'referer' => 'https://servicewechat.com/wxeb97c1fd7ede595a/5/page-frame.html',
  'accept-encoding' => 'gzip',
  'charset' => 'utf-8',
  'content-type' => 'application/json',
)
[ info ] [ PARAM ] array (
  'page' => '1',
)
[ info ] [ LANG ] /www/wwwroot/LaowuAdmin/public/../application/api/lang/zh-cn.php
[ info ] [ BEHAVIOR ] Run app\common\behavior\Common @module_init [ RunTime:0.001603s ]
[ info ] [ RUN ] app\api\controller\Team->index[ /www/wwwroot/LaowuAdmin/application/api/controller/Team.php ]
[ info ] [ DB ] INIT mysql
[ info ] [ LOG ] INIT File
[ sql ] [ DB ] CONNECT:[ UseTime:0.003585s ] mysql:host=127.0.0.1;port=3306;dbname=gong_cheng;charset=utf8
[ sql ] [ SQL ] SHOW COLUMNS FROM `gc_team` [ RunTime:0.000962s ]
[ sql ] [ SQL ] SELECT COUNT(*) AS tp_count FROM `gc_team` WHERE  `status` = 1 LIMIT 1 [ RunTime:0.000237s ]
[ sql ] [ SQL ] SELECT * FROM `gc_team` WHERE  `status` = 1 LIMIT 0,10 [ RunTime:0.000365s ]
[ sql ] [ SQL ] SHOW COLUMNS FROM `gc_experience` [ RunTime:0.000756s ]
[ sql ] [ SQL ] SELECT * FROM `gc_experience` WHERE  `id` IN (6,40,35,36,45,31,44,30,32) [ RunTime:0.000270s ]
---------------------------------------------------------------
[ 2019-03-24T22:16:51+08:00 ] 113.26.90.123 GET /api/team/index?page=2
[ info ] laowu.weitongtianxia.cn/api/team/index?page=2 [运行时间：0.033476s][吞吐率：29.87req/s] [内存消耗：3,175.02kb] [文件加载：75]
[ info ] [ BEHAVIOR ] Run Closure @app_init [ RunTime:0.000023s ]
[ info ] [ CACHE ] INIT File
[ info ] [ BEHAVIOR ] Run Closure @app_init [ RunTime:0.001427s ]
[ info ] [ LANG ] /www/wwwroot/LaowuAdmin/thinkphp/lang/zh-cn.php
[ info ] [ ROUTE ] array (
  'type' => 'module',
  'module' => 
  array (
    0 => 'api',
    1 => 'team',
    2 => 'index',
  ),
)
[ info ] [ HEADER ] array (
  'connection' => 'Keep-Alive',
  'host' => 'laowu.weitongtianxia.cn',
  'user-agent' => 'Mozilla/5.0 (Linux; Android 7.1.1; OPPO A83 Build/N6F26Q; wv) AppleWebKit/537.36 (KHTML, like Gecko) Version/4.0 Chrome/55.0.2883.91 Mobile Safari/537.36 MicroMessenger/7.0.3.1400(0x2700033B) Process/appbrand2 NetType/WIFI Language/zh_CN',
  'referer' => 'https://servicewechat.com/wxeb97c1fd7ede595a/5/page-frame.html',
  'accept-encoding' => 'gzip',
  'charset' => 'utf-8',
  'content-type' => 'application/json',
)
[ info ] [ PARAM ] array (
  'page' => '2',
)
[ info ] [ LANG ] /www/wwwroot/LaowuAdmin/public/../application/api/lang/zh-cn.php
[ info ] [ BEHAVIOR ] Run app\common\behavior\Common @module_init [ RunTime:0.001390s ]
[ info ] [ RUN ] app\api\controller\Team->index[ /www/wwwroot/LaowuAdmin/application/api/controller/Team.php ]
[ info ] [ DB ] INIT mysql
[ info ] [ LOG ] INIT File
[ sql ] [ DB ] CONNECT:[ UseTime:0.000421s ] mysql:host=127.0.0.1;port=3306;dbname=gong_cheng;charset=utf8
[ sql ] [ SQL ] SHOW COLUMNS FROM `gc_team` [ RunTime:0.001190s ]
[ sql ] [ SQL ] SELECT COUNT(*) AS tp_count FROM `gc_team` WHERE  `status` = 1 LIMIT 1 [ RunTime:0.000273s ]
[ sql ] [ SQL ] SELECT * FROM `gc_team` WHERE  `status` = 1 LIMIT 10,10 [ RunTime:0.000344s ]
[ sql ] [ SQL ] SHOW COLUMNS FROM `gc_experience` [ RunTime:0.000726s ]
[ sql ] [ SQL ] SELECT * FROM `gc_experience` WHERE  `id` IN (31,36,46,43,32,47) [ RunTime:0.000294s ]
---------------------------------------------------------------
[ 2019-03-24T22:17:35+08:00 ] 113.26.90.123 GET /api/team/index?page=3
[ info ] laowu.weitongtianxia.cn/api/team/index?page=3 [运行时间：0.033019s][吞吐率：30.29req/s] [内存消耗：3,173.31kb] [文件加载：75]
[ info ] [ BEHAVIOR ] Run Closure @app_init [ RunTime:0.000022s ]
[ info ] [ CACHE ] INIT File
[ info ] [ BEHAVIOR ] Run Closure @app_init [ RunTime:0.001425s ]
[ info ] [ LANG ] /www/wwwroot/LaowuAdmin/thinkphp/lang/zh-cn.php
[ info ] [ ROUTE ] array (
  'type' => 'module',
  'module' => 
  array (
    0 => 'api',
    1 => 'team',
    2 => 'index',
  ),
)
[ info ] [ HEADER ] array (
  'connection' => 'Keep-Alive',
  'host' => 'laowu.weitongtianxia.cn',
  'user-agent' => 'Mozilla/5.0 (Linux; Android 7.1.1; OPPO A83 Build/N6F26Q; wv) AppleWebKit/537.36 (KHTML, like Gecko) Version/4.0 Chrome/55.0.2883.91 Mobile Safari/537.36 MicroMessenger/7.0.3.1400(0x2700033B) Process/appbrand2 NetType/WIFI Language/zh_CN',
  'referer' => 'https://servicewechat.com/wxeb97c1fd7ede595a/5/page-frame.html',
  'accept-encoding' => 'gzip',
  'charset' => 'utf-8',
  'content-type' => 'application/json',
)
[ info ] [ PARAM ] array (
  'page' => '3',
)
[ info ] [ LANG ] /www/wwwroot/LaowuAdmin/public/../application/api/lang/zh-cn.php
[ info ] [ BEHAVIOR ] Run app\common\behavior\Common @module_init [ RunTime:0.001356s ]
[ info ] [ RUN ] app\api\controller\Team->index[ /www/wwwroot/LaowuAdmin/application/api/controller/Team.php ]
[ info ] [ DB ] INIT mysql
[ info ] [ LOG ] INIT File
[ sql ] [ DB ] CONNECT:[ UseTime:0.000484s ] mysql:host=127.0.0.1;port=3306;dbname=gong_cheng;charset=utf8
[ sql ] [ SQL ] SHOW COLUMNS FROM `gc_team` [ RunTime:0.001012s ]
[ sql ] [ SQL ] SELECT COUNT(*) AS tp_count FROM `gc_team` WHERE  `status` = 1 LIMIT 1 [ RunTime:0.000266s ]
[ sql ] [ SQL ] SELECT * FROM `gc_team` WHERE  `status` = 1 LIMIT 20,10 [ RunTime:0.000339s ]
[ sql ] [ SQL ] SHOW COLUMNS FROM `gc_experience` [ RunTime:0.000719s ]
[ sql ] [ SQL ] SELECT * FROM `gc_experience` WHERE  `id` IN (32,38,41,39) [ RunTime:0.000262s ]
---------------------------------------------------------------
[ 2019-03-24T22:17:40+08:00 ] 113.26.90.123 GET /api/team/index?page=4
[ info ] laowu.weitongtianxia.cn/api/team/index?page=4 [运行时间：0.033804s][吞吐率：29.58req/s] [内存消耗：3,175.73kb] [文件加载：75]
[ info ] [ BEHAVIOR ] Run Closure @app_init [ RunTime:0.000024s ]
[ info ] [ CACHE ] INIT File
[ info ] [ BEHAVIOR ] Run Closure @app_init [ RunTime:0.001341s ]
[ info ] [ LANG ] /www/wwwroot/LaowuAdmin/thinkphp/lang/zh-cn.php
[ info ] [ ROUTE ] array (
  'type' => 'module',
  'module' => 
  array (
    0 => 'api',
    1 => 'team',
    2 => 'index',
  ),
)
[ info ] [ HEADER ] array (
  'connection' => 'Keep-Alive',
  'host' => 'laowu.weitongtianxia.cn',
  'user-agent' => 'Mozilla/5.0 (Linux; Android 7.1.1; OPPO A83 Build/N6F26Q; wv) AppleWebKit/537.36 (KHTML, like Gecko) Version/4.0 Chrome/55.0.2883.91 Mobile Safari/537.36 MicroMessenger/7.0.3.1400(0x2700033B) Process/appbrand2 NetType/WIFI Language/zh_CN',
  'referer' => 'https://servicewechat.com/wxeb97c1fd7ede595a/5/page-frame.html',
  'accept-encoding' => 'gzip',
  'charset' => 'utf-8',
  'content-type' => 'application/json',
)
[ info ] [ PARAM ] array (
  'page' => '4',
)
[ info ] [ LANG ] /www/wwwroot/LaowuAdmin/public/../application/api/lang/zh-cn.php
[ info ] [ BEHAVIOR ] Run app\common\behavior\Common @module_init [ RunTime:0.001384s ]
[ info ] [ RUN ] app\api\controller\Team->index[ /www/wwwroot/LaowuAdmin/application/api/controller/Team.php ]
[ info ] [ DB ] INIT mysql
[ info ] [ LOG ] INIT File
[ sql ] [ DB ] CONNECT:[ UseTime:0.000484s ] mysql:host=127.0.0.1;port=3306;dbname=gong_cheng;charset=utf8
[ sql ] [ SQL ] SHOW COLUMNS FROM `gc_team` [ RunTime:0.001054s ]
[ sql ] [ SQL ] SELECT COUNT(*) AS tp_count FROM `gc_team` WHERE  `status` = 1 LIMIT 1 [ RunTime:0.000301s ]
[ sql ] [ SQL ] SELECT * FROM `gc_team` WHERE  `status` = 1 LIMIT 30,10 [ RunTime:0.000345s ]
[ sql ] [ SQL ] SHOW COLUMNS FROM `gc_experience` [ RunTime:0.000805s ]
[ sql ] [ SQL ] SELECT * FROM `gc_experience` WHERE  `id` IN (31,32,40,36,35,39) [ RunTime:0.000241s ]
---------------------------------------------------------------
[ 2019-03-24T22:17:47+08:00 ] 113.26.90.123 GET /api/team/index?page=5
[ info ] laowu.weitongtianxia.cn/api/team/index?page=5 [运行时间：0.033771s][吞吐率：29.61req/s] [内存消耗：3,178.01kb] [文件加载：75]
[ info ] [ BEHAVIOR ] Run Closure @app_init [ RunTime:0.000023s ]
[ info ] [ CACHE ] INIT File
[ info ] [ BEHAVIOR ] Run Closure @app_init [ RunTime:0.001343s ]
[ info ] [ LANG ] /www/wwwroot/LaowuAdmin/thinkphp/lang/zh-cn.php
[ info ] [ ROUTE ] array (
  'type' => 'module',
  'module' => 
  array (
    0 => 'api',
    1 => 'team',
    2 => 'index',
  ),
)
[ info ] [ HEADER ] array (
  'connection' => 'Keep-Alive',
  'host' => 'laowu.weitongtianxia.cn',
  'user-agent' => 'Mozilla/5.0 (Linux; Android 7.1.1; OPPO A83 Build/N6F26Q; wv) AppleWebKit/537.36 (KHTML, like Gecko) Version/4.0 Chrome/55.0.2883.91 Mobile Safari/537.36 MicroMessenger/7.0.3.1400(0x2700033B) Process/appbrand2 NetType/WIFI Language/zh_CN',
  'referer' => 'https://servicewechat.com/wxeb97c1fd7ede595a/5/page-frame.html',
  'accept-encoding' => 'gzip',
  'charset' => 'utf-8',
  'content-type' => 'application/json',
)
[ info ] [ PARAM ] array (
  'page' => '5',
)
[ info ] [ LANG ] /www/wwwroot/LaowuAdmin/public/../application/api/lang/zh-cn.php
[ info ] [ BEHAVIOR ] Run app\common\behavior\Common @module_init [ RunTime:0.001402s ]
[ info ] [ RUN ] app\api\controller\Team->index[ /www/wwwroot/LaowuAdmin/application/api/controller/Team.php ]
[ info ] [ DB ] INIT mysql
[ info ] [ LOG ] INIT File
[ sql ] [ DB ] CONNECT:[ UseTime:0.000582s ] mysql:host=127.0.0.1;port=3306;dbname=gong_cheng;charset=utf8
[ sql ] [ SQL ] SHOW COLUMNS FROM `gc_team` [ RunTime:0.001049s ]
[ sql ] [ SQL ] SELECT COUNT(*) AS tp_count FROM `gc_team` WHERE  `status` = 1 LIMIT 1 [ RunTime:0.000290s ]
[ sql ] [ SQL ] SELECT * FROM `gc_team` WHERE  `status` = 1 LIMIT 40,10 [ RunTime:0.000341s ]
[ sql ] [ SQL ] SHOW COLUMNS FROM `gc_experience` [ RunTime:0.000768s ]
[ sql ] [ SQL ] SELECT * FROM `gc_experience` WHERE  `id` IN (36,47,48,39,38,41,32,34,37) [ RunTime:0.000244s ]
---------------------------------------------------------------
[ 2019-03-24T22:18:07+08:00 ] 113.26.90.123 GET /api/team/index?page=6
[ info ] laowu.weitongtianxia.cn/api/team/index?page=6 [运行时间：0.033012s][吞吐率：30.29req/s] [内存消耗：3,176.47kb] [文件加载：75]
[ info ] [ BEHAVIOR ] Run Closure @app_init [ RunTime:0.000020s ]
[ info ] [ CACHE ] INIT File
[ info ] [ BEHAVIOR ] Run Closure @app_init [ RunTime:0.001346s ]
[ info ] [ LANG ] /www/wwwroot/LaowuAdmin/thinkphp/lang/zh-cn.php
[ info ] [ ROUTE ] array (
  'type' => 'module',
  'module' => 
  array (
    0 => 'api',
    1 => 'team',
    2 => 'index',
  ),
)
[ info ] [ HEADER ] array (
  'connection' => 'Keep-Alive',
  'host' => 'laowu.weitongtianxia.cn',
  'user-agent' => 'Mozilla/5.0 (Linux; Android 7.1.1; OPPO A83 Build/N6F26Q; wv) AppleWebKit/537.36 (KHTML, like Gecko) Version/4.0 Chrome/55.0.2883.91 Mobile Safari/537.36 MicroMessenger/7.0.3.1400(0x2700033B) Process/appbrand2 NetType/WIFI Language/zh_CN',
  'referer' => 'https://servicewechat.com/wxeb97c1fd7ede595a/5/page-frame.html',
  'accept-encoding' => 'gzip',
  'charset' => 'utf-8',
  'content-type' => 'application/json',
)
[ info ] [ PARAM ] array (
  'page' => '6',
)
[ info ] [ LANG ] /www/wwwroot/LaowuAdmin/public/../application/api/lang/zh-cn.php
[ info ] [ BEHAVIOR ] Run app\common\behavior\Common @module_init [ RunTime:0.001527s ]
[ info ] [ RUN ] app\api\controller\Team->index[ /www/wwwroot/LaowuAdmin/application/api/controller/Team.php ]
[ info ] [ DB ] INIT mysql
[ info ] [ LOG ] INIT File
[ sql ] [ DB ] CONNECT:[ UseTime:0.000432s ] mysql:host=127.0.0.1;port=3306;dbname=gong_cheng;charset=utf8
[ sql ] [ SQL ] SHOW COLUMNS FROM `gc_team` [ RunTime:0.001032s ]
[ sql ] [ SQL ] SELECT COUNT(*) AS tp_count FROM `gc_team` WHERE  `status` = 1 LIMIT 1 [ RunTime:0.000272s ]
[ sql ] [ SQL ] SELECT * FROM `gc_team` WHERE  `status` = 1 LIMIT 50,10 [ RunTime:0.000323s ]
[ sql ] [ SQL ] SHOW COLUMNS FROM `gc_experience` [ RunTime:0.000733s ]
[ sql ] [ SQL ] SELECT * FROM `gc_experience` WHERE  `id` IN (38,45,39,37,36,33) [ RunTime:0.000230s ]
---------------------------------------------------------------
[ 2019-03-24T22:18:21+08:00 ] 113.26.90.123 GET /api/team/show?id=159
[ info ] laowu.weitongtianxia.cn/api/team/show?id=159 [运行时间：0.030779s][吞吐率：32.49req/s] [内存消耗：3,090.38kb] [文件加载：71]
[ info ] [ BEHAVIOR ] Run Closure @app_init [ RunTime:0.000020s ]
[ info ] [ CACHE ] INIT File
[ info ] [ BEHAVIOR ] Run Closure @app_init [ RunTime:0.001328s ]
[ info ] [ LANG ] /www/wwwroot/LaowuAdmin/thinkphp/lang/zh-cn.php
[ info ] [ ROUTE ] array (
  'type' => 'module',
  'module' => 
  array (
    0 => 'api',
    1 => 'team',
    2 => 'show',
  ),
)
[ info ] [ HEADER ] array (
  'connection' => 'Keep-Alive',
  'host' => 'laowu.weitongtianxia.cn',
  'user-agent' => 'Mozilla/5.0 (Linux; Android 7.1.1; OPPO A83 Build/N6F26Q; wv) AppleWebKit/537.36 (KHTML, like Gecko) Version/4.0 Chrome/55.0.2883.91 Mobile Safari/537.36 MicroMessenger/7.0.3.1400(0x2700033B) Process/appbrand2 NetType/WIFI Language/zh_CN',
  'referer' => 'https://servicewechat.com/wxeb97c1fd7ede595a/5/page-frame.html',
  'accept-encoding' => 'gzip',
  'charset' => 'utf-8',
  'content-type' => 'application/json',
)
[ info ] [ PARAM ] array (
  'id' => '159',
)
[ info ] [ LANG ] /www/wwwroot/LaowuAdmin/public/../application/api/lang/zh-cn.php
[ info ] [ BEHAVIOR ] Run app\common\behavior\Common @module_init [ RunTime:0.001447s ]
[ info ] [ RUN ] app\api\controller\Team->show[ /www/wwwroot/LaowuAdmin/application/api/controller/Team.php ]
[ info ] [ DB ] INIT mysql
[ info ] [ LOG ] INIT File
[ sql ] [ DB ] CONNECT:[ UseTime:0.000476s ] mysql:host=127.0.0.1;port=3306;dbname=gong_cheng;charset=utf8
[ sql ] [ SQL ] SHOW COLUMNS FROM `gc_team` [ RunTime:0.001056s ]
[ sql ] [ SQL ] SELECT * FROM `gc_team` WHERE  `status` = 1  AND `id` = 159 LIMIT 1 [ RunTime:0.000387s ]
[ sql ] [ SQL ] SHOW COLUMNS FROM `gc_experience` [ RunTime:0.000735s ]
[ sql ] [ SQL ] SELECT * FROM `gc_experience` WHERE  `id` = 36 [ RunTime:0.000228s ]
---------------------------------------------------------------
[ 2019-03-24T22:19:02+08:00 ] 113.26.90.123 GET /api/team/show?id=142
[ info ] laowu.weitongtianxia.cn/api/team/show?id=142 [运行时间：0.031177s][吞吐率：32.07req/s] [内存消耗：3,089.61kb] [文件加载：71]
[ info ] [ BEHAVIOR ] Run Closure @app_init [ RunTime:0.000021s ]
[ info ] [ CACHE ] INIT File
[ info ] [ BEHAVIOR ] Run Closure @app_init [ RunTime:0.001376s ]
[ info ] [ LANG ] /www/wwwroot/LaowuAdmin/thinkphp/lang/zh-cn.php
[ info ] [ ROUTE ] array (
  'type' => 'module',
  'module' => 
  array (
    0 => 'api',
    1 => 'team',
    2 => 'show',
  ),
)
[ info ] [ HEADER ] array (
  'connection' => 'Keep-Alive',
  'host' => 'laowu.weitongtianxia.cn',
  'user-agent' => 'Mozilla/5.0 (Linux; Android 7.1.1; OPPO A83 Build/N6F26Q; wv) AppleWebKit/537.36 (KHTML, like Gecko) Version/4.0 Chrome/55.0.2883.91 Mobile Safari/537.36 MicroMessenger/7.0.3.1400(0x2700033B) Process/appbrand2 NetType/WIFI Language/zh_CN',
  'referer' => 'https://servicewechat.com/wxeb97c1fd7ede595a/5/page-frame.html',
  'accept-encoding' => 'gzip',
  'charset' => 'utf-8',
  'content-type' => 'application/json',
)
[ info ] [ PARAM ] array (
  'id' => '142',
)
[ info ] [ LANG ] /www/wwwroot/LaowuAdmin/public/../application/api/lang/zh-cn.php
[ info ] [ BEHAVIOR ] Run app\common\behavior\Common @module_init [ RunTime:0.001380s ]
[ info ] [ RUN ] app\api\controller\Team->show[ /www/wwwroot/LaowuAdmin/application/api/controller/Team.php ]
[ info ] [ DB ] INIT mysql
[ info ] [ LOG ] INIT File
[ sql ] [ DB ] CONNECT:[ UseTime:0.000424s ] mysql:host=127.0.0.1;port=3306;dbname=gong_cheng;charset=utf8
[ sql ] [ SQL ] SHOW COLUMNS FROM `gc_team` [ RunTime:0.001027s ]
[ sql ] [ SQL ] SELECT * FROM `gc_team` WHERE  `status` = 1  AND `id` = 142 LIMIT 1 [ RunTime:0.000515s ]
[ sql ] [ SQL ] SHOW COLUMNS FROM `gc_experience` [ RunTime:0.000751s ]
[ sql ] [ SQL ] SELECT * FROM `gc_experience` WHERE  `id` = 35 [ RunTime:0.000296s ]
---------------------------------------------------------------
[ 2019-03-24T22:19:18+08:00 ] 113.26.90.123 GET /api/team/show?id=141
[ info ] laowu.weitongtianxia.cn/api/team/show?id=141 [运行时间：0.031145s][吞吐率：32.11req/s] [内存消耗：3,089.61kb] [文件加载：71]
[ info ] [ BEHAVIOR ] Run Closure @app_init [ RunTime:0.000019s ]
[ info ] [ CACHE ] INIT File
[ info ] [ BEHAVIOR ] Run Closure @app_init [ RunTime:0.001326s ]
[ info ] [ LANG ] /www/wwwroot/LaowuAdmin/thinkphp/lang/zh-cn.php
[ info ] [ ROUTE ] array (
  'type' => 'module',
  'module' => 
  array (
    0 => 'api',
    1 => 'team',
    2 => 'show',
  ),
)
[ info ] [ HEADER ] array (
  'connection' => 'Keep-Alive',
  'host' => 'laowu.weitongtianxia.cn',
  'user-agent' => 'Mozilla/5.0 (Linux; Android 7.1.1; OPPO A83 Build/N6F26Q; wv) AppleWebKit/537.36 (KHTML, like Gecko) Version/4.0 Chrome/55.0.2883.91 Mobile Safari/537.36 MicroMessenger/7.0.3.1400(0x2700033B) Process/appbrand2 NetType/WIFI Language/zh_CN',
  'referer' => 'https://servicewechat.com/wxeb97c1fd7ede595a/5/page-frame.html',
  'accept-encoding' => 'gzip',
  'charset' => 'utf-8',
  'content-type' => 'application/json',
)
[ info ] [ PARAM ] array (
  'id' => '141',
)
[ info ] [ LANG ] /www/wwwroot/LaowuAdmin/public/../application/api/lang/zh-cn.php
[ info ] [ BEHAVIOR ] Run app\common\behavior\Common @module_init [ RunTime:0.001385s ]
[ info ] [ RUN ] app\api\controller\Team->show[ /www/wwwroot/LaowuAdmin/application/api/controller/Team.php ]
[ info ] [ DB ] INIT mysql
[ info ] [ LOG ] INIT File
[ sql ] [ DB ] CONNECT:[ UseTime:0.000480s ] mysql:host=127.0.0.1;port=3306;dbname=gong_cheng;charset=utf8
[ sql ] [ SQL ] SHOW COLUMNS FROM `gc_team` [ RunTime:0.001014s ]
[ sql ] [ SQL ] SELECT * FROM `gc_team` WHERE  `status` = 1  AND `id` = 141 LIMIT 1 [ RunTime:0.000495s ]
[ sql ] [ SQL ] SHOW COLUMNS FROM `gc_experience` [ RunTime:0.000739s ]
[ sql ] [ SQL ] SELECT * FROM `gc_experience` WHERE  `id` = 31 [ RunTime:0.000227s ]
---------------------------------------------------------------
[ 2019-03-24T22:19:26+08:00 ] 113.26.90.123 GET /api/team/show?id=140
[ info ] laowu.weitongtianxia.cn/api/team/show?id=140 [运行时间：0.031810s][吞吐率：31.44req/s] [内存消耗：3,089.57kb] [文件加载：71]
[ info ] [ BEHAVIOR ] Run Closure @app_init [ RunTime:0.000022s ]
[ info ] [ CACHE ] INIT File
[ info ] [ BEHAVIOR ] Run Closure @app_init [ RunTime:0.001395s ]
[ info ] [ LANG ] /www/wwwroot/LaowuAdmin/thinkphp/lang/zh-cn.php
[ info ] [ ROUTE ] array (
  'type' => 'module',
  'module' => 
  array (
    0 => 'api',
    1 => 'team',
    2 => 'show',
  ),
)
[ info ] [ HEADER ] array (
  'connection' => 'Keep-Alive',
  'host' => 'laowu.weitongtianxia.cn',
  'user-agent' => 'Mozilla/5.0 (Linux; Android 7.1.1; OPPO A83 Build/N6F26Q; wv) AppleWebKit/537.36 (KHTML, like Gecko) Version/4.0 Chrome/55.0.2883.91 Mobile Safari/537.36 MicroMessenger/7.0.3.1400(0x2700033B) Process/appbrand2 NetType/WIFI Language/zh_CN',
  'referer' => 'https://servicewechat.com/wxeb97c1fd7ede595a/5/page-frame.html',
  'accept-encoding' => 'gzip',
  'charset' => 'utf-8',
  'content-type' => 'application/json',
)
[ info ] [ PARAM ] array (
  'id' => '140',
)
[ info ] [ LANG ] /www/wwwroot/LaowuAdmin/public/../application/api/lang/zh-cn.php
[ info ] [ BEHAVIOR ] Run app\common\behavior\Common @module_init [ RunTime:0.001361s ]
[ info ] [ RUN ] app\api\controller\Team->show[ /www/wwwroot/LaowuAdmin/application/api/controller/Team.php ]
[ info ] [ DB ] INIT mysql
[ info ] [ LOG ] INIT File
[ sql ] [ DB ] CONNECT:[ UseTime:0.000438s ] mysql:host=127.0.0.1;port=3306;dbname=gong_cheng;charset=utf8
[ sql ] [ SQL ] SHOW COLUMNS FROM `gc_team` [ RunTime:0.001032s ]
[ sql ] [ SQL ] SELECT * FROM `gc_team` WHERE  `status` = 1  AND `id` = 140 LIMIT 1 [ RunTime:0.000517s ]
[ sql ] [ SQL ] SHOW COLUMNS FROM `gc_experience` [ RunTime:0.000751s ]
[ sql ] [ SQL ] SELECT * FROM `gc_experience` WHERE  `id` = 36 [ RunTime:0.000229s ]
---------------------------------------------------------------
[ 2019-03-24T22:19:33+08:00 ] 113.26.90.123 GET /api/team/show?id=138
[ info ] laowu.weitongtianxia.cn/api/team/show?id=138 [运行时间：0.031808s][吞吐率：31.44req/s] [内存消耗：3,089.88kb] [文件加载：71]
[ info ] [ BEHAVIOR ] Run Closure @app_init [ RunTime:0.000021s ]
[ info ] [ CACHE ] INIT File
[ info ] [ BEHAVIOR ] Run Closure @app_init [ RunTime:0.001402s ]
[ info ] [ LANG ] /www/wwwroot/LaowuAdmin/thinkphp/lang/zh-cn.php
[ info ] [ ROUTE ] array (
  'type' => 'module',
  'module' => 
  array (
    0 => 'api',
    1 => 'team',
    2 => 'show',
  ),
)
[ info ] [ HEADER ] array (
  'connection' => 'Keep-Alive',
  'host' => 'laowu.weitongtianxia.cn',
  'user-agent' => 'Mozilla/5.0 (Linux; Android 7.1.1; OPPO A83 Build/N6F26Q; wv) AppleWebKit/537.36 (KHTML, like Gecko) Version/4.0 Chrome/55.0.2883.91 Mobile Safari/537.36 MicroMessenger/7.0.3.1400(0x2700033B) Process/appbrand2 NetType/WIFI Language/zh_CN',
  'referer' => 'https://servicewechat.com/wxeb97c1fd7ede595a/5/page-frame.html',
  'accept-encoding' => 'gzip',
  'charset' => 'utf-8',
  'content-type' => 'application/json',
)
[ info ] [ PARAM ] array (
  'id' => '138',
)
[ info ] [ LANG ] /www/wwwroot/LaowuAdmin/public/../application/api/lang/zh-cn.php
[ info ] [ BEHAVIOR ] Run app\common\behavior\Common @module_init [ RunTime:0.001379s ]
[ info ] [ RUN ] app\api\controller\Team->show[ /www/wwwroot/LaowuAdmin/application/api/controller/Team.php ]
[ info ] [ DB ] INIT mysql
[ info ] [ LOG ] INIT File
[ sql ] [ DB ] CONNECT:[ UseTime:0.000443s ] mysql:host=127.0.0.1;port=3306;dbname=gong_cheng;charset=utf8
[ sql ] [ SQL ] SHOW COLUMNS FROM `gc_team` [ RunTime:0.001076s ]
[ sql ] [ SQL ] SELECT * FROM `gc_team` WHERE  `status` = 1  AND `id` = 138 LIMIT 1 [ RunTime:0.000525s ]
[ sql ] [ SQL ] SHOW COLUMNS FROM `gc_experience` [ RunTime:0.000751s ]
[ sql ] [ SQL ] SELECT * FROM `gc_experience` WHERE  `id` = 36 [ RunTime:0.000230s ]
---------------------------------------------------------------
[ 2019-03-24T22:19:45+08:00 ] 113.26.90.123 GET /api/team/show?id=134
[ info ] laowu.weitongtianxia.cn/api/team/show?id=134 [运行时间：0.030872s][吞吐率：32.39req/s] [内存消耗：3,089.74kb] [文件加载：71]
[ info ] [ BEHAVIOR ] Run Closure @app_init [ RunTime:0.000022s ]
[ info ] [ CACHE ] INIT File
[ info ] [ BEHAVIOR ] Run Closure @app_init [ RunTime:0.001319s ]
[ info ] [ LANG ] /www/wwwroot/LaowuAdmin/thinkphp/lang/zh-cn.php
[ info ] [ ROUTE ] array (
  'type' => 'module',
  'module' => 
  array (
    0 => 'api',
    1 => 'team',
    2 => 'show',
  ),
)
[ info ] [ HEADER ] array (
  'connection' => 'Keep-Alive',
  'host' => 'laowu.weitongtianxia.cn',
  'user-agent' => 'Mozilla/5.0 (Linux; Android 7.1.1; OPPO A83 Build/N6F26Q; wv) AppleWebKit/537.36 (KHTML, like Gecko) Version/4.0 Chrome/55.0.2883.91 Mobile Safari/537.36 MicroMessenger/7.0.3.1400(0x2700033B) Process/appbrand2 NetType/WIFI Language/zh_CN',
  'referer' => 'https://servicewechat.com/wxeb97c1fd7ede595a/5/page-frame.html',
  'accept-encoding' => 'gzip',
  'charset' => 'utf-8',
  'content-type' => 'application/json',
)
[ info ] [ PARAM ] array (
  'id' => '134',
)
[ info ] [ LANG ] /www/wwwroot/LaowuAdmin/public/../application/api/lang/zh-cn.php
[ info ] [ BEHAVIOR ] Run app\common\behavior\Common @module_init [ RunTime:0.001375s ]
[ info ] [ RUN ] app\api\controller\Team->show[ /www/wwwroot/LaowuAdmin/application/api/controller/Team.php ]
[ info ] [ DB ] INIT mysql
[ info ] [ LOG ] INIT File
[ sql ] [ DB ] CONNECT:[ UseTime:0.000428s ] mysql:host=127.0.0.1;port=3306;dbname=gong_cheng;charset=utf8
[ sql ] [ SQL ] SHOW COLUMNS FROM `gc_team` [ RunTime:0.001029s ]
[ sql ] [ SQL ] SELECT * FROM `gc_team` WHERE  `status` = 1  AND `id` = 134 LIMIT 1 [ RunTime:0.000526s ]
[ sql ] [ SQL ] SHOW COLUMNS FROM `gc_experience` [ RunTime:0.000739s ]
[ sql ] [ SQL ] SELECT * FROM `gc_experience` WHERE  `id` = 38 [ RunTime:0.000225s ]
