---------------------------------------------------------------
[ 2018-09-29T01:16:30+08:00 ] 139.162.116.133 GET /
[ info ] 47.94.91.189/ [运行时间：0.098497s][吞吐率：10.15req/s] [内存消耗：1,659.84kb] [文件加载：50]
[ info ] [ BEHAVIOR ] Run Closure @app_init [ RunTime:0.000540s ]
[ info ] [ CACHE ] INIT File
[ info ] [ BEHAVIOR ] Run Closure @app_init [ RunTime:0.063385s ]
[ info ] [ LANG ] /www/wwwroot/LaowuAdmin/thinkphp/lang/zh-cn.php
[ info ] [ ROUTE ] array (
  'type' => 'module',
  'module' => 
  array (
    0 => '',
    1 => NULL,
    2 => NULL,
  ),
)
[ info ] [ HEADER ] array (
  'connection' => 'close',
  'user-agent' => 'Go-http-client/1.1',
  'host' => '47.94.91.189',
)
[ info ] [ PARAM ] array (
)
[ info ] [ LOG ] INIT File
---------------------------------------------------------------
[ 2018-09-29T02:33:01+08:00 ] 172.104.30.71 GET /
[ info ] 47.94.91.189:443/ [运行时间：0.094775s][吞吐率：10.55req/s] [内存消耗：1,660.84kb] [文件加载：50]
[ info ] [ BEHAVIOR ] Run Closure @app_init [ RunTime:0.000552s ]
[ info ] [ CACHE ] INIT File
[ info ] [ BEHAVIOR ] Run Closure @app_init [ RunTime:0.057325s ]
[ info ] [ LANG ] /www/wwwroot/LaowuAdmin/thinkphp/lang/zh-cn.php
[ info ] [ ROUTE ] array (
  'type' => 'module',
  'module' => 
  array (
    0 => '',
    1 => NULL,
    2 => NULL,
  ),
)
[ info ] [ HEADER ] array (
  'accept-encoding' => 'gzip',
  'accept' => '*/*',
  'user-agent' => 'Mozilla/5.0 (Windows NT 10.0; WOW64) AppleWebKit/537.36 (KHTML, like Gecko) Chrome/66.0.3359.117 Safari/537.36',
  'host' => '47.94.91.189:443',
)
[ info ] [ PARAM ] array (
)
[ info ] [ LOG ] INIT File
---------------------------------------------------------------
[ 2018-09-29T03:30:20+08:00 ] 183.60.210.52 GET /
[ info ] 47.94.91.189/ [运行时间：0.082765s][吞吐率：12.08req/s] [内存消耗：1,660.94kb] [文件加载：50]
[ info ] [ BEHAVIOR ] Run Closure @app_init [ RunTime:0.000731s ]
[ info ] [ CACHE ] INIT File
[ info ] [ BEHAVIOR ] Run Closure @app_init [ RunTime:0.003447s ]
[ info ] [ LANG ] /www/wwwroot/LaowuAdmin/thinkphp/lang/zh-cn.php
[ info ] [ ROUTE ] array (
  'type' => 'module',
  'module' => 
  array (
    0 => '',
    1 => NULL,
    2 => NULL,
  ),
)
[ info ] [ HEADER ] array (
  'host' => '47.94.91.189',
  'user-agent' => 'Mozilla/4.0 (compatible; MSIE 9.0; Windows NT 6.1)',
  'referer' => 'https://47.94.91.189',
  'accept-language' => 'zh-cn',
  'accept' => '*/*',
  'connection' => 'Keep-Alive',
)
[ info ] [ PARAM ] array (
)
[ info ] [ LOG ] INIT File
---------------------------------------------------------------
[ 2018-09-29T04:30:42+08:00 ] 140.205.205.25 HEAD /
[ info ] laowu.weitongtianxia.cn:443/ [运行时间：0.024923s][吞吐率：40.12req/s] [内存消耗：1,660.09kb] [文件加载：50]
[ info ] [ BEHAVIOR ] Run Closure @app_init [ RunTime:0.000025s ]
[ info ] [ CACHE ] INIT File
[ info ] [ BEHAVIOR ] Run Closure @app_init [ RunTime:0.002158s ]
[ info ] [ LANG ] /www/wwwroot/LaowuAdmin/thinkphp/lang/zh-cn.php
[ info ] [ ROUTE ] array (
  'type' => 'module',
  'module' => 
  array (
    0 => '',
    1 => NULL,
    2 => NULL,
  ),
)
[ info ] [ HEADER ] array (
  'connection' => 'close',
  'user-agent' => 'Go-http-client/1.1',
  'host' => 'laowu.weitongtianxia.cn:443',
)
[ info ] [ PARAM ] array (
)
[ info ] [ LOG ] INIT File
---------------------------------------------------------------
[ 2018-09-29T04:31:03+08:00 ] 60.191.38.77 GET /
[ info ] 47.94.91.189:443/ [运行时间：0.016281s][吞吐率：61.42req/s] [内存消耗：1,660.53kb] [文件加载：50]
[ info ] [ BEHAVIOR ] Run Closure @app_init [ RunTime:0.000047s ]
[ info ] [ CACHE ] INIT File
[ info ] [ BEHAVIOR ] Run Closure @app_init [ RunTime:0.001240s ]
[ info ] [ LANG ] /www/wwwroot/LaowuAdmin/thinkphp/lang/zh-cn.php
[ info ] [ ROUTE ] array (
  'type' => 'module',
  'module' => 
  array (
    0 => '',
    1 => NULL,
    2 => NULL,
  ),
)
[ info ] [ HEADER ] array (
  'connection' => 'keep-alive',
  'accept' => '*/*',
  'user-agent' => 'Mozilla/5.0 (Macintosh; Intel Mac OS X 10.11; rv:47.0) Gecko/20100101 Firefox/47.0',
  'host' => '47.94.91.189:443',
)
[ info ] [ PARAM ] array (
)
[ info ] [ LOG ] INIT File
---------------------------------------------------------------
[ 2018-09-29T07:26:02+08:00 ] 222.186.31.27 GET /
[ info ] 47.94.91.189/ [运行时间：0.093437s][吞吐率：10.70req/s] [内存消耗：1,660.94kb] [文件加载：50]
[ info ] [ BEHAVIOR ] Run Closure @app_init [ RunTime:0.000560s ]
[ info ] [ CACHE ] INIT File
[ info ] [ BEHAVIOR ] Run Closure @app_init [ RunTime:0.002934s ]
[ info ] [ LANG ] /www/wwwroot/LaowuAdmin/thinkphp/lang/zh-cn.php
[ info ] [ ROUTE ] array (
  'type' => 'module',
  'module' => 
  array (
    0 => '',
    1 => NULL,
    2 => NULL,
  ),
)
[ info ] [ HEADER ] array (
  'host' => '47.94.91.189',
  'user-agent' => 'Mozilla/4.0 (compatible; MSIE 9.0; Windows NT 6.1)',
  'referer' => 'https://47.94.91.189',
  'accept-language' => 'zh-cn',
  'accept' => '*/*',
  'connection' => 'Keep-Alive',
)
[ info ] [ PARAM ] array (
)
[ info ] [ LOG ] INIT File
---------------------------------------------------------------
[ 2018-09-29T07:26:02+08:00 ] 183.60.210.46 GET /
[ info ] 47.94.91.189/ [运行时间：0.017407s][吞吐率：57.45req/s] [内存消耗：1,660.94kb] [文件加载：50]
[ info ] [ BEHAVIOR ] Run Closure @app_init [ RunTime:0.000053s ]
[ info ] [ CACHE ] INIT File
[ info ] [ BEHAVIOR ] Run Closure @app_init [ RunTime:0.001384s ]
[ info ] [ LANG ] /www/wwwroot/LaowuAdmin/thinkphp/lang/zh-cn.php
[ info ] [ ROUTE ] array (
  'type' => 'module',
  'module' => 
  array (
    0 => '',
    1 => NULL,
    2 => NULL,
  ),
)
[ info ] [ HEADER ] array (
  'host' => '47.94.91.189',
  'user-agent' => 'Mozilla/4.0 (compatible; MSIE 9.0; Windows NT 6.1)',
  'referer' => 'https://47.94.91.189',
  'accept-language' => 'zh-cn',
  'accept' => '*/*',
  'connection' => 'Keep-Alive',
)
[ info ] [ PARAM ] array (
)
[ info ] [ LOG ] INIT File
---------------------------------------------------------------
[ 2018-09-29T08:27:05+08:00 ] 221.205.183.120 GET /api/index/jing_yan
[ info ] laowu.weitongtianxia.cn/api/index/jing_yan [运行时间：0.354787s][吞吐率：2.82req/s] [内存消耗：2,999.64kb] [文件加载：68]
[ info ] [ BEHAVIOR ] Run Closure @app_init [ RunTime:0.000030s ]
[ info ] [ CACHE ] INIT File
[ info ] [ BEHAVIOR ] Run Closure @app_init [ RunTime:0.030229s ]
[ info ] [ LANG ] /www/wwwroot/LaowuAdmin/thinkphp/lang/zh-cn.php
[ info ] [ ROUTE ] array (
  'type' => 'module',
  'module' => 
  array (
    0 => 'api',
    1 => 'index',
    2 => 'jing_yan',
  ),
)
[ info ] [ HEADER ] array (
  'connection' => 'Keep-Alive',
  'host' => 'laowu.weitongtianxia.cn',
  'user-agent' => 'Mozilla/5.0 (Linux; Android 7.1.1; vivo X20A Build/NMF26X; wv) AppleWebKit/537.36 (KHTML, like Gecko) Version/4.0 Chrome/55.0.2883.91 Mobile Safari/537.36 MicroMessenger/6.7.2.1340(0x2607023A) NetType/WIFI Language/zh_CN',
  'referer' => 'https://servicewechat.com/wxeb97c1fd7ede595a/1/page-frame.html',
  'accept-encoding' => 'gzip',
  'charset' => 'utf-8',
  'content-type' => 'application/json',
)
[ info ] [ PARAM ] array (
)
[ info ] [ LANG ] /www/wwwroot/LaowuAdmin/public/../application/api/lang/zh-cn.php
[ info ] [ BEHAVIOR ] Run app\common\behavior\Common @module_init [ RunTime:0.014218s ]
[ info ] [ RUN ] app\api\controller\Index->jing_yan[ /www/wwwroot/LaowuAdmin/application/api/controller/Index.php ]
[ info ] [ DB ] INIT mysql
[ info ] [ LOG ] INIT File
[ sql ] [ DB ] CONNECT:[ UseTime:0.007614s ] mysql:host=127.0.0.1;port=3306;dbname=gong_cheng;charset=utf8
[ sql ] [ SQL ] SHOW COLUMNS FROM `gc_experience` [ RunTime:0.082460s ]
[ sql ] [ SQL ] SELECT `id`,`experience` FROM `gc_experience` WHERE `gc_experience`.`delete_time` IS NULL [ RunTime:0.000292s ]
---------------------------------------------------------------
[ 2018-09-29T08:27:05+08:00 ] 221.205.183.120 GET /api/team/index?page=1
[ info ] laowu.weitongtianxia.cn/api/team/index?page=1 [运行时间：0.062124s][吞吐率：16.10req/s] [内存消耗：3,167.91kb] [文件加载：75]
[ info ] [ BEHAVIOR ] Run Closure @app_init [ RunTime:0.000049s ]
[ info ] [ CACHE ] INIT File
[ info ] [ BEHAVIOR ] Run Closure @app_init [ RunTime:0.001323s ]
[ info ] [ LANG ] /www/wwwroot/LaowuAdmin/thinkphp/lang/zh-cn.php
[ info ] [ ROUTE ] array (
  'type' => 'module',
  'module' => 
  array (
    0 => 'api',
    1 => 'team',
    2 => 'index',
  ),
)
[ info ] [ HEADER ] array (
  'connection' => 'Keep-Alive',
  'host' => 'laowu.weitongtianxia.cn',
  'user-agent' => 'Mozilla/5.0 (Linux; Android 7.1.1; vivo X20A Build/NMF26X; wv) AppleWebKit/537.36 (KHTML, like Gecko) Version/4.0 Chrome/55.0.2883.91 Mobile Safari/537.36 MicroMessenger/6.7.2.1340(0x2607023A) NetType/WIFI Language/zh_CN',
  'referer' => 'https://servicewechat.com/wxeb97c1fd7ede595a/1/page-frame.html',
  'accept-encoding' => 'gzip',
  'charset' => 'utf-8',
  'content-type' => 'application/json',
)
[ info ] [ PARAM ] array (
  'page' => '1',
)
[ info ] [ LANG ] /www/wwwroot/LaowuAdmin/public/../application/api/lang/zh-cn.php
[ info ] [ BEHAVIOR ] Run app\common\behavior\Common @module_init [ RunTime:0.001444s ]
[ info ] [ RUN ] app\api\controller\Team->index[ /www/wwwroot/LaowuAdmin/application/api/controller/Team.php ]
[ info ] [ DB ] INIT mysql
[ info ] [ LOG ] INIT File
[ sql ] [ DB ] CONNECT:[ UseTime:0.000688s ] mysql:host=127.0.0.1;port=3306;dbname=gong_cheng;charset=utf8
[ sql ] [ SQL ] SHOW COLUMNS FROM `gc_team` [ RunTime:0.012789s ]
[ sql ] [ SQL ] SELECT COUNT(*) AS tp_count FROM `gc_team` LIMIT 1 [ RunTime:0.000284s ]
[ sql ] [ SQL ] SELECT * FROM `gc_team` LIMIT 0,10 [ RunTime:0.000281s ]
[ sql ] [ SQL ] SHOW COLUMNS FROM `gc_experience` [ RunTime:0.000790s ]
[ sql ] [ SQL ] SELECT * FROM `gc_experience` WHERE  `id` IN (3) [ RunTime:0.000272s ]
---------------------------------------------------------------
[ 2018-09-29T08:27:05+08:00 ] 221.205.183.120 GET /api/Index/index
[ info ] laowu.weitongtianxia.cn/api/Index/index [运行时间：0.037297s][吞吐率：26.81req/s] [内存消耗：2,976.05kb] [文件加载：66]
[ info ] [ BEHAVIOR ] Run Closure @app_init [ RunTime:0.000046s ]
[ info ] [ CACHE ] INIT File
[ info ] [ BEHAVIOR ] Run Closure @app_init [ RunTime:0.001284s ]
[ info ] [ LANG ] /www/wwwroot/LaowuAdmin/thinkphp/lang/zh-cn.php
[ info ] [ ROUTE ] array (
  'type' => 'module',
  'module' => 
  array (
    0 => 'api',
    1 => 'Index',
    2 => 'index',
  ),
)
[ info ] [ HEADER ] array (
  'connection' => 'Keep-Alive',
  'host' => 'laowu.weitongtianxia.cn',
  'user-agent' => 'Mozilla/5.0 (Linux; Android 7.1.1; vivo X20A Build/NMF26X; wv) AppleWebKit/537.36 (KHTML, like Gecko) Version/4.0 Chrome/55.0.2883.91 Mobile Safari/537.36 MicroMessenger/6.7.2.1340(0x2607023A) NetType/WIFI Language/zh_CN',
  'referer' => 'https://servicewechat.com/wxeb97c1fd7ede595a/1/page-frame.html',
  'accept-encoding' => 'gzip',
  'charset' => 'utf-8',
  'content-type' => 'application/json',
)
[ info ] [ PARAM ] array (
)
[ info ] [ LANG ] /www/wwwroot/LaowuAdmin/public/../application/api/lang/zh-cn.php
[ info ] [ BEHAVIOR ] Run app\common\behavior\Common @module_init [ RunTime:0.001508s ]
[ info ] [ RUN ] app\api\controller\Index->index[ /www/wwwroot/LaowuAdmin/application/api/controller/Index.php ]
[ info ] [ DB ] INIT mysql
[ info ] [ LOG ] INIT File
[ sql ] [ DB ] CONNECT:[ UseTime:0.000575s ] mysql:host=127.0.0.1;port=3306;dbname=gong_cheng;charset=utf8
[ sql ] [ SQL ] SHOW COLUMNS FROM `gc_config` [ RunTime:0.000988s ]
[ sql ] [ SQL ] SELECT `name`,`value` FROM `gc_config` WHERE  `group` = 'weapp' [ RunTime:0.000282s ]
---------------------------------------------------------------
[ 2018-09-29T11:14:44+08:00 ] 222.186.31.27 GET /
[ info ] 47.94.91.189/ [运行时间：0.247101s][吞吐率：4.05req/s] [内存消耗：1,660.94kb] [文件加载：50]
[ info ] [ BEHAVIOR ] Run Closure @app_init [ RunTime:0.000603s ]
[ info ] [ CACHE ] INIT File
[ info ] [ BEHAVIOR ] Run Closure @app_init [ RunTime:0.016951s ]
[ info ] [ LANG ] /www/wwwroot/LaowuAdmin/thinkphp/lang/zh-cn.php
[ info ] [ ROUTE ] array (
  'type' => 'module',
  'module' => 
  array (
    0 => '',
    1 => NULL,
    2 => NULL,
  ),
)
[ info ] [ HEADER ] array (
  'host' => '47.94.91.189',
  'user-agent' => 'Mozilla/4.0 (compatible; MSIE 9.0; Windows NT 6.1)',
  'referer' => 'https://47.94.91.189',
  'accept-language' => 'zh-cn',
  'accept' => '*/*',
  'connection' => 'Keep-Alive',
)
[ info ] [ PARAM ] array (
)
[ info ] [ LOG ] INIT File
---------------------------------------------------------------
[ 2018-09-29T12:55:09+08:00 ] 221.205.183.120 GET /api/index/jing_yan
[ info ] laowu.weitongtianxia.cn/api/index/jing_yan [运行时间：0.427616s][吞吐率：2.34req/s] [内存消耗：3,000.02kb] [文件加载：68]
[ info ] [ BEHAVIOR ] Run Closure @app_init [ RunTime:0.000516s ]
[ info ] [ CACHE ] INIT File
[ info ] [ BEHAVIOR ] Run Closure @app_init [ RunTime:0.079892s ]
[ info ] [ LANG ] /www/wwwroot/LaowuAdmin/thinkphp/lang/zh-cn.php
[ info ] [ ROUTE ] array (
  'type' => 'module',
  'module' => 
  array (
    0 => 'api',
    1 => 'index',
    2 => 'jing_yan',
  ),
)
[ info ] [ HEADER ] array (
  'connection' => 'Keep-Alive',
  'host' => 'laowu.weitongtianxia.cn',
  'user-agent' => 'Mozilla/5.0 (Linux; Android 7.1.1; vivo X20Plus A Build/NMF26X; wv) AppleWebKit/537.36 (KHTML, like Gecko) Version/4.0 Chrome/53.0.2785.143 Crosswalk/24.53.595.0 XWEB/257 MMWEBSDK/21 Mobile Safari/537.36 MicroMessenger/6.6.7.1321(0x26060739) NetType/WIFI Language/zh_CN MicroMessenger/6.6.7.1321(0x26060739) NetType/WIFI Language/zh_CN',
  'referer' => 'https://servicewechat.com/wxeb97c1fd7ede595a/1/page-frame.html',
  'accept-encoding' => 'gzip',
  'charset' => 'utf-8',
  'content-type' => 'application/json',
)
[ info ] [ PARAM ] array (
)
[ info ] [ LANG ] /www/wwwroot/LaowuAdmin/public/../application/api/lang/zh-cn.php
[ info ] [ BEHAVIOR ] Run app\common\behavior\Common @module_init [ RunTime:0.004517s ]
[ info ] [ RUN ] app\api\controller\Index->jing_yan[ /www/wwwroot/LaowuAdmin/application/api/controller/Index.php ]
[ info ] [ DB ] INIT mysql
[ info ] [ LOG ] INIT File
[ sql ] [ DB ] CONNECT:[ UseTime:0.007956s ] mysql:host=127.0.0.1;port=3306;dbname=gong_cheng;charset=utf8
[ sql ] [ SQL ] SHOW COLUMNS FROM `gc_experience` [ RunTime:0.081595s ]
[ sql ] [ SQL ] SELECT `id`,`experience` FROM `gc_experience` WHERE `gc_experience`.`delete_time` IS NULL [ RunTime:0.000383s ]
---------------------------------------------------------------
[ 2018-09-29T12:55:09+08:00 ] 221.205.183.120 GET /api/Index/index
[ info ] laowu.weitongtianxia.cn/api/Index/index [运行时间：0.048737s][吞吐率：20.52req/s] [内存消耗：2,976.42kb] [文件加载：66]
[ info ] [ BEHAVIOR ] Run Closure @app_init [ RunTime:0.000048s ]
[ info ] [ CACHE ] INIT File
[ info ] [ BEHAVIOR ] Run Closure @app_init [ RunTime:0.001270s ]
[ info ] [ LANG ] /www/wwwroot/LaowuAdmin/thinkphp/lang/zh-cn.php
[ info ] [ ROUTE ] array (
  'type' => 'module',
  'module' => 
  array (
    0 => 'api',
    1 => 'Index',
    2 => 'index',
  ),
)
[ info ] [ HEADER ] array (
  'connection' => 'Keep-Alive',
  'host' => 'laowu.weitongtianxia.cn',
  'user-agent' => 'Mozilla/5.0 (Linux; Android 7.1.1; vivo X20Plus A Build/NMF26X; wv) AppleWebKit/537.36 (KHTML, like Gecko) Version/4.0 Chrome/53.0.2785.143 Crosswalk/24.53.595.0 XWEB/257 MMWEBSDK/21 Mobile Safari/537.36 MicroMessenger/6.6.7.1321(0x26060739) NetType/WIFI Language/zh_CN MicroMessenger/6.6.7.1321(0x26060739) NetType/WIFI Language/zh_CN',
  'referer' => 'https://servicewechat.com/wxeb97c1fd7ede595a/1/page-frame.html',
  'accept-encoding' => 'gzip',
  'charset' => 'utf-8',
  'content-type' => 'application/json',
)
[ info ] [ PARAM ] array (
)
[ info ] [ LANG ] /www/wwwroot/LaowuAdmin/public/../application/api/lang/zh-cn.php
[ info ] [ BEHAVIOR ] Run app\common\behavior\Common @module_init [ RunTime:0.001386s ]
[ info ] [ RUN ] app\api\controller\Index->index[ /www/wwwroot/LaowuAdmin/application/api/controller/Index.php ]
[ info ] [ DB ] INIT mysql
[ info ] [ LOG ] INIT File
[ sql ] [ DB ] CONNECT:[ UseTime:0.012655s ] mysql:host=127.0.0.1;port=3306;dbname=gong_cheng;charset=utf8
[ sql ] [ SQL ] SHOW COLUMNS FROM `gc_config` [ RunTime:0.002444s ]
[ sql ] [ SQL ] SELECT `name`,`value` FROM `gc_config` WHERE  `group` = 'weapp' [ RunTime:0.000307s ]
---------------------------------------------------------------
[ 2018-09-29T12:55:09+08:00 ] 221.205.183.120 GET /api/team/index?page=1
[ info ] laowu.weitongtianxia.cn/api/team/index?page=1 [运行时间：0.071363s][吞吐率：14.01req/s] [内存消耗：3,168.28kb] [文件加载：75]
[ info ] [ BEHAVIOR ] Run Closure @app_init [ RunTime:0.000047s ]
[ info ] [ CACHE ] INIT File
[ info ] [ BEHAVIOR ] Run Closure @app_init [ RunTime:0.001241s ]
[ info ] [ LANG ] /www/wwwroot/LaowuAdmin/thinkphp/lang/zh-cn.php
[ info ] [ ROUTE ] array (
  'type' => 'module',
  'module' => 
  array (
    0 => 'api',
    1 => 'team',
    2 => 'index',
  ),
)
[ info ] [ HEADER ] array (
  'connection' => 'Keep-Alive',
  'host' => 'laowu.weitongtianxia.cn',
  'user-agent' => 'Mozilla/5.0 (Linux; Android 7.1.1; vivo X20Plus A Build/NMF26X; wv) AppleWebKit/537.36 (KHTML, like Gecko) Version/4.0 Chrome/53.0.2785.143 Crosswalk/24.53.595.0 XWEB/257 MMWEBSDK/21 Mobile Safari/537.36 MicroMessenger/6.6.7.1321(0x26060739) NetType/WIFI Language/zh_CN MicroMessenger/6.6.7.1321(0x26060739) NetType/WIFI Language/zh_CN',
  'referer' => 'https://servicewechat.com/wxeb97c1fd7ede595a/1/page-frame.html',
  'accept-encoding' => 'gzip',
  'charset' => 'utf-8',
  'content-type' => 'application/json',
)
[ info ] [ PARAM ] array (
  'page' => '1',
)
[ info ] [ LANG ] /www/wwwroot/LaowuAdmin/public/../application/api/lang/zh-cn.php
[ info ] [ BEHAVIOR ] Run app\common\behavior\Common @module_init [ RunTime:0.001406s ]
[ info ] [ RUN ] app\api\controller\Team->index[ /www/wwwroot/LaowuAdmin/application/api/controller/Team.php ]
[ info ] [ DB ] INIT mysql
[ info ] [ LOG ] INIT File
[ sql ] [ DB ] CONNECT:[ UseTime:0.000540s ] mysql:host=127.0.0.1;port=3306;dbname=gong_cheng;charset=utf8
[ sql ] [ SQL ] SHOW COLUMNS FROM `gc_team` [ RunTime:0.000993s ]
[ sql ] [ SQL ] SELECT COUNT(*) AS tp_count FROM `gc_team` LIMIT 1 [ RunTime:0.000403s ]
[ sql ] [ SQL ] SELECT * FROM `gc_team` LIMIT 0,10 [ RunTime:0.000278s ]
[ sql ] [ SQL ] SHOW COLUMNS FROM `gc_experience` [ RunTime:0.000724s ]
[ sql ] [ SQL ] SELECT * FROM `gc_experience` WHERE  `id` IN (3) [ RunTime:0.000221s ]
---------------------------------------------------------------
[ 2018-09-29T12:55:22+08:00 ] 221.205.183.120 GET /api/team/index?page=1
[ info ] laowu.weitongtianxia.cn/api/team/index?page=1 [运行时间：0.033966s][吞吐率：29.44req/s] [内存消耗：3,168.28kb] [文件加载：75]
[ info ] [ BEHAVIOR ] Run Closure @app_init [ RunTime:0.000048s ]
[ info ] [ CACHE ] INIT File
[ info ] [ BEHAVIOR ] Run Closure @app_init [ RunTime:0.001249s ]
[ info ] [ LANG ] /www/wwwroot/LaowuAdmin/thinkphp/lang/zh-cn.php
[ info ] [ ROUTE ] array (
  'type' => 'module',
  'module' => 
  array (
    0 => 'api',
    1 => 'team',
    2 => 'index',
  ),
)
[ info ] [ HEADER ] array (
  'connection' => 'Keep-Alive',
  'host' => 'laowu.weitongtianxia.cn',
  'user-agent' => 'Mozilla/5.0 (Linux; Android 7.1.1; vivo X20Plus A Build/NMF26X; wv) AppleWebKit/537.36 (KHTML, like Gecko) Version/4.0 Chrome/53.0.2785.143 Crosswalk/24.53.595.0 XWEB/257 MMWEBSDK/21 Mobile Safari/537.36 MicroMessenger/6.6.7.1321(0x26060739) NetType/WIFI Language/zh_CN MicroMessenger/6.6.7.1321(0x26060739) NetType/WIFI Language/zh_CN',
  'referer' => 'https://servicewechat.com/wxeb97c1fd7ede595a/1/page-frame.html',
  'accept-encoding' => 'gzip',
  'charset' => 'utf-8',
  'content-type' => 'application/json',
)
[ info ] [ PARAM ] array (
  'page' => '1',
)
[ info ] [ LANG ] /www/wwwroot/LaowuAdmin/public/../application/api/lang/zh-cn.php
[ info ] [ BEHAVIOR ] Run app\common\behavior\Common @module_init [ RunTime:0.001390s ]
[ info ] [ RUN ] app\api\controller\Team->index[ /www/wwwroot/LaowuAdmin/application/api/controller/Team.php ]
[ info ] [ DB ] INIT mysql
[ info ] [ LOG ] INIT File
[ sql ] [ DB ] CONNECT:[ UseTime:0.001562s ] mysql:host=127.0.0.1;port=3306;dbname=gong_cheng;charset=utf8
[ sql ] [ SQL ] SHOW COLUMNS FROM `gc_team` [ RunTime:0.001013s ]
[ sql ] [ SQL ] SELECT COUNT(*) AS tp_count FROM `gc_team` LIMIT 1 [ RunTime:0.000208s ]
[ sql ] [ SQL ] SELECT * FROM `gc_team` LIMIT 0,10 [ RunTime:0.000299s ]
[ sql ] [ SQL ] SHOW COLUMNS FROM `gc_experience` [ RunTime:0.000746s ]
[ sql ] [ SQL ] SELECT * FROM `gc_experience` WHERE  `id` IN (3) [ RunTime:0.000243s ]
---------------------------------------------------------------
[ 2018-09-29T12:55:27+08:00 ] 221.205.183.120 GET /api/team/index?page=1&experience_id=1
[ info ] laowu.weitongtianxia.cn/api/team/index?page=1&experience_id=1 [运行时间：0.032244s][吞吐率：31.01req/s] [内存消耗：3,171.30kb] [文件加载：75]
[ info ] [ BEHAVIOR ] Run Closure @app_init [ RunTime:0.000049s ]
[ info ] [ CACHE ] INIT File
[ info ] [ BEHAVIOR ] Run Closure @app_init [ RunTime:0.001251s ]
[ info ] [ LANG ] /www/wwwroot/LaowuAdmin/thinkphp/lang/zh-cn.php
[ info ] [ ROUTE ] array (
  'type' => 'module',
  'module' => 
  array (
    0 => 'api',
    1 => 'team',
    2 => 'index',
  ),
)
[ info ] [ HEADER ] array (
  'connection' => 'Keep-Alive',
  'host' => 'laowu.weitongtianxia.cn',
  'user-agent' => 'Mozilla/5.0 (Linux; Android 7.1.1; vivo X20Plus A Build/NMF26X; wv) AppleWebKit/537.36 (KHTML, like Gecko) Version/4.0 Chrome/53.0.2785.143 Crosswalk/24.53.595.0 XWEB/257 MMWEBSDK/21 Mobile Safari/537.36 MicroMessenger/6.6.7.1321(0x26060739) NetType/WIFI Language/zh_CN MicroMessenger/6.6.7.1321(0x26060739) NetType/WIFI Language/zh_CN',
  'referer' => 'https://servicewechat.com/wxeb97c1fd7ede595a/1/page-frame.html',
  'accept-encoding' => 'gzip',
  'charset' => 'utf-8',
  'content-type' => 'application/json',
)
[ info ] [ PARAM ] array (
  'page' => '1',
  'experience_id' => '1',
)
[ info ] [ LANG ] /www/wwwroot/LaowuAdmin/public/../application/api/lang/zh-cn.php
[ info ] [ BEHAVIOR ] Run app\common\behavior\Common @module_init [ RunTime:0.001382s ]
[ info ] [ RUN ] app\api\controller\Team->index[ /www/wwwroot/LaowuAdmin/application/api/controller/Team.php ]
[ info ] [ DB ] INIT mysql
[ info ] [ LOG ] INIT File
[ sql ] [ DB ] CONNECT:[ UseTime:0.000597s ] mysql:host=127.0.0.1;port=3306;dbname=gong_cheng;charset=utf8
[ sql ] [ SQL ] SHOW COLUMNS FROM `gc_team` [ RunTime:0.001122s ]
[ sql ] [ SQL ] SELECT COUNT(*) AS tp_count FROM `gc_team` WHERE  `experience_id` = 1 LIMIT 1 [ RunTime:0.000259s ]
[ sql ] [ SQL ] SELECT * FROM `gc_team` WHERE  `experience_id` = 1 LIMIT 0,10 [ RunTime:0.000289s ]
---------------------------------------------------------------
[ 2018-09-29T12:55:30+08:00 ] 221.205.183.120 GET /api/team/index?page=1&experience_id=1&province=%E5%B1%B1%E8%A5%BF%E7%9C%81&city=%E5%A4%AA%E5%8E%9F%E5%B8%82&district=%E5%B0%8F%E5%BA%97%E5%8C%BA
[ info ] laowu.weitongtianxia.cn/api/team/index?page=1&experience_id=1&province=%E5%B1%B1%E8%A5%BF%E7%9C%81&city=%E5%A4%AA%E5%8E%9F%E5%B8%82&district=%E5%B0%8F%E5%BA%97%E5%8C%BA [运行时间：0.031467s][吞吐率：31.78req/s] [内存消耗：3,175.33kb] [文件加载：75]
[ info ] [ BEHAVIOR ] Run Closure @app_init [ RunTime:0.000047s ]
[ info ] [ CACHE ] INIT File
[ info ] [ BEHAVIOR ] Run Closure @app_init [ RunTime:0.001352s ]
[ info ] [ LANG ] /www/wwwroot/LaowuAdmin/thinkphp/lang/zh-cn.php
[ info ] [ ROUTE ] array (
  'type' => 'module',
  'module' => 
  array (
    0 => 'api',
    1 => 'team',
    2 => 'index',
  ),
)
[ info ] [ HEADER ] array (
  'connection' => 'Keep-Alive',
  'host' => 'laowu.weitongtianxia.cn',
  'user-agent' => 'Mozilla/5.0 (Linux; Android 7.1.1; vivo X20Plus A Build/NMF26X; wv) AppleWebKit/537.36 (KHTML, like Gecko) Version/4.0 Chrome/53.0.2785.143 Crosswalk/24.53.595.0 XWEB/257 MMWEBSDK/21 Mobile Safari/537.36 MicroMessenger/6.6.7.1321(0x26060739) NetType/WIFI Language/zh_CN MicroMessenger/6.6.7.1321(0x26060739) NetType/WIFI Language/zh_CN',
  'referer' => 'https://servicewechat.com/wxeb97c1fd7ede595a/1/page-frame.html',
  'accept-encoding' => 'gzip',
  'charset' => 'utf-8',
  'content-type' => 'application/json',
)
[ info ] [ PARAM ] array (
  'page' => '1',
  'experience_id' => '1',
  'province' => '山西省',
  'city' => '太原市',
  'district' => '小店区',
)
[ info ] [ LANG ] /www/wwwroot/LaowuAdmin/public/../application/api/lang/zh-cn.php
[ info ] [ BEHAVIOR ] Run app\common\behavior\Common @module_init [ RunTime:0.001374s ]
[ info ] [ RUN ] app\api\controller\Team->index[ /www/wwwroot/LaowuAdmin/application/api/controller/Team.php ]
[ info ] [ DB ] INIT mysql
[ info ] [ LOG ] INIT File
[ sql ] [ DB ] CONNECT:[ UseTime:0.000677s ] mysql:host=127.0.0.1;port=3306;dbname=gong_cheng;charset=utf8
[ sql ] [ SQL ] SHOW COLUMNS FROM `gc_team` [ RunTime:0.001044s ]
[ sql ] [ SQL ] SELECT COUNT(*) AS tp_count FROM `gc_team` WHERE  `experience_id` = 1  AND `province` = '山西省'  AND `city` = '太原市'  AND `district` = '小店区' LIMIT 1 [ RunTime:0.000295s ]
[ sql ] [ SQL ] SELECT * FROM `gc_team` WHERE  `experience_id` = 1  AND `province` = '山西省'  AND `city` = '太原市'  AND `district` = '小店区' LIMIT 0,10 [ RunTime:0.000331s ]
---------------------------------------------------------------
[ 2018-09-29T12:55:47+08:00 ] 221.205.183.120 GET /api/team/index?page=1
[ info ] laowu.weitongtianxia.cn/api/team/index?page=1 [运行时间：0.033955s][吞吐率：29.45req/s] [内存消耗：3,168.28kb] [文件加载：75]
[ info ] [ BEHAVIOR ] Run Closure @app_init [ RunTime:0.000061s ]
[ info ] [ CACHE ] INIT File
[ info ] [ BEHAVIOR ] Run Closure @app_init [ RunTime:0.001286s ]
[ info ] [ LANG ] /www/wwwroot/LaowuAdmin/thinkphp/lang/zh-cn.php
[ info ] [ ROUTE ] array (
  'type' => 'module',
  'module' => 
  array (
    0 => 'api',
    1 => 'team',
    2 => 'index',
  ),
)
[ info ] [ HEADER ] array (
  'connection' => 'Keep-Alive',
  'host' => 'laowu.weitongtianxia.cn',
  'user-agent' => 'Mozilla/5.0 (Linux; Android 7.1.1; vivo X20Plus A Build/NMF26X; wv) AppleWebKit/537.36 (KHTML, like Gecko) Version/4.0 Chrome/53.0.2785.143 Crosswalk/24.53.595.0 XWEB/257 MMWEBSDK/21 Mobile Safari/537.36 MicroMessenger/6.6.7.1321(0x26060739) NetType/WIFI Language/zh_CN MicroMessenger/6.6.7.1321(0x26060739) NetType/WIFI Language/zh_CN',
  'referer' => 'https://servicewechat.com/wxeb97c1fd7ede595a/1/page-frame.html',
  'accept-encoding' => 'gzip',
  'charset' => 'utf-8',
  'content-type' => 'application/json',
)
[ info ] [ PARAM ] array (
  'page' => '1',
)
[ info ] [ LANG ] /www/wwwroot/LaowuAdmin/public/../application/api/lang/zh-cn.php
[ info ] [ BEHAVIOR ] Run app\common\behavior\Common @module_init [ RunTime:0.001402s ]
[ info ] [ RUN ] app\api\controller\Team->index[ /www/wwwroot/LaowuAdmin/application/api/controller/Team.php ]
[ info ] [ DB ] INIT mysql
[ info ] [ LOG ] INIT File
[ sql ] [ DB ] CONNECT:[ UseTime:0.000708s ] mysql:host=127.0.0.1;port=3306;dbname=gong_cheng;charset=utf8
[ sql ] [ SQL ] SHOW COLUMNS FROM `gc_team` [ RunTime:0.001209s ]
[ sql ] [ SQL ] SELECT COUNT(*) AS tp_count FROM `gc_team` LIMIT 1 [ RunTime:0.000261s ]
[ sql ] [ SQL ] SELECT * FROM `gc_team` LIMIT 0,10 [ RunTime:0.000295s ]
[ sql ] [ SQL ] SHOW COLUMNS FROM `gc_experience` [ RunTime:0.000732s ]
[ sql ] [ SQL ] SELECT * FROM `gc_experience` WHERE  `id` IN (3) [ RunTime:0.000227s ]
---------------------------------------------------------------
[ 2018-09-29T12:55:49+08:00 ] 221.205.183.120 GET /api/team/show?id=1
[ info ] laowu.weitongtianxia.cn/api/team/show?id=1 [运行时间：0.030528s][吞吐率：32.76req/s] [内存消耗：3,087.27kb] [文件加载：71]
[ info ] [ BEHAVIOR ] Run Closure @app_init [ RunTime:0.000020s ]
[ info ] [ CACHE ] INIT File
[ info ] [ BEHAVIOR ] Run Closure @app_init [ RunTime:0.001150s ]
[ info ] [ LANG ] /www/wwwroot/LaowuAdmin/thinkphp/lang/zh-cn.php
[ info ] [ ROUTE ] array (
  'type' => 'module',
  'module' => 
  array (
    0 => 'api',
    1 => 'team',
    2 => 'show',
  ),
)
[ info ] [ HEADER ] array (
  'connection' => 'Keep-Alive',
  'host' => 'laowu.weitongtianxia.cn',
  'user-agent' => 'Mozilla/5.0 (Linux; Android 7.1.1; vivo X20Plus A Build/NMF26X; wv) AppleWebKit/537.36 (KHTML, like Gecko) Version/4.0 Chrome/53.0.2785.143 Crosswalk/24.53.595.0 XWEB/257 MMWEBSDK/21 Mobile Safari/537.36 MicroMessenger/6.6.7.1321(0x26060739) NetType/WIFI Language/zh_CN MicroMessenger/6.6.7.1321(0x26060739) NetType/WIFI Language/zh_CN',
  'referer' => 'https://servicewechat.com/wxeb97c1fd7ede595a/1/page-frame.html',
  'accept-encoding' => 'gzip',
  'charset' => 'utf-8',
  'content-type' => 'application/json',
)
[ info ] [ PARAM ] array (
  'id' => '1',
)
[ info ] [ LANG ] /www/wwwroot/LaowuAdmin/public/../application/api/lang/zh-cn.php
[ info ] [ BEHAVIOR ] Run app\common\behavior\Common @module_init [ RunTime:0.001384s ]
[ info ] [ RUN ] app\api\controller\Team->show[ /www/wwwroot/LaowuAdmin/application/api/controller/Team.php ]
[ info ] [ DB ] INIT mysql
[ info ] [ LOG ] INIT File
[ sql ] [ DB ] CONNECT:[ UseTime:0.000590s ] mysql:host=127.0.0.1;port=3306;dbname=gong_cheng;charset=utf8
[ sql ] [ SQL ] SHOW COLUMNS FROM `gc_team` [ RunTime:0.001113s ]
[ sql ] [ SQL ] SELECT * FROM `gc_team` WHERE  `id` = 1 LIMIT 1 [ RunTime:0.000370s ]
[ sql ] [ SQL ] SHOW COLUMNS FROM `gc_experience` [ RunTime:0.000708s ]
[ sql ] [ SQL ] SELECT * FROM `gc_experience` WHERE  `id` = 3 [ RunTime:0.000221s ]
---------------------------------------------------------------
[ 2018-09-29T12:56:50+08:00 ] 221.205.183.120 GET /api/index/jing_yan
[ info ] laowu.weitongtianxia.cn/api/index/jing_yan [运行时间：0.032114s][吞吐率：31.14req/s] [内存消耗：2,999.64kb] [文件加载：68]
[ info ] [ BEHAVIOR ] Run Closure @app_init [ RunTime:0.000020s ]
[ info ] [ CACHE ] INIT File
[ info ] [ BEHAVIOR ] Run Closure @app_init [ RunTime:0.001152s ]
[ info ] [ LANG ] /www/wwwroot/LaowuAdmin/thinkphp/lang/zh-cn.php
[ info ] [ ROUTE ] array (
  'type' => 'module',
  'module' => 
  array (
    0 => 'api',
    1 => 'index',
    2 => 'jing_yan',
  ),
)
[ info ] [ HEADER ] array (
  'connection' => 'Keep-Alive',
  'host' => 'laowu.weitongtianxia.cn',
  'user-agent' => 'Mozilla/5.0 (Linux; Android 7.1.1; vivo X20A Build/NMF26X; wv) AppleWebKit/537.36 (KHTML, like Gecko) Version/4.0 Chrome/55.0.2883.91 Mobile Safari/537.36 MicroMessenger/6.7.2.1340(0x2607023A) NetType/WIFI Language/zh_CN',
  'referer' => 'https://servicewechat.com/wxeb97c1fd7ede595a/1/page-frame.html',
  'accept-encoding' => 'gzip',
  'charset' => 'utf-8',
  'content-type' => 'application/json',
)
[ info ] [ PARAM ] array (
)
[ info ] [ LANG ] /www/wwwroot/LaowuAdmin/public/../application/api/lang/zh-cn.php
[ info ] [ BEHAVIOR ] Run app\common\behavior\Common @module_init [ RunTime:0.001550s ]
[ info ] [ RUN ] app\api\controller\Index->jing_yan[ /www/wwwroot/LaowuAdmin/application/api/controller/Index.php ]
[ info ] [ DB ] INIT mysql
[ info ] [ LOG ] INIT File
[ sql ] [ DB ] CONNECT:[ UseTime:0.001782s ] mysql:host=127.0.0.1;port=3306;dbname=gong_cheng;charset=utf8
[ sql ] [ SQL ] SHOW COLUMNS FROM `gc_experience` [ RunTime:0.001055s ]
[ sql ] [ SQL ] SELECT `id`,`experience` FROM `gc_experience` WHERE `gc_experience`.`delete_time` IS NULL [ RunTime:0.000250s ]
---------------------------------------------------------------
[ 2018-09-29T12:56:51+08:00 ] 221.205.183.120 GET /api/Index/index
[ info ] laowu.weitongtianxia.cn/api/Index/index [运行时间：0.056191s][吞吐率：17.80req/s] [内存消耗：2,976.05kb] [文件加载：66]
[ info ] [ BEHAVIOR ] Run Closure @app_init [ RunTime:0.000022s ]
[ info ] [ CACHE ] INIT File
[ info ] [ BEHAVIOR ] Run Closure @app_init [ RunTime:0.001155s ]
[ info ] [ LANG ] /www/wwwroot/LaowuAdmin/thinkphp/lang/zh-cn.php
[ info ] [ ROUTE ] array (
  'type' => 'module',
  'module' => 
  array (
    0 => 'api',
    1 => 'Index',
    2 => 'index',
  ),
)
[ info ] [ HEADER ] array (
  'connection' => 'Keep-Alive',
  'host' => 'laowu.weitongtianxia.cn',
  'user-agent' => 'Mozilla/5.0 (Linux; Android 7.1.1; vivo X20A Build/NMF26X; wv) AppleWebKit/537.36 (KHTML, like Gecko) Version/4.0 Chrome/55.0.2883.91 Mobile Safari/537.36 MicroMessenger/6.7.2.1340(0x2607023A) NetType/WIFI Language/zh_CN',
  'referer' => 'https://servicewechat.com/wxeb97c1fd7ede595a/1/page-frame.html',
  'accept-encoding' => 'gzip',
  'charset' => 'utf-8',
  'content-type' => 'application/json',
)
[ info ] [ PARAM ] array (
)
[ info ] [ LANG ] /www/wwwroot/LaowuAdmin/public/../application/api/lang/zh-cn.php
[ info ] [ BEHAVIOR ] Run app\common\behavior\Common @module_init [ RunTime:0.001376s ]
[ info ] [ RUN ] app\api\controller\Index->index[ /www/wwwroot/LaowuAdmin/application/api/controller/Index.php ]
[ info ] [ DB ] INIT mysql
[ info ] [ LOG ] INIT File
[ sql ] [ DB ] CONNECT:[ UseTime:0.006130s ] mysql:host=127.0.0.1;port=3306;dbname=gong_cheng;charset=utf8
[ sql ] [ SQL ] SHOW COLUMNS FROM `gc_config` [ RunTime:0.000964s ]
[ sql ] [ SQL ] SELECT `name`,`value` FROM `gc_config` WHERE  `group` = 'weapp' [ RunTime:0.000287s ]
---------------------------------------------------------------
[ 2018-09-29T12:56:51+08:00 ] 221.205.183.120 GET /api/team/index?page=1
[ info ] laowu.weitongtianxia.cn/api/team/index?page=1 [运行时间：0.051120s][吞吐率：19.56req/s] [内存消耗：3,167.91kb] [文件加载：75]
[ info ] [ BEHAVIOR ] Run Closure @app_init [ RunTime:0.000020s ]
[ info ] [ CACHE ] INIT File
[ info ] [ BEHAVIOR ] Run Closure @app_init [ RunTime:0.001176s ]
[ info ] [ LANG ] /www/wwwroot/LaowuAdmin/thinkphp/lang/zh-cn.php
[ info ] [ ROUTE ] array (
  'type' => 'module',
  'module' => 
  array (
    0 => 'api',
    1 => 'team',
    2 => 'index',
  ),
)
[ info ] [ HEADER ] array (
  'connection' => 'Keep-Alive',
  'host' => 'laowu.weitongtianxia.cn',
  'user-agent' => 'Mozilla/5.0 (Linux; Android 7.1.1; vivo X20A Build/NMF26X; wv) AppleWebKit/537.36 (KHTML, like Gecko) Version/4.0 Chrome/55.0.2883.91 Mobile Safari/537.36 MicroMessenger/6.7.2.1340(0x2607023A) NetType/WIFI Language/zh_CN',
  'referer' => 'https://servicewechat.com/wxeb97c1fd7ede595a/1/page-frame.html',
  'accept-encoding' => 'gzip',
  'charset' => 'utf-8',
  'content-type' => 'application/json',
)
[ info ] [ PARAM ] array (
  'page' => '1',
)
[ info ] [ LANG ] /www/wwwroot/LaowuAdmin/public/../application/api/lang/zh-cn.php
[ info ] [ BEHAVIOR ] Run app\common\behavior\Common @module_init [ RunTime:0.001369s ]
[ info ] [ RUN ] app\api\controller\Team->index[ /www/wwwroot/LaowuAdmin/application/api/controller/Team.php ]
[ info ] [ DB ] INIT mysql
[ info ] [ LOG ] INIT File
[ sql ] [ DB ] CONNECT:[ UseTime:0.005887s ] mysql:host=127.0.0.1;port=3306;dbname=gong_cheng;charset=utf8
[ sql ] [ SQL ] SHOW COLUMNS FROM `gc_team` [ RunTime:0.000864s ]
[ sql ] [ SQL ] SELECT COUNT(*) AS tp_count FROM `gc_team` LIMIT 1 [ RunTime:0.000213s ]
[ sql ] [ SQL ] SELECT * FROM `gc_team` LIMIT 0,10 [ RunTime:0.000271s ]
[ sql ] [ SQL ] SHOW COLUMNS FROM `gc_experience` [ RunTime:0.000708s ]
[ sql ] [ SQL ] SELECT * FROM `gc_experience` WHERE  `id` IN (3) [ RunTime:0.000199s ]
---------------------------------------------------------------
[ 2018-09-29T12:57:06+08:00 ] 221.205.183.120 POST /api/user/register
[ info ] laowu.weitongtianxia.cn/api/user/register [运行时间：0.036173s][吞吐率：27.65req/s] [内存消耗：3,131.59kb] [文件加载：71]
[ info ] [ BEHAVIOR ] Run Closure @app_init [ RunTime:0.000019s ]
[ info ] [ CACHE ] INIT File
[ info ] [ BEHAVIOR ] Run Closure @app_init [ RunTime:0.001152s ]
[ info ] [ LANG ] /www/wwwroot/LaowuAdmin/thinkphp/lang/zh-cn.php
[ info ] [ ROUTE ] array (
  'type' => 'module',
  'module' => 
  array (
    0 => 'api',
    1 => 'user',
    2 => 'register',
  ),
)
[ info ] [ HEADER ] array (
  'connection' => 'Keep-Alive',
  'host' => 'laowu.weitongtianxia.cn',
  'user-agent' => 'Mozilla/5.0 (Linux; Android 7.1.1; vivo X20Plus A Build/NMF26X; wv) AppleWebKit/537.36 (KHTML, like Gecko) Version/4.0 Chrome/53.0.2785.143 Crosswalk/24.53.595.0 XWEB/257 MMWEBSDK/21 Mobile Safari/537.36 MicroMessenger/6.6.7.1321(0x26060739) NetType/WIFI Language/zh_CN MicroMessenger/6.6.7.1321(0x26060739) NetType/WIFI Language/zh_CN',
  'referer' => 'https://servicewechat.com/wxeb97c1fd7ede595a/1/page-frame.html',
  'accept-encoding' => 'gzip',
  'charset' => 'utf-8',
  'content-type' => 'application/json',
  'content-length' => '270',
)
[ info ] [ PARAM ] array (
  'isDisabled' => true,
  'username' => '胡彬',
  'mobile' => '13453415867',
  'password' => '123456',
  'company_name' => '天嘉群攻',
  'project_name' => '建军节',
  'project_type' => 2,
  'start_time' => '2018-09-29',
  'end_time' => '2018-10-29',
  'can_contact_start_time' => '12:55',
  'can_contact_end_time' => '13:55',
)
[ info ] [ LANG ] /www/wwwroot/LaowuAdmin/public/../application/api/lang/zh-cn.php
[ info ] [ BEHAVIOR ] Run app\common\behavior\Common @module_init [ RunTime:0.001335s ]
[ info ] [ LANG ] /www/wwwroot/LaowuAdmin/public/../application/api/lang/zh-cn/user.php
[ info ] [ RUN ] app\api\controller\User->register[ /www/wwwroot/LaowuAdmin/application/api/controller/User.php ]
[ info ] [ DB ] INIT mysql
[ info ] [ LOG ] INIT File
[ sql ] [ DB ] CONNECT:[ UseTime:0.000490s ] mysql:host=127.0.0.1;port=3306;dbname=gong_cheng;charset=utf8
[ sql ] [ SQL ] SHOW COLUMNS FROM `gc_user` [ RunTime:0.001160s ]
[ sql ] [ SQL ] SELECT * FROM `gc_user` WHERE  `username` = '胡彬' LIMIT 1 [ RunTime:0.000912s ]
[ sql ] [ SQL ] SELECT * FROM `gc_user` WHERE  `mobile` = '13453415867' LIMIT 1 [ RunTime:0.000489s ]
[ error ] [0]数据表字段不存在:[isDisabled][/www/wwwroot/LaowuAdmin/thinkphp/library/think/db/Builder.php:111]
---------------------------------------------------------------
[ 2018-09-29T12:57:08+08:00 ] 221.205.183.120 POST /api/user/register
[ info ] laowu.weitongtianxia.cn/api/user/register [运行时间：0.033185s][吞吐率：30.13req/s] [内存消耗：3,131.59kb] [文件加载：71]
[ info ] [ BEHAVIOR ] Run Closure @app_init [ RunTime:0.000020s ]
[ info ] [ CACHE ] INIT File
[ info ] [ BEHAVIOR ] Run Closure @app_init [ RunTime:0.001176s ]
[ info ] [ LANG ] /www/wwwroot/LaowuAdmin/thinkphp/lang/zh-cn.php
[ info ] [ ROUTE ] array (
  'type' => 'module',
  'module' => 
  array (
    0 => 'api',
    1 => 'user',
    2 => 'register',
  ),
)
[ info ] [ HEADER ] array (
  'connection' => 'Keep-Alive',
  'host' => 'laowu.weitongtianxia.cn',
  'user-agent' => 'Mozilla/5.0 (Linux; Android 7.1.1; vivo X20Plus A Build/NMF26X; wv) AppleWebKit/537.36 (KHTML, like Gecko) Version/4.0 Chrome/53.0.2785.143 Crosswalk/24.53.595.0 XWEB/257 MMWEBSDK/21 Mobile Safari/537.36 MicroMessenger/6.6.7.1321(0x26060739) NetType/WIFI Language/zh_CN MicroMessenger/6.6.7.1321(0x26060739) NetType/WIFI Language/zh_CN',
  'referer' => 'https://servicewechat.com/wxeb97c1fd7ede595a/1/page-frame.html',
  'accept-encoding' => 'gzip',
  'charset' => 'utf-8',
  'content-type' => 'application/json',
  'content-length' => '270',
)
[ info ] [ PARAM ] array (
  'isDisabled' => true,
  'username' => '胡彬',
  'mobile' => '13453415867',
  'password' => '123456',
  'company_name' => '天嘉群攻',
  'project_name' => '建军节',
  'project_type' => 2,
  'start_time' => '2018-09-29',
  'end_time' => '2018-10-29',
  'can_contact_start_time' => '12:55',
  'can_contact_end_time' => '13:55',
)
[ info ] [ LANG ] /www/wwwroot/LaowuAdmin/public/../application/api/lang/zh-cn.php
[ info ] [ BEHAVIOR ] Run app\common\behavior\Common @module_init [ RunTime:0.001403s ]
[ info ] [ LANG ] /www/wwwroot/LaowuAdmin/public/../application/api/lang/zh-cn/user.php
[ info ] [ RUN ] app\api\controller\User->register[ /www/wwwroot/LaowuAdmin/application/api/controller/User.php ]
[ info ] [ DB ] INIT mysql
[ info ] [ LOG ] INIT File
[ sql ] [ DB ] CONNECT:[ UseTime:0.000522s ] mysql:host=127.0.0.1;port=3306;dbname=gong_cheng;charset=utf8
[ sql ] [ SQL ] SHOW COLUMNS FROM `gc_user` [ RunTime:0.001276s ]
[ sql ] [ SQL ] SELECT * FROM `gc_user` WHERE  `username` = '胡彬' LIMIT 1 [ RunTime:0.000495s ]
[ sql ] [ SQL ] SELECT * FROM `gc_user` WHERE  `mobile` = '13453415867' LIMIT 1 [ RunTime:0.000427s ]
[ error ] [0]数据表字段不存在:[isDisabled][/www/wwwroot/LaowuAdmin/thinkphp/library/think/db/Builder.php:111]
---------------------------------------------------------------
[ 2018-09-29T12:57:09+08:00 ] 221.205.183.120 POST /api/user/register
[ info ] laowu.weitongtianxia.cn/api/user/register [运行时间：0.032235s][吞吐率：31.02req/s] [内存消耗：3,131.59kb] [文件加载：71]
[ info ] [ BEHAVIOR ] Run Closure @app_init [ RunTime:0.000020s ]
[ info ] [ CACHE ] INIT File
[ info ] [ BEHAVIOR ] Run Closure @app_init [ RunTime:0.001158s ]
[ info ] [ LANG ] /www/wwwroot/LaowuAdmin/thinkphp/lang/zh-cn.php
[ info ] [ ROUTE ] array (
  'type' => 'module',
  'module' => 
  array (
    0 => 'api',
    1 => 'user',
    2 => 'register',
  ),
)
[ info ] [ HEADER ] array (
  'connection' => 'Keep-Alive',
  'host' => 'laowu.weitongtianxia.cn',
  'user-agent' => 'Mozilla/5.0 (Linux; Android 7.1.1; vivo X20Plus A Build/NMF26X; wv) AppleWebKit/537.36 (KHTML, like Gecko) Version/4.0 Chrome/53.0.2785.143 Crosswalk/24.53.595.0 XWEB/257 MMWEBSDK/21 Mobile Safari/537.36 MicroMessenger/6.6.7.1321(0x26060739) NetType/WIFI Language/zh_CN MicroMessenger/6.6.7.1321(0x26060739) NetType/WIFI Language/zh_CN',
  'referer' => 'https://servicewechat.com/wxeb97c1fd7ede595a/1/page-frame.html',
  'accept-encoding' => 'gzip',
  'charset' => 'utf-8',
  'content-type' => 'application/json',
  'content-length' => '270',
)
[ info ] [ PARAM ] array (
  'isDisabled' => true,
  'username' => '胡彬',
  'mobile' => '13453415867',
  'password' => '123456',
  'company_name' => '天嘉群攻',
  'project_name' => '建军节',
  'project_type' => 2,
  'start_time' => '2018-09-29',
  'end_time' => '2018-10-29',
  'can_contact_start_time' => '12:55',
  'can_contact_end_time' => '13:55',
)
[ info ] [ LANG ] /www/wwwroot/LaowuAdmin/public/../application/api/lang/zh-cn.php
[ info ] [ BEHAVIOR ] Run app\common\behavior\Common @module_init [ RunTime:0.001437s ]
[ info ] [ LANG ] /www/wwwroot/LaowuAdmin/public/../application/api/lang/zh-cn/user.php
[ info ] [ RUN ] app\api\controller\User->register[ /www/wwwroot/LaowuAdmin/application/api/controller/User.php ]
[ info ] [ DB ] INIT mysql
[ info ] [ LOG ] INIT File
[ sql ] [ DB ] CONNECT:[ UseTime:0.000476s ] mysql:host=127.0.0.1;port=3306;dbname=gong_cheng;charset=utf8
[ sql ] [ SQL ] SHOW COLUMNS FROM `gc_user` [ RunTime:0.001240s ]
[ sql ] [ SQL ] SELECT * FROM `gc_user` WHERE  `username` = '胡彬' LIMIT 1 [ RunTime:0.000518s ]
[ sql ] [ SQL ] SELECT * FROM `gc_user` WHERE  `mobile` = '13453415867' LIMIT 1 [ RunTime:0.000396s ]
[ error ] [0]数据表字段不存在:[isDisabled][/www/wwwroot/LaowuAdmin/thinkphp/library/think/db/Builder.php:111]
---------------------------------------------------------------
[ 2018-09-29T12:57:11+08:00 ] 221.205.183.120 POST /api/user/register
[ info ] laowu.weitongtianxia.cn/api/user/register [运行时间：0.031796s][吞吐率：31.45req/s] [内存消耗：3,131.59kb] [文件加载：71]
[ info ] [ BEHAVIOR ] Run Closure @app_init [ RunTime:0.000018s ]
[ info ] [ CACHE ] INIT File
[ info ] [ BEHAVIOR ] Run Closure @app_init [ RunTime:0.001186s ]
[ info ] [ LANG ] /www/wwwroot/LaowuAdmin/thinkphp/lang/zh-cn.php
[ info ] [ ROUTE ] array (
  'type' => 'module',
  'module' => 
  array (
    0 => 'api',
    1 => 'user',
    2 => 'register',
  ),
)
[ info ] [ HEADER ] array (
  'connection' => 'Keep-Alive',
  'host' => 'laowu.weitongtianxia.cn',
  'user-agent' => 'Mozilla/5.0 (Linux; Android 7.1.1; vivo X20Plus A Build/NMF26X; wv) AppleWebKit/537.36 (KHTML, like Gecko) Version/4.0 Chrome/53.0.2785.143 Crosswalk/24.53.595.0 XWEB/257 MMWEBSDK/21 Mobile Safari/537.36 MicroMessenger/6.6.7.1321(0x26060739) NetType/WIFI Language/zh_CN MicroMessenger/6.6.7.1321(0x26060739) NetType/WIFI Language/zh_CN',
  'referer' => 'https://servicewechat.com/wxeb97c1fd7ede595a/1/page-frame.html',
  'accept-encoding' => 'gzip',
  'charset' => 'utf-8',
  'content-type' => 'application/json',
  'content-length' => '270',
)
[ info ] [ PARAM ] array (
  'isDisabled' => true,
  'username' => '胡彬',
  'mobile' => '13453415867',
  'password' => '123456',
  'company_name' => '天嘉群攻',
  'project_name' => '建军节',
  'project_type' => 2,
  'start_time' => '2018-09-29',
  'end_time' => '2018-10-29',
  'can_contact_start_time' => '12:55',
  'can_contact_end_time' => '13:55',
)
[ info ] [ LANG ] /www/wwwroot/LaowuAdmin/public/../application/api/lang/zh-cn.php
[ info ] [ BEHAVIOR ] Run app\common\behavior\Common @module_init [ RunTime:0.001407s ]
[ info ] [ LANG ] /www/wwwroot/LaowuAdmin/public/../application/api/lang/zh-cn/user.php
[ info ] [ RUN ] app\api\controller\User->register[ /www/wwwroot/LaowuAdmin/application/api/controller/User.php ]
[ info ] [ DB ] INIT mysql
[ info ] [ LOG ] INIT File
[ sql ] [ DB ] CONNECT:[ UseTime:0.000541s ] mysql:host=127.0.0.1;port=3306;dbname=gong_cheng;charset=utf8
[ sql ] [ SQL ] SHOW COLUMNS FROM `gc_user` [ RunTime:0.001093s ]
[ sql ] [ SQL ] SELECT * FROM `gc_user` WHERE  `username` = '胡彬' LIMIT 1 [ RunTime:0.000450s ]
[ sql ] [ SQL ] SELECT * FROM `gc_user` WHERE  `mobile` = '13453415867' LIMIT 1 [ RunTime:0.000413s ]
[ error ] [0]数据表字段不存在:[isDisabled][/www/wwwroot/LaowuAdmin/thinkphp/library/think/db/Builder.php:111]
---------------------------------------------------------------
[ 2018-09-29T12:57:12+08:00 ] 221.205.183.120 POST /api/user/register
[ info ] laowu.weitongtianxia.cn/api/user/register [运行时间：0.031788s][吞吐率：31.46req/s] [内存消耗：3,131.59kb] [文件加载：71]
[ info ] [ BEHAVIOR ] Run Closure @app_init [ RunTime:0.000019s ]
[ info ] [ CACHE ] INIT File
[ info ] [ BEHAVIOR ] Run Closure @app_init [ RunTime:0.001185s ]
[ info ] [ LANG ] /www/wwwroot/LaowuAdmin/thinkphp/lang/zh-cn.php
[ info ] [ ROUTE ] array (
  'type' => 'module',
  'module' => 
  array (
    0 => 'api',
    1 => 'user',
    2 => 'register',
  ),
)
[ info ] [ HEADER ] array (
  'connection' => 'Keep-Alive',
  'host' => 'laowu.weitongtianxia.cn',
  'user-agent' => 'Mozilla/5.0 (Linux; Android 7.1.1; vivo X20Plus A Build/NMF26X; wv) AppleWebKit/537.36 (KHTML, like Gecko) Version/4.0 Chrome/53.0.2785.143 Crosswalk/24.53.595.0 XWEB/257 MMWEBSDK/21 Mobile Safari/537.36 MicroMessenger/6.6.7.1321(0x26060739) NetType/WIFI Language/zh_CN MicroMessenger/6.6.7.1321(0x26060739) NetType/WIFI Language/zh_CN',
  'referer' => 'https://servicewechat.com/wxeb97c1fd7ede595a/1/page-frame.html',
  'accept-encoding' => 'gzip',
  'charset' => 'utf-8',
  'content-type' => 'application/json',
  'content-length' => '270',
)
[ info ] [ PARAM ] array (
  'isDisabled' => true,
  'username' => '胡彬',
  'mobile' => '13453415867',
  'password' => '123456',
  'company_name' => '天嘉群攻',
  'project_name' => '建军节',
  'project_type' => 2,
  'start_time' => '2018-09-29',
  'end_time' => '2018-10-29',
  'can_contact_start_time' => '12:55',
  'can_contact_end_time' => '13:55',
)
[ info ] [ LANG ] /www/wwwroot/LaowuAdmin/public/../application/api/lang/zh-cn.php
[ info ] [ BEHAVIOR ] Run app\common\behavior\Common @module_init [ RunTime:0.001386s ]
[ info ] [ LANG ] /www/wwwroot/LaowuAdmin/public/../application/api/lang/zh-cn/user.php
[ info ] [ RUN ] app\api\controller\User->register[ /www/wwwroot/LaowuAdmin/application/api/controller/User.php ]
[ info ] [ DB ] INIT mysql
[ info ] [ LOG ] INIT File
[ sql ] [ DB ] CONNECT:[ UseTime:0.000480s ] mysql:host=127.0.0.1;port=3306;dbname=gong_cheng;charset=utf8
[ sql ] [ SQL ] SHOW COLUMNS FROM `gc_user` [ RunTime:0.001125s ]
[ sql ] [ SQL ] SELECT * FROM `gc_user` WHERE  `username` = '胡彬' LIMIT 1 [ RunTime:0.000484s ]
[ sql ] [ SQL ] SELECT * FROM `gc_user` WHERE  `mobile` = '13453415867' LIMIT 1 [ RunTime:0.000451s ]
[ error ] [0]数据表字段不存在:[isDisabled][/www/wwwroot/LaowuAdmin/thinkphp/library/think/db/Builder.php:111]
---------------------------------------------------------------
[ 2018-09-29T12:57:13+08:00 ] 221.205.183.120 POST /api/user/register
[ info ] laowu.weitongtianxia.cn/api/user/register [运行时间：0.033158s][吞吐率：30.16req/s] [内存消耗：3,131.59kb] [文件加载：71]
[ info ] [ BEHAVIOR ] Run Closure @app_init [ RunTime:0.000020s ]
[ info ] [ CACHE ] INIT File
[ info ] [ BEHAVIOR ] Run Closure @app_init [ RunTime:0.001298s ]
[ info ] [ LANG ] /www/wwwroot/LaowuAdmin/thinkphp/lang/zh-cn.php
[ info ] [ ROUTE ] array (
  'type' => 'module',
  'module' => 
  array (
    0 => 'api',
    1 => 'user',
    2 => 'register',
  ),
)
[ info ] [ HEADER ] array (
  'connection' => 'Keep-Alive',
  'host' => 'laowu.weitongtianxia.cn',
  'user-agent' => 'Mozilla/5.0 (Linux; Android 7.1.1; vivo X20Plus A Build/NMF26X; wv) AppleWebKit/537.36 (KHTML, like Gecko) Version/4.0 Chrome/53.0.2785.143 Crosswalk/24.53.595.0 XWEB/257 MMWEBSDK/21 Mobile Safari/537.36 MicroMessenger/6.6.7.1321(0x26060739) NetType/WIFI Language/zh_CN MicroMessenger/6.6.7.1321(0x26060739) NetType/WIFI Language/zh_CN',
  'referer' => 'https://servicewechat.com/wxeb97c1fd7ede595a/1/page-frame.html',
  'accept-encoding' => 'gzip',
  'charset' => 'utf-8',
  'content-type' => 'application/json',
  'content-length' => '270',
)
[ info ] [ PARAM ] array (
  'isDisabled' => true,
  'username' => '胡彬',
  'mobile' => '13453415867',
  'password' => '123456',
  'company_name' => '天嘉群攻',
  'project_name' => '建军节',
  'project_type' => 2,
  'start_time' => '2018-09-29',
  'end_time' => '2018-10-29',
  'can_contact_start_time' => '12:55',
  'can_contact_end_time' => '13:55',
)
[ info ] [ LANG ] /www/wwwroot/LaowuAdmin/public/../application/api/lang/zh-cn.php
[ info ] [ BEHAVIOR ] Run app\common\behavior\Common @module_init [ RunTime:0.001438s ]
[ info ] [ LANG ] /www/wwwroot/LaowuAdmin/public/../application/api/lang/zh-cn/user.php
[ info ] [ RUN ] app\api\controller\User->register[ /www/wwwroot/LaowuAdmin/application/api/controller/User.php ]
[ info ] [ DB ] INIT mysql
[ info ] [ LOG ] INIT File
[ sql ] [ DB ] CONNECT:[ UseTime:0.000523s ] mysql:host=127.0.0.1;port=3306;dbname=gong_cheng;charset=utf8
[ sql ] [ SQL ] SHOW COLUMNS FROM `gc_user` [ RunTime:0.001124s ]
[ sql ] [ SQL ] SELECT * FROM `gc_user` WHERE  `username` = '胡彬' LIMIT 1 [ RunTime:0.000463s ]
[ sql ] [ SQL ] SELECT * FROM `gc_user` WHERE  `mobile` = '13453415867' LIMIT 1 [ RunTime:0.000420s ]
[ error ] [0]数据表字段不存在:[isDisabled][/www/wwwroot/LaowuAdmin/thinkphp/library/think/db/Builder.php:111]
---------------------------------------------------------------
[ 2018-09-29T12:57:14+08:00 ] 221.205.183.120 POST /api/user/register
[ info ] laowu.weitongtianxia.cn/api/user/register [运行时间：0.031665s][吞吐率：31.58req/s] [内存消耗：3,131.59kb] [文件加载：71]
[ info ] [ BEHAVIOR ] Run Closure @app_init [ RunTime:0.000020s ]
[ info ] [ CACHE ] INIT File
[ info ] [ BEHAVIOR ] Run Closure @app_init [ RunTime:0.001161s ]
[ info ] [ LANG ] /www/wwwroot/LaowuAdmin/thinkphp/lang/zh-cn.php
[ info ] [ ROUTE ] array (
  'type' => 'module',
  'module' => 
  array (
    0 => 'api',
    1 => 'user',
    2 => 'register',
  ),
)
[ info ] [ HEADER ] array (
  'connection' => 'Keep-Alive',
  'host' => 'laowu.weitongtianxia.cn',
  'user-agent' => 'Mozilla/5.0 (Linux; Android 7.1.1; vivo X20Plus A Build/NMF26X; wv) AppleWebKit/537.36 (KHTML, like Gecko) Version/4.0 Chrome/53.0.2785.143 Crosswalk/24.53.595.0 XWEB/257 MMWEBSDK/21 Mobile Safari/537.36 MicroMessenger/6.6.7.1321(0x26060739) NetType/WIFI Language/zh_CN MicroMessenger/6.6.7.1321(0x26060739) NetType/WIFI Language/zh_CN',
  'referer' => 'https://servicewechat.com/wxeb97c1fd7ede595a/1/page-frame.html',
  'accept-encoding' => 'gzip',
  'charset' => 'utf-8',
  'content-type' => 'application/json',
  'content-length' => '270',
)
[ info ] [ PARAM ] array (
  'isDisabled' => true,
  'username' => '胡彬',
  'mobile' => '13453415867',
  'password' => '123456',
  'company_name' => '天嘉群攻',
  'project_name' => '建军节',
  'project_type' => 2,
  'start_time' => '2018-09-29',
  'end_time' => '2018-10-29',
  'can_contact_start_time' => '12:55',
  'can_contact_end_time' => '13:55',
)
[ info ] [ LANG ] /www/wwwroot/LaowuAdmin/public/../application/api/lang/zh-cn.php
[ info ] [ BEHAVIOR ] Run app\common\behavior\Common @module_init [ RunTime:0.001354s ]
[ info ] [ LANG ] /www/wwwroot/LaowuAdmin/public/../application/api/lang/zh-cn/user.php
[ info ] [ RUN ] app\api\controller\User->register[ /www/wwwroot/LaowuAdmin/application/api/controller/User.php ]
[ info ] [ DB ] INIT mysql
[ info ] [ LOG ] INIT File
[ sql ] [ DB ] CONNECT:[ UseTime:0.000456s ] mysql:host=127.0.0.1;port=3306;dbname=gong_cheng;charset=utf8
[ sql ] [ SQL ] SHOW COLUMNS FROM `gc_user` [ RunTime:0.001110s ]
[ sql ] [ SQL ] SELECT * FROM `gc_user` WHERE  `username` = '胡彬' LIMIT 1 [ RunTime:0.000449s ]
[ sql ] [ SQL ] SELECT * FROM `gc_user` WHERE  `mobile` = '13453415867' LIMIT 1 [ RunTime:0.000651s ]
[ error ] [0]数据表字段不存在:[isDisabled][/www/wwwroot/LaowuAdmin/thinkphp/library/think/db/Builder.php:111]
---------------------------------------------------------------
[ 2018-09-29T12:57:14+08:00 ] 221.205.183.120 POST /api/user/register
[ info ] laowu.weitongtianxia.cn/api/user/register [运行时间：0.031055s][吞吐率：32.20req/s] [内存消耗：3,131.59kb] [文件加载：71]
[ info ] [ BEHAVIOR ] Run Closure @app_init [ RunTime:0.000019s ]
[ info ] [ CACHE ] INIT File
[ info ] [ BEHAVIOR ] Run Closure @app_init [ RunTime:0.001152s ]
[ info ] [ LANG ] /www/wwwroot/LaowuAdmin/thinkphp/lang/zh-cn.php
[ info ] [ ROUTE ] array (
  'type' => 'module',
  'module' => 
  array (
    0 => 'api',
    1 => 'user',
    2 => 'register',
  ),
)
[ info ] [ HEADER ] array (
  'connection' => 'Keep-Alive',
  'host' => 'laowu.weitongtianxia.cn',
  'user-agent' => 'Mozilla/5.0 (Linux; Android 7.1.1; vivo X20Plus A Build/NMF26X; wv) AppleWebKit/537.36 (KHTML, like Gecko) Version/4.0 Chrome/53.0.2785.143 Crosswalk/24.53.595.0 XWEB/257 MMWEBSDK/21 Mobile Safari/537.36 MicroMessenger/6.6.7.1321(0x26060739) NetType/WIFI Language/zh_CN MicroMessenger/6.6.7.1321(0x26060739) NetType/WIFI Language/zh_CN',
  'referer' => 'https://servicewechat.com/wxeb97c1fd7ede595a/1/page-frame.html',
  'accept-encoding' => 'gzip',
  'charset' => 'utf-8',
  'content-type' => 'application/json',
  'content-length' => '270',
)
[ info ] [ PARAM ] array (
  'isDisabled' => true,
  'username' => '胡彬',
  'mobile' => '13453415867',
  'password' => '123456',
  'company_name' => '天嘉群攻',
  'project_name' => '建军节',
  'project_type' => 2,
  'start_time' => '2018-09-29',
  'end_time' => '2018-10-29',
  'can_contact_start_time' => '12:55',
  'can_contact_end_time' => '13:55',
)
[ info ] [ LANG ] /www/wwwroot/LaowuAdmin/public/../application/api/lang/zh-cn.php
[ info ] [ BEHAVIOR ] Run app\common\behavior\Common @module_init [ RunTime:0.001335s ]
[ info ] [ LANG ] /www/wwwroot/LaowuAdmin/public/../application/api/lang/zh-cn/user.php
[ info ] [ RUN ] app\api\controller\User->register[ /www/wwwroot/LaowuAdmin/application/api/controller/User.php ]
[ info ] [ DB ] INIT mysql
[ info ] [ LOG ] INIT File
[ sql ] [ DB ] CONNECT:[ UseTime:0.000466s ] mysql:host=127.0.0.1;port=3306;dbname=gong_cheng;charset=utf8
[ sql ] [ SQL ] SHOW COLUMNS FROM `gc_user` [ RunTime:0.001095s ]
[ sql ] [ SQL ] SELECT * FROM `gc_user` WHERE  `username` = '胡彬' LIMIT 1 [ RunTime:0.000448s ]
[ sql ] [ SQL ] SELECT * FROM `gc_user` WHERE  `mobile` = '13453415867' LIMIT 1 [ RunTime:0.000418s ]
[ error ] [0]数据表字段不存在:[isDisabled][/www/wwwroot/LaowuAdmin/thinkphp/library/think/db/Builder.php:111]
---------------------------------------------------------------
[ 2018-09-29T12:57:39+08:00 ] 221.205.183.120 GET /api/team/index?page=1
[ info ] laowu.weitongtianxia.cn/api/team/index?page=1 [运行时间：0.031924s][吞吐率：31.32req/s] [内存消耗：3,168.28kb] [文件加载：75]
[ info ] [ BEHAVIOR ] Run Closure @app_init [ RunTime:0.000020s ]
[ info ] [ CACHE ] INIT File
[ info ] [ BEHAVIOR ] Run Closure @app_init [ RunTime:0.001221s ]
[ info ] [ LANG ] /www/wwwroot/LaowuAdmin/thinkphp/lang/zh-cn.php
[ info ] [ ROUTE ] array (
  'type' => 'module',
  'module' => 
  array (
    0 => 'api',
    1 => 'team',
    2 => 'index',
  ),
)
[ info ] [ HEADER ] array (
  'connection' => 'Keep-Alive',
  'host' => 'laowu.weitongtianxia.cn',
  'user-agent' => 'Mozilla/5.0 (Linux; Android 7.1.1; vivo X20Plus A Build/NMF26X; wv) AppleWebKit/537.36 (KHTML, like Gecko) Version/4.0 Chrome/53.0.2785.143 Crosswalk/24.53.595.0 XWEB/257 MMWEBSDK/21 Mobile Safari/537.36 MicroMessenger/6.6.7.1321(0x26060739) NetType/WIFI Language/zh_CN MicroMessenger/6.6.7.1321(0x26060739) NetType/WIFI Language/zh_CN',
  'referer' => 'https://servicewechat.com/wxeb97c1fd7ede595a/1/page-frame.html',
  'accept-encoding' => 'gzip',
  'charset' => 'utf-8',
  'content-type' => 'application/json',
)
[ info ] [ PARAM ] array (
  'page' => '1',
)
[ info ] [ LANG ] /www/wwwroot/LaowuAdmin/public/../application/api/lang/zh-cn.php
[ info ] [ BEHAVIOR ] Run app\common\behavior\Common @module_init [ RunTime:0.001390s ]
[ info ] [ RUN ] app\api\controller\Team->index[ /www/wwwroot/LaowuAdmin/application/api/controller/Team.php ]
[ info ] [ DB ] INIT mysql
[ info ] [ LOG ] INIT File
[ sql ] [ DB ] CONNECT:[ UseTime:0.000487s ] mysql:host=127.0.0.1;port=3306;dbname=gong_cheng;charset=utf8
[ sql ] [ SQL ] SHOW COLUMNS FROM `gc_team` [ RunTime:0.000998s ]
[ sql ] [ SQL ] SELECT COUNT(*) AS tp_count FROM `gc_team` LIMIT 1 [ RunTime:0.000311s ]
[ sql ] [ SQL ] SELECT * FROM `gc_team` LIMIT 0,10 [ RunTime:0.000276s ]
[ sql ] [ SQL ] SHOW COLUMNS FROM `gc_experience` [ RunTime:0.000734s ]
[ sql ] [ SQL ] SELECT * FROM `gc_experience` WHERE  `id` IN (3) [ RunTime:0.000213s ]
---------------------------------------------------------------
[ 2018-09-29T12:58:31+08:00 ] 221.205.183.120 POST /api/common/upload
[ info ] laowu.weitongtianxia.cn/api/common/upload [运行时间：0.138503s][吞吐率：7.22req/s] [内存消耗：3,048.48kb] [文件加载：70]
[ info ] [ BEHAVIOR ] Run Closure @app_init [ RunTime:0.000024s ]
[ info ] [ CACHE ] INIT File
[ info ] [ BEHAVIOR ] Run Closure @app_init [ RunTime:0.001283s ]
[ info ] [ LANG ] /www/wwwroot/LaowuAdmin/thinkphp/lang/zh-cn.php
[ info ] [ ROUTE ] array (
  'type' => 'module',
  'module' => 
  array (
    0 => 'api',
    1 => 'common',
    2 => 'upload',
  ),
)
[ info ] [ HEADER ] array (
  'host' => 'laowu.weitongtianxia.cn',
  'user-agent' => 'Mozilla/5.0 (Linux; Android 7.1.1; vivo X20A Build/NMF26X; wv) AppleWebKit/537.36 (KHTML, like Gecko) Version/4.0 Chrome/55.0.2883.91 Mobile Safari/537.36 MicroMessenger/6.7.2.1340(0x2607023A) NetType/WIFI Language/zh_CN',
  'referer' => 'https://servicewechat.com/wxeb97c1fd7ede595a/1/page-frame.html',
  'accept-encoding' => 'gzip',
  'connection' => 'Keep-Alive',
  'content-type' => 'multipart/form-data; boundary=1538197111810',
  'content-length' => '73791',
)
[ info ] [ PARAM ] array (
)
[ info ] [ LANG ] /www/wwwroot/LaowuAdmin/public/../application/api/lang/zh-cn.php
[ info ] [ BEHAVIOR ] Run app\common\behavior\Common @module_init [ RunTime:0.001441s ]
[ info ] [ LANG ] /www/wwwroot/LaowuAdmin/public/../application/api/lang/zh-cn/common.php
[ info ] [ RUN ] app\api\controller\Common->upload[ /www/wwwroot/LaowuAdmin/application/api/controller/Common.php ]
[ info ] [ DB ] INIT mysql
[ info ] [ LOG ] INIT File
[ sql ] [ DB ] CONNECT:[ UseTime:0.000529s ] mysql:host=127.0.0.1;port=3306;dbname=gong_cheng;charset=utf8
[ sql ] [ SQL ] SHOW COLUMNS FROM `gc_attachment` [ RunTime:0.001685s ]
[ sql ] [ SQL ] INSERT INTO `gc_attachment` (`filesize` , `imagewidth` , `imageheight` , `imagetype` , `mimetype` , `url` , `uploadtime` , `storage` , `sha1` , `createtime` , `updatetime`) VALUES (73612 , '690' , '1226' , 'jpg' , 'image/jpg' , '/uploads/20180929/31a0e1879976dfda439d1d4354b708f3.jpg' , 1538197111 , 'local' , 'e827aae7c5223ef41cfb054e8e51d320f6bd860e' , 1538197111 , 1538197111) [ RunTime:0.100113s ]
---------------------------------------------------------------
[ 2018-09-29T12:58:39+08:00 ] 221.205.183.120 POST /api/common/upload
[ info ] laowu.weitongtianxia.cn/api/common/upload [运行时间：0.062258s][吞吐率：16.06req/s] [内存消耗：3,049.35kb] [文件加载：70]
[ info ] [ BEHAVIOR ] Run Closure @app_init [ RunTime:0.000024s ]
[ info ] [ CACHE ] INIT File
[ info ] [ BEHAVIOR ] Run Closure @app_init [ RunTime:0.001154s ]
[ info ] [ LANG ] /www/wwwroot/LaowuAdmin/thinkphp/lang/zh-cn.php
[ info ] [ ROUTE ] array (
  'type' => 'module',
  'module' => 
  array (
    0 => 'api',
    1 => 'common',
    2 => 'upload',
  ),
)
[ info ] [ HEADER ] array (
  'host' => 'laowu.weitongtianxia.cn',
  'user-agent' => 'Mozilla/5.0 (Linux; Android 7.1.1; vivo X20Plus A Build/NMF26X; wv) AppleWebKit/537.36 (KHTML, like Gecko) Version/4.0 Chrome/53.0.2785.143 Crosswalk/24.53.595.0 XWEB/257 MMWEBSDK/21 Mobile Safari/537.36 MicroMessenger/6.6.7.1321(0x26060739) NetType/WIFI Language/zh_CN MicroMessenger/6.6.7.1321(0x26060739) NetType/WIFI Language/zh_CN',
  'referer' => 'https://servicewechat.com/wxeb97c1fd7ede595a/1/page-frame.html',
  'accept-encoding' => 'gzip',
  'connection' => 'Keep-Alive',
  'content-type' => 'multipart/form-data; boundary=1538197119682',
  'content-length' => '17478',
)
[ info ] [ PARAM ] array (
)
[ info ] [ LANG ] /www/wwwroot/LaowuAdmin/public/../application/api/lang/zh-cn.php
[ info ] [ BEHAVIOR ] Run app\common\behavior\Common @module_init [ RunTime:0.001344s ]
[ info ] [ LANG ] /www/wwwroot/LaowuAdmin/public/../application/api/lang/zh-cn/common.php
[ info ] [ RUN ] app\api\controller\Common->upload[ /www/wwwroot/LaowuAdmin/application/api/controller/Common.php ]
[ info ] [ DB ] INIT mysql
[ info ] [ LOG ] INIT File
[ sql ] [ DB ] CONNECT:[ UseTime:0.001780s ] mysql:host=127.0.0.1;port=3306;dbname=gong_cheng;charset=utf8
[ sql ] [ SQL ] SHOW COLUMNS FROM `gc_attachment` [ RunTime:0.001019s ]
[ sql ] [ SQL ] INSERT INTO `gc_attachment` (`filesize` , `imagewidth` , `imageheight` , `imagetype` , `mimetype` , `url` , `uploadtime` , `storage` , `sha1` , `createtime` , `updatetime`) VALUES (17299 , '750' , '467' , 'jpg' , 'image/jpg' , '/uploads/20180929/24bcc27b0dce2753f502e21e35ebf7e8.jpg' , 1538197119 , 'local' , '7d56047495a9b69a80e32a30556f58319cd9a8a4' , 1538197119 , 1538197119) [ RunTime:0.031738s ]
---------------------------------------------------------------
[ 2018-09-29T12:58:40+08:00 ] 221.205.183.120 POST /api/common/upload
[ info ] laowu.weitongtianxia.cn/api/common/upload [运行时间：0.035730s][吞吐率：27.99req/s] [内存消耗：3,048.48kb] [文件加载：70]
[ info ] [ BEHAVIOR ] Run Closure @app_init [ RunTime:0.000023s ]
[ info ] [ CACHE ] INIT File
[ info ] [ BEHAVIOR ] Run Closure @app_init [ RunTime:0.001139s ]
[ info ] [ LANG ] /www/wwwroot/LaowuAdmin/thinkphp/lang/zh-cn.php
[ info ] [ ROUTE ] array (
  'type' => 'module',
  'module' => 
  array (
    0 => 'api',
    1 => 'common',
    2 => 'upload',
  ),
)
[ info ] [ HEADER ] array (
  'host' => 'laowu.weitongtianxia.cn',
  'user-agent' => 'Mozilla/5.0 (Linux; Android 7.1.1; vivo X20A Build/NMF26X; wv) AppleWebKit/537.36 (KHTML, like Gecko) Version/4.0 Chrome/55.0.2883.91 Mobile Safari/537.36 MicroMessenger/6.7.2.1340(0x2607023A) NetType/WIFI Language/zh_CN',
  'referer' => 'https://servicewechat.com/wxeb97c1fd7ede595a/1/page-frame.html',
  'accept-encoding' => 'gzip',
  'connection' => 'Keep-Alive',
  'content-type' => 'multipart/form-data; boundary=1538197120284',
  'content-length' => '73791',
)
[ info ] [ PARAM ] array (
)
[ info ] [ LANG ] /www/wwwroot/LaowuAdmin/public/../application/api/lang/zh-cn.php
[ info ] [ BEHAVIOR ] Run app\common\behavior\Common @module_init [ RunTime:0.001370s ]
[ info ] [ LANG ] /www/wwwroot/LaowuAdmin/public/../application/api/lang/zh-cn/common.php
[ info ] [ RUN ] app\api\controller\Common->upload[ /www/wwwroot/LaowuAdmin/application/api/controller/Common.php ]
[ info ] [ DB ] INIT mysql
[ info ] [ LOG ] INIT File
[ sql ] [ DB ] CONNECT:[ UseTime:0.000459s ] mysql:host=127.0.0.1;port=3306;dbname=gong_cheng;charset=utf8
[ sql ] [ SQL ] SHOW COLUMNS FROM `gc_attachment` [ RunTime:0.002455s ]
[ sql ] [ SQL ] INSERT INTO `gc_attachment` (`filesize` , `imagewidth` , `imageheight` , `imagetype` , `mimetype` , `url` , `uploadtime` , `storage` , `sha1` , `createtime` , `updatetime`) VALUES (73612 , '690' , '1226' , 'jpg' , 'image/jpg' , '/uploads/20180929/31a0e1879976dfda439d1d4354b708f3.jpg' , 1538197120 , 'local' , 'e827aae7c5223ef41cfb054e8e51d320f6bd860e' , 1538197120 , 1538197120) [ RunTime:0.004452s ]
---------------------------------------------------------------
[ 2018-09-29T12:58:46+08:00 ] 221.205.183.120 POST /api/common/upload
[ info ] laowu.weitongtianxia.cn/api/common/upload [运行时间：0.036995s][吞吐率：27.03req/s] [内存消耗：3,048.48kb] [文件加载：70]
[ info ] [ BEHAVIOR ] Run Closure @app_init [ RunTime:0.000025s ]
[ info ] [ CACHE ] INIT File
[ info ] [ BEHAVIOR ] Run Closure @app_init [ RunTime:0.001275s ]
[ info ] [ LANG ] /www/wwwroot/LaowuAdmin/thinkphp/lang/zh-cn.php
[ info ] [ ROUTE ] array (
  'type' => 'module',
  'module' => 
  array (
    0 => 'api',
    1 => 'common',
    2 => 'upload',
  ),
)
[ info ] [ HEADER ] array (
  'host' => 'laowu.weitongtianxia.cn',
  'user-agent' => 'Mozilla/5.0 (Linux; Android 7.1.1; vivo X20A Build/NMF26X; wv) AppleWebKit/537.36 (KHTML, like Gecko) Version/4.0 Chrome/55.0.2883.91 Mobile Safari/537.36 MicroMessenger/6.7.2.1340(0x2607023A) NetType/WIFI Language/zh_CN',
  'referer' => 'https://servicewechat.com/wxeb97c1fd7ede595a/1/page-frame.html',
  'accept-encoding' => 'gzip',
  'connection' => 'Keep-Alive',
  'content-type' => 'multipart/form-data; boundary=1538197126338',
  'content-length' => '165309',
)
[ info ] [ PARAM ] array (
)
[ info ] [ LANG ] /www/wwwroot/LaowuAdmin/public/../application/api/lang/zh-cn.php
[ info ] [ BEHAVIOR ] Run app\common\behavior\Common @module_init [ RunTime:0.001253s ]
[ info ] [ LANG ] /www/wwwroot/LaowuAdmin/public/../application/api/lang/zh-cn/common.php
[ info ] [ RUN ] app\api\controller\Common->upload[ /www/wwwroot/LaowuAdmin/application/api/controller/Common.php ]
[ info ] [ DB ] INIT mysql
[ info ] [ LOG ] INIT File
[ sql ] [ DB ] CONNECT:[ UseTime:0.000961s ] mysql:host=127.0.0.1;port=3306;dbname=gong_cheng;charset=utf8
[ sql ] [ SQL ] SHOW COLUMNS FROM `gc_attachment` [ RunTime:0.001094s ]
[ sql ] [ SQL ] INSERT INTO `gc_attachment` (`filesize` , `imagewidth` , `imageheight` , `imagetype` , `mimetype` , `url` , `uploadtime` , `storage` , `sha1` , `createtime` , `updatetime`) VALUES (165130 , '1080' , '2160' , 'jpg' , 'image/jpg' , '/uploads/20180929/932544d2ee2d28bd0384fbde41b4270f.jpg' , 1538197126 , 'local' , 'ee3322b1ed33f780539cbe200643284c794e19cc' , 1538197126 , 1538197126) [ RunTime:0.004308s ]
---------------------------------------------------------------
[ 2018-09-29T12:58:49+08:00 ] 221.205.183.120 POST /api/common/upload
[ info ] laowu.weitongtianxia.cn/api/common/upload [运行时间：0.040622s][吞吐率：24.62req/s] [内存消耗：3,049.35kb] [文件加载：70]
[ info ] [ BEHAVIOR ] Run Closure @app_init [ RunTime:0.000022s ]
[ info ] [ CACHE ] INIT File
[ info ] [ BEHAVIOR ] Run Closure @app_init [ RunTime:0.001172s ]
[ info ] [ LANG ] /www/wwwroot/LaowuAdmin/thinkphp/lang/zh-cn.php
[ info ] [ ROUTE ] array (
  'type' => 'module',
  'module' => 
  array (
    0 => 'api',
    1 => 'common',
    2 => 'upload',
  ),
)
[ info ] [ HEADER ] array (
  'host' => 'laowu.weitongtianxia.cn',
  'user-agent' => 'Mozilla/5.0 (Linux; Android 7.1.1; vivo X20Plus A Build/NMF26X; wv) AppleWebKit/537.36 (KHTML, like Gecko) Version/4.0 Chrome/53.0.2785.143 Crosswalk/24.53.595.0 XWEB/257 MMWEBSDK/21 Mobile Safari/537.36 MicroMessenger/6.6.7.1321(0x26060739) NetType/WIFI Language/zh_CN MicroMessenger/6.6.7.1321(0x26060739) NetType/WIFI Language/zh_CN',
  'referer' => 'https://servicewechat.com/wxeb97c1fd7ede595a/1/page-frame.html',
  'accept-encoding' => 'gzip',
  'connection' => 'Keep-Alive',
  'content-type' => 'multipart/form-data; boundary=1538197129287',
  'content-length' => '70467',
)
[ info ] [ PARAM ] array (
)
[ info ] [ LANG ] /www/wwwroot/LaowuAdmin/public/../application/api/lang/zh-cn.php
[ info ] [ BEHAVIOR ] Run app\common\behavior\Common @module_init [ RunTime:0.001418s ]
[ info ] [ LANG ] /www/wwwroot/LaowuAdmin/public/../application/api/lang/zh-cn/common.php
[ info ] [ RUN ] app\api\controller\Common->upload[ /www/wwwroot/LaowuAdmin/application/api/controller/Common.php ]
[ info ] [ DB ] INIT mysql
[ info ] [ LOG ] INIT File
[ sql ] [ DB ] CONNECT:[ UseTime:0.000721s ] mysql:host=127.0.0.1;port=3306;dbname=gong_cheng;charset=utf8
[ sql ] [ SQL ] SHOW COLUMNS FROM `gc_attachment` [ RunTime:0.002224s ]
[ sql ] [ SQL ] INSERT INTO `gc_attachment` (`filesize` , `imagewidth` , `imageheight` , `imagetype` , `mimetype` , `url` , `uploadtime` , `storage` , `sha1` , `createtime` , `updatetime`) VALUES (70288 , '720' , '720' , 'jpg' , 'image/jpg' , '/uploads/20180929/1d360a92a5ca0752b32b74e35d3efece.jpg' , 1538197129 , 'local' , 'f4d660db7b1ae4ccf9b683e0b9ddda33993d1d96' , 1538197129 , 1538197129) [ RunTime:0.005889s ]
---------------------------------------------------------------
[ 2018-09-29T12:58:56+08:00 ] 221.205.183.120 POST /api/common/upload
[ info ] laowu.weitongtianxia.cn/api/common/upload [运行时间：0.038046s][吞吐率：26.28req/s] [内存消耗：3,049.35kb] [文件加载：70]
[ info ] [ BEHAVIOR ] Run Closure @app_init [ RunTime:0.000025s ]
[ info ] [ CACHE ] INIT File
[ info ] [ BEHAVIOR ] Run Closure @app_init [ RunTime:0.001159s ]
[ info ] [ LANG ] /www/wwwroot/LaowuAdmin/thinkphp/lang/zh-cn.php
[ info ] [ ROUTE ] array (
  'type' => 'module',
  'module' => 
  array (
    0 => 'api',
    1 => 'common',
    2 => 'upload',
  ),
)
[ info ] [ HEADER ] array (
  'host' => 'laowu.weitongtianxia.cn',
  'user-agent' => 'Mozilla/5.0 (Linux; Android 7.1.1; vivo X20Plus A Build/NMF26X; wv) AppleWebKit/537.36 (KHTML, like Gecko) Version/4.0 Chrome/53.0.2785.143 Crosswalk/24.53.595.0 XWEB/257 MMWEBSDK/21 Mobile Safari/537.36 MicroMessenger/6.6.7.1321(0x26060739) NetType/WIFI Language/zh_CN MicroMessenger/6.6.7.1321(0x26060739) NetType/WIFI Language/zh_CN',
  'referer' => 'https://servicewechat.com/wxeb97c1fd7ede595a/1/page-frame.html',
  'accept-encoding' => 'gzip',
  'connection' => 'Keep-Alive',
  'content-type' => 'multipart/form-data; boundary=1538197136452',
  'content-length' => '70467',
)
[ info ] [ PARAM ] array (
)
[ info ] [ LANG ] /www/wwwroot/LaowuAdmin/public/../application/api/lang/zh-cn.php
[ info ] [ BEHAVIOR ] Run app\common\behavior\Common @module_init [ RunTime:0.001363s ]
[ info ] [ LANG ] /www/wwwroot/LaowuAdmin/public/../application/api/lang/zh-cn/common.php
[ info ] [ RUN ] app\api\controller\Common->upload[ /www/wwwroot/LaowuAdmin/application/api/controller/Common.php ]
[ info ] [ DB ] INIT mysql
[ info ] [ LOG ] INIT File
[ sql ] [ DB ] CONNECT:[ UseTime:0.000467s ] mysql:host=127.0.0.1;port=3306;dbname=gong_cheng;charset=utf8
[ sql ] [ SQL ] SHOW COLUMNS FROM `gc_attachment` [ RunTime:0.001015s ]
[ sql ] [ SQL ] INSERT INTO `gc_attachment` (`filesize` , `imagewidth` , `imageheight` , `imagetype` , `mimetype` , `url` , `uploadtime` , `storage` , `sha1` , `createtime` , `updatetime`) VALUES (70288 , '720' , '720' , 'jpg' , 'image/jpg' , '/uploads/20180929/1d360a92a5ca0752b32b74e35d3efece.jpg' , 1538197136 , 'local' , 'f4d660db7b1ae4ccf9b683e0b9ddda33993d1d96' , 1538197136 , 1538197136) [ RunTime:0.006561s ]
---------------------------------------------------------------
[ 2018-09-29T13:11:38+08:00 ] 107.21.155.102 GET /
[ info ] 47.94.91.189/ [运行时间：0.028591s][吞吐率：34.98req/s] [内存消耗：1,661.03kb] [文件加载：50]
[ info ] [ BEHAVIOR ] Run Closure @app_init [ RunTime:0.000027s ]
[ info ] [ CACHE ] INIT File
[ info ] [ BEHAVIOR ] Run Closure @app_init [ RunTime:0.002149s ]
[ info ] [ LANG ] /www/wwwroot/LaowuAdmin/thinkphp/lang/zh-cn.php
[ info ] [ ROUTE ] array (
  'type' => 'module',
  'module' => 
  array (
    0 => '',
    1 => NULL,
    2 => NULL,
  ),
)
[ info ] [ HEADER ] array (
  'connection' => 'keep-alive',
  'accept' => '*/*',
  'accept-encoding' => 'gzip, deflate',
  'user-agent' => 'Mozilla/5.0 (Windows NT 6.2;en-US) AppleWebKit/537.32.36 (KHTML, live Gecko) Chrome/56.0.3036.95 Safari/537.32',
  'host' => '47.94.91.189',
)
[ info ] [ PARAM ] array (
)
[ info ] [ LOG ] INIT File
---------------------------------------------------------------
[ 2018-09-29T14:22:53+08:00 ] 101.227.139.194 GET /MP_verify_SyrOZZt3ol9K9Jr0.txt
[ info ] hxc.sxxslwl.com/MP_verify_SyrOZZt3ol9K9Jr0.txt [运行时间：0.207179s][吞吐率：4.83req/s] [内存消耗：1,665.38kb] [文件加载：50]
[ info ] [ BEHAVIOR ] Run Closure @app_init [ RunTime:0.000583s ]
[ info ] [ CACHE ] INIT File
[ info ] [ BEHAVIOR ] Run Closure @app_init [ RunTime:0.003771s ]
[ info ] [ LANG ] /www/wwwroot/LaowuAdmin/thinkphp/lang/zh-cn.php
[ info ] [ ROUTE ] array (
  'type' => 'module',
  'module' => 
  array (
    0 => 'MP_verify_SyrOZZt3ol9K9Jr0.txt',
    1 => NULL,
    2 => NULL,
  ),
)
[ info ] [ HEADER ] array (
  'connection' => 'Keep-Alive',
  'pragma' => 'no-cache',
  'host' => 'hxc.sxxslwl.com',
  'accept' => '*/*',
  'user-agent' => 'Mozilla/4.0',
)
[ info ] [ PARAM ] array (
)
[ info ] [ LOG ] INIT File
---------------------------------------------------------------
[ 2018-09-29T14:22:57+08:00 ] 101.227.139.194 GET /MP_verify_SyrOZZt3ol9K9Jr0.txt
[ info ] hxc.sxxslwl.com/MP_verify_SyrOZZt3ol9K9Jr0.txt [运行时间：0.016489s][吞吐率：60.65req/s] [内存消耗：1,665.38kb] [文件加载：50]
[ info ] [ BEHAVIOR ] Run Closure @app_init [ RunTime:0.000047s ]
[ info ] [ CACHE ] INIT File
[ info ] [ BEHAVIOR ] Run Closure @app_init [ RunTime:0.001258s ]
[ info ] [ LANG ] /www/wwwroot/LaowuAdmin/thinkphp/lang/zh-cn.php
[ info ] [ ROUTE ] array (
  'type' => 'module',
  'module' => 
  array (
    0 => 'MP_verify_SyrOZZt3ol9K9Jr0.txt',
    1 => NULL,
    2 => NULL,
  ),
)
[ info ] [ HEADER ] array (
  'connection' => 'Keep-Alive',
  'pragma' => 'no-cache',
  'host' => 'hxc.sxxslwl.com',
  'accept' => '*/*',
  'user-agent' => 'Mozilla/4.0',
)
[ info ] [ PARAM ] array (
)
[ info ] [ LOG ] INIT File
---------------------------------------------------------------
[ 2018-09-29T14:23:01+08:00 ] 101.227.139.194 GET /MP_verify_SyrOZZt3ol9K9Jr0.txt
[ info ] hxc.sxxslwl.com/MP_verify_SyrOZZt3ol9K9Jr0.txt [运行时间：0.018148s][吞吐率：55.10req/s] [内存消耗：1,665.38kb] [文件加载：50]
[ info ] [ BEHAVIOR ] Run Closure @app_init [ RunTime:0.000059s ]
[ info ] [ CACHE ] INIT File
[ info ] [ BEHAVIOR ] Run Closure @app_init [ RunTime:0.001330s ]
[ info ] [ LANG ] /www/wwwroot/LaowuAdmin/thinkphp/lang/zh-cn.php
[ info ] [ ROUTE ] array (
  'type' => 'module',
  'module' => 
  array (
    0 => 'MP_verify_SyrOZZt3ol9K9Jr0.txt',
    1 => NULL,
    2 => NULL,
  ),
)
[ info ] [ HEADER ] array (
  'connection' => 'Keep-Alive',
  'pragma' => 'no-cache',
  'host' => 'hxc.sxxslwl.com',
  'accept' => '*/*',
  'user-agent' => 'Mozilla/4.0',
)
[ info ] [ PARAM ] array (
)
[ info ] [ LOG ] INIT File
---------------------------------------------------------------
[ 2018-09-29T15:08:09+08:00 ] 52.77.223.212 GET /
[ info ] 47.94.91.189/ [运行时间：0.288694s][吞吐率：3.46req/s] [内存消耗：1,660.44kb] [文件加载：50]
[ info ] [ BEHAVIOR ] Run Closure @app_init [ RunTime:0.000686s ]
[ info ] [ CACHE ] INIT File
[ info ] [ BEHAVIOR ] Run Closure @app_init [ RunTime:0.004874s ]
[ info ] [ LANG ] /www/wwwroot/LaowuAdmin/thinkphp/lang/zh-cn.php
[ info ] [ ROUTE ] array (
  'type' => 'module',
  'module' => 
  array (
    0 => '',
    1 => NULL,
    2 => NULL,
  ),
)
[ info ] [ HEADER ] array (
  'accept-encoding' => 'gzip',
  'connection' => 'close',
  'accept' => '*/*',
  'user-agent' => 'Mozilla/5.0 zgrab/0.x',
  'host' => '47.94.91.189',
)
[ info ] [ PARAM ] array (
)
[ info ] [ LOG ] INIT File
---------------------------------------------------------------
[ 2018-09-29T15:15:18+08:00 ] 139.224.11.233 GET /
[ info ] laowu.weitongtianxia.cn/ [运行时间：0.032816s][吞吐率：30.47req/s] [内存消耗：1,660.88kb] [文件加载：50]
[ info ] [ BEHAVIOR ] Run Closure @app_init [ RunTime:0.000305s ]
[ info ] [ CACHE ] INIT File
[ info ] [ BEHAVIOR ] Run Closure @app_init [ RunTime:0.002956s ]
[ info ] [ LANG ] /www/wwwroot/LaowuAdmin/thinkphp/lang/zh-cn.php
[ info ] [ ROUTE ] array (
  'type' => 'module',
  'module' => 
  array (
    0 => '',
    1 => NULL,
    2 => NULL,
  ),
)
[ info ] [ HEADER ] array (
  'connection' => 'keep-alive',
  'accept' => 'text/html, image/gif, image/jpeg, *; q=.2, */*; q=.2',
  'host' => 'laowu.weitongtianxia.cn',
  'user-agent' => 'Mozilla/5.0 (X11; Ubuntu; Linux x86_64; rv:36.0) Gecko/20100101 Firefox/36.0',
)
[ info ] [ PARAM ] array (
)
[ info ] [ LOG ] INIT File
---------------------------------------------------------------
[ 2018-09-29T15:25:00+08:00 ] 115.144.122.194 GET /
[ info ] 47.94.91.189/ [运行时间：0.032655s][吞吐率：30.62req/s] [内存消耗：1,660.94kb] [文件加载：50]
[ info ] [ BEHAVIOR ] Run Closure @app_init [ RunTime:0.000316s ]
[ info ] [ CACHE ] INIT File
[ info ] [ BEHAVIOR ] Run Closure @app_init [ RunTime:0.003605s ]
[ info ] [ LANG ] /www/wwwroot/LaowuAdmin/thinkphp/lang/zh-cn.php
[ info ] [ ROUTE ] array (
  'type' => 'module',
  'module' => 
  array (
    0 => '',
    1 => NULL,
    2 => NULL,
  ),
)
[ info ] [ HEADER ] array (
  'host' => '47.94.91.189',
  'user-agent' => 'Mozilla/4.0 (compatible; MSIE 9.0; Windows NT 6.1)',
  'referer' => 'https://47.94.91.189',
  'accept-language' => 'zh-cn',
  'accept' => '*/*',
  'connection' => 'Keep-Alive',
)
[ info ] [ PARAM ] array (
)
[ info ] [ LOG ] INIT File
---------------------------------------------------------------
[ 2018-09-29T19:04:30+08:00 ] 183.60.210.52 GET /
[ info ] 47.94.91.189/ [运行时间：0.255865s][吞吐率：3.91req/s] [内存消耗：1,660.94kb] [文件加载：50]
[ info ] [ BEHAVIOR ] Run Closure @app_init [ RunTime:0.000843s ]
[ info ] [ CACHE ] INIT File
[ info ] [ BEHAVIOR ] Run Closure @app_init [ RunTime:0.004450s ]
[ info ] [ LANG ] /www/wwwroot/LaowuAdmin/thinkphp/lang/zh-cn.php
[ info ] [ ROUTE ] array (
  'type' => 'module',
  'module' => 
  array (
    0 => '',
    1 => NULL,
    2 => NULL,
  ),
)
[ info ] [ HEADER ] array (
  'host' => '47.94.91.189',
  'user-agent' => 'Mozilla/4.0 (compatible; MSIE 9.0; Windows NT 6.1)',
  'referer' => 'https://47.94.91.189',
  'accept-language' => 'zh-cn',
  'accept' => '*/*',
  'connection' => 'Keep-Alive',
)
[ info ] [ PARAM ] array (
)
[ info ] [ LOG ] INIT File
---------------------------------------------------------------
[ 2018-09-29T19:04:30+08:00 ] 183.60.210.62 GET /
[ info ] 47.94.91.189/ [运行时间：0.017346s][吞吐率：57.65req/s] [内存消耗：1,660.94kb] [文件加载：50]
[ info ] [ BEHAVIOR ] Run Closure @app_init [ RunTime:0.000046s ]
[ info ] [ CACHE ] INIT File
[ info ] [ BEHAVIOR ] Run Closure @app_init [ RunTime:0.001419s ]
[ info ] [ LANG ] /www/wwwroot/LaowuAdmin/thinkphp/lang/zh-cn.php
[ info ] [ ROUTE ] array (
  'type' => 'module',
  'module' => 
  array (
    0 => '',
    1 => NULL,
    2 => NULL,
  ),
)
[ info ] [ HEADER ] array (
  'host' => '47.94.91.189',
  'user-agent' => 'Mozilla/4.0 (compatible; MSIE 9.0; Windows NT 6.1)',
  'referer' => 'https://47.94.91.189',
  'accept-language' => 'zh-cn',
  'accept' => '*/*',
  'connection' => 'Keep-Alive',
)
[ info ] [ PARAM ] array (
)
[ info ] [ LOG ] INIT File
---------------------------------------------------------------
[ 2018-09-29T21:56:40+08:00 ] 184.105.247.194 GET /
[ info ] 47.94.91.189/ [运行时间：0.216233s][吞吐率：4.62req/s] [内存消耗：1,659.13kb] [文件加载：50]
[ info ] [ BEHAVIOR ] Run Closure @app_init [ RunTime:0.000593s ]
[ info ] [ CACHE ] INIT File
[ info ] [ BEHAVIOR ] Run Closure @app_init [ RunTime:0.004030s ]
[ info ] [ LANG ] /www/wwwroot/LaowuAdmin/thinkphp/lang/zh-cn.php
[ info ] [ ROUTE ] array (
  'type' => 'module',
  'module' => 
  array (
    0 => '',
    1 => NULL,
    2 => NULL,
  ),
)
[ info ] [ HEADER ] array (
  'host' => '47.94.91.189',
)
[ info ] [ PARAM ] array (
)
[ info ] [ LOG ] INIT File
---------------------------------------------------------------
[ 2018-09-29T22:53:02+08:00 ] 222.186.190.20 GET /
[ info ] 47.94.91.189/ [运行时间：0.093034s][吞吐率：10.75req/s] [内存消耗：1,660.94kb] [文件加载：50]
[ info ] [ BEHAVIOR ] Run Closure @app_init [ RunTime:0.000502s ]
[ info ] [ CACHE ] INIT File
[ info ] [ BEHAVIOR ] Run Closure @app_init [ RunTime:0.002908s ]
[ info ] [ LANG ] /www/wwwroot/LaowuAdmin/thinkphp/lang/zh-cn.php
[ info ] [ ROUTE ] array (
  'type' => 'module',
  'module' => 
  array (
    0 => '',
    1 => NULL,
    2 => NULL,
  ),
)
[ info ] [ HEADER ] array (
  'host' => '47.94.91.189',
  'user-agent' => 'Mozilla/4.0 (compatible; MSIE 9.0; Windows NT 6.1)',
  'referer' => 'https://47.94.91.189',
  'accept-language' => 'zh-cn',
  'accept' => '*/*',
  'connection' => 'Keep-Alive',
)
[ info ] [ PARAM ] array (
)
[ info ] [ LOG ] INIT File
---------------------------------------------------------------
[ 2018-09-29T23:13:07+08:00 ] 118.81.97.61 GET /api/index/jing_yan
[ info ] laowu.weitongtianxia.cn/api/index/jing_yan [运行时间：0.300374s][吞吐率：3.33req/s] [内存消耗：2,999.77kb] [文件加载：68]
[ info ] [ BEHAVIOR ] Run Closure @app_init [ RunTime:0.000053s ]
[ info ] [ CACHE ] INIT File
[ info ] [ BEHAVIOR ] Run Closure @app_init [ RunTime:0.003048s ]
[ info ] [ LANG ] /www/wwwroot/LaowuAdmin/thinkphp/lang/zh-cn.php
[ info ] [ ROUTE ] array (
  'type' => 'module',
  'module' => 
  array (
    0 => 'api',
    1 => 'index',
    2 => 'jing_yan',
  ),
)
[ info ] [ HEADER ] array (
  'connection' => 'Keep-Alive',
  'host' => 'laowu.weitongtianxia.cn',
  'user-agent' => 'Mozilla/5.0 (Linux; Android 6.0; HUAWEI MLA-AL10 Build/HUAWEIMLA-AL10; wv) AppleWebKit/537.36 (KHTML, like Gecko) Version/4.0 Chrome/55.0.2883.91 Mobile Safari/537.36 MicroMessenger/6.7.3.1360(0x26070333) NetType/WIFI Language/zh_CN Process/appbrand0',
  'referer' => 'https://servicewechat.com/wxeb97c1fd7ede595a/1/page-frame.html',
  'accept-encoding' => 'gzip',
  'charset' => 'utf-8',
  'content-type' => 'application/json',
)
[ info ] [ PARAM ] array (
)
[ info ] [ LANG ] /www/wwwroot/LaowuAdmin/public/../application/api/lang/zh-cn.php
[ info ] [ BEHAVIOR ] Run app\common\behavior\Common @module_init [ RunTime:0.054021s ]
[ info ] [ RUN ] app\api\controller\Index->jing_yan[ /www/wwwroot/LaowuAdmin/application/api/controller/Index.php ]
[ info ] [ DB ] INIT mysql
[ info ] [ LOG ] INIT File
[ sql ] [ DB ] CONNECT:[ UseTime:0.077379s ] mysql:host=127.0.0.1;port=3306;dbname=gong_cheng;charset=utf8
[ sql ] [ SQL ] SHOW COLUMNS FROM `gc_experience` [ RunTime:0.023465s ]
[ sql ] [ SQL ] SELECT `id`,`experience` FROM `gc_experience` WHERE `gc_experience`.`delete_time` IS NULL [ RunTime:0.000482s ]
---------------------------------------------------------------
[ 2018-09-29T23:13:08+08:00 ] 118.81.97.61 GET /api/Index/index
[ info ] laowu.weitongtianxia.cn/api/Index/index [运行时间：0.061039s][吞吐率：16.38req/s] [内存消耗：2,976.17kb] [文件加载：66]
[ info ] [ BEHAVIOR ] Run Closure @app_init [ RunTime:0.000051s ]
[ info ] [ CACHE ] INIT File
[ info ] [ BEHAVIOR ] Run Closure @app_init [ RunTime:0.001328s ]
[ info ] [ LANG ] /www/wwwroot/LaowuAdmin/thinkphp/lang/zh-cn.php
[ info ] [ ROUTE ] array (
  'type' => 'module',
  'module' => 
  array (
    0 => 'api',
    1 => 'Index',
    2 => 'index',
  ),
)
[ info ] [ HEADER ] array (
  'connection' => 'Keep-Alive',
  'host' => 'laowu.weitongtianxia.cn',
  'user-agent' => 'Mozilla/5.0 (Linux; Android 6.0; HUAWEI MLA-AL10 Build/HUAWEIMLA-AL10; wv) AppleWebKit/537.36 (KHTML, like Gecko) Version/4.0 Chrome/55.0.2883.91 Mobile Safari/537.36 MicroMessenger/6.7.3.1360(0x26070333) NetType/WIFI Language/zh_CN Process/appbrand0',
  'referer' => 'https://servicewechat.com/wxeb97c1fd7ede595a/1/page-frame.html',
  'accept-encoding' => 'gzip',
  'charset' => 'utf-8',
  'content-type' => 'application/json',
)
[ info ] [ PARAM ] array (
)
[ info ] [ LANG ] /www/wwwroot/LaowuAdmin/public/../application/api/lang/zh-cn.php
[ info ] [ BEHAVIOR ] Run app\common\behavior\Common @module_init [ RunTime:0.001447s ]
[ info ] [ RUN ] app\api\controller\Index->index[ /www/wwwroot/LaowuAdmin/application/api/controller/Index.php ]
[ info ] [ DB ] INIT mysql
[ info ] [ LOG ] INIT File
[ sql ] [ DB ] CONNECT:[ UseTime:0.006479s ] mysql:host=127.0.0.1;port=3306;dbname=gong_cheng;charset=utf8
[ sql ] [ SQL ] SHOW COLUMNS FROM `gc_config` [ RunTime:0.007349s ]
[ sql ] [ SQL ] SELECT `name`,`value` FROM `gc_config` WHERE  `group` = 'weapp' [ RunTime:0.000400s ]
---------------------------------------------------------------
[ 2018-09-29T23:13:08+08:00 ] 118.81.97.61 GET /api/team/index?page=1
[ info ] laowu.weitongtianxia.cn/api/team/index?page=1 [运行时间：0.064208s][吞吐率：15.57req/s] [内存消耗：3,168.03kb] [文件加载：75]
[ info ] [ BEHAVIOR ] Run Closure @app_init [ RunTime:0.000063s ]
[ info ] [ CACHE ] INIT File
[ info ] [ BEHAVIOR ] Run Closure @app_init [ RunTime:0.001294s ]
[ info ] [ LANG ] /www/wwwroot/LaowuAdmin/thinkphp/lang/zh-cn.php
[ info ] [ ROUTE ] array (
  'type' => 'module',
  'module' => 
  array (
    0 => 'api',
    1 => 'team',
    2 => 'index',
  ),
)
[ info ] [ HEADER ] array (
  'connection' => 'Keep-Alive',
  'host' => 'laowu.weitongtianxia.cn',
  'user-agent' => 'Mozilla/5.0 (Linux; Android 6.0; HUAWEI MLA-AL10 Build/HUAWEIMLA-AL10; wv) AppleWebKit/537.36 (KHTML, like Gecko) Version/4.0 Chrome/55.0.2883.91 Mobile Safari/537.36 MicroMessenger/6.7.3.1360(0x26070333) NetType/WIFI Language/zh_CN Process/appbrand0',
  'referer' => 'https://servicewechat.com/wxeb97c1fd7ede595a/1/page-frame.html',
  'accept-encoding' => 'gzip',
  'charset' => 'utf-8',
  'content-type' => 'application/json',
)
[ info ] [ PARAM ] array (
  'page' => '1',
)
[ info ] [ LANG ] /www/wwwroot/LaowuAdmin/public/../application/api/lang/zh-cn.php
[ info ] [ BEHAVIOR ] Run app\common\behavior\Common @module_init [ RunTime:0.001465s ]
[ info ] [ RUN ] app\api\controller\Team->index[ /www/wwwroot/LaowuAdmin/application/api/controller/Team.php ]
[ info ] [ DB ] INIT mysql
[ info ] [ LOG ] INIT File
[ sql ] [ DB ] CONNECT:[ UseTime:0.000623s ] mysql:host=127.0.0.1;port=3306;dbname=gong_cheng;charset=utf8
[ sql ] [ SQL ] SHOW COLUMNS FROM `gc_team` [ RunTime:0.001456s ]
[ sql ] [ SQL ] SELECT COUNT(*) AS tp_count FROM `gc_team` LIMIT 1 [ RunTime:0.000353s ]
[ sql ] [ SQL ] SELECT * FROM `gc_team` LIMIT 0,10 [ RunTime:0.000362s ]
[ sql ] [ SQL ] SHOW COLUMNS FROM `gc_experience` [ RunTime:0.000769s ]
[ sql ] [ SQL ] SELECT * FROM `gc_experience` WHERE  `id` IN (3) [ RunTime:0.000309s ]
