---------------------------------------------------------------
[ 2018-09-30T02:49:16+08:00 ] 140.205.205.25 HEAD /
[ info ] laowu.weitongtianxia.cn:443/ [运行时间：0.096618s][吞吐率：10.35req/s] [内存消耗：1,660.08kb] [文件加载：50]
[ info ] [ BEHAVIOR ] Run Closure @app_init [ RunTime:0.000560s ]
[ info ] [ CACHE ] INIT File
[ info ] [ BEHAVIOR ] Run Closure @app_init [ RunTime:0.003426s ]
[ info ] [ LANG ] /www/wwwroot/LaowuAdmin/thinkphp/lang/zh-cn.php
[ info ] [ ROUTE ] array (
  'type' => 'module',
  'module' => 
  array (
    0 => '',
    1 => NULL,
    2 => NULL,
  ),
)
[ info ] [ HEADER ] array (
  'connection' => 'close',
  'user-agent' => 'Go-http-client/1.1',
  'host' => 'laowu.weitongtianxia.cn:443',
)
[ info ] [ PARAM ] array (
)
[ info ] [ LOG ] INIT File
---------------------------------------------------------------
[ 2018-09-30T03:09:02+08:00 ] 140.205.205.25 HEAD /
[ info ] hxc.sxxslwl.com:443/ [运行时间：0.025247s][吞吐率：39.61req/s] [内存消耗：1,660.03kb] [文件加载：50]
[ info ] [ BEHAVIOR ] Run Closure @app_init [ RunTime:0.000051s ]
[ info ] [ CACHE ] INIT File
[ info ] [ BEHAVIOR ] Run Closure @app_init [ RunTime:0.002540s ]
[ info ] [ LANG ] /www/wwwroot/LaowuAdmin/thinkphp/lang/zh-cn.php
[ info ] [ ROUTE ] array (
  'type' => 'module',
  'module' => 
  array (
    0 => '',
    1 => NULL,
    2 => NULL,
  ),
)
[ info ] [ HEADER ] array (
  'connection' => 'close',
  'user-agent' => 'Go-http-client/1.1',
  'host' => 'hxc.sxxslwl.com:443',
)
[ info ] [ PARAM ] array (
)
[ info ] [ LOG ] INIT File
---------------------------------------------------------------
[ 2018-09-30T08:12:28+08:00 ] 222.186.31.27 GET /
[ info ] 47.94.91.189/ [运行时间：0.203973s][吞吐率：4.90req/s] [内存消耗：1,660.94kb] [文件加载：50]
[ info ] [ BEHAVIOR ] Run Closure @app_init [ RunTime:0.000547s ]
[ info ] [ CACHE ] INIT File
[ info ] [ BEHAVIOR ] Run Closure @app_init [ RunTime:0.003881s ]
[ info ] [ LANG ] /www/wwwroot/LaowuAdmin/thinkphp/lang/zh-cn.php
[ info ] [ ROUTE ] array (
  'type' => 'module',
  'module' => 
  array (
    0 => '',
    1 => NULL,
    2 => NULL,
  ),
)
[ info ] [ HEADER ] array (
  'host' => '47.94.91.189',
  'user-agent' => 'Mozilla/4.0 (compatible; MSIE 9.0; Windows NT 6.1)',
  'referer' => 'https://47.94.91.189',
  'accept-language' => 'zh-cn',
  'accept' => '*/*',
  'connection' => 'Keep-Alive',
)
[ info ] [ PARAM ] array (
)
[ info ] [ LOG ] INIT File
---------------------------------------------------------------
[ 2018-09-30T08:12:28+08:00 ] 222.186.31.240 GET /
[ info ] 47.94.91.189/ [运行时间：0.016657s][吞吐率：60.03req/s] [内存消耗：1,660.94kb] [文件加载：50]
[ info ] [ BEHAVIOR ] Run Closure @app_init [ RunTime:0.000048s ]
[ info ] [ CACHE ] INIT File
[ info ] [ BEHAVIOR ] Run Closure @app_init [ RunTime:0.001275s ]
[ info ] [ LANG ] /www/wwwroot/LaowuAdmin/thinkphp/lang/zh-cn.php
[ info ] [ ROUTE ] array (
  'type' => 'module',
  'module' => 
  array (
    0 => '',
    1 => NULL,
    2 => NULL,
  ),
)
[ info ] [ HEADER ] array (
  'host' => '47.94.91.189',
  'user-agent' => 'Mozilla/4.0 (compatible; MSIE 9.0; Windows NT 6.1)',
  'referer' => 'https://47.94.91.189',
  'accept-language' => 'zh-cn',
  'accept' => '*/*',
  'connection' => 'Keep-Alive',
)
[ info ] [ PARAM ] array (
)
[ info ] [ LOG ] INIT File
---------------------------------------------------------------
[ 2018-09-30T09:57:32+08:00 ] 66.240.219.146 GET /
[ info ] 47.94.91.189/ [运行时间：0.211361s][吞吐率：4.73req/s] [内存消耗：1,660.80kb] [文件加载：50]
[ info ] [ BEHAVIOR ] Run Closure @app_init [ RunTime:0.000467s ]
[ info ] [ CACHE ] INIT File
[ info ] [ BEHAVIOR ] Run Closure @app_init [ RunTime:0.094787s ]
[ info ] [ LANG ] /www/wwwroot/LaowuAdmin/thinkphp/lang/zh-cn.php
[ info ] [ ROUTE ] array (
  'type' => 'module',
  'module' => 
  array (
    0 => '',
    1 => NULL,
    2 => NULL,
  ),
)
[ info ] [ HEADER ] array (
  'user-agent' => 'Mozilla/5.0 (X11; Linux x86_64) AppleWebKit/537.36 (KHTML, like Gecko) Chrome/34.0.1847.137 Safari/537.36',
  'accept' => 'text/html,application/xhtml+xml,application/xml;q=0.9,*/*;q=0.8',
  'host' => '47.94.91.189',
  'accept-encoding' => 'identity',
)
[ info ] [ PARAM ] array (
)
[ info ] [ LOG ] INIT File
---------------------------------------------------------------
[ 2018-09-30T09:57:46+08:00 ] 66.240.219.146 GET /sitemap.xml
[ info ] 47.94.91.189/sitemap.xml [运行时间：0.018628s][吞吐率：53.68req/s] [内存消耗：1,662.79kb] [文件加载：50]
[ info ] [ BEHAVIOR ] Run Closure @app_init [ RunTime:0.000049s ]
[ info ] [ CACHE ] INIT File
[ info ] [ BEHAVIOR ] Run Closure @app_init [ RunTime:0.001365s ]
[ info ] [ LANG ] /www/wwwroot/LaowuAdmin/thinkphp/lang/zh-cn.php
[ info ] [ ROUTE ] array (
  'type' => 'module',
  'module' => 
  array (
    0 => 'sitemap.xml',
    1 => NULL,
    2 => NULL,
  ),
)
[ info ] [ HEADER ] array (
  'accept-encoding' => 'identity',
  'host' => '47.94.91.189',
)
[ info ] [ PARAM ] array (
)
[ info ] [ LOG ] INIT File
---------------------------------------------------------------
[ 2018-09-30T09:57:47+08:00 ] 66.240.219.146 GET /.well-known/security.txt
[ info ] 47.94.91.189/.well-known/security.txt [运行时间：0.015985s][吞吐率：62.56req/s] [内存消耗：1,662.97kb] [文件加载：50]
[ info ] [ BEHAVIOR ] Run Closure @app_init [ RunTime:0.000048s ]
[ info ] [ CACHE ] INIT File
[ info ] [ BEHAVIOR ] Run Closure @app_init [ RunTime:0.001239s ]
[ info ] [ LANG ] /www/wwwroot/LaowuAdmin/thinkphp/lang/zh-cn.php
[ info ] [ ROUTE ] array (
  'type' => 'module',
  'module' => 
  array (
    0 => '.well-known',
    1 => 'security.txt',
    2 => NULL,
  ),
)
[ info ] [ HEADER ] array (
  'accept-encoding' => 'identity',
  'host' => '47.94.91.189',
)
[ info ] [ PARAM ] array (
)
[ info ] [ LOG ] INIT File
---------------------------------------------------------------
[ 2018-09-30T14:15:19+08:00 ] 121.41.39.20 GET /otsmobile/app/mgs/mgw.htm?operationType=com.cars.otsmobile.queryLeftTicketA&requestData=%5B%7B%22train_date%22%3A%2220181010%22%2C%22purpose_codes%22%3A%2200%22%2C%22from_station%22%3A%22PIJ%22%2C%22to_station%22%3A%22POJ%22%2C%22station_train_code%22%3A%22%22%2C%22start_time_begin%22%3A%220000%22%2C%22start_time_end%22%3A%222400%22%2C%22train_headers%22%3A%22QB%23%22%2C%22train_flag%22%3A%22%22%2C%22seat_type%22%3A%22%22%2C%22seatBack_Type%22%3A%22%22%2C%22ticket_num%22%3A%22%22%2C%22dfpStr%22%3A%22%22%2C%22baseDTO%22%3A%7B%22check_code%22%3A%22ce79106f7cc6e9940555ee67b29c2b0b%22%2C%22device_no%22%3A%22eb4e4f96dd60f18e%22%2C%22mobile_no%22%3A%22%22%2C%22os_type%22%3A%22a%22%2C%22time_str%22%3A%2220180930141519%22%2C%22user_name%22%3A%22%22%2C%22version_no%22%3A%224.0.0.07121250%22%7D%7D%5D&ts=1538288119935&sign=
[ info ] mobile.12306.cn/otsmobile/app/mgs/mgw.htm?operationType=com.cars.otsmobile.queryLeftTicketA&requestData=%5B%7B%22train_date%22%3A%2220181010%22%2C%22purpose_codes%22%3A%2200%22%2C%22from_station%22%3A%22PIJ%22%2C%22to_station%22%3A%22POJ%22%2C%22station_train_code%22%3A%22%22%2C%22start_time_begin%22%3A%220000%22%2C%22start_time_end%22%3A%222400%22%2C%22train_headers%22%3A%22QB%23%22%2C%22train_flag%22%3A%22%22%2C%22seat_type%22%3A%22%22%2C%22seatBack_Type%22%3A%22%22%2C%22ticket_num%22%3A%22%22%2C%22dfpStr%22%3A%22%22%2C%22baseDTO%22%3A%7B%22check_code%22%3A%22ce79106f7cc6e9940555ee67b29c2b0b%22%2C%22device_no%22%3A%22eb4e4f96dd60f18e%22%2C%22mobile_no%22%3A%22%22%2C%22os_type%22%3A%22a%22%2C%22time_str%22%3A%2220180930141519%22%2C%22user_name%22%3A%22%22%2C%22version_no%22%3A%224.0.0.07121250%22%7D%7D%5D&ts=1538288119935&sign= [运行时间：0.203612s][吞吐率：4.91req/s] [内存消耗：1,675.11kb] [文件加载：50]
[ info ] [ BEHAVIOR ] Run Closure @app_init [ RunTime:0.000371s ]
[ info ] [ CACHE ] INIT File
[ info ] [ BEHAVIOR ] Run Closure @app_init [ RunTime:0.003752s ]
[ info ] [ LANG ] /www/wwwroot/LaowuAdmin/thinkphp/lang/zh-cn.php
[ info ] [ ROUTE ] array (
  'type' => 'module',
  'module' => 
  array (
    0 => 'otsmobile',
    1 => 'app',
    2 => 'mgs',
  ),
)
[ info ] [ HEADER ] array (
  'accept-encoding' => 'gzip',
  'workspaceid' => 'product',
  'trackerid' => '',
  'signtype' => '0',
  'platform' => 'ANDROID',
  'did' => 'eb4e4f96dd60f18e',
  'appid' => '9101430221728, 9101430221728',
  'user-agent' => 'Go-http-client/1.1',
  'host' => 'mobile.12306.cn',
)
[ info ] [ PARAM ] array (
  'operationType' => 'com.cars.otsmobile.queryLeftTicketA',
  'requestData' => '[{"train_date":"20181010","purpose_codes":"00","from_station":"PIJ","to_station":"POJ","station_train_code":"","start_time_begin":"0000","start_time_end":"2400","train_headers":"QB#","train_flag":"","seat_type":"","seatBack_Type":"","ticket_num":"","dfpStr":"","baseDTO":{"check_code":"ce79106f7cc6e9940555ee67b29c2b0b","device_no":"eb4e4f96dd60f18e","mobile_no":"","os_type":"a","time_str":"20180930141519","user_name":"","version_no":"4.0.0.07121250"}}]',
  'ts' => '1538288119935',
  'sign' => '',
)
[ info ] [ LOG ] INIT File
---------------------------------------------------------------
[ 2018-09-30T15:11:32+08:00 ] 139.162.113.204 GET /
[ info ] 47.94.91.189/ [运行时间：0.286857s][吞吐率：3.49req/s] [内存消耗：1,659.85kb] [文件加载：50]
[ info ] [ BEHAVIOR ] Run Closure @app_init [ RunTime:0.000318s ]
[ info ] [ CACHE ] INIT File
[ info ] [ BEHAVIOR ] Run Closure @app_init [ RunTime:0.003480s ]
[ info ] [ LANG ] /www/wwwroot/LaowuAdmin/thinkphp/lang/zh-cn.php
[ info ] [ ROUTE ] array (
  'type' => 'module',
  'module' => 
  array (
    0 => '',
    1 => NULL,
    2 => NULL,
  ),
)
[ info ] [ HEADER ] array (
  'connection' => 'close',
  'user-agent' => 'Go-http-client/1.1',
  'host' => '47.94.91.189',
)
[ info ] [ PARAM ] array (
)
[ info ] [ LOG ] INIT File
---------------------------------------------------------------
[ 2018-09-30T18:01:09+08:00 ] 118.81.242.159 GET /api/index/jing_yan
[ info ] laowu.weitongtianxia.cn/api/index/jing_yan [运行时间：0.317975s][吞吐率：3.14req/s] [内存消耗：2,999.77kb] [文件加载：68]
[ info ] [ BEHAVIOR ] Run Closure @app_init [ RunTime:0.000627s ]
[ info ] [ CACHE ] INIT File
[ info ] [ BEHAVIOR ] Run Closure @app_init [ RunTime:0.003393s ]
[ info ] [ LANG ] /www/wwwroot/LaowuAdmin/thinkphp/lang/zh-cn.php
[ info ] [ ROUTE ] array (
  'type' => 'module',
  'module' => 
  array (
    0 => 'api',
    1 => 'index',
    2 => 'jing_yan',
  ),
)
[ info ] [ HEADER ] array (
  'connection' => 'Keep-Alive',
  'host' => 'laowu.weitongtianxia.cn',
  'user-agent' => 'Mozilla/5.0 (Linux; Android 6.0; HUAWEI MLA-AL10 Build/HUAWEIMLA-AL10; wv) AppleWebKit/537.36 (KHTML, like Gecko) Version/4.0 Chrome/55.0.2883.91 Mobile Safari/537.36 MicroMessenger/6.7.3.1360(0x26070333) NetType/WIFI Language/zh_CN Process/appbrand0',
  'referer' => 'https://servicewechat.com/wxeb97c1fd7ede595a/1/page-frame.html',
  'accept-encoding' => 'gzip',
  'charset' => 'utf-8',
  'content-type' => 'application/json',
)
[ info ] [ PARAM ] array (
)
[ info ] [ LANG ] /www/wwwroot/LaowuAdmin/public/../application/api/lang/zh-cn.php
[ info ] [ BEHAVIOR ] Run app\common\behavior\Common @module_init [ RunTime:0.004890s ]
[ info ] [ RUN ] app\api\controller\Index->jing_yan[ /www/wwwroot/LaowuAdmin/application/api/controller/Index.php ]
[ info ] [ DB ] INIT mysql
[ info ] [ LOG ] INIT File
[ sql ] [ DB ] CONNECT:[ UseTime:0.003861s ] mysql:host=127.0.0.1;port=3306;dbname=gong_cheng;charset=utf8
[ sql ] [ SQL ] SHOW COLUMNS FROM `gc_experience` [ RunTime:0.096603s ]
[ sql ] [ SQL ] SELECT `id`,`experience` FROM `gc_experience` WHERE `gc_experience`.`delete_time` IS NULL [ RunTime:0.000371s ]
---------------------------------------------------------------
[ 2018-09-30T18:01:10+08:00 ] 118.81.242.159 GET /api/Index/index
[ info ] laowu.weitongtianxia.cn/api/Index/index [运行时间：0.059421s][吞吐率：16.83req/s] [内存消耗：2,976.17kb] [文件加载：66]
[ info ] [ BEHAVIOR ] Run Closure @app_init [ RunTime:0.000067s ]
[ info ] [ CACHE ] INIT File
[ info ] [ BEHAVIOR ] Run Closure @app_init [ RunTime:0.001233s ]
[ info ] [ LANG ] /www/wwwroot/LaowuAdmin/thinkphp/lang/zh-cn.php
[ info ] [ ROUTE ] array (
  'type' => 'module',
  'module' => 
  array (
    0 => 'api',
    1 => 'Index',
    2 => 'index',
  ),
)
[ info ] [ HEADER ] array (
  'connection' => 'Keep-Alive',
  'host' => 'laowu.weitongtianxia.cn',
  'user-agent' => 'Mozilla/5.0 (Linux; Android 6.0; HUAWEI MLA-AL10 Build/HUAWEIMLA-AL10; wv) AppleWebKit/537.36 (KHTML, like Gecko) Version/4.0 Chrome/55.0.2883.91 Mobile Safari/537.36 MicroMessenger/6.7.3.1360(0x26070333) NetType/WIFI Language/zh_CN Process/appbrand0',
  'referer' => 'https://servicewechat.com/wxeb97c1fd7ede595a/1/page-frame.html',
  'accept-encoding' => 'gzip',
  'charset' => 'utf-8',
  'content-type' => 'application/json',
)
[ info ] [ PARAM ] array (
)
[ info ] [ LANG ] /www/wwwroot/LaowuAdmin/public/../application/api/lang/zh-cn.php
[ info ] [ BEHAVIOR ] Run app\common\behavior\Common @module_init [ RunTime:0.001411s ]
[ info ] [ RUN ] app\api\controller\Index->index[ /www/wwwroot/LaowuAdmin/application/api/controller/Index.php ]
[ info ] [ DB ] INIT mysql
[ info ] [ LOG ] INIT File
[ sql ] [ DB ] CONNECT:[ UseTime:0.006596s ] mysql:host=127.0.0.1;port=3306;dbname=gong_cheng;charset=utf8
[ sql ] [ SQL ] SHOW COLUMNS FROM `gc_config` [ RunTime:0.002589s ]
[ sql ] [ SQL ] SELECT `name`,`value` FROM `gc_config` WHERE  `group` = 'weapp' [ RunTime:0.000358s ]
---------------------------------------------------------------
[ 2018-09-30T18:01:10+08:00 ] 118.81.242.159 GET /api/team/index?page=1
[ info ] laowu.weitongtianxia.cn/api/team/index?page=1 [运行时间：0.057972s][吞吐率：17.25req/s] [内存消耗：3,168.03kb] [文件加载：75]
[ info ] [ BEHAVIOR ] Run Closure @app_init [ RunTime:0.000047s ]
[ info ] [ CACHE ] INIT File
[ info ] [ BEHAVIOR ] Run Closure @app_init [ RunTime:0.001248s ]
[ info ] [ LANG ] /www/wwwroot/LaowuAdmin/thinkphp/lang/zh-cn.php
[ info ] [ ROUTE ] array (
  'type' => 'module',
  'module' => 
  array (
    0 => 'api',
    1 => 'team',
    2 => 'index',
  ),
)
[ info ] [ HEADER ] array (
  'connection' => 'Keep-Alive',
  'host' => 'laowu.weitongtianxia.cn',
  'user-agent' => 'Mozilla/5.0 (Linux; Android 6.0; HUAWEI MLA-AL10 Build/HUAWEIMLA-AL10; wv) AppleWebKit/537.36 (KHTML, like Gecko) Version/4.0 Chrome/55.0.2883.91 Mobile Safari/537.36 MicroMessenger/6.7.3.1360(0x26070333) NetType/WIFI Language/zh_CN Process/appbrand0',
  'referer' => 'https://servicewechat.com/wxeb97c1fd7ede595a/1/page-frame.html',
  'accept-encoding' => 'gzip',
  'charset' => 'utf-8',
  'content-type' => 'application/json',
)
[ info ] [ PARAM ] array (
  'page' => '1',
)
[ info ] [ LANG ] /www/wwwroot/LaowuAdmin/public/../application/api/lang/zh-cn.php
[ info ] [ BEHAVIOR ] Run app\common\behavior\Common @module_init [ RunTime:0.001443s ]
[ info ] [ RUN ] app\api\controller\Team->index[ /www/wwwroot/LaowuAdmin/application/api/controller/Team.php ]
[ info ] [ DB ] INIT mysql
[ info ] [ LOG ] INIT File
[ sql ] [ DB ] CONNECT:[ UseTime:0.000516s ] mysql:host=127.0.0.1;port=3306;dbname=gong_cheng;charset=utf8
[ sql ] [ SQL ] SHOW COLUMNS FROM `gc_team` [ RunTime:0.001030s ]
[ sql ] [ SQL ] SELECT COUNT(*) AS tp_count FROM `gc_team` LIMIT 1 [ RunTime:0.000417s ]
[ sql ] [ SQL ] SELECT * FROM `gc_team` LIMIT 0,10 [ RunTime:0.000288s ]
[ sql ] [ SQL ] SHOW COLUMNS FROM `gc_experience` [ RunTime:0.000803s ]
[ sql ] [ SQL ] SELECT * FROM `gc_experience` WHERE  `id` IN (3) [ RunTime:0.000212s ]
---------------------------------------------------------------
[ 2018-09-30T18:03:43+08:00 ] 118.81.242.159 POST /api/common/upload
[ info ] laowu.weitongtianxia.cn/api/common/upload [运行时间：0.046630s][吞吐率：21.45req/s] [内存消耗：3,048.60kb] [文件加载：70]
[ info ] [ BEHAVIOR ] Run Closure @app_init [ RunTime:0.000056s ]
[ info ] [ CACHE ] INIT File
[ info ] [ BEHAVIOR ] Run Closure @app_init [ RunTime:0.001337s ]
[ info ] [ LANG ] /www/wwwroot/LaowuAdmin/thinkphp/lang/zh-cn.php
[ info ] [ ROUTE ] array (
  'type' => 'module',
  'module' => 
  array (
    0 => 'api',
    1 => 'common',
    2 => 'upload',
  ),
)
[ info ] [ HEADER ] array (
  'host' => 'laowu.weitongtianxia.cn',
  'user-agent' => 'Mozilla/5.0 (Linux; Android 6.0; HUAWEI MLA-AL10 Build/HUAWEIMLA-AL10; wv) AppleWebKit/537.36 (KHTML, like Gecko) Version/4.0 Chrome/55.0.2883.91 Mobile Safari/537.36 MicroMessenger/6.7.3.1360(0x26070333) NetType/WIFI Language/zh_CN Process/appbrand0',
  'referer' => 'https://servicewechat.com/wxeb97c1fd7ede595a/1/page-frame.html',
  'accept-encoding' => 'gzip',
  'connection' => 'Keep-Alive',
  'content-type' => 'multipart/form-data; boundary=1538301821785',
  'content-length' => '76974',
)
[ info ] [ PARAM ] array (
)
[ info ] [ LANG ] /www/wwwroot/LaowuAdmin/public/../application/api/lang/zh-cn.php
[ info ] [ BEHAVIOR ] Run app\common\behavior\Common @module_init [ RunTime:0.001480s ]
[ info ] [ LANG ] /www/wwwroot/LaowuAdmin/public/../application/api/lang/zh-cn/common.php
[ info ] [ RUN ] app\api\controller\Common->upload[ /www/wwwroot/LaowuAdmin/application/api/controller/Common.php ]
[ info ] [ DB ] INIT mysql
[ info ] [ LOG ] INIT File
[ sql ] [ DB ] CONNECT:[ UseTime:0.000711s ] mysql:host=127.0.0.1;port=3306;dbname=gong_cheng;charset=utf8
[ sql ] [ SQL ] SHOW COLUMNS FROM `gc_attachment` [ RunTime:0.001526s ]
[ sql ] [ SQL ] INSERT INTO `gc_attachment` (`filesize` , `imagewidth` , `imageheight` , `imagetype` , `mimetype` , `url` , `uploadtime` , `storage` , `sha1` , `createtime` , `updatetime`) VALUES (76795 , '640' , '854' , 'jpg' , 'image/jpg' , '/uploads/20180930/18eeb69a046519333aa370afd43970cb.jpg' , 1538301823 , 'local' , '9a49b6a28f353749acc368f4ec45e6b8022418c8' , 1538301823 , 1538301823) [ RunTime:0.008955s ]
---------------------------------------------------------------
[ 2018-09-30T18:03:52+08:00 ] 118.81.242.159 POST /api/common/upload
[ info ] laowu.weitongtianxia.cn/api/common/upload [运行时间：0.038522s][吞吐率：25.96req/s] [内存消耗：3,048.60kb] [文件加载：70]
[ info ] [ BEHAVIOR ] Run Closure @app_init [ RunTime:0.000051s ]
[ info ] [ CACHE ] INIT File
[ info ] [ BEHAVIOR ] Run Closure @app_init [ RunTime:0.001389s ]
[ info ] [ LANG ] /www/wwwroot/LaowuAdmin/thinkphp/lang/zh-cn.php
[ info ] [ ROUTE ] array (
  'type' => 'module',
  'module' => 
  array (
    0 => 'api',
    1 => 'common',
    2 => 'upload',
  ),
)
[ info ] [ HEADER ] array (
  'host' => 'laowu.weitongtianxia.cn',
  'user-agent' => 'Mozilla/5.0 (Linux; Android 6.0; HUAWEI MLA-AL10 Build/HUAWEIMLA-AL10; wv) AppleWebKit/537.36 (KHTML, like Gecko) Version/4.0 Chrome/55.0.2883.91 Mobile Safari/537.36 MicroMessenger/6.7.3.1360(0x26070333) NetType/WIFI Language/zh_CN Process/appbrand0',
  'referer' => 'https://servicewechat.com/wxeb97c1fd7ede595a/1/page-frame.html',
  'accept-encoding' => 'gzip',
  'connection' => 'Keep-Alive',
  'content-type' => 'multipart/form-data; boundary=1538301831349',
  'content-length' => '76974',
)
[ info ] [ PARAM ] array (
)
[ info ] [ LANG ] /www/wwwroot/LaowuAdmin/public/../application/api/lang/zh-cn.php
[ info ] [ BEHAVIOR ] Run app\common\behavior\Common @module_init [ RunTime:0.001504s ]
[ info ] [ LANG ] /www/wwwroot/LaowuAdmin/public/../application/api/lang/zh-cn/common.php
[ info ] [ RUN ] app\api\controller\Common->upload[ /www/wwwroot/LaowuAdmin/application/api/controller/Common.php ]
[ info ] [ DB ] INIT mysql
[ info ] [ LOG ] INIT File
[ sql ] [ DB ] CONNECT:[ UseTime:0.000602s ] mysql:host=127.0.0.1;port=3306;dbname=gong_cheng;charset=utf8
[ sql ] [ SQL ] SHOW COLUMNS FROM `gc_attachment` [ RunTime:0.001100s ]
[ sql ] [ SQL ] INSERT INTO `gc_attachment` (`filesize` , `imagewidth` , `imageheight` , `imagetype` , `mimetype` , `url` , `uploadtime` , `storage` , `sha1` , `createtime` , `updatetime`) VALUES (76795 , '640' , '854' , 'jpg' , 'image/jpg' , '/uploads/20180930/18eeb69a046519333aa370afd43970cb.jpg' , 1538301832 , 'local' , '9a49b6a28f353749acc368f4ec45e6b8022418c8' , 1538301832 , 1538301832) [ RunTime:0.005275s ]
---------------------------------------------------------------
[ 2018-09-30T18:03:53+08:00 ] 118.81.242.159 POST /api/team/create
[ info ] laowu.weitongtianxia.cn/api/team/create [运行时间：0.045013s][吞吐率：22.22req/s] [内存消耗：3,092.69kb] [文件加载：70]
[ info ] [ BEHAVIOR ] Run Closure @app_init [ RunTime:0.000054s ]
[ info ] [ CACHE ] INIT File
[ info ] [ BEHAVIOR ] Run Closure @app_init [ RunTime:0.001314s ]
[ info ] [ LANG ] /www/wwwroot/LaowuAdmin/thinkphp/lang/zh-cn.php
[ info ] [ ROUTE ] array (
  'type' => 'module',
  'module' => 
  array (
    0 => 'api',
    1 => 'team',
    2 => 'create',
  ),
)
[ info ] [ HEADER ] array (
  'connection' => 'Keep-Alive',
  'host' => 'laowu.weitongtianxia.cn',
  'user-agent' => 'Mozilla/5.0 (Linux; Android 6.0; HUAWEI MLA-AL10 Build/HUAWEIMLA-AL10; wv) AppleWebKit/537.36 (KHTML, like Gecko) Version/4.0 Chrome/55.0.2883.91 Mobile Safari/537.36 MicroMessenger/6.7.3.1360(0x26070333) NetType/WIFI Language/zh_CN Process/appbrand0',
  'referer' => 'https://servicewechat.com/wxeb97c1fd7ede595a/1/page-frame.html',
  'accept-encoding' => 'gzip',
  'charset' => 'utf-8',
  'content-type' => 'application/json',
  'content-length' => '391',
)
[ info ] [ PARAM ] array (
  'leader_name' => '罗卫华',
  'phone' => '13834143497',
  'member_num' => '5',
  'experience_id' => 2,
  'member_num_with_card' => '2',
  'is_insurance' => '1',
  'experience_desc' => '中央空调设计预算施工管理',
  'avatar' => '/uploads/20180930/18eeb69a046519333aa370afd43970cb.jpg',
  'id_card_image' => '/uploads/20180930/18eeb69a046519333aa370afd43970cb.jpg',
  'province' => '山西省',
  'city' => '太原市',
  'district' => '小店区',
)
[ info ] [ LANG ] /www/wwwroot/LaowuAdmin/public/../application/api/lang/zh-cn.php
[ info ] [ BEHAVIOR ] Run app\common\behavior\Common @module_init [ RunTime:0.001458s ]
[ info ] [ RUN ] app\api\controller\Team->create[ /www/wwwroot/LaowuAdmin/application/api/controller/Team.php ]
[ info ] [ DB ] INIT mysql
[ info ] [ LOG ] INIT File
[ sql ] [ DB ] CONNECT:[ UseTime:0.000624s ] mysql:host=127.0.0.1;port=3306;dbname=gong_cheng;charset=utf8
[ sql ] [ SQL ] SHOW COLUMNS FROM `gc_team` [ RunTime:0.001084s ]
[ sql ] [ SQL ] INSERT INTO `gc_team` (`leader_name` , `phone` , `member_num` , `experience_id` , `member_num_with_card` , `is_insurance` , `experience_desc` , `avatar` , `id_card_image` , `province` , `city` , `district`) VALUES ('罗卫华' , '13834143497' , 5 , 2 , 2 , '1' , '中央空调设计预算施工管理' , '/uploads/20180930/18eeb69a046519333aa370afd43970cb.jpg' , '/uploads/20180930/18eeb69a046519333aa370afd43970cb.jpg' , '山西省' , '太原市' , '小店区') [ RunTime:0.005301s ]
[ sql ] [ SQL ] SHOW COLUMNS FROM `gc_config` [ RunTime:0.000997s ]
[ sql ] [ SQL ] SELECT `value` FROM `gc_config` WHERE  `group` = 'weapp'  AND `name` = 'contact_phone' LIMIT 1 [ RunTime:0.000461s ]
[ error ] [0]致命错误: Access to undeclared static property: addons\alisms\library\Alisms::$instance[/www/wwwroot/LaowuAdmin/addons/alisms/library/Alisms.php:33]
---------------------------------------------------------------
[ 2018-09-30T18:03:54+08:00 ] 118.81.242.159 POST /api/team/create
[ info ] laowu.weitongtianxia.cn/api/team/create [运行时间：0.046088s][吞吐率：21.70req/s] [内存消耗：3,043.10kb] [文件加载：71]
[ info ] [ BEHAVIOR ] Run Closure @app_init [ RunTime:0.000060s ]
[ info ] [ CACHE ] INIT File
[ info ] [ BEHAVIOR ] Run Closure @app_init [ RunTime:0.001431s ]
[ info ] [ LANG ] /www/wwwroot/LaowuAdmin/thinkphp/lang/zh-cn.php
[ info ] [ ROUTE ] array (
  'type' => 'module',
  'module' => 
  array (
    0 => 'api',
    1 => 'team',
    2 => 'create',
  ),
)
[ info ] [ HEADER ] array (
  'connection' => 'Keep-Alive',
  'host' => 'laowu.weitongtianxia.cn',
  'user-agent' => 'Mozilla/5.0 (Linux; Android 6.0; HUAWEI MLA-AL10 Build/HUAWEIMLA-AL10; wv) AppleWebKit/537.36 (KHTML, like Gecko) Version/4.0 Chrome/55.0.2883.91 Mobile Safari/537.36 MicroMessenger/6.7.3.1360(0x26070333) NetType/WIFI Language/zh_CN Process/appbrand0',
  'referer' => 'https://servicewechat.com/wxeb97c1fd7ede595a/1/page-frame.html',
  'accept-encoding' => 'gzip',
  'charset' => 'utf-8',
  'content-type' => 'application/json',
  'content-length' => '391',
)
[ info ] [ PARAM ] array (
  'leader_name' => '罗卫华',
  'phone' => '13834143497',
  'member_num' => '5',
  'experience_id' => 2,
  'member_num_with_card' => '2',
  'is_insurance' => '1',
  'experience_desc' => '中央空调设计预算施工管理',
  'avatar' => '/uploads/20180930/18eeb69a046519333aa370afd43970cb.jpg',
  'id_card_image' => '/uploads/20180930/18eeb69a046519333aa370afd43970cb.jpg',
  'province' => '山西省',
  'city' => '太原市',
  'district' => '小店区',
)
[ info ] [ LANG ] /www/wwwroot/LaowuAdmin/public/../application/api/lang/zh-cn.php
[ info ] [ BEHAVIOR ] Run app\common\behavior\Common @module_init [ RunTime:0.001581s ]
[ info ] [ RUN ] app\api\controller\Team->create[ /www/wwwroot/LaowuAdmin/application/api/controller/Team.php ]
[ info ] [ DB ] INIT mysql
[ info ] [ LOG ] INIT File
[ sql ] [ DB ] CONNECT:[ UseTime:0.000684s ] mysql:host=127.0.0.1;port=3306;dbname=gong_cheng;charset=utf8
[ sql ] [ SQL ] SHOW COLUMNS FROM `gc_team` [ RunTime:0.001148s ]
[ error ] [10501]SQLSTATE[23000]: Integrity constraint violation: 1062 Duplicate entry '13834143497' for key 'gc_team_phone_uindex'[/www/wwwroot/LaowuAdmin/thinkphp/library/think/db/Connection.php:463]
---------------------------------------------------------------
[ 2018-09-30T18:03:55+08:00 ] 118.81.242.159 POST /api/team/create
[ info ] laowu.weitongtianxia.cn/api/team/create [运行时间：0.042669s][吞吐率：23.44req/s] [内存消耗：3,043.10kb] [文件加载：71]
[ info ] [ BEHAVIOR ] Run Closure @app_init [ RunTime:0.000026s ]
[ info ] [ CACHE ] INIT File
[ info ] [ BEHAVIOR ] Run Closure @app_init [ RunTime:0.001335s ]
[ info ] [ LANG ] /www/wwwroot/LaowuAdmin/thinkphp/lang/zh-cn.php
[ info ] [ ROUTE ] array (
  'type' => 'module',
  'module' => 
  array (
    0 => 'api',
    1 => 'team',
    2 => 'create',
  ),
)
[ info ] [ HEADER ] array (
  'connection' => 'Keep-Alive',
  'host' => 'laowu.weitongtianxia.cn',
  'user-agent' => 'Mozilla/5.0 (Linux; Android 6.0; HUAWEI MLA-AL10 Build/HUAWEIMLA-AL10; wv) AppleWebKit/537.36 (KHTML, like Gecko) Version/4.0 Chrome/55.0.2883.91 Mobile Safari/537.36 MicroMessenger/6.7.3.1360(0x26070333) NetType/WIFI Language/zh_CN Process/appbrand0',
  'referer' => 'https://servicewechat.com/wxeb97c1fd7ede595a/1/page-frame.html',
  'accept-encoding' => 'gzip',
  'charset' => 'utf-8',
  'content-type' => 'application/json',
  'content-length' => '391',
)
[ info ] [ PARAM ] array (
  'leader_name' => '罗卫华',
  'phone' => '13834143497',
  'member_num' => '5',
  'experience_id' => 2,
  'member_num_with_card' => '2',
  'is_insurance' => '1',
  'experience_desc' => '中央空调设计预算施工管理',
  'avatar' => '/uploads/20180930/18eeb69a046519333aa370afd43970cb.jpg',
  'id_card_image' => '/uploads/20180930/18eeb69a046519333aa370afd43970cb.jpg',
  'province' => '山西省',
  'city' => '太原市',
  'district' => '小店区',
)
[ info ] [ LANG ] /www/wwwroot/LaowuAdmin/public/../application/api/lang/zh-cn.php
[ info ] [ BEHAVIOR ] Run app\common\behavior\Common @module_init [ RunTime:0.002014s ]
[ info ] [ RUN ] app\api\controller\Team->create[ /www/wwwroot/LaowuAdmin/application/api/controller/Team.php ]
[ info ] [ DB ] INIT mysql
[ info ] [ LOG ] INIT File
[ sql ] [ DB ] CONNECT:[ UseTime:0.000513s ] mysql:host=127.0.0.1;port=3306;dbname=gong_cheng;charset=utf8
[ sql ] [ SQL ] SHOW COLUMNS FROM `gc_team` [ RunTime:0.001037s ]
[ error ] [10501]SQLSTATE[23000]: Integrity constraint violation: 1062 Duplicate entry '13834143497' for key 'gc_team_phone_uindex'[/www/wwwroot/LaowuAdmin/thinkphp/library/think/db/Connection.php:463]
---------------------------------------------------------------
[ 2018-09-30T18:03:55+08:00 ] 118.81.242.159 POST /api/team/create
[ info ] laowu.weitongtianxia.cn/api/team/create [运行时间：0.036266s][吞吐率：27.57req/s] [内存消耗：3,043.10kb] [文件加载：71]
[ info ] [ BEHAVIOR ] Run Closure @app_init [ RunTime:0.000023s ]
[ info ] [ CACHE ] INIT File
[ info ] [ BEHAVIOR ] Run Closure @app_init [ RunTime:0.001254s ]
[ info ] [ LANG ] /www/wwwroot/LaowuAdmin/thinkphp/lang/zh-cn.php
[ info ] [ ROUTE ] array (
  'type' => 'module',
  'module' => 
  array (
    0 => 'api',
    1 => 'team',
    2 => 'create',
  ),
)
[ info ] [ HEADER ] array (
  'connection' => 'Keep-Alive',
  'host' => 'laowu.weitongtianxia.cn',
  'user-agent' => 'Mozilla/5.0 (Linux; Android 6.0; HUAWEI MLA-AL10 Build/HUAWEIMLA-AL10; wv) AppleWebKit/537.36 (KHTML, like Gecko) Version/4.0 Chrome/55.0.2883.91 Mobile Safari/537.36 MicroMessenger/6.7.3.1360(0x26070333) NetType/WIFI Language/zh_CN Process/appbrand0',
  'referer' => 'https://servicewechat.com/wxeb97c1fd7ede595a/1/page-frame.html',
  'accept-encoding' => 'gzip',
  'charset' => 'utf-8',
  'content-type' => 'application/json',
  'content-length' => '391',
)
[ info ] [ PARAM ] array (
  'leader_name' => '罗卫华',
  'phone' => '13834143497',
  'member_num' => '5',
  'experience_id' => 2,
  'member_num_with_card' => '2',
  'is_insurance' => '1',
  'experience_desc' => '中央空调设计预算施工管理',
  'avatar' => '/uploads/20180930/18eeb69a046519333aa370afd43970cb.jpg',
  'id_card_image' => '/uploads/20180930/18eeb69a046519333aa370afd43970cb.jpg',
  'province' => '山西省',
  'city' => '太原市',
  'district' => '小店区',
)
[ info ] [ LANG ] /www/wwwroot/LaowuAdmin/public/../application/api/lang/zh-cn.php
[ info ] [ BEHAVIOR ] Run app\common\behavior\Common @module_init [ RunTime:0.001424s ]
[ info ] [ RUN ] app\api\controller\Team->create[ /www/wwwroot/LaowuAdmin/application/api/controller/Team.php ]
[ info ] [ DB ] INIT mysql
[ info ] [ LOG ] INIT File
[ sql ] [ DB ] CONNECT:[ UseTime:0.000526s ] mysql:host=127.0.0.1;port=3306;dbname=gong_cheng;charset=utf8
[ sql ] [ SQL ] SHOW COLUMNS FROM `gc_team` [ RunTime:0.000989s ]
[ error ] [10501]SQLSTATE[23000]: Integrity constraint violation: 1062 Duplicate entry '13834143497' for key 'gc_team_phone_uindex'[/www/wwwroot/LaowuAdmin/thinkphp/library/think/db/Connection.php:463]
---------------------------------------------------------------
[ 2018-09-30T18:03:55+08:00 ] 118.81.242.159 POST /api/team/create
[ info ] laowu.weitongtianxia.cn/api/team/create [运行时间：0.048652s][吞吐率：20.55req/s] [内存消耗：3,043.10kb] [文件加载：71]
[ info ] [ BEHAVIOR ] Run Closure @app_init [ RunTime:0.000023s ]
[ info ] [ CACHE ] INIT File
[ info ] [ BEHAVIOR ] Run Closure @app_init [ RunTime:0.001254s ]
[ info ] [ LANG ] /www/wwwroot/LaowuAdmin/thinkphp/lang/zh-cn.php
[ info ] [ ROUTE ] array (
  'type' => 'module',
  'module' => 
  array (
    0 => 'api',
    1 => 'team',
    2 => 'create',
  ),
)
[ info ] [ HEADER ] array (
  'connection' => 'Keep-Alive',
  'host' => 'laowu.weitongtianxia.cn',
  'user-agent' => 'Mozilla/5.0 (Linux; Android 6.0; HUAWEI MLA-AL10 Build/HUAWEIMLA-AL10; wv) AppleWebKit/537.36 (KHTML, like Gecko) Version/4.0 Chrome/55.0.2883.91 Mobile Safari/537.36 MicroMessenger/6.7.3.1360(0x26070333) NetType/WIFI Language/zh_CN Process/appbrand0',
  'referer' => 'https://servicewechat.com/wxeb97c1fd7ede595a/1/page-frame.html',
  'accept-encoding' => 'gzip',
  'charset' => 'utf-8',
  'content-type' => 'application/json',
  'content-length' => '391',
)
[ info ] [ PARAM ] array (
  'leader_name' => '罗卫华',
  'phone' => '13834143497',
  'member_num' => '5',
  'experience_id' => 2,
  'member_num_with_card' => '2',
  'is_insurance' => '1',
  'experience_desc' => '中央空调设计预算施工管理',
  'avatar' => '/uploads/20180930/18eeb69a046519333aa370afd43970cb.jpg',
  'id_card_image' => '/uploads/20180930/18eeb69a046519333aa370afd43970cb.jpg',
  'province' => '山西省',
  'city' => '太原市',
  'district' => '小店区',
)
[ info ] [ LANG ] /www/wwwroot/LaowuAdmin/public/../application/api/lang/zh-cn.php
[ info ] [ BEHAVIOR ] Run app\common\behavior\Common @module_init [ RunTime:0.001377s ]
[ info ] [ RUN ] app\api\controller\Team->create[ /www/wwwroot/LaowuAdmin/application/api/controller/Team.php ]
[ info ] [ DB ] INIT mysql
[ info ] [ LOG ] INIT File
[ sql ] [ DB ] CONNECT:[ UseTime:0.000521s ] mysql:host=127.0.0.1;port=3306;dbname=gong_cheng;charset=utf8
[ sql ] [ SQL ] SHOW COLUMNS FROM `gc_team` [ RunTime:0.000961s ]
[ error ] [10501]SQLSTATE[23000]: Integrity constraint violation: 1062 Duplicate entry '13834143497' for key 'gc_team_phone_uindex'[/www/wwwroot/LaowuAdmin/thinkphp/library/think/db/Connection.php:463]
---------------------------------------------------------------
[ 2018-09-30T18:03:56+08:00 ] 118.81.242.159 POST /api/team/create
[ info ] laowu.weitongtianxia.cn/api/team/create [运行时间：0.039042s][吞吐率：25.61req/s] [内存消耗：3,043.10kb] [文件加载：71]
[ info ] [ BEHAVIOR ] Run Closure @app_init [ RunTime:0.000024s ]
[ info ] [ CACHE ] INIT File
[ info ] [ BEHAVIOR ] Run Closure @app_init [ RunTime:0.001762s ]
[ info ] [ LANG ] /www/wwwroot/LaowuAdmin/thinkphp/lang/zh-cn.php
[ info ] [ ROUTE ] array (
  'type' => 'module',
  'module' => 
  array (
    0 => 'api',
    1 => 'team',
    2 => 'create',
  ),
)
[ info ] [ HEADER ] array (
  'connection' => 'Keep-Alive',
  'host' => 'laowu.weitongtianxia.cn',
  'user-agent' => 'Mozilla/5.0 (Linux; Android 6.0; HUAWEI MLA-AL10 Build/HUAWEIMLA-AL10; wv) AppleWebKit/537.36 (KHTML, like Gecko) Version/4.0 Chrome/55.0.2883.91 Mobile Safari/537.36 MicroMessenger/6.7.3.1360(0x26070333) NetType/WIFI Language/zh_CN Process/appbrand0',
  'referer' => 'https://servicewechat.com/wxeb97c1fd7ede595a/1/page-frame.html',
  'accept-encoding' => 'gzip',
  'charset' => 'utf-8',
  'content-type' => 'application/json',
  'content-length' => '391',
)
[ info ] [ PARAM ] array (
  'leader_name' => '罗卫华',
  'phone' => '13834143497',
  'member_num' => '5',
  'experience_id' => 2,
  'member_num_with_card' => '2',
  'is_insurance' => '1',
  'experience_desc' => '中央空调设计预算施工管理',
  'avatar' => '/uploads/20180930/18eeb69a046519333aa370afd43970cb.jpg',
  'id_card_image' => '/uploads/20180930/18eeb69a046519333aa370afd43970cb.jpg',
  'province' => '山西省',
  'city' => '太原市',
  'district' => '小店区',
)
[ info ] [ LANG ] /www/wwwroot/LaowuAdmin/public/../application/api/lang/zh-cn.php
[ info ] [ BEHAVIOR ] Run app\common\behavior\Common @module_init [ RunTime:0.002002s ]
[ info ] [ RUN ] app\api\controller\Team->create[ /www/wwwroot/LaowuAdmin/application/api/controller/Team.php ]
[ info ] [ DB ] INIT mysql
[ info ] [ LOG ] INIT File
[ sql ] [ DB ] CONNECT:[ UseTime:0.000507s ] mysql:host=127.0.0.1;port=3306;dbname=gong_cheng;charset=utf8
[ sql ] [ SQL ] SHOW COLUMNS FROM `gc_team` [ RunTime:0.001158s ]
[ error ] [10501]SQLSTATE[23000]: Integrity constraint violation: 1062 Duplicate entry '13834143497' for key 'gc_team_phone_uindex'[/www/wwwroot/LaowuAdmin/thinkphp/library/think/db/Connection.php:463]
---------------------------------------------------------------
[ 2018-09-30T18:03:56+08:00 ] 118.81.242.159 POST /api/team/create
[ info ] laowu.weitongtianxia.cn/api/team/create [运行时间：0.042813s][吞吐率：23.36req/s] [内存消耗：3,043.10kb] [文件加载：71]
[ info ] [ BEHAVIOR ] Run Closure @app_init [ RunTime:0.000018s ]
[ info ] [ CACHE ] INIT File
[ info ] [ BEHAVIOR ] Run Closure @app_init [ RunTime:0.001155s ]
[ info ] [ LANG ] /www/wwwroot/LaowuAdmin/thinkphp/lang/zh-cn.php
[ info ] [ ROUTE ] array (
  'type' => 'module',
  'module' => 
  array (
    0 => 'api',
    1 => 'team',
    2 => 'create',
  ),
)
[ info ] [ HEADER ] array (
  'connection' => 'Keep-Alive',
  'host' => 'laowu.weitongtianxia.cn',
  'user-agent' => 'Mozilla/5.0 (Linux; Android 6.0; HUAWEI MLA-AL10 Build/HUAWEIMLA-AL10; wv) AppleWebKit/537.36 (KHTML, like Gecko) Version/4.0 Chrome/55.0.2883.91 Mobile Safari/537.36 MicroMessenger/6.7.3.1360(0x26070333) NetType/WIFI Language/zh_CN Process/appbrand0',
  'referer' => 'https://servicewechat.com/wxeb97c1fd7ede595a/1/page-frame.html',
  'accept-encoding' => 'gzip',
  'charset' => 'utf-8',
  'content-type' => 'application/json',
  'content-length' => '391',
)
[ info ] [ PARAM ] array (
  'leader_name' => '罗卫华',
  'phone' => '13834143497',
  'member_num' => '5',
  'experience_id' => 2,
  'member_num_with_card' => '2',
  'is_insurance' => '1',
  'experience_desc' => '中央空调设计预算施工管理',
  'avatar' => '/uploads/20180930/18eeb69a046519333aa370afd43970cb.jpg',
  'id_card_image' => '/uploads/20180930/18eeb69a046519333aa370afd43970cb.jpg',
  'province' => '山西省',
  'city' => '太原市',
  'district' => '小店区',
)
[ info ] [ LANG ] /www/wwwroot/LaowuAdmin/public/../application/api/lang/zh-cn.php
[ info ] [ BEHAVIOR ] Run app\common\behavior\Common @module_init [ RunTime:0.001383s ]
[ info ] [ RUN ] app\api\controller\Team->create[ /www/wwwroot/LaowuAdmin/application/api/controller/Team.php ]
[ info ] [ DB ] INIT mysql
[ info ] [ LOG ] INIT File
[ sql ] [ DB ] CONNECT:[ UseTime:0.000458s ] mysql:host=127.0.0.1;port=3306;dbname=gong_cheng;charset=utf8
[ sql ] [ SQL ] SHOW COLUMNS FROM `gc_team` [ RunTime:0.000961s ]
[ error ] [10501]SQLSTATE[23000]: Integrity constraint violation: 1062 Duplicate entry '13834143497' for key 'gc_team_phone_uindex'[/www/wwwroot/LaowuAdmin/thinkphp/library/think/db/Connection.php:463]
---------------------------------------------------------------
[ 2018-09-30T18:03:56+08:00 ] 118.81.242.159 POST /api/team/create
[ info ] laowu.weitongtianxia.cn/api/team/create [运行时间：0.036988s][吞吐率：27.04req/s] [内存消耗：3,043.10kb] [文件加载：71]
[ info ] [ BEHAVIOR ] Run Closure @app_init [ RunTime:0.000021s ]
[ info ] [ CACHE ] INIT File
[ info ] [ BEHAVIOR ] Run Closure @app_init [ RunTime:0.001346s ]
[ info ] [ LANG ] /www/wwwroot/LaowuAdmin/thinkphp/lang/zh-cn.php
[ info ] [ ROUTE ] array (
  'type' => 'module',
  'module' => 
  array (
    0 => 'api',
    1 => 'team',
    2 => 'create',
  ),
)
[ info ] [ HEADER ] array (
  'connection' => 'Keep-Alive',
  'host' => 'laowu.weitongtianxia.cn',
  'user-agent' => 'Mozilla/5.0 (Linux; Android 6.0; HUAWEI MLA-AL10 Build/HUAWEIMLA-AL10; wv) AppleWebKit/537.36 (KHTML, like Gecko) Version/4.0 Chrome/55.0.2883.91 Mobile Safari/537.36 MicroMessenger/6.7.3.1360(0x26070333) NetType/WIFI Language/zh_CN Process/appbrand0',
  'referer' => 'https://servicewechat.com/wxeb97c1fd7ede595a/1/page-frame.html',
  'accept-encoding' => 'gzip',
  'charset' => 'utf-8',
  'content-type' => 'application/json',
  'content-length' => '391',
)
[ info ] [ PARAM ] array (
  'leader_name' => '罗卫华',
  'phone' => '13834143497',
  'member_num' => '5',
  'experience_id' => 2,
  'member_num_with_card' => '2',
  'is_insurance' => '1',
  'experience_desc' => '中央空调设计预算施工管理',
  'avatar' => '/uploads/20180930/18eeb69a046519333aa370afd43970cb.jpg',
  'id_card_image' => '/uploads/20180930/18eeb69a046519333aa370afd43970cb.jpg',
  'province' => '山西省',
  'city' => '太原市',
  'district' => '小店区',
)
[ info ] [ LANG ] /www/wwwroot/LaowuAdmin/public/../application/api/lang/zh-cn.php
[ info ] [ BEHAVIOR ] Run app\common\behavior\Common @module_init [ RunTime:0.001463s ]
[ info ] [ RUN ] app\api\controller\Team->create[ /www/wwwroot/LaowuAdmin/application/api/controller/Team.php ]
[ info ] [ DB ] INIT mysql
[ info ] [ LOG ] INIT File
[ sql ] [ DB ] CONNECT:[ UseTime:0.000539s ] mysql:host=127.0.0.1;port=3306;dbname=gong_cheng;charset=utf8
[ sql ] [ SQL ] SHOW COLUMNS FROM `gc_team` [ RunTime:0.001349s ]
[ error ] [10501]SQLSTATE[23000]: Integrity constraint violation: 1062 Duplicate entry '13834143497' for key 'gc_team_phone_uindex'[/www/wwwroot/LaowuAdmin/thinkphp/library/think/db/Connection.php:463]
---------------------------------------------------------------
[ 2018-09-30T18:03:56+08:00 ] 118.81.242.159 POST /api/team/create
[ info ] laowu.weitongtianxia.cn/api/team/create [运行时间：0.032993s][吞吐率：30.31req/s] [内存消耗：3,043.10kb] [文件加载：71]
[ info ] [ BEHAVIOR ] Run Closure @app_init [ RunTime:0.000020s ]
[ info ] [ CACHE ] INIT File
[ info ] [ BEHAVIOR ] Run Closure @app_init [ RunTime:0.001166s ]
[ info ] [ LANG ] /www/wwwroot/LaowuAdmin/thinkphp/lang/zh-cn.php
[ info ] [ ROUTE ] array (
  'type' => 'module',
  'module' => 
  array (
    0 => 'api',
    1 => 'team',
    2 => 'create',
  ),
)
[ info ] [ HEADER ] array (
  'connection' => 'Keep-Alive',
  'host' => 'laowu.weitongtianxia.cn',
  'user-agent' => 'Mozilla/5.0 (Linux; Android 6.0; HUAWEI MLA-AL10 Build/HUAWEIMLA-AL10; wv) AppleWebKit/537.36 (KHTML, like Gecko) Version/4.0 Chrome/55.0.2883.91 Mobile Safari/537.36 MicroMessenger/6.7.3.1360(0x26070333) NetType/WIFI Language/zh_CN Process/appbrand0',
  'referer' => 'https://servicewechat.com/wxeb97c1fd7ede595a/1/page-frame.html',
  'accept-encoding' => 'gzip',
  'charset' => 'utf-8',
  'content-type' => 'application/json',
  'content-length' => '391',
)
[ info ] [ PARAM ] array (
  'leader_name' => '罗卫华',
  'phone' => '13834143497',
  'member_num' => '5',
  'experience_id' => 2,
  'member_num_with_card' => '2',
  'is_insurance' => '1',
  'experience_desc' => '中央空调设计预算施工管理',
  'avatar' => '/uploads/20180930/18eeb69a046519333aa370afd43970cb.jpg',
  'id_card_image' => '/uploads/20180930/18eeb69a046519333aa370afd43970cb.jpg',
  'province' => '山西省',
  'city' => '太原市',
  'district' => '小店区',
)
[ info ] [ LANG ] /www/wwwroot/LaowuAdmin/public/../application/api/lang/zh-cn.php
[ info ] [ BEHAVIOR ] Run app\common\behavior\Common @module_init [ RunTime:0.001352s ]
[ info ] [ RUN ] app\api\controller\Team->create[ /www/wwwroot/LaowuAdmin/application/api/controller/Team.php ]
[ info ] [ DB ] INIT mysql
[ info ] [ LOG ] INIT File
[ sql ] [ DB ] CONNECT:[ UseTime:0.000459s ] mysql:host=127.0.0.1;port=3306;dbname=gong_cheng;charset=utf8
[ sql ] [ SQL ] SHOW COLUMNS FROM `gc_team` [ RunTime:0.000987s ]
[ error ] [10501]SQLSTATE[23000]: Integrity constraint violation: 1062 Duplicate entry '13834143497' for key 'gc_team_phone_uindex'[/www/wwwroot/LaowuAdmin/thinkphp/library/think/db/Connection.php:463]
---------------------------------------------------------------
[ 2018-09-30T18:03:56+08:00 ] 118.81.242.159 POST /api/team/create
[ info ] laowu.weitongtianxia.cn/api/team/create [运行时间：0.034697s][吞吐率：28.82req/s] [内存消耗：3,043.10kb] [文件加载：71]
[ info ] [ BEHAVIOR ] Run Closure @app_init [ RunTime:0.000021s ]
[ info ] [ CACHE ] INIT File
[ info ] [ BEHAVIOR ] Run Closure @app_init [ RunTime:0.001147s ]
[ info ] [ LANG ] /www/wwwroot/LaowuAdmin/thinkphp/lang/zh-cn.php
[ info ] [ ROUTE ] array (
  'type' => 'module',
  'module' => 
  array (
    0 => 'api',
    1 => 'team',
    2 => 'create',
  ),
)
[ info ] [ HEADER ] array (
  'connection' => 'Keep-Alive',
  'host' => 'laowu.weitongtianxia.cn',
  'user-agent' => 'Mozilla/5.0 (Linux; Android 6.0; HUAWEI MLA-AL10 Build/HUAWEIMLA-AL10; wv) AppleWebKit/537.36 (KHTML, like Gecko) Version/4.0 Chrome/55.0.2883.91 Mobile Safari/537.36 MicroMessenger/6.7.3.1360(0x26070333) NetType/WIFI Language/zh_CN Process/appbrand0',
  'referer' => 'https://servicewechat.com/wxeb97c1fd7ede595a/1/page-frame.html',
  'accept-encoding' => 'gzip',
  'charset' => 'utf-8',
  'content-type' => 'application/json',
  'content-length' => '391',
)
[ info ] [ PARAM ] array (
  'leader_name' => '罗卫华',
  'phone' => '13834143497',
  'member_num' => '5',
  'experience_id' => 2,
  'member_num_with_card' => '2',
  'is_insurance' => '1',
  'experience_desc' => '中央空调设计预算施工管理',
  'avatar' => '/uploads/20180930/18eeb69a046519333aa370afd43970cb.jpg',
  'id_card_image' => '/uploads/20180930/18eeb69a046519333aa370afd43970cb.jpg',
  'province' => '山西省',
  'city' => '太原市',
  'district' => '小店区',
)
[ info ] [ LANG ] /www/wwwroot/LaowuAdmin/public/../application/api/lang/zh-cn.php
[ info ] [ BEHAVIOR ] Run app\common\behavior\Common @module_init [ RunTime:0.001359s ]
[ info ] [ RUN ] app\api\controller\Team->create[ /www/wwwroot/LaowuAdmin/application/api/controller/Team.php ]
[ info ] [ DB ] INIT mysql
[ info ] [ LOG ] INIT File
[ sql ] [ DB ] CONNECT:[ UseTime:0.000550s ] mysql:host=127.0.0.1;port=3306;dbname=gong_cheng;charset=utf8
[ sql ] [ SQL ] SHOW COLUMNS FROM `gc_team` [ RunTime:0.000980s ]
[ error ] [10501]SQLSTATE[23000]: Integrity constraint violation: 1062 Duplicate entry '13834143497' for key 'gc_team_phone_uindex'[/www/wwwroot/LaowuAdmin/thinkphp/library/think/db/Connection.php:463]
---------------------------------------------------------------
[ 2018-09-30T18:03:57+08:00 ] 118.81.242.159 POST /api/team/create
[ info ] laowu.weitongtianxia.cn/api/team/create [运行时间：0.034349s][吞吐率：29.11req/s] [内存消耗：3,043.10kb] [文件加载：71]
[ info ] [ BEHAVIOR ] Run Closure @app_init [ RunTime:0.000021s ]
[ info ] [ CACHE ] INIT File
[ info ] [ BEHAVIOR ] Run Closure @app_init [ RunTime:0.001210s ]
[ info ] [ LANG ] /www/wwwroot/LaowuAdmin/thinkphp/lang/zh-cn.php
[ info ] [ ROUTE ] array (
  'type' => 'module',
  'module' => 
  array (
    0 => 'api',
    1 => 'team',
    2 => 'create',
  ),
)
[ info ] [ HEADER ] array (
  'connection' => 'Keep-Alive',
  'host' => 'laowu.weitongtianxia.cn',
  'user-agent' => 'Mozilla/5.0 (Linux; Android 6.0; HUAWEI MLA-AL10 Build/HUAWEIMLA-AL10; wv) AppleWebKit/537.36 (KHTML, like Gecko) Version/4.0 Chrome/55.0.2883.91 Mobile Safari/537.36 MicroMessenger/6.7.3.1360(0x26070333) NetType/WIFI Language/zh_CN Process/appbrand0',
  'referer' => 'https://servicewechat.com/wxeb97c1fd7ede595a/1/page-frame.html',
  'accept-encoding' => 'gzip',
  'charset' => 'utf-8',
  'content-type' => 'application/json',
  'content-length' => '391',
)
[ info ] [ PARAM ] array (
  'leader_name' => '罗卫华',
  'phone' => '13834143497',
  'member_num' => '5',
  'experience_id' => 2,
  'member_num_with_card' => '2',
  'is_insurance' => '1',
  'experience_desc' => '中央空调设计预算施工管理',
  'avatar' => '/uploads/20180930/18eeb69a046519333aa370afd43970cb.jpg',
  'id_card_image' => '/uploads/20180930/18eeb69a046519333aa370afd43970cb.jpg',
  'province' => '山西省',
  'city' => '太原市',
  'district' => '小店区',
)
[ info ] [ LANG ] /www/wwwroot/LaowuAdmin/public/../application/api/lang/zh-cn.php
[ info ] [ BEHAVIOR ] Run app\common\behavior\Common @module_init [ RunTime:0.001405s ]
[ info ] [ RUN ] app\api\controller\Team->create[ /www/wwwroot/LaowuAdmin/application/api/controller/Team.php ]
[ info ] [ DB ] INIT mysql
[ info ] [ LOG ] INIT File
[ sql ] [ DB ] CONNECT:[ UseTime:0.000510s ] mysql:host=127.0.0.1;port=3306;dbname=gong_cheng;charset=utf8
[ sql ] [ SQL ] SHOW COLUMNS FROM `gc_team` [ RunTime:0.001108s ]
[ error ] [10501]SQLSTATE[23000]: Integrity constraint violation: 1062 Duplicate entry '13834143497' for key 'gc_team_phone_uindex'[/www/wwwroot/LaowuAdmin/thinkphp/library/think/db/Connection.php:463]
---------------------------------------------------------------
[ 2018-09-30T18:03:59+08:00 ] 118.81.242.159 POST /api/team/create
[ info ] laowu.weitongtianxia.cn/api/team/create [运行时间：0.035174s][吞吐率：28.43req/s] [内存消耗：3,043.10kb] [文件加载：71]
[ info ] [ BEHAVIOR ] Run Closure @app_init [ RunTime:0.000022s ]
[ info ] [ CACHE ] INIT File
[ info ] [ BEHAVIOR ] Run Closure @app_init [ RunTime:0.001226s ]
[ info ] [ LANG ] /www/wwwroot/LaowuAdmin/thinkphp/lang/zh-cn.php
[ info ] [ ROUTE ] array (
  'type' => 'module',
  'module' => 
  array (
    0 => 'api',
    1 => 'team',
    2 => 'create',
  ),
)
[ info ] [ HEADER ] array (
  'connection' => 'Keep-Alive',
  'host' => 'laowu.weitongtianxia.cn',
  'user-agent' => 'Mozilla/5.0 (Linux; Android 6.0; HUAWEI MLA-AL10 Build/HUAWEIMLA-AL10; wv) AppleWebKit/537.36 (KHTML, like Gecko) Version/4.0 Chrome/55.0.2883.91 Mobile Safari/537.36 MicroMessenger/6.7.3.1360(0x26070333) NetType/WIFI Language/zh_CN Process/appbrand0',
  'referer' => 'https://servicewechat.com/wxeb97c1fd7ede595a/1/page-frame.html',
  'accept-encoding' => 'gzip',
  'charset' => 'utf-8',
  'content-type' => 'application/json',
  'content-length' => '391',
)
[ info ] [ PARAM ] array (
  'leader_name' => '罗卫华',
  'phone' => '13834143497',
  'member_num' => '5',
  'experience_id' => 2,
  'member_num_with_card' => '2',
  'is_insurance' => '1',
  'experience_desc' => '中央空调设计预算施工管理',
  'avatar' => '/uploads/20180930/18eeb69a046519333aa370afd43970cb.jpg',
  'id_card_image' => '/uploads/20180930/18eeb69a046519333aa370afd43970cb.jpg',
  'province' => '山西省',
  'city' => '太原市',
  'district' => '小店区',
)
[ info ] [ LANG ] /www/wwwroot/LaowuAdmin/public/../application/api/lang/zh-cn.php
[ info ] [ BEHAVIOR ] Run app\common\behavior\Common @module_init [ RunTime:0.001363s ]
[ info ] [ RUN ] app\api\controller\Team->create[ /www/wwwroot/LaowuAdmin/application/api/controller/Team.php ]
[ info ] [ DB ] INIT mysql
[ info ] [ LOG ] INIT File
[ sql ] [ DB ] CONNECT:[ UseTime:0.000598s ] mysql:host=127.0.0.1;port=3306;dbname=gong_cheng;charset=utf8
[ sql ] [ SQL ] SHOW COLUMNS FROM `gc_team` [ RunTime:0.001083s ]
[ error ] [10501]SQLSTATE[23000]: Integrity constraint violation: 1062 Duplicate entry '13834143497' for key 'gc_team_phone_uindex'[/www/wwwroot/LaowuAdmin/thinkphp/library/think/db/Connection.php:463]
---------------------------------------------------------------
[ 2018-09-30T20:23:34+08:00 ] 183.60.210.62 GET /
[ info ] 47.94.91.189/ [运行时间：0.204077s][吞吐率：4.90req/s] [内存消耗：1,660.94kb] [文件加载：50]
[ info ] [ BEHAVIOR ] Run Closure @app_init [ RunTime:0.000529s ]
[ info ] [ CACHE ] INIT File
[ info ] [ BEHAVIOR ] Run Closure @app_init [ RunTime:0.003942s ]
[ info ] [ LANG ] /www/wwwroot/LaowuAdmin/thinkphp/lang/zh-cn.php
[ info ] [ ROUTE ] array (
  'type' => 'module',
  'module' => 
  array (
    0 => '',
    1 => NULL,
    2 => NULL,
  ),
)
[ info ] [ HEADER ] array (
  'host' => '47.94.91.189',
  'user-agent' => 'Mozilla/4.0 (compatible; MSIE 9.0; Windows NT 6.1)',
  'referer' => 'https://47.94.91.189',
  'accept-language' => 'zh-cn',
  'accept' => '*/*',
  'connection' => 'Keep-Alive',
)
[ info ] [ PARAM ] array (
)
[ info ] [ LOG ] INIT File
---------------------------------------------------------------
[ 2018-09-30T21:17:37+08:00 ] 60.191.38.77 GET /
[ info ] 47.94.91.189:443/ [运行时间：0.033831s][吞吐率：29.56req/s] [内存消耗：1,660.53kb] [文件加载：50]
[ info ] [ BEHAVIOR ] Run Closure @app_init [ RunTime:0.000519s ]
[ info ] [ CACHE ] INIT File
[ info ] [ BEHAVIOR ] Run Closure @app_init [ RunTime:0.002846s ]
[ info ] [ LANG ] /www/wwwroot/LaowuAdmin/thinkphp/lang/zh-cn.php
[ info ] [ ROUTE ] array (
  'type' => 'module',
  'module' => 
  array (
    0 => '',
    1 => NULL,
    2 => NULL,
  ),
)
[ info ] [ HEADER ] array (
  'connection' => 'keep-alive',
  'accept' => '*/*',
  'user-agent' => 'Mozilla/5.0 (Macintosh; Intel Mac OS X 10.11; rv:47.0) Gecko/20100101 Firefox/47.0',
  'host' => '47.94.91.189:443',
)
[ info ] [ PARAM ] array (
)
[ info ] [ LOG ] INIT File
---------------------------------------------------------------
[ 2018-09-30T22:08:30+08:00 ] 74.82.47.3 GET /
[ info ] 47.94.91.189/ [运行时间：0.095818s][吞吐率：10.44req/s] [内存消耗：1,659.13kb] [文件加载：50]
[ info ] [ BEHAVIOR ] Run Closure @app_init [ RunTime:0.000966s ]
[ info ] [ CACHE ] INIT File
[ info ] [ BEHAVIOR ] Run Closure @app_init [ RunTime:0.004593s ]
[ info ] [ LANG ] /www/wwwroot/LaowuAdmin/thinkphp/lang/zh-cn.php
[ info ] [ ROUTE ] array (
  'type' => 'module',
  'module' => 
  array (
    0 => '',
    1 => NULL,
    2 => NULL,
  ),
)
[ info ] [ HEADER ] array (
  'host' => '47.94.91.189',
)
[ info ] [ PARAM ] array (
)
[ info ] [ LOG ] INIT File
---------------------------------------------------------------
[ 2018-09-30T22:58:10+08:00 ] 107.170.197.4 GET /
[ info ] 47.94.91.189/ [运行时间：0.090512s][吞吐率：11.05req/s] [内存消耗：1,660.23kb] [文件加载：50]
[ info ] [ BEHAVIOR ] Run Closure @app_init [ RunTime:0.000532s ]
[ info ] [ CACHE ] INIT File
[ info ] [ BEHAVIOR ] Run Closure @app_init [ RunTime:0.002384s ]
[ info ] [ LANG ] /www/wwwroot/LaowuAdmin/thinkphp/lang/zh-cn.php
[ info ] [ ROUTE ] array (
  'type' => 'module',
  'module' => 
  array (
    0 => '',
    1 => NULL,
    2 => NULL,
  ),
)
[ info ] [ HEADER ] array (
  'accept-encoding' => 'gzip',
  'accept' => '*/*',
  'user-agent' => 'Mozilla/5.0 zgrab/0.x',
  'host' => '47.94.91.189',
)
[ info ] [ PARAM ] array (
)
[ info ] [ LOG ] INIT File
